14:17:33.507 [main                     ] DEBUG Logger               - Configured Logger
14:17:33.541 [main                     ] DEBUG GameApplication      - Logging settings
Title: Untitled
Version: 0.0
Width: 800
Height: 600
Fullscreen: false
Intro: false
Profiling: false
Single step:false
App Mode: DEVELOPER
Menu Key: ESCAPE
Stage Style: DECORATED
Scene Factory: class com.almasb.fxgl.app.scene.SceneFactory

14:17:33.898 [JavaFX Application Thread] DEBUG FXGLApplication      - Initializing FXGL
14:17:33.904 [JavaFX Application Thread] INFO  Engine               - FXGL-21.1 (27.03.2024 07.52) on WINDOWS (J:21.0.3 FX:21)
14:17:33.904 [JavaFX Application Thread] DEBUG Engine               - JRE Vendor Name: Oracle Corporation
14:17:33.904 [JavaFX Application Thread] DEBUG Engine               - Running on OS: Windows 11 version 10.0
14:17:33.906 [JavaFX Application Thread] DEBUG Engine               - Architecture: amd64
14:17:33.906 [JavaFX Application Thread] INFO  Engine               - Source code and latest versions at: https://github.com/AlmasB/FXGL
14:17:33.906 [JavaFX Application Thread] INFO  Engine               -       Ask questions and discuss at: https://github.com/AlmasB/FXGL/discussions
14:17:33.906 [JavaFX Application Thread] INFO  Engine               -              Join the FXGL chat at: https://gitter.im/AlmasB/FXGL
14:17:33.978 [JavaFX Application Thread] DEBUG PrimaryStageWindow   - Creating a JavaFX scene
14:17:34.025 [JavaFX Application Thread] DEBUG PrimaryStageWindow   - Target settings size: 800.0 x 600.0
14:17:34.025 [JavaFX Application Thread] DEBUG PrimaryStageWindow   - Scaled scene size:    800.0 x 600.0
14:17:34.025 [JavaFX Application Thread] DEBUG PrimaryStageWindow   - Scaled ratio: (1.0, 1.0)
14:17:34.027 [JavaFX Application Thread] DEBUG PrimaryStageWindow   - Set initial scene to FXGLStartupScene
14:17:34.029 [JavaFX Application Thread] DEBUG PrimaryStageWindow   - Opening main window
14:17:34.108 [JavaFX Application Thread] DEBUG PrimaryStageWindow   - Window border size: (14.4000244140625, 37.5999755859375)
14:17:34.108 [JavaFX Application Thread] DEBUG PrimaryStageWindow   - Scaled size: 800.0 x 600.0
14:17:34.108 [JavaFX Application Thread] DEBUG PrimaryStageWindow   - Scaled ratio: (1.0, 1.0)
14:17:34.108 [JavaFX Application Thread] DEBUG PrimaryStageWindow   - Scene size: 800.0 x 600.0
14:17:34.108 [JavaFX Application Thread] DEBUG PrimaryStageWindow   - Stage size: 814.4000244140625 x 637.5999755859375
14:17:34.116 [FXGL Background Thread 1 ] DEBUG Engine               - Initializing environment variables
14:17:34.178 [FXGL Background Thread 1 ] DEBUG FXGLAssetLoaderServi - User app class for loading assets: class com.xen.rzlgame.rzl.HelloApplication
14:17:34.180 [FXGL Background Thread 1 ] DEBUG GameApplicationServi - Applying CSS: fxgl_dark.css
14:17:34.180 [FXGL Background Thread 1 ] DEBUG FXGLAssetLoaderServi - Loading from file system: jar:file:///C:/Users/acer/.m2/repository/com/github/almasb/fxgl/21.1/fxgl-21.1.jar!/fxglassets/ui/css/fxgl_dark.css
14:17:34.231 [FXGL Background Thread 1 ] DEBUG GameApplicationServi - Initializing application scenes
14:17:34.291 [FXGL Background Thread 1 ] DEBUG GameWorld            - Game world initialized
14:17:34.353 [FXGL Background Thread 1 ] DEBUG PhysicsWorld         - Physics world initialized: appHeight=600, physics.ppm=50.0
14:17:34.353 [FXGL Background Thread 1 ] DEBUG PhysicsWorld         - Using strategy: BRUTE_FORCE
14:17:34.357 [FXGL Background Thread 1 ] DEBUG GameScene            - Game scene initialized: 800x600
14:17:34.366 [FXGL Background Thread 1 ] DEBUG FXGL.DefaultMenu     - createMenuBodyGameMenu()
14:17:34.372 [FXGL Background Thread 1 ] DEBUG FXGL.DefaultMenu     - createOptionsMenu()
14:17:34.381 [FXGL Background Thread 1 ] DEBUG FXGLAssetLoaderServi - Loading from file system: jar:file:///C:/Users/acer/.m2/repository/com/github/almasb/fxgl/21.1/fxgl-21.1.jar!/fxglassets/textures/particles/smoke.png
14:17:34.477 [FXGL Background Thread 1 ] DEBUG FXGLAssetLoaderServi - Loading from file system: jar:file:///C:/Users/acer/.m2/repository/com/github/almasb/fxgl/21.1/fxgl-21.1.jar!/fxglassets/textures/particles/trace_horizontal.png
14:17:34.504 [FXGL Background Thread 1 ] DEBUG GameApplicationServi - Application scenes initialized
14:17:34.514 [FXGL Background Thread 1 ] DEBUG SystemBundleService  - Loading FXGL system data
14:17:34.518 [FXGL Background Thread 1 ] DEBUG FileSystemAccess     - Reading from: C:\Users\acer\IdeaProjects\RZL\system\fxgl.bundle
14:17:34.524 [FXGL Background Thread 1 ] DEBUG SystemBundleService  - Bundle FXGL: {}
14:17:34.524 [FXGL Background Thread 1 ] DEBUG UpdaterService       - Checking for updates
14:17:34.528 [FXGL Background Thread 4 ] DEBUG FXGLApplication      - Loading fonts
14:17:34.528 [FXGL Background Thread 4 ] DEBUG FXGLAssetLoaderServi - Loading from file system: jar:file:///C:/Users/acer/.m2/repository/com/github/almasb/fxgl/21.1/fxgl-21.1.jar!/fxglassets/ui/fonts/VarelaRound-Regular.ttf
14:17:34.528 [FXGL Background Thread 1 ] DEBUG FXGLApplication      - Loading default localization
14:17:34.528 [FXGL Background Thread 1 ] DEBUG FXGLAssetLoaderServi - Loading from file system: jar:file:///C:/Users/acer/.m2/repository/com/github/almasb/fxgl/21.1/fxgl-21.1.jar!/fxglassets/languages/english.lang
14:17:34.567 [FXGL Background Thread 4 ] DEBUG FXGLAssetLoaderServi - Loading from file system: jar:file:///C:/Users/acer/.m2/repository/com/github/almasb/fxgl/21.1/fxgl-21.1.jar!/fxglassets/ui/fonts/Abel-Regular.ttf
14:17:34.571 [FXGL Background Thread 4 ] DEBUG FXGLAssetLoaderServi - Loading from file system: jar:file:///C:/Users/acer/.m2/repository/com/github/almasb/fxgl/21.1/fxgl-21.1.jar!/fxglassets/ui/fonts/TerminalLandMono-Regular.otf
14:17:34.573 [FXGL Background Thread 4 ] DEBUG FXGLAssetLoaderServi - Loading from file system: jar:file:///C:/Users/acer/.m2/repository/com/github/almasb/fxgl/21.1/fxgl-21.1.jar!/fxglassets/ui/fonts/Courier-Prime.ttf
14:17:34.581 [JavaFX Application Thread] DEBUG FXGLApplication      - Registering font factories with UI factory
14:17:34.582 [FXGL Background Thread 1 ] INFO  FXGLApplication      - FXGL initialization took: 0.465 sec
14:17:34.583 [JavaFX Application Thread] DEBUG FXGLAssetLoaderServi - Loading from file system: jar:file:///C:/Users/acer/.m2/repository/com/github/almasb/fxgl/21.1/fxgl-21.1.jar!/fxglassets/textures/fxgl_icon.png
14:17:34.609 [JavaFX Application Thread] DEBUG FXGLAssetLoaderServi - Loading from file system: jar:file:///C:/Users/acer/.m2/repository/com/github/almasb/fxgl/21.1/fxgl-21.1.jar!/fxglassets/textures/fxgl_default_cursor.png
14:17:34.634 [JavaFX Application Thread] DEBUG Input                - Registered new binding: Screenshot - CTRL+8
14:17:34.636 [JavaFX Application Thread] DEBUG Input                - Registered new binding: System info dump - CTRL+9
14:17:34.637 [JavaFX Application Thread] DEBUG Input                - Registered new binding: Restart - CTRL+R
14:17:34.639 [JavaFX Application Thread] DEBUG Input                - Registered new binding: Toggle Debug Camera - CTRL+7
14:17:34.645 [JavaFX Application Thread] DEBUG LoopRunner           - Starting loop
14:17:34.645 [JavaFX Application Thread] DEBUG LoopRunner           - Initializing JavaFX AnimationTimerLoop
14:17:34.646 [JavaFX Application Thread] DEBUG GameApplicationServi - Starting new game
14:17:34.648 [JavaFX Application Thread] DEBUG Input                - Clearing active input actions
14:17:34.661 [JavaFX Application Thread] DEBUG GameApplicationServi - Removing overlay from FXGLStartupScene and adding to FXGLLoadingScene
14:17:34.661 [JavaFX Application Thread] DEBUG PrimaryStageWindow   - FXGLStartupScene -> FXGLLoadingScene
14:17:34.662 [JavaFX Application Thread] DEBUG GameApplicationServi - Clearing previous game
14:17:34.662 [JavaFX Application Thread] DEBUG GameScene            - Clearing game scene
14:17:34.662 [JavaFX Application Thread] DEBUG GameWorld            - Clearing game world
14:17:34.662 [JavaFX Application Thread] DEBUG PhysicsWorld         - Clearing physics world
14:17:34.664 [FXGL Background Thread 1 ] DEBUG FXGLApplication      - Initializing game
14:17:34.748 [FXGL Background Thread 1 ] WARN  GameWorld            - Entity is already attached to world
14:17:34.751 [FXGL Background Thread 1 ] WARN  GameWorld            - Entity is already attached to world
14:17:34.751 [FXGL Background Thread 1 ] WARN  GameWorld            - Entity is already attached to world
14:17:34.752 [FXGL Background Thread 1 ] WARN  Entity               - Entity already has component: com.almasb.fxgl.entity.components.CollidableComponent
14:17:34.754 [FXGL Background Thread 1 ] WARN  GameWorld            - Entity is already attached to world
14:17:34.766 [FXGL Background Thread 1 ] DEBUG Input                - Registered new binding: Move A - A
14:17:34.766 [FXGL Background Thread 1 ] DEBUG Input                - Registered new binding: Move D - D
14:17:34.769 [FXGL Background Thread 1 ] DEBUG Input                - Registered new binding: Player Attack - LMB
14:17:34.770 [FXGL Background Thread 1 ] DEBUG Input                - Registered new binding: Player Parry - RMB
14:17:34.771 [FXGL Background Thread 1 ] DEBUG Input                - Registered new binding: Jump - Space
14:17:34.773 [FXGL Background Thread 1 ] DEBUG Input                - Registered new binding: Interact - Z
14:17:34.773 [FXGL Background Thread 1 ] INFO  FXGLApplication      - Game initialization took: 0.109 sec
14:17:34.813 [JavaFX Application Thread] DEBUG Input                - Clearing active input actions
14:17:34.817 [JavaFX Application Thread] DEBUG GameApplicationServi - Removing overlay from FXGLLoadingScene and adding to GameScene
14:17:34.817 [JavaFX Application Thread] DEBUG PrimaryStageWindow   - FXGLLoadingScene -> GameScene
14:17:37.527 [FXGL Background Thread 3 ] DEBUG Engine               - Logging environment variables
14:17:37.527 [FXGL Background Thread 3 ] DEBUG Engine               - achievements: []
14:17:37.527 [FXGL Background Thread 3 ] DEBUG Engine               - actualHeight: 600.0
14:17:37.527 [FXGL Background Thread 3 ] DEBUG Engine               - actualHeightProperty: ReadOnlyDoubleProperty [value: 600.0]
14:17:37.527 [FXGL Background Thread 3 ] DEBUG Engine               - actualWidth: 800.0
14:17:37.527 [FXGL Background Thread 3 ] DEBUG Engine               - actualWidthProperty: ReadOnlyDoubleProperty [value: 800.0]
14:17:37.527 [FXGL Background Thread 3 ] DEBUG Engine               - appIcon: fxgl_icon.png
14:17:37.527 [FXGL Background Thread 3 ] DEBUG Engine               - applicationMode: DEVELOPER
14:17:37.527 [FXGL Background Thread 3 ] DEBUG Engine               - cSSList: [fxgl_dark.css]
14:17:37.527 [FXGL Background Thread 3 ] DEBUG Engine               - collisionDetectionStrategy: BRUTE_FORCE
14:17:37.527 [FXGL Background Thread 3 ] DEBUG Engine               - configClass: Optional.empty
14:17:37.527 [FXGL Background Thread 3 ] DEBUG Engine               - credits: []
14:17:37.527 [FXGL Background Thread 3 ] DEBUG Engine               - defaultCursor: CursorInfo(imageName=fxgl_default_cursor.png, hotspotX=7.0, hotspotY=6.0)
14:17:37.527 [FXGL Background Thread 3 ] DEBUG Engine               - devBBoxColorProperty: ObjectProperty [value: 0xff0000ff]
14:17:37.529 [FXGL Background Thread 3 ] DEBUG Engine               - devEnableDebugCameraProperty: BooleanProperty [value: false]
14:17:37.529 [FXGL Background Thread 3 ] DEBUG Engine               - devSensorColorProperty: ObjectProperty [value: 0xffff00ff]
14:17:37.529 [FXGL Background Thread 3 ] DEBUG Engine               - devShowBBoxProperty: BooleanProperty [value: false]
14:17:37.529 [FXGL Background Thread 3 ] DEBUG Engine               - devShowPositionProperty: BooleanProperty [value: false]
14:17:37.529 [FXGL Background Thread 3 ] DEBUG Engine               - enabledMenuItems: []
14:17:37.529 [FXGL Background Thread 3 ] DEBUG Engine               - engineServices: [class com.almasb.fxgl.app.services.FXGLAssetLoaderService, class com.almasb.fxgl.app.FXGLApplication$GameApplicationService, class com.almasb.fxgl.app.services.FXGLDialogService, class com.almasb.fxgl.app.services.IOTaskExecutorService, class com.almasb.fxgl.io.FileSystemService, class com.almasb.fxgl.localization.LocalizationService, class com.almasb.fxgl.app.services.SystemBundleService, class com.almasb.fxgl.profile.SaveLoadService, class com.almasb.fxgl.ui.FXGLUIFactoryServiceProvider, class com.almasb.fxgl.ui.FXGLDialogFactoryServiceProvider, class com.almasb.fxgl.audio.AudioPlayer, class com.almasb.fxgl.notification.impl.NotificationServiceProvider, class com.almasb.fxgl.achievement.AchievementService, class com.almasb.fxgl.cutscene.CutsceneService, class com.almasb.fxgl.minigames.MiniGameService, class com.almasb.fxgl.net.NetService, class com.almasb.fxgl.app.services.UpdaterService, class com.almasb.fxgl.dev.DevService]
14:17:37.529 [FXGL Background Thread 3 ] DEBUG Engine               - fontGame: Abel-Regular.ttf
14:17:37.529 [FXGL Background Thread 3 ] DEBUG Engine               - fontMono: TerminalLandMono-Regular.otf
14:17:37.529 [FXGL Background Thread 3 ] DEBUG Engine               - fontSizeScaleUI: 1.0
14:17:37.529 [FXGL Background Thread 3 ] DEBUG Engine               - fontText: Courier-Prime.ttf
14:17:37.529 [FXGL Background Thread 3 ] DEBUG Engine               - fontUI: VarelaRound-Regular.ttf
14:17:37.529 [FXGL Background Thread 3 ] DEBUG Engine               - fullScreen: BooleanProperty [value: false]
14:17:37.529 [FXGL Background Thread 3 ] DEBUG Engine               - gameDifficulty: MEDIUM
14:17:37.529 [FXGL Background Thread 3 ] DEBUG Engine               - gameDifficultyProperty: ObjectProperty [value: MEDIUM]
14:17:37.529 [FXGL Background Thread 3 ] DEBUG Engine               - globalMusicVolume: 0.5
14:17:37.529 [FXGL Background Thread 3 ] DEBUG Engine               - globalMusicVolumeProperty: DoubleProperty [value: 0.5]
14:17:37.529 [FXGL Background Thread 3 ] DEBUG Engine               - globalSoundVolume: 0.5
14:17:37.529 [FXGL Background Thread 3 ] DEBUG Engine               - globalSoundVolumeProperty: DoubleProperty [value: 0.5]
14:17:37.529 [FXGL Background Thread 3 ] DEBUG Engine               - height: 600
14:17:37.529 [FXGL Background Thread 3 ] DEBUG Engine               - is3D: false
14:17:37.529 [FXGL Background Thread 3 ] DEBUG Engine               - isAndroid: false
14:17:37.529 [FXGL Background Thread 3 ] DEBUG Engine               - isBrowser: false
14:17:37.529 [FXGL Background Thread 3 ] DEBUG Engine               - isClickFeedbackEnabled: false
14:17:37.529 [FXGL Background Thread 3 ] DEBUG Engine               - isCloseConfirmation: false
14:17:37.529 [FXGL Background Thread 3 ] DEBUG Engine               - isDesktop: true
14:17:37.529 [FXGL Background Thread 3 ] DEBUG Engine               - isDeveloperMenuEnabled: false
14:17:37.529 [FXGL Background Thread 3 ] DEBUG Engine               - isEmbedded: false
14:17:37.529 [FXGL Background Thread 3 ] DEBUG Engine               - isEntityPreloadEnabled: true
14:17:37.529 [FXGL Background Thread 3 ] DEBUG Engine               - isExperimentalTiledLargeMap: false
14:17:37.529 [FXGL Background Thread 3 ] DEBUG Engine               - isFileSystemWriteAllowed: true
14:17:37.529 [FXGL Background Thread 3 ] DEBUG Engine               - isFullScreenAllowed: false
14:17:37.529 [FXGL Background Thread 3 ] DEBUG Engine               - isFullScreenFromStart: false
14:17:37.529 [FXGL Background Thread 3 ] DEBUG Engine               - isGameMenuEnabled: true
14:17:37.529 [FXGL Background Thread 3 ] DEBUG Engine               - isIOS: false
14:17:37.530 [FXGL Background Thread 3 ] DEBUG Engine               - isIntroEnabled: false
14:17:37.530 [FXGL Background Thread 3 ] DEBUG Engine               - isLinux: false
14:17:37.530 [FXGL Background Thread 3 ] DEBUG Engine               - isMac: false
14:17:37.530 [FXGL Background Thread 3 ] DEBUG Engine               - isMainMenuEnabled: false
14:17:37.530 [FXGL Background Thread 3 ] DEBUG Engine               - isManualResizeEnabled: false
14:17:37.530 [FXGL Background Thread 3 ] DEBUG Engine               - isMobile: false
14:17:37.530 [FXGL Background Thread 3 ] DEBUG Engine               - isNative: false
14:17:37.530 [FXGL Background Thread 3 ] DEBUG Engine               - isPauseMusicWhenMinimized: true
14:17:37.530 [FXGL Background Thread 3 ] DEBUG Engine               - isPreserveResizeRatio: false
14:17:37.530 [FXGL Background Thread 3 ] DEBUG Engine               - isProfilingEnabled: false
14:17:37.530 [FXGL Background Thread 3 ] DEBUG Engine               - isScaleAffectedOnResize: true
14:17:37.530 [FXGL Background Thread 3 ] DEBUG Engine               - isSingleStep: false
14:17:37.530 [FXGL Background Thread 3 ] DEBUG Engine               - isUserProfileEnabled: false
14:17:37.530 [FXGL Background Thread 3 ] DEBUG Engine               - isWindows: true
14:17:37.530 [FXGL Background Thread 3 ] DEBUG Engine               - language: ObjectProperty [value: ENGLISH]
14:17:37.530 [FXGL Background Thread 3 ] DEBUG Engine               - menuKey: ESCAPE
14:17:37.530 [FXGL Background Thread 3 ] DEBUG Engine               - mouseSensitivity: 0.2
14:17:37.530 [FXGL Background Thread 3 ] DEBUG Engine               - notificationViewClass: class com.almasb.fxgl.notification.view.XboxNotificationView
14:17:37.530 [FXGL Background Thread 3 ] DEBUG Engine               - pixelsPerMeter: 50.0
14:17:37.530 [FXGL Background Thread 3 ] DEBUG Engine               - platform: WINDOWS
14:17:37.530 [FXGL Background Thread 3 ] DEBUG Engine               - prefHeightProperty: ReadOnlyDoubleProperty [value: 600.0]
14:17:37.530 [FXGL Background Thread 3 ] DEBUG Engine               - prefWidthProperty: ReadOnlyDoubleProperty [value: 800.0]
14:17:37.530 [FXGL Background Thread 3 ] DEBUG Engine               - profileDir: profiles/
14:17:37.530 [FXGL Background Thread 3 ] DEBUG Engine               - profileName: StringProperty [value: DEFAULT]
14:17:37.530 [FXGL Background Thread 3 ] DEBUG Engine               - randomSeed: -1
14:17:37.530 [FXGL Background Thread 3 ] DEBUG Engine               - runtimeInfo: RuntimeInfo(platform=WINDOWS, version=21.1, build=27.03.2024 07.52)
14:17:37.530 [FXGL Background Thread 3 ] DEBUG Engine               - saveFileExt: sav
14:17:37.530 [FXGL Background Thread 3 ] DEBUG Engine               - scaledHeightProp$fxgl: DoubleProperty [bound, value: 600.0]
14:17:37.531 [FXGL Background Thread 3 ] DEBUG Engine               - scaledWidthProp$fxgl: DoubleProperty [bound, value: 800.0]
14:17:37.531 [FXGL Background Thread 3 ] DEBUG Engine               - sceneFactory: com.almasb.fxgl.app.scene.SceneFactory@ce7de34
14:17:37.531 [FXGL Background Thread 3 ] DEBUG Engine               - secondsIn24h: 60
14:17:37.531 [FXGL Background Thread 3 ] DEBUG Engine               - soundMenuBack: menu/back.wav
14:17:37.531 [FXGL Background Thread 3 ] DEBUG Engine               - soundMenuPress: menu/press.wav
14:17:37.531 [FXGL Background Thread 3 ] DEBUG Engine               - soundMenuSelect: menu/select.wav
14:17:37.531 [FXGL Background Thread 3 ] DEBUG Engine               - soundNotification: core/notification.wav
14:17:37.531 [FXGL Background Thread 3 ] DEBUG Engine               - stageStyle: DECORATED
14:17:37.531 [FXGL Background Thread 3 ] DEBUG Engine               - supportedLanguages: [ENGLISH, FRENCH, GERMAN, HUNGARIAN, RUSSIAN]
14:17:37.531 [FXGL Background Thread 3 ] DEBUG Engine               - ticksPerSecond: -1
14:17:37.531 [FXGL Background Thread 3 ] DEBUG Engine               - title: Untitled
14:17:37.531 [FXGL Background Thread 3 ] DEBUG Engine               - urlGithub: https://github.com/AlmasB/FXGL
14:17:37.531 [FXGL Background Thread 3 ] DEBUG Engine               - urlLeaderboard: http://fxgl-top.herokuapp.com/
14:17:37.531 [FXGL Background Thread 3 ] DEBUG Engine               - urlPOM: https://raw.githubusercontent.com/AlmasB/FXGL/release/README.md
14:17:37.531 [FXGL Background Thread 3 ] DEBUG Engine               - userAppClass: class com.xen.rzlgame.rzl.HelloApplication
14:17:37.531 [FXGL Background Thread 3 ] DEBUG Engine               - version: 0.0
14:17:37.531 [FXGL Background Thread 3 ] DEBUG Engine               - versionCheckDays: 7
14:17:37.531 [FXGL Background Thread 3 ] DEBUG Engine               - width: 800
14:17:37.531 [FXGL Background Thread 3 ] DEBUG Engine               - Logging services
14:17:37.531 [FXGL Background Thread 3 ] DEBUG Engine               - class com.almasb.fxgl.app.services.FXGLAssetLoaderService
14:17:37.531 [FXGL Background Thread 3 ] DEBUG Engine               - class com.almasb.fxgl.app.FXGLApplication$GameApplicationService
14:17:37.531 [FXGL Background Thread 3 ] DEBUG Engine               - class com.almasb.fxgl.app.services.FXGLDialogService
14:17:37.531 [FXGL Background Thread 3 ] DEBUG Engine               - class com.almasb.fxgl.app.services.IOTaskExecutorService
14:17:37.531 [FXGL Background Thread 3 ] DEBUG Engine               - class com.almasb.fxgl.io.FileSystemService
14:17:37.531 [FXGL Background Thread 3 ] DEBUG Engine               - class com.almasb.fxgl.localization.LocalizationService
14:17:37.531 [FXGL Background Thread 3 ] DEBUG Engine               - class com.almasb.fxgl.app.services.SystemBundleService
14:17:37.531 [FXGL Background Thread 3 ] DEBUG Engine               - class com.almasb.fxgl.profile.SaveLoadService
14:17:37.531 [FXGL Background Thread 3 ] DEBUG Engine               - class com.almasb.fxgl.ui.FXGLUIFactoryServiceProvider
14:17:37.531 [FXGL Background Thread 3 ] DEBUG Engine               - class com.almasb.fxgl.ui.FXGLDialogFactoryServiceProvider
14:17:37.531 [FXGL Background Thread 3 ] DEBUG Engine               - class com.almasb.fxgl.audio.AudioPlayer
14:17:37.531 [FXGL Background Thread 3 ] DEBUG Engine               - class com.almasb.fxgl.notification.impl.NotificationServiceProvider
14:17:37.531 [FXGL Background Thread 3 ] DEBUG Engine               - class com.almasb.fxgl.achievement.AchievementService
14:17:37.531 [FXGL Background Thread 3 ] DEBUG Engine               - class com.almasb.fxgl.cutscene.CutsceneService
14:17:37.531 [FXGL Background Thread 3 ] DEBUG Engine               - class com.almasb.fxgl.minigames.MiniGameService
14:17:37.531 [FXGL Background Thread 3 ] DEBUG Engine               - class com.almasb.fxgl.net.NetService
14:17:37.531 [FXGL Background Thread 3 ] DEBUG Engine               - class com.almasb.fxgl.app.services.UpdaterService
14:17:37.531 [FXGL Background Thread 3 ] DEBUG Engine               - class com.almasb.fxgl.dev.DevService
14:17:45.969 [JavaFX Application Thread] DEBUG FXGLAssetLoaderServi - Loading from file system: file:/C:/Users/acer/IdeaProjects/RZL/target/classes/assets/text/maria.txt
14:17:45.974 [JavaFX Application Thread] DEBUG Input                - Registered new binding: Next RPG Line - Enter
14:17:45.976 [JavaFX Application Thread] DEBUG PrimaryStageWindow   - Push state: CutsceneScene
14:17:45.976 [JavaFX Application Thread] DEBUG Input                - Clearing active input actions
14:17:45.977 [JavaFX Application Thread] DEBUG GameApplicationServi - Removing overlay from GameScene and adding to CutsceneScene
14:17:45.977 [JavaFX Application Thread] DEBUG PrimaryStageWindow   - GameScene -> CutsceneScene
14:17:50.257 [JavaFX Application Thread] DEBUG PrimaryStageWindow   - Pop state: CutsceneScene
14:17:50.257 [JavaFX Application Thread] DEBUG Input                - Clearing active input actions
14:17:50.259 [JavaFX Application Thread] DEBUG GameApplicationServi - Removing overlay from CutsceneScene and adding to GameScene
14:17:50.259 [JavaFX Application Thread] DEBUG PrimaryStageWindow   - GameScene <- CutsceneScene
14:17:50.921 [JavaFX Application Thread] WARN  FXGLAssetLoaderServi - Asset "/assets/text/elias.txt" was not found!
14:17:50.922 [JavaFX Application Thread] WARN  FXGLAssetLoaderServi - Failed to load TEXT
14:17:50.922 [JavaFX Application Thread] DEBUG PrimaryStageWindow   - Push state: CutsceneScene
14:17:50.922 [JavaFX Application Thread] DEBUG Input                - Clearing active input actions
14:17:50.922 [JavaFX Application Thread] DEBUG GameApplicationServi - Removing overlay from GameScene and adding to CutsceneScene
14:17:50.922 [JavaFX Application Thread] DEBUG PrimaryStageWindow   - GameScene -> CutsceneScene
14:17:52.114 [JavaFX Application Thread] DEBUG PrimaryStageWindow   - Pop state: CutsceneScene
14:17:52.114 [JavaFX Application Thread] DEBUG Input                - Clearing active input actions
14:17:52.114 [JavaFX Application Thread] DEBUG GameApplicationServi - Removing overlay from CutsceneScene and adding to GameScene
14:17:52.115 [JavaFX Application Thread] DEBUG PrimaryStageWindow   - GameScene <- CutsceneScene
14:17:57.873 [JavaFX Application Thread] DEBUG LoopRunner           - Stopping loop
14:17:57.877 [JavaFX Application Thread] FATAL FXGLApplication      - Uncaught Exception:
java.lang.IllegalArgumentException: Component PlayerComponent not found!
	at com.almasb.fxgl.entity@21.1/com.almasb.fxgl.entity.Entity.getComponent(Entity.java:366)
	at com.xen.rzlgame.rzl/com.xen.rzlgame.rzl.Handlers.InputHandler.updateVelocity(InputHandler.java:86)
	at com.xen.rzlgame.rzl/com.xen.rzlgame.rzl.Handlers.InputHandler$1.onAction(InputHandler.java:39)
	at com.almasb.fxgl.core@21.1/com.almasb.fxgl.input.UserAction.action$fxgl_core(UserAction.kt:38)
	at com.almasb.fxgl.core@21.1/com.almasb.fxgl.input.Input.update(Input.kt:278)
	at com.almasb.fxgl.scene@21.1/com.almasb.fxgl.scene.Scene.update(Scene.kt:103)
	at com.almasb.fxgl.all@21.1/com.almasb.fxgl.app.MainWindow$update$1.invoke(MainWindow.kt:121)
	at com.almasb.fxgl.all@21.1/com.almasb.fxgl.app.MainWindow$update$1.invoke(MainWindow.kt:121)
	at com.almasb.fxgl.core@21.1/com.almasb.fxgl.core.fsm.StateMachine.runOnActiveStates(StateMachine.kt:69)
	at com.almasb.fxgl.all@21.1/com.almasb.fxgl.app.MainWindow.update(MainWindow.kt:121)
	at com.almasb.fxgl.all@21.1/com.almasb.fxgl.app.FXGLApplication$GameApplicationService.onUpdate(FXGLApplication.kt:445)
	at com.almasb.fxgl.all@21.1/com.almasb.fxgl.app.Engine.loop(Engine.kt:134)
	at com.almasb.fxgl.all@21.1/com.almasb.fxgl.app.Engine.access$loop(Engine.kt:24)
	at com.almasb.fxgl.all@21.1/com.almasb.fxgl.app.Engine$loop$1.invoke(Engine.kt:28)
	at com.almasb.fxgl.all@21.1/com.almasb.fxgl.app.Engine$loop$1.invoke(Engine.kt:28)
	at com.almasb.fxgl.all@21.1/com.almasb.fxgl.app.LoopRunner.frame(LoopRunner.kt:103)
	at com.almasb.fxgl.all@21.1/com.almasb.fxgl.app.LoopRunner.access$frame(LoopRunner.kt:23)
	at com.almasb.fxgl.all@21.1/com.almasb.fxgl.app.LoopRunner$impl$2$1.onTick(LoopRunner.kt:57)
	at com.almasb.fxgl.all@21.1/com.almasb.fxgl.app.AnimationTimerLoop$timer$1.handle(LoopRunner.kt:137)
	at javafx.graphics@21/javafx.animation.AnimationTimer$AnimationTimerReceiver.lambda$handle$0(AnimationTimer.java:58)
	at java.base/java.security.AccessController.doPrivileged(AccessController.java:400)
	at javafx.graphics@21/javafx.animation.AnimationTimer$AnimationTimerReceiver.handle(AnimationTimer.java:57)
	at javafx.graphics@21/com.sun.scenario.animation.AbstractPrimaryTimer.timePulseImpl(AbstractPrimaryTimer.java:356)
	at javafx.graphics@21/com.sun.scenario.animation.AbstractPrimaryTimer$MainLoop.run(AbstractPrimaryTimer.java:266)
	at javafx.graphics@21/com.sun.javafx.tk.quantum.QuantumToolkit.pulse(QuantumToolkit.java:588)
	at javafx.graphics@21/com.sun.javafx.tk.quantum.QuantumToolkit.pulse(QuantumToolkit.java:572)
	at javafx.graphics@21/com.sun.javafx.tk.quantum.QuantumToolkit.pulseFromQueue(QuantumToolkit.java:565)
	at javafx.graphics@21/com.sun.javafx.tk.quantum.QuantumToolkit.lambda$runToolkit$11(QuantumToolkit.java:352)
	at javafx.graphics@21/com.sun.glass.ui.InvokeLaterDispatcher$Future.run(InvokeLaterDispatcher.java:95)
	at javafx.graphics@21/com.sun.glass.ui.win.WinApplication._runLoop(Native Method)
	at javafx.graphics@21/com.sun.glass.ui.win.WinApplication.lambda$runLoop$3(WinApplication.java:185)
	at java.base/java.lang.Thread.run(Thread.java:1583)

14:17:57.877 [JavaFX Application Thread] FATAL FXGLApplication      - Application will now exit
14:17:57.901 [JavaFX Application Thread] DEBUG PrimaryStageWindow   - Push state: ErrorSubScene
14:17:57.901 [JavaFX Application Thread] DEBUG Input                - Clearing active input actions
14:17:57.904 [JavaFX Application Thread] DEBUG GameApplicationServi - Removing overlay from GameScene and adding to ErrorSubScene
14:17:57.904 [JavaFX Application Thread] DEBUG PrimaryStageWindow   - GameScene -> ErrorSubScene
14:17:58.993 [JavaFX Application Thread] DEBUG FXGLApplication      - Exiting FXGL
14:17:58.993 [JavaFX Application Thread] DEBUG Async                - Shutting down background threads
14:17:58.993 [JavaFX Application Thread] DEBUG PrimaryStageWindow   - Closing main window
14:17:59.004 [JavaFX Application Thread] DEBUG Logger               - Closing Logger
