01:50:15.640 [main                     ] DEBUG Logger               - Configured Logger
01:50:15.673 [main                     ] DEBUG GameApplication      - Logging settings
Title: Untitled
Version: 0.0
Width: 800
Height: 600
Fullscreen: false
Intro: false
Profiling: false
Single step:false
App Mode: DEVELOPER
Menu Key: ESCAPE
Stage Style: DECORATED
Scene Factory: class com.almasb.fxgl.app.scene.SceneFactory

01:50:15.974 [JavaFX Application Thread] DEBUG FXGLApplication      - Initializing FXGL
01:50:15.978 [JavaFX Application Thread] INFO  Engine               - FXGL-17.3 (30.03.2023 11.49) on WINDOWS (J:21.0.3 FX:21)
01:50:15.978 [JavaFX Application Thread] DEBUG Engine               - JRE Vendor Name: Oracle Corporation
01:50:15.978 [JavaFX Application Thread] DEBUG Engine               - Running on OS: Windows 11 version 10.0
01:50:15.978 [JavaFX Application Thread] DEBUG Engine               - Architecture: amd64
01:50:15.978 [JavaFX Application Thread] INFO  Engine               - Source code and latest versions at: https://github.com/AlmasB/FXGL
01:50:15.979 [JavaFX Application Thread] INFO  Engine               -       Ask questions and discuss at: https://github.com/AlmasB/FXGL/discussions
01:50:15.979 [JavaFX Application Thread] INFO  Engine               -              Join the FXGL chat at: https://gitter.im/AlmasB/FXGL
01:50:16.039 [JavaFX Application Thread] DEBUG PrimaryStageWindow   - Creating a JavaFX scene
01:50:16.073 [JavaFX Application Thread] DEBUG PrimaryStageWindow   - Target settings size: 800.0 x 600.0
01:50:16.074 [JavaFX Application Thread] DEBUG PrimaryStageWindow   - Scaled scene size:    800.0 x 600.0
01:50:16.074 [JavaFX Application Thread] DEBUG PrimaryStageWindow   - Scaled ratio: (1.0, 1.0)
01:50:16.075 [JavaFX Application Thread] DEBUG PrimaryStageWindow   - Set initial scene to FXGLStartupScene
01:50:16.078 [JavaFX Application Thread] DEBUG PrimaryStageWindow   - Opening main window
01:50:16.145 [JavaFX Application Thread] DEBUG PrimaryStageWindow   - Window border size: (14.4000244140625, 37.5999755859375)
01:50:16.145 [JavaFX Application Thread] DEBUG PrimaryStageWindow   - Scaled size: 800.0 x 600.0
01:50:16.145 [JavaFX Application Thread] DEBUG PrimaryStageWindow   - Scaled ratio: (1.0, 1.0)
01:50:16.145 [JavaFX Application Thread] DEBUG PrimaryStageWindow   - Scene size: 800.0 x 600.0
01:50:16.145 [JavaFX Application Thread] DEBUG PrimaryStageWindow   - Stage size: 814.4000244140625 x 637.5999755859375
01:50:16.152 [FXGL Background Thread 1 ] DEBUG Engine               - Initializing environment variables
01:50:16.206 [FXGL Background Thread 1 ] DEBUG FXGLAssetLoaderServi - User app class for loading assets: class com.xen.rzlgame.rzl.HelloApplication
01:50:16.206 [FXGL Background Thread 1 ] DEBUG GameApplicationServi - Applying CSS: fxgl_dark.css
01:50:16.207 [FXGL Background Thread 1 ] DEBUG FXGLAssetLoaderServi - Loading from file system: jar:file:///C:/Users/acer/.m2/repository/com/github/almasb/fxgl/17.3/fxgl-17.3.jar!/fxglassets/ui/css/fxgl_dark.css
01:50:16.252 [FXGL Background Thread 1 ] DEBUG GameApplicationServi - Initializing application scenes
01:50:16.308 [FXGL Background Thread 1 ] DEBUG GameWorld            - Game world initialized
01:50:16.368 [FXGL Background Thread 1 ] DEBUG PhysicsWorld         - Physics world initialized: appHeight=600, physics.ppm=50.0
01:50:16.368 [FXGL Background Thread 1 ] DEBUG PhysicsWorld         - Using strategy: BRUTE_FORCE
01:50:16.372 [FXGL Background Thread 1 ] DEBUG GameScene            - Game scene initialized: 800x600
01:50:16.379 [FXGL Background Thread 1 ] DEBUG FXGL.DefaultMenu     - createMenuBodyGameMenu()
01:50:16.387 [FXGL Background Thread 1 ] DEBUG FXGL.DefaultMenu     - createOptionsMenu()
01:50:16.394 [FXGL Background Thread 1 ] DEBUG FXGLAssetLoaderServi - Loading from file system: jar:file:///C:/Users/acer/.m2/repository/com/github/almasb/fxgl/17.3/fxgl-17.3.jar!/fxglassets/textures/particles/smoke.png
01:50:16.476 [FXGL Background Thread 1 ] DEBUG FXGLAssetLoaderServi - Loading from file system: jar:file:///C:/Users/acer/.m2/repository/com/github/almasb/fxgl/17.3/fxgl-17.3.jar!/fxglassets/textures/particles/trace_horizontal.png
01:50:16.498 [FXGL Background Thread 1 ] DEBUG GameApplicationServi - Application scenes initialized
01:50:16.508 [FXGL Background Thread 1 ] DEBUG SystemBundleService  - Loading FXGL system data
01:50:16.511 [FXGL Background Thread 1 ] DEBUG FileSystemAccess     - Reading from: C:\Users\acer\IdeaProjects\RZL\system\fxgl.bundle
01:50:16.518 [FXGL Background Thread 1 ] DEBUG SystemBundleService  - Bundle FXGL: {}
01:50:16.519 [FXGL Background Thread 1 ] DEBUG UpdaterService       - Checking for updates
01:50:16.521 [FXGL Background Thread 4 ] DEBUG FXGLApplication      - Loading fonts
01:50:16.522 [FXGL Background Thread 4 ] DEBUG FXGLAssetLoaderServi - Loading from file system: jar:file:///C:/Users/acer/.m2/repository/com/github/almasb/fxgl/17.3/fxgl-17.3.jar!/fxglassets/ui/fonts/VarelaRound-Regular.ttf
01:50:16.522 [FXGL Background Thread 1 ] DEBUG FXGLApplication      - Loading default localization
01:50:16.522 [FXGL Background Thread 1 ] DEBUG FXGLAssetLoaderServi - Loading from file system: jar:file:///C:/Users/acer/.m2/repository/com/github/almasb/fxgl/17.3/fxgl-17.3.jar!/fxglassets/languages/english.lang
01:50:16.554 [FXGL Background Thread 4 ] DEBUG FXGLAssetLoaderServi - Loading from file system: jar:file:///C:/Users/acer/.m2/repository/com/github/almasb/fxgl/17.3/fxgl-17.3.jar!/fxglassets/ui/fonts/Abel-Regular.ttf
01:50:16.557 [FXGL Background Thread 4 ] DEBUG FXGLAssetLoaderServi - Loading from file system: jar:file:///C:/Users/acer/.m2/repository/com/github/almasb/fxgl/17.3/fxgl-17.3.jar!/fxglassets/ui/fonts/TerminalLandMono-Regular.otf
01:50:16.560 [FXGL Background Thread 4 ] DEBUG FXGLAssetLoaderServi - Loading from file system: jar:file:///C:/Users/acer/.m2/repository/com/github/almasb/fxgl/17.3/fxgl-17.3.jar!/fxglassets/ui/fonts/Courier-Prime.ttf
01:50:16.567 [JavaFX Application Thread] DEBUG FXGLApplication      - Registering font factories with UI factory
01:50:16.570 [FXGL Background Thread 1 ] INFO  FXGLApplication      - FXGL initialization took: 0.419 sec
01:50:16.571 [JavaFX Application Thread] DEBUG FXGLAssetLoaderServi - Loading from file system: jar:file:///C:/Users/acer/.m2/repository/com/github/almasb/fxgl/17.3/fxgl-17.3.jar!/fxglassets/textures/fxgl_icon.png
01:50:16.590 [JavaFX Application Thread] DEBUG FXGLAssetLoaderServi - Loading from file system: jar:file:///C:/Users/acer/.m2/repository/com/github/almasb/fxgl/17.3/fxgl-17.3.jar!/fxglassets/textures/fxgl_default_cursor.png
01:50:16.601 [JavaFX Application Thread] DEBUG Input                - Registered new binding: Screenshot - CTRL+8
01:50:16.602 [JavaFX Application Thread] DEBUG Input                - Registered new binding: System info dump - CTRL+9
01:50:16.603 [JavaFX Application Thread] DEBUG Input                - Registered new binding: Restart - CTRL+R
01:50:16.604 [JavaFX Application Thread] DEBUG Input                - Registered new binding: Toggle Debug Camera - CTRL+7
01:50:16.613 [JavaFX Application Thread] DEBUG LoopRunner           - Starting loop
01:50:16.613 [JavaFX Application Thread] DEBUG LoopRunner           - Initializing JavaFX AnimationTimerLoop
01:50:16.616 [JavaFX Application Thread] DEBUG GameApplicationServi - Starting new game
01:50:16.617 [JavaFX Application Thread] DEBUG Input                - Clearing active input actions
01:50:16.631 [JavaFX Application Thread] DEBUG GameApplicationServi - Removing overlay from FXGLStartupScene and adding to FXGLLoadingScene
01:50:16.631 [JavaFX Application Thread] DEBUG PrimaryStageWindow   - FXGLStartupScene -> FXGLLoadingScene
01:50:16.631 [JavaFX Application Thread] DEBUG GameApplicationServi - Clearing previous game
01:50:16.631 [JavaFX Application Thread] DEBUG GameScene            - Clearing game scene
01:50:16.631 [JavaFX Application Thread] DEBUG GameWorld            - Clearing game world
01:50:16.631 [JavaFX Application Thread] DEBUG PhysicsWorld         - Clearing physics world
01:50:16.634 [FXGL Background Thread 1 ] DEBUG FXGLApplication      - Initializing game
01:50:16.730 [FXGL Background Thread 1 ] WARN  GameWorld            - Entity is already attached to world
01:50:16.733 [FXGL Background Thread 1 ] WARN  GameWorld            - Entity is already attached to world
01:50:16.738 [FXGL Background Thread 1 ] WARN  GameWorld            - Entity is already attached to world
01:50:16.739 [FXGL Background Thread 1 ] WARN  GameWorld            - Entity is already attached to world
01:50:16.748 [FXGL Background Thread 1 ] DEBUG Input                - Registered new binding: Move UP - Up
01:50:16.748 [FXGL Background Thread 1 ] DEBUG Input                - Registered new binding: Move LEFT - Left
01:50:16.748 [FXGL Background Thread 1 ] DEBUG Input                - Registered new binding: Move RIGHT - Right
01:50:16.748 [FXGL Background Thread 1 ] DEBUG Input                - Registered new binding: Move DOWN - Down
01:50:16.748 [FXGL Background Thread 1 ] DEBUG Input                - Registered new binding: Player Attack - X
01:50:16.751 [FXGL Background Thread 1 ] DEBUG Input                - Registered new binding: Interact - Z
01:50:16.752 [FXGL Background Thread 1 ] INFO  FXGLApplication      - Game initialization took: 0.117 sec
01:50:16.797 [JavaFX Application Thread] DEBUG Input                - Clearing active input actions
01:50:16.801 [JavaFX Application Thread] DEBUG GameApplicationServi - Removing overlay from FXGLLoadingScene and adding to GameScene
01:50:16.802 [JavaFX Application Thread] DEBUG PrimaryStageWindow   - FXGLLoadingScene -> GameScene
01:50:17.351 [FXGL Background Thread 2 ] INFO  UpdaterService       - Your current version:  17.3
01:50:17.351 [FXGL Background Thread 2 ] INFO  UpdaterService       - Latest stable version: 21.1
01:50:19.520 [FXGL Background Thread 3 ] DEBUG Engine               - Logging environment variables
01:50:19.520 [FXGL Background Thread 3 ] DEBUG Engine               - achievements: []
01:50:19.520 [FXGL Background Thread 3 ] DEBUG Engine               - actualHeight: 600.0
01:50:19.520 [FXGL Background Thread 3 ] DEBUG Engine               - actualHeightProperty: ReadOnlyDoubleProperty [value: 600.0]
01:50:19.521 [FXGL Background Thread 3 ] DEBUG Engine               - actualWidth: 800.0
01:50:19.521 [FXGL Background Thread 3 ] DEBUG Engine               - actualWidthProperty: ReadOnlyDoubleProperty [value: 800.0]
01:50:19.521 [FXGL Background Thread 3 ] DEBUG Engine               - appIcon: fxgl_icon.png
01:50:19.521 [FXGL Background Thread 3 ] DEBUG Engine               - applicationMode: DEVELOPER
01:50:19.521 [FXGL Background Thread 3 ] DEBUG Engine               - cSSList: [fxgl_dark.css]
01:50:19.521 [FXGL Background Thread 3 ] DEBUG Engine               - collisionDetectionStrategy: BRUTE_FORCE
01:50:19.521 [FXGL Background Thread 3 ] DEBUG Engine               - configClass: Optional.empty
01:50:19.521 [FXGL Background Thread 3 ] DEBUG Engine               - credits: []
01:50:19.521 [FXGL Background Thread 3 ] DEBUG Engine               - defaultCursor: CursorInfo(imageName=fxgl_default_cursor.png, hotspotX=7.0, hotspotY=6.0)
01:50:19.521 [FXGL Background Thread 3 ] DEBUG Engine               - devBBoxColorProperty: ObjectProperty [value: 0xff0000ff]
01:50:19.522 [FXGL Background Thread 3 ] DEBUG Engine               - devEnableDebugCameraProperty: BooleanProperty [value: false]
01:50:19.522 [FXGL Background Thread 3 ] DEBUG Engine               - devSensorColorProperty: ObjectProperty [value: 0xffff00ff]
01:50:19.522 [FXGL Background Thread 3 ] DEBUG Engine               - devShowBBoxProperty: BooleanProperty [value: false]
01:50:19.522 [FXGL Background Thread 3 ] DEBUG Engine               - devShowPositionProperty: BooleanProperty [value: false]
01:50:19.522 [FXGL Background Thread 3 ] DEBUG Engine               - enabledMenuItems: []
01:50:19.522 [FXGL Background Thread 3 ] DEBUG Engine               - engineServices: [class com.almasb.fxgl.app.services.FXGLAssetLoaderService, class com.almasb.fxgl.app.FXGLApplication$GameApplicationService, class com.almasb.fxgl.app.services.FXGLDialogService, class com.almasb.fxgl.app.services.IOTaskExecutorService, class com.almasb.fxgl.io.FileSystemService, class com.almasb.fxgl.localization.LocalizationService, class com.almasb.fxgl.app.services.SystemBundleService, class com.almasb.fxgl.profile.SaveLoadService, class com.almasb.fxgl.ui.FXGLUIFactoryServiceProvider, class com.almasb.fxgl.ui.FXGLDialogFactoryServiceProvider, class com.almasb.fxgl.audio.AudioPlayer, class com.almasb.fxgl.notification.impl.NotificationServiceProvider, class com.almasb.fxgl.achievement.AchievementService, class com.almasb.fxgl.cutscene.CutsceneService, class com.almasb.fxgl.minigames.MiniGameService, class com.almasb.fxgl.net.NetService, class com.almasb.fxgl.app.services.UpdaterService, class com.almasb.fxgl.dev.DevService]
01:50:19.522 [FXGL Background Thread 3 ] DEBUG Engine               - fontGame: Abel-Regular.ttf
01:50:19.522 [FXGL Background Thread 3 ] DEBUG Engine               - fontMono: TerminalLandMono-Regular.otf
01:50:19.522 [FXGL Background Thread 3 ] DEBUG Engine               - fontSizeScaleUI: 1.0
01:50:19.522 [FXGL Background Thread 3 ] DEBUG Engine               - fontText: Courier-Prime.ttf
01:50:19.522 [FXGL Background Thread 3 ] DEBUG Engine               - fontUI: VarelaRound-Regular.ttf
01:50:19.522 [FXGL Background Thread 3 ] DEBUG Engine               - fullScreen: BooleanProperty [value: false]
01:50:19.522 [FXGL Background Thread 3 ] DEBUG Engine               - gameDifficulty: MEDIUM
01:50:19.522 [FXGL Background Thread 3 ] DEBUG Engine               - gameDifficultyProperty: ObjectProperty [value: MEDIUM]
01:50:19.522 [FXGL Background Thread 3 ] DEBUG Engine               - globalMusicVolume: 0.5
01:50:19.522 [FXGL Background Thread 3 ] DEBUG Engine               - globalMusicVolumeProperty: DoubleProperty [value: 0.5]
01:50:19.522 [FXGL Background Thread 3 ] DEBUG Engine               - globalSoundVolume: 0.5
01:50:19.522 [FXGL Background Thread 3 ] DEBUG Engine               - globalSoundVolumeProperty: DoubleProperty [value: 0.5]
01:50:19.522 [FXGL Background Thread 3 ] DEBUG Engine               - height: 600
01:50:19.523 [FXGL Background Thread 3 ] DEBUG Engine               - is3D: false
01:50:19.523 [FXGL Background Thread 3 ] DEBUG Engine               - isAndroid: false
01:50:19.523 [FXGL Background Thread 3 ] DEBUG Engine               - isBrowser: false
01:50:19.523 [FXGL Background Thread 3 ] DEBUG Engine               - isClickFeedbackEnabled: false
01:50:19.523 [FXGL Background Thread 3 ] DEBUG Engine               - isCloseConfirmation: false
01:50:19.523 [FXGL Background Thread 3 ] DEBUG Engine               - isDesktop: true
01:50:19.523 [FXGL Background Thread 3 ] DEBUG Engine               - isDeveloperMenuEnabled: false
01:50:19.523 [FXGL Background Thread 3 ] DEBUG Engine               - isEmbedded: false
01:50:19.523 [FXGL Background Thread 3 ] DEBUG Engine               - isEntityPreloadEnabled: true
01:50:19.523 [FXGL Background Thread 3 ] DEBUG Engine               - isExperimentalTiledLargeMap: false
01:50:19.523 [FXGL Background Thread 3 ] DEBUG Engine               - isFileSystemWriteAllowed: true
01:50:19.523 [FXGL Background Thread 3 ] DEBUG Engine               - isFullScreenAllowed: false
01:50:19.523 [FXGL Background Thread 3 ] DEBUG Engine               - isFullScreenFromStart: false
01:50:19.523 [FXGL Background Thread 3 ] DEBUG Engine               - isGameMenuEnabled: true
01:50:19.524 [FXGL Background Thread 3 ] DEBUG Engine               - isIOS: false
01:50:19.524 [FXGL Background Thread 3 ] DEBUG Engine               - isIntroEnabled: false
01:50:19.524 [FXGL Background Thread 3 ] DEBUG Engine               - isLinux: false
01:50:19.524 [FXGL Background Thread 3 ] DEBUG Engine               - isMac: false
01:50:19.524 [FXGL Background Thread 3 ] DEBUG Engine               - isMainMenuEnabled: false
01:50:19.524 [FXGL Background Thread 3 ] DEBUG Engine               - isManualResizeEnabled: false
01:50:19.524 [FXGL Background Thread 3 ] DEBUG Engine               - isMobile: false
01:50:19.524 [FXGL Background Thread 3 ] DEBUG Engine               - isNative: false
01:50:19.524 [FXGL Background Thread 3 ] DEBUG Engine               - isPauseMusicWhenMinimized: true
01:50:19.524 [FXGL Background Thread 3 ] DEBUG Engine               - isPreserveResizeRatio: false
01:50:19.524 [FXGL Background Thread 3 ] DEBUG Engine               - isProfilingEnabled: false
01:50:19.524 [FXGL Background Thread 3 ] DEBUG Engine               - isScaleAffectedOnResize: true
01:50:19.524 [FXGL Background Thread 3 ] DEBUG Engine               - isSingleStep: false
01:50:19.524 [FXGL Background Thread 3 ] DEBUG Engine               - isUserProfileEnabled: false
01:50:19.524 [FXGL Background Thread 3 ] DEBUG Engine               - isWindows: true
01:50:19.524 [FXGL Background Thread 3 ] DEBUG Engine               - language: ObjectProperty [value: ENGLISH]
01:50:19.524 [FXGL Background Thread 3 ] DEBUG Engine               - menuKey: ESCAPE
01:50:19.524 [FXGL Background Thread 3 ] DEBUG Engine               - mouseSensitivity: 0.2
01:50:19.524 [FXGL Background Thread 3 ] DEBUG Engine               - notificationViewClass: class com.almasb.fxgl.notification.view.XboxNotificationView
01:50:19.524 [FXGL Background Thread 3 ] DEBUG Engine               - pixelsPerMeter: 50.0
01:50:19.524 [FXGL Background Thread 3 ] DEBUG Engine               - platform: WINDOWS
01:50:19.524 [FXGL Background Thread 3 ] DEBUG Engine               - prefHeightProperty: ReadOnlyDoubleProperty [value: 600.0]
01:50:19.524 [FXGL Background Thread 3 ] DEBUG Engine               - prefWidthProperty: ReadOnlyDoubleProperty [value: 800.0]
01:50:19.524 [FXGL Background Thread 3 ] DEBUG Engine               - profileDir: profiles/
01:50:19.524 [FXGL Background Thread 3 ] DEBUG Engine               - profileName: StringProperty [value: DEFAULT]
01:50:19.524 [FXGL Background Thread 3 ] DEBUG Engine               - randomSeed: -1
01:50:19.524 [FXGL Background Thread 3 ] DEBUG Engine               - runtimeInfo: RuntimeInfo(platform=WINDOWS, version=17.3, build=30.03.2023 11.49)
01:50:19.525 [FXGL Background Thread 3 ] DEBUG Engine               - saveFileExt: sav
01:50:19.525 [FXGL Background Thread 3 ] DEBUG Engine               - scaledHeightProp$fxgl: DoubleProperty [bound, value: 600.0]
01:50:19.525 [FXGL Background Thread 3 ] DEBUG Engine               - scaledWidthProp$fxgl: DoubleProperty [bound, value: 800.0]
01:50:19.525 [FXGL Background Thread 3 ] DEBUG Engine               - sceneFactory: com.almasb.fxgl.app.scene.SceneFactory@63a55dde
01:50:19.525 [FXGL Background Thread 3 ] DEBUG Engine               - secondsIn24h: 60
01:50:19.525 [FXGL Background Thread 3 ] DEBUG Engine               - soundMenuBack: menu/back.wav
01:50:19.525 [FXGL Background Thread 3 ] DEBUG Engine               - soundMenuPress: menu/press.wav
01:50:19.525 [FXGL Background Thread 3 ] DEBUG Engine               - soundMenuSelect: menu/select.wav
01:50:19.525 [FXGL Background Thread 3 ] DEBUG Engine               - soundNotification: core/notification.wav
01:50:19.525 [FXGL Background Thread 3 ] DEBUG Engine               - stageStyle: DECORATED
01:50:19.525 [FXGL Background Thread 3 ] DEBUG Engine               - supportedLanguages: [ENGLISH, FRENCH, GERMAN, HUNGARIAN, RUSSIAN]
01:50:19.525 [FXGL Background Thread 3 ] DEBUG Engine               - ticksPerSecond: -1
01:50:19.525 [FXGL Background Thread 3 ] DEBUG Engine               - title: Untitled
01:50:19.525 [FXGL Background Thread 3 ] DEBUG Engine               - urlGithub: https://github.com/AlmasB/FXGL
01:50:19.525 [FXGL Background Thread 3 ] DEBUG Engine               - urlLeaderboard: http://fxgl-top.herokuapp.com/
01:50:19.525 [FXGL Background Thread 3 ] DEBUG Engine               - urlPOM: https://raw.githubusercontent.com/AlmasB/FXGL/release/README.md
01:50:19.525 [FXGL Background Thread 3 ] DEBUG Engine               - userAppClass: class com.xen.rzlgame.rzl.HelloApplication
01:50:19.525 [FXGL Background Thread 3 ] DEBUG Engine               - version: 0.0
01:50:19.525 [FXGL Background Thread 3 ] DEBUG Engine               - versionCheckDays: 7
01:50:19.525 [FXGL Background Thread 3 ] DEBUG Engine               - width: 800
01:50:19.525 [FXGL Background Thread 3 ] DEBUG Engine               - Logging services
01:50:19.525 [FXGL Background Thread 3 ] DEBUG Engine               - class com.almasb.fxgl.app.services.FXGLAssetLoaderService
01:50:19.525 [FXGL Background Thread 3 ] DEBUG Engine               - class com.almasb.fxgl.app.FXGLApplication$GameApplicationService
01:50:19.525 [FXGL Background Thread 3 ] DEBUG Engine               - class com.almasb.fxgl.app.services.FXGLDialogService
01:50:19.525 [FXGL Background Thread 3 ] DEBUG Engine               - class com.almasb.fxgl.app.services.IOTaskExecutorService
01:50:19.525 [FXGL Background Thread 3 ] DEBUG Engine               - class com.almasb.fxgl.io.FileSystemService
01:50:19.525 [FXGL Background Thread 3 ] DEBUG Engine               - class com.almasb.fxgl.localization.LocalizationService
01:50:19.525 [FXGL Background Thread 3 ] DEBUG Engine               - class com.almasb.fxgl.app.services.SystemBundleService
01:50:19.525 [FXGL Background Thread 3 ] DEBUG Engine               - class com.almasb.fxgl.profile.SaveLoadService
01:50:19.525 [FXGL Background Thread 3 ] DEBUG Engine               - class com.almasb.fxgl.ui.FXGLUIFactoryServiceProvider
01:50:19.525 [FXGL Background Thread 3 ] DEBUG Engine               - class com.almasb.fxgl.ui.FXGLDialogFactoryServiceProvider
01:50:19.525 [FXGL Background Thread 3 ] DEBUG Engine               - class com.almasb.fxgl.audio.AudioPlayer
01:50:19.525 [FXGL Background Thread 3 ] DEBUG Engine               - class com.almasb.fxgl.notification.impl.NotificationServiceProvider
01:50:19.525 [FXGL Background Thread 3 ] DEBUG Engine               - class com.almasb.fxgl.achievement.AchievementService
01:50:19.525 [FXGL Background Thread 3 ] DEBUG Engine               - class com.almasb.fxgl.cutscene.CutsceneService
01:50:19.525 [FXGL Background Thread 3 ] DEBUG Engine               - class com.almasb.fxgl.minigames.MiniGameService
01:50:19.525 [FXGL Background Thread 3 ] DEBUG Engine               - class com.almasb.fxgl.net.NetService
01:50:19.525 [FXGL Background Thread 3 ] DEBUG Engine               - class com.almasb.fxgl.app.services.UpdaterService
01:50:19.525 [FXGL Background Thread 3 ] DEBUG Engine               - class com.almasb.fxgl.dev.DevService
01:50:24.231 [JavaFX Application Thread] DEBUG LoopRunner           - Stopping loop
01:50:24.232 [JavaFX Application Thread] FATAL FXGLApplication      - Uncaught Exception:
java.lang.IllegalArgumentException: Component PlayerComponent not found!
	at com.almasb.fxgl.entity@17.3/com.almasb.fxgl.entity.Entity.getComponent(Entity.java:366)
	at com.xen.rzlgame.rzl/com.xen.rzlgame.rzl.Handlers.InputHandler$2.onActionBegin(InputHandler.java:54)
	at com.almasb.fxgl.core@17.3/com.almasb.fxgl.input.UserAction.begin$fxgl_core(UserAction.kt:37)
	at com.almasb.fxgl.core@17.3/com.almasb.fxgl.input.Input.handlePressed(Input.kt:375)
	at com.almasb.fxgl.core@17.3/com.almasb.fxgl.input.Input.onKeyEvent(Input.kt:318)
	at com.almasb.fxgl.all@17.3/com.almasb.fxgl.app.PrimaryStageWindow$1$1.invoke(MainWindow.kt:308)
	at com.almasb.fxgl.all@17.3/com.almasb.fxgl.app.PrimaryStageWindow$1$1.invoke(MainWindow.kt:308)
	at com.almasb.fxgl.core@17.3/com.almasb.fxgl.core.fsm.StateMachine.runOnActiveStates(StateMachine.kt:69)
	at com.almasb.fxgl.all@17.3/com.almasb.fxgl.app.PrimaryStageWindow$1.invoke(MainWindow.kt:308)
	at com.almasb.fxgl.all@17.3/com.almasb.fxgl.app.PrimaryStageWindow$1.invoke(MainWindow.kt:306)
	at com.almasb.fxgl.all@17.3/com.almasb.fxgl.app.MainWindow.addKeyHandler$lambda$1(MainWindow.kt:221)
	at javafx.base@21/com.sun.javafx.event.CompositeEventHandler$NormalEventHandlerRecord.handleBubblingEvent(CompositeEventHandler.java:247)
	at javafx.base@21/com.sun.javafx.event.CompositeEventHandler.dispatchBubblingEvent(CompositeEventHandler.java:80)
	at javafx.base@21/com.sun.javafx.event.EventHandlerManager.dispatchBubblingEvent(EventHandlerManager.java:232)
	at javafx.base@21/com.sun.javafx.event.EventHandlerManager.dispatchBubblingEvent(EventHandlerManager.java:189)
	at javafx.base@21/com.sun.javafx.event.CompositeEventDispatcher.dispatchBubblingEvent(CompositeEventDispatcher.java:59)
	at javafx.base@21/com.sun.javafx.event.BasicEventDispatcher.dispatchEvent(BasicEventDispatcher.java:58)
	at javafx.base@21/com.sun.javafx.event.EventDispatchChainImpl.dispatchEvent(EventDispatchChainImpl.java:114)
	at javafx.base@21/com.sun.javafx.event.BasicEventDispatcher.dispatchEvent(BasicEventDispatcher.java:56)
	at javafx.base@21/com.sun.javafx.event.EventDispatchChainImpl.dispatchEvent(EventDispatchChainImpl.java:114)
	at javafx.base@21/com.sun.javafx.event.EventUtil.fireEventImpl(EventUtil.java:74)
	at javafx.base@21/com.sun.javafx.event.EventUtil.fireEvent(EventUtil.java:54)
	at javafx.base@21/javafx.event.Event.fireEvent(Event.java:198)
	at javafx.graphics@21/javafx.scene.Scene.processKeyEvent(Scene.java:2194)
	at javafx.graphics@21/javafx.scene.Scene$ScenePeerListener.keyEvent(Scene.java:2715)
	at javafx.graphics@21/com.sun.javafx.tk.quantum.GlassViewEventHandler$KeyEventNotification.run(GlassViewEventHandler.java:218)
	at javafx.graphics@21/com.sun.javafx.tk.quantum.GlassViewEventHandler$KeyEventNotification.run(GlassViewEventHandler.java:150)
	at java.base/java.security.AccessController.doPrivileged(AccessController.java:400)
	at javafx.graphics@21/com.sun.javafx.tk.quantum.GlassViewEventHandler.lambda$handleKeyEvent$1(GlassViewEventHandler.java:250)
	at javafx.graphics@21/com.sun.javafx.tk.quantum.QuantumToolkit.runWithoutRenderLock(QuantumToolkit.java:424)
	at javafx.graphics@21/com.sun.javafx.tk.quantum.GlassViewEventHandler.handleKeyEvent(GlassViewEventHandler.java:249)
	at javafx.graphics@21/com.sun.glass.ui.View.handleKeyEvent(View.java:542)
	at javafx.graphics@21/com.sun.glass.ui.View.notifyKey(View.java:966)
	at javafx.graphics@21/com.sun.glass.ui.win.WinApplication._runLoop(Native Method)
	at javafx.graphics@21/com.sun.glass.ui.win.WinApplication.lambda$runLoop$3(WinApplication.java:185)
	at java.base/java.lang.Thread.run(Thread.java:1583)

01:50:24.232 [JavaFX Application Thread] FATAL FXGLApplication      - Application will now exit
01:50:24.242 [JavaFX Application Thread] DEBUG PrimaryStageWindow   - Push state: ErrorSubScene
01:50:24.243 [JavaFX Application Thread] DEBUG Input                - Clearing active input actions
01:50:24.246 [JavaFX Application Thread] DEBUG GameApplicationServi - Removing overlay from GameScene and adding to ErrorSubScene
01:50:24.247 [JavaFX Application Thread] DEBUG PrimaryStageWindow   - GameScene -> ErrorSubScene
01:50:27.981 [JavaFX Application Thread] DEBUG FXGLApplication      - Exiting FXGL
01:50:27.981 [JavaFX Application Thread] DEBUG Async                - Shutting down background threads
01:50:27.981 [JavaFX Application Thread] DEBUG PrimaryStageWindow   - Closing main window
01:50:28.001 [JavaFX Application Thread] DEBUG Logger               - Closing Logger
