17:00:54.664 [main                     ] DEBUG Logger               - Configured Logger
17:00:54.694 [main                     ] DEBUG GameApplication      - Logging settings
Title: Untitled
Version: 0.0
Width: 800
Height: 600
Fullscreen: false
Intro: false
Profiling: false
Single step:false
App Mode: DEVELOPER
Menu Key: ESCAPE
Stage Style: DECORATED
Scene Factory: class com.almasb.fxgl.app.scene.SceneFactory

17:00:54.966 [JavaFX Application Thread] DEBUG FXGLApplication      - Initializing FXGL
17:00:54.970 [JavaFX Application Thread] INFO  Engine               - FXGL-21.1 (27.03.2024 07.52) on WINDOWS (J:21.0.3 FX:21)
17:00:54.970 [JavaFX Application Thread] DEBUG Engine               - JRE Vendor Name: Oracle Corporation
17:00:54.970 [JavaFX Application Thread] DEBUG Engine               - Running on OS: Windows 11 version 10.0
17:00:54.970 [JavaFX Application Thread] DEBUG Engine               - Architecture: amd64
17:00:54.970 [JavaFX Application Thread] INFO  Engine               - Source code and latest versions at: https://github.com/AlmasB/FXGL
17:00:54.970 [JavaFX Application Thread] INFO  Engine               -       Ask questions and discuss at: https://github.com/AlmasB/FXGL/discussions
17:00:54.971 [JavaFX Application Thread] INFO  Engine               -              Join the FXGL chat at: https://gitter.im/AlmasB/FXGL
17:00:55.029 [JavaFX Application Thread] DEBUG PrimaryStageWindow   - Creating a JavaFX scene
17:00:55.063 [JavaFX Application Thread] DEBUG PrimaryStageWindow   - Target settings size: 800.0 x 600.0
17:00:55.063 [JavaFX Application Thread] DEBUG PrimaryStageWindow   - Scaled scene size:    800.0 x 600.0
17:00:55.063 [JavaFX Application Thread] DEBUG PrimaryStageWindow   - Scaled ratio: (1.0, 1.0)
17:00:55.064 [JavaFX Application Thread] DEBUG PrimaryStageWindow   - Set initial scene to FXGLStartupScene
17:00:55.067 [JavaFX Application Thread] DEBUG PrimaryStageWindow   - Opening main window
17:00:55.127 [JavaFX Application Thread] DEBUG PrimaryStageWindow   - Window border size: (14.4000244140625, 37.5999755859375)
17:00:55.127 [JavaFX Application Thread] DEBUG PrimaryStageWindow   - Scaled size: 800.0 x 600.0
17:00:55.127 [JavaFX Application Thread] DEBUG PrimaryStageWindow   - Scaled ratio: (1.0, 1.0)
17:00:55.128 [JavaFX Application Thread] DEBUG PrimaryStageWindow   - Scene size: 800.0 x 600.0
17:00:55.128 [JavaFX Application Thread] DEBUG PrimaryStageWindow   - Stage size: 814.4000244140625 x 637.5999755859375
17:00:55.134 [FXGL Background Thread 1 ] DEBUG Engine               - Initializing environment variables
17:00:55.182 [FXGL Background Thread 1 ] DEBUG FXGLAssetLoaderServi - User app class for loading assets: class com.xen.rzlgame.rzl.HelloApplication
17:00:55.182 [FXGL Background Thread 1 ] DEBUG GameApplicationServi - Applying CSS: fxgl_dark.css
17:00:55.183 [FXGL Background Thread 1 ] DEBUG FXGLAssetLoaderServi - Loading from file system: jar:file:///C:/Users/acer/.m2/repository/com/github/almasb/fxgl/21.1/fxgl-21.1.jar!/fxglassets/ui/css/fxgl_dark.css
17:00:55.227 [FXGL Background Thread 1 ] DEBUG GameApplicationServi - Initializing application scenes
17:00:55.279 [FXGL Background Thread 1 ] DEBUG GameWorld            - Game world initialized
17:00:55.337 [FXGL Background Thread 1 ] DEBUG PhysicsWorld         - Physics world initialized: appHeight=600, physics.ppm=50.0
17:00:55.338 [FXGL Background Thread 1 ] DEBUG PhysicsWorld         - Using strategy: BRUTE_FORCE
17:00:55.342 [FXGL Background Thread 1 ] DEBUG GameScene            - Game scene initialized: 800x600
17:00:55.349 [FXGL Background Thread 1 ] DEBUG FXGL.DefaultMenu     - createMenuBodyGameMenu()
17:00:55.357 [FXGL Background Thread 1 ] DEBUG FXGL.DefaultMenu     - createOptionsMenu()
17:00:55.363 [FXGL Background Thread 1 ] DEBUG FXGLAssetLoaderServi - Loading from file system: jar:file:///C:/Users/acer/.m2/repository/com/github/almasb/fxgl/21.1/fxgl-21.1.jar!/fxglassets/textures/particles/smoke.png
17:00:55.452 [FXGL Background Thread 1 ] DEBUG FXGLAssetLoaderServi - Loading from file system: jar:file:///C:/Users/acer/.m2/repository/com/github/almasb/fxgl/21.1/fxgl-21.1.jar!/fxglassets/textures/particles/trace_horizontal.png
17:00:55.474 [FXGL Background Thread 1 ] DEBUG GameApplicationServi - Application scenes initialized
17:00:55.484 [FXGL Background Thread 1 ] DEBUG SystemBundleService  - Loading FXGL system data
17:00:55.488 [FXGL Background Thread 1 ] DEBUG FileSystemAccess     - Reading from: C:\Users\acer\IdeaProjects\RZL\system\fxgl.bundle
17:00:55.494 [FXGL Background Thread 1 ] DEBUG SystemBundleService  - Bundle FXGL: {}
17:00:55.494 [FXGL Background Thread 1 ] DEBUG UpdaterService       - Checking for updates
17:00:55.498 [FXGL Background Thread 4 ] DEBUG FXGLApplication      - Loading fonts
17:00:55.498 [FXGL Background Thread 4 ] DEBUG FXGLAssetLoaderServi - Loading from file system: jar:file:///C:/Users/acer/.m2/repository/com/github/almasb/fxgl/21.1/fxgl-21.1.jar!/fxglassets/ui/fonts/VarelaRound-Regular.ttf
17:00:55.498 [FXGL Background Thread 1 ] DEBUG FXGLApplication      - Loading default localization
17:00:55.499 [FXGL Background Thread 1 ] DEBUG FXGLAssetLoaderServi - Loading from file system: jar:file:///C:/Users/acer/.m2/repository/com/github/almasb/fxgl/21.1/fxgl-21.1.jar!/fxglassets/languages/english.lang
17:00:55.539 [FXGL Background Thread 4 ] DEBUG FXGLAssetLoaderServi - Loading from file system: jar:file:///C:/Users/acer/.m2/repository/com/github/almasb/fxgl/21.1/fxgl-21.1.jar!/fxglassets/ui/fonts/Abel-Regular.ttf
17:00:55.542 [FXGL Background Thread 4 ] DEBUG FXGLAssetLoaderServi - Loading from file system: jar:file:///C:/Users/acer/.m2/repository/com/github/almasb/fxgl/21.1/fxgl-21.1.jar!/fxglassets/ui/fonts/TerminalLandMono-Regular.otf
17:00:55.545 [FXGL Background Thread 4 ] DEBUG FXGLAssetLoaderServi - Loading from file system: jar:file:///C:/Users/acer/.m2/repository/com/github/almasb/fxgl/21.1/fxgl-21.1.jar!/fxglassets/ui/fonts/Courier-Prime.ttf
17:00:55.551 [JavaFX Application Thread] DEBUG FXGLApplication      - Registering font factories with UI factory
17:00:55.554 [FXGL Background Thread 1 ] INFO  FXGLApplication      - FXGL initialization took: 0.420 sec
17:00:55.555 [JavaFX Application Thread] DEBUG FXGLAssetLoaderServi - Loading from file system: jar:file:///C:/Users/acer/.m2/repository/com/github/almasb/fxgl/21.1/fxgl-21.1.jar!/fxglassets/textures/fxgl_icon.png
17:00:55.575 [JavaFX Application Thread] DEBUG FXGLAssetLoaderServi - Loading from file system: jar:file:///C:/Users/acer/.m2/repository/com/github/almasb/fxgl/21.1/fxgl-21.1.jar!/fxglassets/textures/fxgl_default_cursor.png
17:00:55.594 [JavaFX Application Thread] DEBUG Input                - Registered new binding: Screenshot - CTRL+8
17:00:55.595 [JavaFX Application Thread] DEBUG Input                - Registered new binding: System info dump - CTRL+9
17:00:55.596 [JavaFX Application Thread] DEBUG Input                - Registered new binding: Restart - CTRL+R
17:00:55.598 [JavaFX Application Thread] DEBUG Input                - Registered new binding: Toggle Debug Camera - CTRL+7
17:00:55.603 [JavaFX Application Thread] DEBUG LoopRunner           - Starting loop
17:00:55.603 [JavaFX Application Thread] DEBUG LoopRunner           - Initializing JavaFX AnimationTimerLoop
17:00:55.605 [JavaFX Application Thread] DEBUG GameApplicationServi - Starting new game
17:00:55.606 [JavaFX Application Thread] DEBUG Input                - Clearing active input actions
17:00:55.618 [JavaFX Application Thread] DEBUG GameApplicationServi - Removing overlay from FXGLStartupScene and adding to FXGLLoadingScene
17:00:55.618 [JavaFX Application Thread] DEBUG PrimaryStageWindow   - FXGLStartupScene -> FXGLLoadingScene
17:00:55.618 [JavaFX Application Thread] DEBUG GameApplicationServi - Clearing previous game
17:00:55.618 [JavaFX Application Thread] DEBUG GameScene            - Clearing game scene
17:00:55.618 [JavaFX Application Thread] DEBUG GameWorld            - Clearing game world
17:00:55.618 [JavaFX Application Thread] DEBUG PhysicsWorld         - Clearing physics world
17:00:55.621 [FXGL Background Thread 1 ] DEBUG FXGLApplication      - Initializing game
17:00:55.713 [FXGL Background Thread 1 ] WARN  GameWorld            - Entity is already attached to world
17:00:55.716 [FXGL Background Thread 1 ] WARN  GameWorld            - Entity is already attached to world
17:00:55.717 [FXGL Background Thread 1 ] WARN  GameWorld            - Entity is already attached to world
17:00:55.717 [FXGL Background Thread 1 ] WARN  Entity               - Entity already has component: com.almasb.fxgl.entity.components.CollidableComponent
17:00:55.718 [FXGL Background Thread 1 ] WARN  GameWorld            - Entity is already attached to world
17:00:55.730 [FXGL Background Thread 1 ] DEBUG Input                - Registered new binding: Move A - A
17:00:55.730 [FXGL Background Thread 1 ] DEBUG Input                - Registered new binding: Move D - D
17:00:55.734 [FXGL Background Thread 1 ] DEBUG Input                - Registered new binding: Player Attack - LMB
17:00:55.734 [FXGL Background Thread 1 ] DEBUG Input                - Registered new binding: Player Parry - RMB
17:00:55.735 [FXGL Background Thread 1 ] DEBUG Input                - Registered new binding: Jump - Space
17:00:55.738 [FXGL Background Thread 1 ] DEBUG Input                - Registered new binding: Interact - Z
17:00:55.738 [FXGL Background Thread 1 ] INFO  FXGLApplication      - Game initialization took: 0.117 sec
17:00:55.778 [JavaFX Application Thread] DEBUG Input                - Clearing active input actions
17:00:55.784 [JavaFX Application Thread] DEBUG GameApplicationServi - Removing overlay from FXGLLoadingScene and adding to GameScene
17:00:55.784 [JavaFX Application Thread] DEBUG PrimaryStageWindow   - FXGLLoadingScene -> GameScene
17:00:56.850 [JavaFX Application Thread] DEBUG FXGLAssetLoaderServi - Loading from file system: file:/C:/Users/acer/IdeaProjects/RZL/target/classes/assets/text/maria.txt
17:00:56.855 [JavaFX Application Thread] DEBUG Input                - Registered new binding: Next RPG Line - Enter
17:00:56.855 [JavaFX Application Thread] DEBUG PrimaryStageWindow   - Push state: CutsceneScene
17:00:56.856 [JavaFX Application Thread] DEBUG Input                - Clearing active input actions
17:00:56.857 [JavaFX Application Thread] DEBUG GameApplicationServi - Removing overlay from GameScene and adding to CutsceneScene
17:00:56.857 [JavaFX Application Thread] DEBUG PrimaryStageWindow   - GameScene -> CutsceneScene
17:00:58.497 [FXGL Background Thread 3 ] DEBUG Engine               - Logging environment variables
17:00:58.498 [FXGL Background Thread 3 ] DEBUG Engine               - achievements: []
17:00:58.498 [FXGL Background Thread 3 ] DEBUG Engine               - actualHeight: 600.0
17:00:58.498 [FXGL Background Thread 3 ] DEBUG Engine               - actualHeightProperty: ReadOnlyDoubleProperty [value: 600.0]
17:00:58.498 [FXGL Background Thread 3 ] DEBUG Engine               - actualWidth: 800.0
17:00:58.498 [FXGL Background Thread 3 ] DEBUG Engine               - actualWidthProperty: ReadOnlyDoubleProperty [value: 800.0]
17:00:58.498 [FXGL Background Thread 3 ] DEBUG Engine               - appIcon: fxgl_icon.png
17:00:58.498 [FXGL Background Thread 3 ] DEBUG Engine               - applicationMode: DEVELOPER
17:00:58.498 [FXGL Background Thread 3 ] DEBUG Engine               - cSSList: [fxgl_dark.css]
17:00:58.498 [FXGL Background Thread 3 ] DEBUG Engine               - collisionDetectionStrategy: BRUTE_FORCE
17:00:58.498 [FXGL Background Thread 3 ] DEBUG Engine               - configClass: Optional.empty
17:00:58.498 [FXGL Background Thread 3 ] DEBUG Engine               - credits: []
17:00:58.499 [FXGL Background Thread 3 ] DEBUG Engine               - defaultCursor: CursorInfo(imageName=fxgl_default_cursor.png, hotspotX=7.0, hotspotY=6.0)
17:00:58.499 [FXGL Background Thread 3 ] DEBUG Engine               - devBBoxColorProperty: ObjectProperty [value: 0xff0000ff]
17:00:58.499 [FXGL Background Thread 3 ] DEBUG Engine               - devEnableDebugCameraProperty: BooleanProperty [value: false]
17:00:58.499 [FXGL Background Thread 3 ] DEBUG Engine               - devSensorColorProperty: ObjectProperty [value: 0xffff00ff]
17:00:58.499 [FXGL Background Thread 3 ] DEBUG Engine               - devShowBBoxProperty: BooleanProperty [value: false]
17:00:58.499 [FXGL Background Thread 3 ] DEBUG Engine               - devShowPositionProperty: BooleanProperty [value: false]
17:00:58.499 [FXGL Background Thread 3 ] DEBUG Engine               - enabledMenuItems: []
17:00:58.499 [FXGL Background Thread 3 ] DEBUG Engine               - engineServices: [class com.almasb.fxgl.app.services.FXGLAssetLoaderService, class com.almasb.fxgl.app.FXGLApplication$GameApplicationService, class com.almasb.fxgl.app.services.FXGLDialogService, class com.almasb.fxgl.app.services.IOTaskExecutorService, class com.almasb.fxgl.io.FileSystemService, class com.almasb.fxgl.localization.LocalizationService, class com.almasb.fxgl.app.services.SystemBundleService, class com.almasb.fxgl.profile.SaveLoadService, class com.almasb.fxgl.ui.FXGLUIFactoryServiceProvider, class com.almasb.fxgl.ui.FXGLDialogFactoryServiceProvider, class com.almasb.fxgl.audio.AudioPlayer, class com.almasb.fxgl.notification.impl.NotificationServiceProvider, class com.almasb.fxgl.achievement.AchievementService, class com.almasb.fxgl.cutscene.CutsceneService, class com.almasb.fxgl.minigames.MiniGameService, class com.almasb.fxgl.net.NetService, class com.almasb.fxgl.app.services.UpdaterService, class com.almasb.fxgl.dev.DevService]
17:00:58.499 [FXGL Background Thread 3 ] DEBUG Engine               - fontGame: Abel-Regular.ttf
17:00:58.499 [FXGL Background Thread 3 ] DEBUG Engine               - fontMono: TerminalLandMono-Regular.otf
17:00:58.499 [FXGL Background Thread 3 ] DEBUG Engine               - fontSizeScaleUI: 1.0
17:00:58.499 [FXGL Background Thread 3 ] DEBUG Engine               - fontText: Courier-Prime.ttf
17:00:58.499 [FXGL Background Thread 3 ] DEBUG Engine               - fontUI: VarelaRound-Regular.ttf
17:00:58.499 [FXGL Background Thread 3 ] DEBUG Engine               - fullScreen: BooleanProperty [value: false]
17:00:58.499 [FXGL Background Thread 3 ] DEBUG Engine               - gameDifficulty: MEDIUM
17:00:58.499 [FXGL Background Thread 3 ] DEBUG Engine               - gameDifficultyProperty: ObjectProperty [value: MEDIUM]
17:00:58.499 [FXGL Background Thread 3 ] DEBUG Engine               - globalMusicVolume: 0.5
17:00:58.499 [FXGL Background Thread 3 ] DEBUG Engine               - globalMusicVolumeProperty: DoubleProperty [value: 0.5]
17:00:58.499 [FXGL Background Thread 3 ] DEBUG Engine               - globalSoundVolume: 0.5
17:00:58.499 [FXGL Background Thread 3 ] DEBUG Engine               - globalSoundVolumeProperty: DoubleProperty [value: 0.5]
17:00:58.499 [FXGL Background Thread 3 ] DEBUG Engine               - height: 600
17:00:58.499 [FXGL Background Thread 3 ] DEBUG Engine               - is3D: false
17:00:58.500 [FXGL Background Thread 3 ] DEBUG Engine               - isAndroid: false
17:00:58.500 [FXGL Background Thread 3 ] DEBUG Engine               - isBrowser: false
17:00:58.500 [FXGL Background Thread 3 ] DEBUG Engine               - isClickFeedbackEnabled: false
17:00:58.500 [FXGL Background Thread 3 ] DEBUG Engine               - isCloseConfirmation: false
17:00:58.500 [FXGL Background Thread 3 ] DEBUG Engine               - isDesktop: true
17:00:58.500 [FXGL Background Thread 3 ] DEBUG Engine               - isDeveloperMenuEnabled: false
17:00:58.500 [FXGL Background Thread 3 ] DEBUG Engine               - isEmbedded: false
17:00:58.500 [FXGL Background Thread 3 ] DEBUG Engine               - isEntityPreloadEnabled: true
17:00:58.500 [FXGL Background Thread 3 ] DEBUG Engine               - isExperimentalTiledLargeMap: false
17:00:58.500 [FXGL Background Thread 3 ] DEBUG Engine               - isFileSystemWriteAllowed: true
17:00:58.500 [FXGL Background Thread 3 ] DEBUG Engine               - isFullScreenAllowed: false
17:00:58.500 [FXGL Background Thread 3 ] DEBUG Engine               - isFullScreenFromStart: false
17:00:58.500 [FXGL Background Thread 3 ] DEBUG Engine               - isGameMenuEnabled: true
17:00:58.500 [FXGL Background Thread 3 ] DEBUG Engine               - isIOS: false
17:00:58.500 [FXGL Background Thread 3 ] DEBUG Engine               - isIntroEnabled: false
17:00:58.500 [FXGL Background Thread 3 ] DEBUG Engine               - isLinux: false
17:00:58.500 [FXGL Background Thread 3 ] DEBUG Engine               - isMac: false
17:00:58.500 [FXGL Background Thread 3 ] DEBUG Engine               - isMainMenuEnabled: false
17:00:58.500 [FXGL Background Thread 3 ] DEBUG Engine               - isManualResizeEnabled: false
17:00:58.500 [FXGL Background Thread 3 ] DEBUG Engine               - isMobile: false
17:00:58.500 [FXGL Background Thread 3 ] DEBUG Engine               - isNative: false
17:00:58.500 [FXGL Background Thread 3 ] DEBUG Engine               - isPauseMusicWhenMinimized: true
17:00:58.500 [FXGL Background Thread 3 ] DEBUG Engine               - isPreserveResizeRatio: false
17:00:58.500 [FXGL Background Thread 3 ] DEBUG Engine               - isProfilingEnabled: false
17:00:58.500 [FXGL Background Thread 3 ] DEBUG Engine               - isScaleAffectedOnResize: true
17:00:58.500 [FXGL Background Thread 3 ] DEBUG Engine               - isSingleStep: false
17:00:58.500 [FXGL Background Thread 3 ] DEBUG Engine               - isUserProfileEnabled: false
17:00:58.500 [FXGL Background Thread 3 ] DEBUG Engine               - isWindows: true
17:00:58.500 [FXGL Background Thread 3 ] DEBUG Engine               - language: ObjectProperty [value: ENGLISH]
17:00:58.500 [FXGL Background Thread 3 ] DEBUG Engine               - menuKey: ESCAPE
17:00:58.501 [FXGL Background Thread 3 ] DEBUG Engine               - mouseSensitivity: 0.2
17:00:58.501 [FXGL Background Thread 3 ] DEBUG Engine               - notificationViewClass: class com.almasb.fxgl.notification.view.XboxNotificationView
17:00:58.501 [FXGL Background Thread 3 ] DEBUG Engine               - pixelsPerMeter: 50.0
17:00:58.501 [FXGL Background Thread 3 ] DEBUG Engine               - platform: WINDOWS
17:00:58.501 [FXGL Background Thread 3 ] DEBUG Engine               - prefHeightProperty: ReadOnlyDoubleProperty [value: 600.0]
17:00:58.501 [FXGL Background Thread 3 ] DEBUG Engine               - prefWidthProperty: ReadOnlyDoubleProperty [value: 800.0]
17:00:58.501 [FXGL Background Thread 3 ] DEBUG Engine               - profileDir: profiles/
17:00:58.501 [FXGL Background Thread 3 ] DEBUG Engine               - profileName: StringProperty [value: DEFAULT]
17:00:58.501 [FXGL Background Thread 3 ] DEBUG Engine               - randomSeed: -1
17:00:58.501 [FXGL Background Thread 3 ] DEBUG Engine               - runtimeInfo: RuntimeInfo(platform=WINDOWS, version=21.1, build=27.03.2024 07.52)
17:00:58.501 [FXGL Background Thread 3 ] DEBUG Engine               - saveFileExt: sav
17:00:58.501 [FXGL Background Thread 3 ] DEBUG Engine               - scaledHeightProp$fxgl: DoubleProperty [bound, value: 600.0]
17:00:58.501 [FXGL Background Thread 3 ] DEBUG Engine               - scaledWidthProp$fxgl: DoubleProperty [bound, value: 800.0]
17:00:58.501 [FXGL Background Thread 3 ] DEBUG Engine               - sceneFactory: com.almasb.fxgl.app.scene.SceneFactory@974e14a
17:00:58.501 [FXGL Background Thread 3 ] DEBUG Engine               - secondsIn24h: 60
17:00:58.501 [FXGL Background Thread 3 ] DEBUG Engine               - soundMenuBack: menu/back.wav
17:00:58.501 [FXGL Background Thread 3 ] DEBUG Engine               - soundMenuPress: menu/press.wav
17:00:58.501 [FXGL Background Thread 3 ] DEBUG Engine               - soundMenuSelect: menu/select.wav
17:00:58.501 [FXGL Background Thread 3 ] DEBUG Engine               - soundNotification: core/notification.wav
17:00:58.501 [FXGL Background Thread 3 ] DEBUG Engine               - stageStyle: DECORATED
17:00:58.501 [FXGL Background Thread 3 ] DEBUG Engine               - supportedLanguages: [ENGLISH, FRENCH, GERMAN, HUNGARIAN, RUSSIAN]
17:00:58.501 [FXGL Background Thread 3 ] DEBUG Engine               - ticksPerSecond: -1
17:00:58.501 [FXGL Background Thread 3 ] DEBUG Engine               - title: Untitled
17:00:58.501 [FXGL Background Thread 3 ] DEBUG Engine               - urlGithub: https://github.com/AlmasB/FXGL
17:00:58.501 [FXGL Background Thread 3 ] DEBUG Engine               - urlLeaderboard: http://fxgl-top.herokuapp.com/
17:00:58.501 [FXGL Background Thread 3 ] DEBUG Engine               - urlPOM: https://raw.githubusercontent.com/AlmasB/FXGL/release/README.md
17:00:58.501 [FXGL Background Thread 3 ] DEBUG Engine               - userAppClass: class com.xen.rzlgame.rzl.HelloApplication
17:00:58.501 [FXGL Background Thread 3 ] DEBUG Engine               - version: 0.0
17:00:58.501 [FXGL Background Thread 3 ] DEBUG Engine               - versionCheckDays: 7
17:00:58.501 [FXGL Background Thread 3 ] DEBUG Engine               - width: 800
17:00:58.501 [FXGL Background Thread 3 ] DEBUG Engine               - Logging services
17:00:58.501 [FXGL Background Thread 3 ] DEBUG Engine               - class com.almasb.fxgl.app.services.FXGLAssetLoaderService
17:00:58.501 [FXGL Background Thread 3 ] DEBUG Engine               - class com.almasb.fxgl.app.FXGLApplication$GameApplicationService
17:00:58.501 [FXGL Background Thread 3 ] DEBUG Engine               - class com.almasb.fxgl.app.services.FXGLDialogService
17:00:58.501 [FXGL Background Thread 3 ] DEBUG Engine               - class com.almasb.fxgl.app.services.IOTaskExecutorService
17:00:58.501 [FXGL Background Thread 3 ] DEBUG Engine               - class com.almasb.fxgl.io.FileSystemService
17:00:58.501 [FXGL Background Thread 3 ] DEBUG Engine               - class com.almasb.fxgl.localization.LocalizationService
17:00:58.501 [FXGL Background Thread 3 ] DEBUG Engine               - class com.almasb.fxgl.app.services.SystemBundleService
17:00:58.501 [FXGL Background Thread 3 ] DEBUG Engine               - class com.almasb.fxgl.profile.SaveLoadService
17:00:58.501 [FXGL Background Thread 3 ] DEBUG Engine               - class com.almasb.fxgl.ui.FXGLUIFactoryServiceProvider
17:00:58.501 [FXGL Background Thread 3 ] DEBUG Engine               - class com.almasb.fxgl.ui.FXGLDialogFactoryServiceProvider
17:00:58.501 [FXGL Background Thread 3 ] DEBUG Engine               - class com.almasb.fxgl.audio.AudioPlayer
17:00:58.502 [FXGL Background Thread 3 ] DEBUG Engine               - class com.almasb.fxgl.notification.impl.NotificationServiceProvider
17:00:58.502 [FXGL Background Thread 3 ] DEBUG Engine               - class com.almasb.fxgl.achievement.AchievementService
17:00:58.502 [FXGL Background Thread 3 ] DEBUG Engine               - class com.almasb.fxgl.cutscene.CutsceneService
17:00:58.502 [FXGL Background Thread 3 ] DEBUG Engine               - class com.almasb.fxgl.minigames.MiniGameService
17:00:58.502 [FXGL Background Thread 3 ] DEBUG Engine               - class com.almasb.fxgl.net.NetService
17:00:58.502 [FXGL Background Thread 3 ] DEBUG Engine               - class com.almasb.fxgl.app.services.UpdaterService
17:00:58.502 [FXGL Background Thread 3 ] DEBUG Engine               - class com.almasb.fxgl.dev.DevService
17:00:58.784 [JavaFX Application Thread] DEBUG PrimaryStageWindow   - Pop state: CutsceneScene
17:00:58.784 [JavaFX Application Thread] DEBUG Input                - Clearing active input actions
17:00:58.784 [JavaFX Application Thread] DEBUG GameApplicationServi - Removing overlay from CutsceneScene and adding to GameScene
17:00:58.784 [JavaFX Application Thread] DEBUG PrimaryStageWindow   - GameScene <- CutsceneScene
17:00:59.243 [JavaFX Application Thread] WARN  FXGLAssetLoaderServi - Asset "/assets/text/elias.txt" was not found!
17:00:59.244 [JavaFX Application Thread] WARN  FXGLAssetLoaderServi - Failed to load TEXT
17:00:59.244 [JavaFX Application Thread] DEBUG PrimaryStageWindow   - Push state: CutsceneScene
17:00:59.244 [JavaFX Application Thread] DEBUG Input                - Clearing active input actions
17:00:59.244 [JavaFX Application Thread] DEBUG GameApplicationServi - Removing overlay from GameScene and adding to CutsceneScene
17:00:59.244 [JavaFX Application Thread] DEBUG PrimaryStageWindow   - GameScene -> CutsceneScene
17:00:59.546 [JavaFX Application Thread] DEBUG PrimaryStageWindow   - Pop state: CutsceneScene
17:00:59.546 [JavaFX Application Thread] DEBUG Input                - Clearing active input actions
17:00:59.546 [JavaFX Application Thread] DEBUG GameApplicationServi - Removing overlay from CutsceneScene and adding to GameScene
17:00:59.546 [JavaFX Application Thread] DEBUG PrimaryStageWindow   - GameScene <- CutsceneScene
17:01:54.681 [JavaFX Application Thread] DEBUG LoopRunner           - Stopping loop
17:01:54.682 [JavaFX Application Thread] FATAL FXGLApplication      - Uncaught Exception:
java.lang.IllegalArgumentException: Component PlayerComponent not found!
	at com.almasb.fxgl.entity@21.1/com.almasb.fxgl.entity.Entity.getComponent(Entity.java:366)
	at com.xen.rzlgame.rzl/com.xen.rzlgame.rzl.Handlers.InputHandler$4.onActionBegin(InputHandler.java:73)
	at com.almasb.fxgl.core@21.1/com.almasb.fxgl.input.UserAction.begin$fxgl_core(UserAction.kt:37)
	at com.almasb.fxgl.core@21.1/com.almasb.fxgl.input.Input.handlePressed(Input.kt:365)
	at com.almasb.fxgl.core@21.1/com.almasb.fxgl.input.Input.onKeyEvent(Input.kt:308)
	at com.almasb.fxgl.all@21.1/com.almasb.fxgl.app.PrimaryStageWindow$1$1.invoke(MainWindow.kt:314)
	at com.almasb.fxgl.all@21.1/com.almasb.fxgl.app.PrimaryStageWindow$1$1.invoke(MainWindow.kt:314)
	at com.almasb.fxgl.core@21.1/com.almasb.fxgl.core.fsm.StateMachine.runOnActiveStates(StateMachine.kt:69)
	at com.almasb.fxgl.all@21.1/com.almasb.fxgl.app.PrimaryStageWindow$1.invoke(MainWindow.kt:314)
	at com.almasb.fxgl.all@21.1/com.almasb.fxgl.app.PrimaryStageWindow$1.invoke(MainWindow.kt:312)
	at com.almasb.fxgl.all@21.1/com.almasb.fxgl.app.MainWindow.addKeyHandler$lambda$1(MainWindow.kt:227)
	at javafx.base@21/com.sun.javafx.event.CompositeEventHandler$NormalEventHandlerRecord.handleBubblingEvent(CompositeEventHandler.java:247)
	at javafx.base@21/com.sun.javafx.event.CompositeEventHandler.dispatchBubblingEvent(CompositeEventHandler.java:80)
	at javafx.base@21/com.sun.javafx.event.EventHandlerManager.dispatchBubblingEvent(EventHandlerManager.java:232)
	at javafx.base@21/com.sun.javafx.event.EventHandlerManager.dispatchBubblingEvent(EventHandlerManager.java:189)
	at javafx.base@21/com.sun.javafx.event.CompositeEventDispatcher.dispatchBubblingEvent(CompositeEventDispatcher.java:59)
	at javafx.base@21/com.sun.javafx.event.BasicEventDispatcher.dispatchEvent(BasicEventDispatcher.java:58)
	at javafx.base@21/com.sun.javafx.event.EventDispatchChainImpl.dispatchEvent(EventDispatchChainImpl.java:114)
	at javafx.base@21/com.sun.javafx.event.BasicEventDispatcher.dispatchEvent(BasicEventDispatcher.java:56)
	at javafx.base@21/com.sun.javafx.event.EventDispatchChainImpl.dispatchEvent(EventDispatchChainImpl.java:114)
	at javafx.base@21/com.sun.javafx.event.EventUtil.fireEventImpl(EventUtil.java:74)
	at javafx.base@21/com.sun.javafx.event.EventUtil.fireEvent(EventUtil.java:54)
	at javafx.base@21/javafx.event.Event.fireEvent(Event.java:198)
	at javafx.graphics@21/javafx.scene.Scene.processKeyEvent(Scene.java:2194)
	at javafx.graphics@21/javafx.scene.Scene$ScenePeerListener.keyEvent(Scene.java:2715)
	at javafx.graphics@21/com.sun.javafx.tk.quantum.GlassViewEventHandler$KeyEventNotification.run(GlassViewEventHandler.java:218)
	at javafx.graphics@21/com.sun.javafx.tk.quantum.GlassViewEventHandler$KeyEventNotification.run(GlassViewEventHandler.java:150)
	at java.base/java.security.AccessController.doPrivileged(AccessController.java:400)
	at javafx.graphics@21/com.sun.javafx.tk.quantum.GlassViewEventHandler.lambda$handleKeyEvent$1(GlassViewEventHandler.java:250)
	at javafx.graphics@21/com.sun.javafx.tk.quantum.QuantumToolkit.runWithoutRenderLock(QuantumToolkit.java:424)
	at javafx.graphics@21/com.sun.javafx.tk.quantum.GlassViewEventHandler.handleKeyEvent(GlassViewEventHandler.java:249)
	at javafx.graphics@21/com.sun.glass.ui.View.handleKeyEvent(View.java:542)
	at javafx.graphics@21/com.sun.glass.ui.View.notifyKey(View.java:966)
	at javafx.graphics@21/com.sun.glass.ui.win.WinApplication._runLoop(Native Method)
	at javafx.graphics@21/com.sun.glass.ui.win.WinApplication.lambda$runLoop$3(WinApplication.java:185)
	at java.base/java.lang.Thread.run(Thread.java:1583)

17:01:54.682 [JavaFX Application Thread] FATAL FXGLApplication      - Application will now exit
17:01:54.693 [JavaFX Application Thread] DEBUG PrimaryStageWindow   - Push state: ErrorSubScene
17:01:54.693 [JavaFX Application Thread] DEBUG Input                - Clearing active input actions
17:01:56.259 [JavaFX Application Thread] DEBUG FXGLApplication      - Exiting FXGL
17:01:56.259 [JavaFX Application Thread] DEBUG Async                - Shutting down background threads
17:01:56.259 [JavaFX Application Thread] DEBUG PrimaryStageWindow   - Closing main window
17:01:56.274 [JavaFX Application Thread] DEBUG Logger               - Closing Logger
