12:34:26.107 [main                     ] DEBUG Logger               - Configured Logger
12:34:26.133 [main                     ] DEBUG GameApplication      - Logging settings
Title: Untitled
Version: 0.0
Width: 800
Height: 600
Fullscreen: false
Intro: false
Profiling: false
Single step:false
App Mode: DEVELOPER
Menu Key: ESCAPE
Stage Style: DECORATED
Scene Factory: class com.almasb.fxgl.app.scene.SceneFactory

12:34:26.401 [JavaFX Application Thread] DEBUG FXGLApplication      - Initializing FXGL
12:34:26.405 [JavaFX Application Thread] INFO  Engine               - FXGL-21.1 (27.03.2024 07.52) on WINDOWS (J:21.0.3 FX:21)
12:34:26.405 [JavaFX Application Thread] DEBUG Engine               - JRE Vendor Name: Oracle Corporation
12:34:26.406 [JavaFX Application Thread] DEBUG Engine               - Running on OS: Windows 11 version 10.0
12:34:26.406 [JavaFX Application Thread] DEBUG Engine               - Architecture: amd64
12:34:26.406 [JavaFX Application Thread] INFO  Engine               - Source code and latest versions at: https://github.com/AlmasB/FXGL
12:34:26.406 [JavaFX Application Thread] INFO  Engine               -       Ask questions and discuss at: https://github.com/AlmasB/FXGL/discussions
12:34:26.406 [JavaFX Application Thread] INFO  Engine               -              Join the FXGL chat at: https://gitter.im/AlmasB/FXGL
12:34:26.461 [JavaFX Application Thread] DEBUG PrimaryStageWindow   - Creating a JavaFX scene
12:34:26.494 [JavaFX Application Thread] DEBUG PrimaryStageWindow   - Target settings size: 800.0 x 600.0
12:34:26.494 [JavaFX Application Thread] DEBUG PrimaryStageWindow   - Scaled scene size:    800.0 x 600.0
12:34:26.495 [JavaFX Application Thread] DEBUG PrimaryStageWindow   - Scaled ratio: (1.0, 1.0)
12:34:26.495 [JavaFX Application Thread] DEBUG PrimaryStageWindow   - Set initial scene to FXGLStartupScene
12:34:26.497 [JavaFX Application Thread] DEBUG PrimaryStageWindow   - Opening main window
12:34:26.562 [JavaFX Application Thread] DEBUG PrimaryStageWindow   - Window border size: (14.4000244140625, 37.5999755859375)
12:34:26.563 [JavaFX Application Thread] DEBUG PrimaryStageWindow   - Scaled size: 800.0 x 600.0
12:34:26.563 [JavaFX Application Thread] DEBUG PrimaryStageWindow   - Scaled ratio: (1.0, 1.0)
12:34:26.563 [JavaFX Application Thread] DEBUG PrimaryStageWindow   - Scene size: 800.0 x 600.0
12:34:26.563 [JavaFX Application Thread] DEBUG PrimaryStageWindow   - Stage size: 814.4000244140625 x 637.5999755859375
12:34:26.568 [FXGL Background Thread 1 ] DEBUG Engine               - Initializing environment variables
12:34:26.622 [FXGL Background Thread 1 ] DEBUG FXGLAssetLoaderServi - User app class for loading assets: class com.xen.rzlgame.rzl.HelloApplication
12:34:26.622 [FXGL Background Thread 1 ] DEBUG GameApplicationServi - Applying CSS: fxgl_dark.css
12:34:26.622 [FXGL Background Thread 1 ] DEBUG FXGLAssetLoaderServi - Loading from file system: jar:file:///C:/Users/acer/.m2/repository/com/github/almasb/fxgl/21.1/fxgl-21.1.jar!/fxglassets/ui/css/fxgl_dark.css
12:34:26.666 [FXGL Background Thread 1 ] DEBUG GameApplicationServi - Initializing application scenes
12:34:26.717 [FXGL Background Thread 1 ] DEBUG GameWorld            - Game world initialized
12:34:26.765 [FXGL Background Thread 1 ] DEBUG PhysicsWorld         - Physics world initialized: appHeight=600, physics.ppm=50.0
12:34:26.765 [FXGL Background Thread 1 ] DEBUG PhysicsWorld         - Using strategy: BRUTE_FORCE
12:34:26.768 [FXGL Background Thread 1 ] DEBUG GameScene            - Game scene initialized: 800x600
12:34:26.775 [FXGL Background Thread 1 ] DEBUG FXGL.DefaultMenu     - createMenuBodyGameMenu()
12:34:26.783 [FXGL Background Thread 1 ] DEBUG FXGL.DefaultMenu     - createOptionsMenu()
12:34:26.789 [FXGL Background Thread 1 ] DEBUG FXGLAssetLoaderServi - Loading from file system: jar:file:///C:/Users/acer/.m2/repository/com/github/almasb/fxgl/21.1/fxgl-21.1.jar!/fxglassets/textures/particles/smoke.png
12:34:26.874 [FXGL Background Thread 1 ] DEBUG FXGLAssetLoaderServi - Loading from file system: jar:file:///C:/Users/acer/.m2/repository/com/github/almasb/fxgl/21.1/fxgl-21.1.jar!/fxglassets/textures/particles/trace_horizontal.png
12:34:26.893 [FXGL Background Thread 1 ] DEBUG GameApplicationServi - Application scenes initialized
12:34:26.903 [FXGL Background Thread 1 ] DEBUG SystemBundleService  - Loading FXGL system data
12:34:26.906 [FXGL Background Thread 1 ] DEBUG FileSystemAccess     - Reading from: C:\Users\acer\IdeaProjects\RZL\system\fxgl.bundle
12:34:26.913 [FXGL Background Thread 1 ] DEBUG SystemBundleService  - Bundle FXGL: {}
12:34:26.913 [FXGL Background Thread 1 ] DEBUG UpdaterService       - Checking for updates
12:34:26.916 [FXGL Background Thread 4 ] DEBUG FXGLApplication      - Loading fonts
12:34:26.916 [FXGL Background Thread 1 ] DEBUG FXGLApplication      - Loading default localization
12:34:26.916 [FXGL Background Thread 4 ] DEBUG FXGLAssetLoaderServi - Loading from file system: jar:file:///C:/Users/acer/.m2/repository/com/github/almasb/fxgl/21.1/fxgl-21.1.jar!/fxglassets/ui/fonts/VarelaRound-Regular.ttf
12:34:26.916 [FXGL Background Thread 1 ] DEBUG FXGLAssetLoaderServi - Loading from file system: jar:file:///C:/Users/acer/.m2/repository/com/github/almasb/fxgl/21.1/fxgl-21.1.jar!/fxglassets/languages/english.lang
12:34:26.947 [FXGL Background Thread 4 ] DEBUG FXGLAssetLoaderServi - Loading from file system: jar:file:///C:/Users/acer/.m2/repository/com/github/almasb/fxgl/21.1/fxgl-21.1.jar!/fxglassets/ui/fonts/Abel-Regular.ttf
12:34:26.950 [FXGL Background Thread 4 ] DEBUG FXGLAssetLoaderServi - Loading from file system: jar:file:///C:/Users/acer/.m2/repository/com/github/almasb/fxgl/21.1/fxgl-21.1.jar!/fxglassets/ui/fonts/TerminalLandMono-Regular.otf
12:34:26.954 [FXGL Background Thread 4 ] DEBUG FXGLAssetLoaderServi - Loading from file system: jar:file:///C:/Users/acer/.m2/repository/com/github/almasb/fxgl/21.1/fxgl-21.1.jar!/fxglassets/ui/fonts/Courier-Prime.ttf
12:34:26.958 [FXGL Background Thread 1 ] INFO  FXGLApplication      - FXGL initialization took: 0.389 sec
12:34:26.959 [JavaFX Application Thread] DEBUG FXGLAssetLoaderServi - Loading from file system: jar:file:///C:/Users/acer/.m2/repository/com/github/almasb/fxgl/21.1/fxgl-21.1.jar!/fxglassets/textures/fxgl_icon.png
12:34:26.976 [JavaFX Application Thread] DEBUG FXGLAssetLoaderServi - Loading from file system: jar:file:///C:/Users/acer/.m2/repository/com/github/almasb/fxgl/21.1/fxgl-21.1.jar!/fxglassets/textures/fxgl_default_cursor.png
12:34:26.991 [JavaFX Application Thread] DEBUG Input                - Registered new binding: Screenshot - CTRL+8
12:34:26.991 [JavaFX Application Thread] DEBUG Input                - Registered new binding: System info dump - CTRL+9
12:34:26.992 [JavaFX Application Thread] DEBUG Input                - Registered new binding: Restart - CTRL+R
12:34:26.995 [JavaFX Application Thread] DEBUG Input                - Registered new binding: Toggle Debug Camera - CTRL+7
12:34:27.000 [JavaFX Application Thread] DEBUG LoopRunner           - Starting loop
12:34:27.001 [JavaFX Application Thread] DEBUG LoopRunner           - Initializing JavaFX AnimationTimerLoop
12:34:27.003 [JavaFX Application Thread] DEBUG GameApplicationServi - Starting new game
12:34:27.003 [JavaFX Application Thread] DEBUG Input                - Clearing active input actions
12:34:27.015 [JavaFX Application Thread] DEBUG GameApplicationServi - Removing overlay from FXGLStartupScene and adding to FXGLLoadingScene
12:34:27.015 [JavaFX Application Thread] DEBUG PrimaryStageWindow   - FXGLStartupScene -> FXGLLoadingScene
12:34:27.015 [JavaFX Application Thread] DEBUG GameApplicationServi - Clearing previous game
12:34:27.015 [JavaFX Application Thread] DEBUG GameScene            - Clearing game scene
12:34:27.015 [JavaFX Application Thread] DEBUG GameWorld            - Clearing game world
12:34:27.015 [JavaFX Application Thread] DEBUG PhysicsWorld         - Clearing physics world
12:34:27.018 [FXGL Background Thread 4 ] DEBUG FXGLApplication      - Initializing game
12:34:27.018 [JavaFX Application Thread] DEBUG FXGLApplication      - Registering font factories with UI factory
12:34:27.105 [FXGL Background Thread 4 ] WARN  GameWorld            - Entity is already attached to world
12:34:27.107 [FXGL Background Thread 4 ] WARN  GameWorld            - Entity is already attached to world
12:34:27.108 [FXGL Background Thread 4 ] WARN  Entity               - Entity already has component: com.almasb.fxgl.entity.components.CollidableComponent
12:34:27.108 [FXGL Background Thread 4 ] WARN  GameWorld            - Entity is already attached to world
12:34:27.119 [FXGL Background Thread 4 ] DEBUG Input                - Registered new binding: Move A - A
12:34:27.119 [FXGL Background Thread 4 ] DEBUG Input                - Registered new binding: Move D - D
12:34:27.122 [FXGL Background Thread 4 ] DEBUG Input                - Registered new binding: Player Attack - LMB
12:34:27.122 [FXGL Background Thread 4 ] DEBUG Input                - Registered new binding: Player Parry - RMB
12:34:27.122 [FXGL Background Thread 4 ] DEBUG Input                - Registered new binding: Jump - Space
12:34:27.125 [FXGL Background Thread 4 ] DEBUG Input                - Registered new binding: Interact - Z
12:34:27.125 [FXGL Background Thread 4 ] INFO  FXGLApplication      - Game initialization took: 0.107 sec
12:34:27.155 [JavaFX Application Thread] DEBUG Input                - Clearing active input actions
12:34:27.160 [JavaFX Application Thread] DEBUG GameApplicationServi - Removing overlay from FXGLLoadingScene and adding to GameScene
12:34:27.160 [JavaFX Application Thread] DEBUG PrimaryStageWindow   - FXGLLoadingScene -> GameScene
12:34:29.915 [FXGL Background Thread 3 ] DEBUG Engine               - Logging environment variables
12:34:29.915 [FXGL Background Thread 3 ] DEBUG Engine               - achievements: []
12:34:29.915 [FXGL Background Thread 3 ] DEBUG Engine               - actualHeight: 600.0
12:34:29.915 [FXGL Background Thread 3 ] DEBUG Engine               - actualHeightProperty: ReadOnlyDoubleProperty [value: 600.0]
12:34:29.915 [FXGL Background Thread 3 ] DEBUG Engine               - actualWidth: 800.0
12:34:29.915 [FXGL Background Thread 3 ] DEBUG Engine               - actualWidthProperty: ReadOnlyDoubleProperty [value: 800.0]
12:34:29.916 [FXGL Background Thread 3 ] DEBUG Engine               - appIcon: fxgl_icon.png
12:34:29.916 [FXGL Background Thread 3 ] DEBUG Engine               - applicationMode: DEVELOPER
12:34:29.916 [FXGL Background Thread 3 ] DEBUG Engine               - cSSList: [fxgl_dark.css]
12:34:29.916 [FXGL Background Thread 3 ] DEBUG Engine               - collisionDetectionStrategy: BRUTE_FORCE
12:34:29.916 [FXGL Background Thread 3 ] DEBUG Engine               - configClass: Optional.empty
12:34:29.916 [FXGL Background Thread 3 ] DEBUG Engine               - credits: []
12:34:29.916 [FXGL Background Thread 3 ] DEBUG Engine               - defaultCursor: CursorInfo(imageName=fxgl_default_cursor.png, hotspotX=7.0, hotspotY=6.0)
12:34:29.916 [FXGL Background Thread 3 ] DEBUG Engine               - devBBoxColorProperty: ObjectProperty [value: 0xff0000ff]
12:34:29.916 [FXGL Background Thread 3 ] DEBUG Engine               - devEnableDebugCameraProperty: BooleanProperty [value: false]
12:34:29.916 [FXGL Background Thread 3 ] DEBUG Engine               - devSensorColorProperty: ObjectProperty [value: 0xffff00ff]
12:34:29.916 [FXGL Background Thread 3 ] DEBUG Engine               - devShowBBoxProperty: BooleanProperty [value: false]
12:34:29.916 [FXGL Background Thread 3 ] DEBUG Engine               - devShowPositionProperty: BooleanProperty [value: false]
12:34:29.916 [FXGL Background Thread 3 ] DEBUG Engine               - enabledMenuItems: []
12:34:29.916 [FXGL Background Thread 3 ] DEBUG Engine               - engineServices: [class com.almasb.fxgl.app.services.FXGLAssetLoaderService, class com.almasb.fxgl.app.FXGLApplication$GameApplicationService, class com.almasb.fxgl.app.services.FXGLDialogService, class com.almasb.fxgl.app.services.IOTaskExecutorService, class com.almasb.fxgl.io.FileSystemService, class com.almasb.fxgl.localization.LocalizationService, class com.almasb.fxgl.app.services.SystemBundleService, class com.almasb.fxgl.profile.SaveLoadService, class com.almasb.fxgl.ui.FXGLUIFactoryServiceProvider, class com.almasb.fxgl.ui.FXGLDialogFactoryServiceProvider, class com.almasb.fxgl.audio.AudioPlayer, class com.almasb.fxgl.notification.impl.NotificationServiceProvider, class com.almasb.fxgl.achievement.AchievementService, class com.almasb.fxgl.cutscene.CutsceneService, class com.almasb.fxgl.minigames.MiniGameService, class com.almasb.fxgl.net.NetService, class com.almasb.fxgl.app.services.UpdaterService, class com.almasb.fxgl.dev.DevService]
12:34:29.916 [FXGL Background Thread 3 ] DEBUG Engine               - fontGame: Abel-Regular.ttf
12:34:29.917 [FXGL Background Thread 3 ] DEBUG Engine               - fontMono: TerminalLandMono-Regular.otf
12:34:29.917 [FXGL Background Thread 3 ] DEBUG Engine               - fontSizeScaleUI: 1.0
12:34:29.917 [FXGL Background Thread 3 ] DEBUG Engine               - fontText: Courier-Prime.ttf
12:34:29.917 [FXGL Background Thread 3 ] DEBUG Engine               - fontUI: VarelaRound-Regular.ttf
12:34:29.917 [FXGL Background Thread 3 ] DEBUG Engine               - fullScreen: BooleanProperty [value: false]
12:34:29.917 [FXGL Background Thread 3 ] DEBUG Engine               - gameDifficulty: MEDIUM
12:34:29.917 [FXGL Background Thread 3 ] DEBUG Engine               - gameDifficultyProperty: ObjectProperty [value: MEDIUM]
12:34:29.917 [FXGL Background Thread 3 ] DEBUG Engine               - globalMusicVolume: 0.5
12:34:29.918 [FXGL Background Thread 3 ] DEBUG Engine               - globalMusicVolumeProperty: DoubleProperty [value: 0.5]
12:34:29.918 [FXGL Background Thread 3 ] DEBUG Engine               - globalSoundVolume: 0.5
12:34:29.918 [FXGL Background Thread 3 ] DEBUG Engine               - globalSoundVolumeProperty: DoubleProperty [value: 0.5]
12:34:29.918 [FXGL Background Thread 3 ] DEBUG Engine               - height: 600
12:34:29.918 [FXGL Background Thread 3 ] DEBUG Engine               - is3D: false
12:34:29.918 [FXGL Background Thread 3 ] DEBUG Engine               - isAndroid: false
12:34:29.918 [FXGL Background Thread 3 ] DEBUG Engine               - isBrowser: false
12:34:29.918 [FXGL Background Thread 3 ] DEBUG Engine               - isClickFeedbackEnabled: false
12:34:29.918 [FXGL Background Thread 3 ] DEBUG Engine               - isCloseConfirmation: false
12:34:29.918 [FXGL Background Thread 3 ] DEBUG Engine               - isDesktop: true
12:34:29.918 [FXGL Background Thread 3 ] DEBUG Engine               - isDeveloperMenuEnabled: false
12:34:29.918 [FXGL Background Thread 3 ] DEBUG Engine               - isEmbedded: false
12:34:29.918 [FXGL Background Thread 3 ] DEBUG Engine               - isEntityPreloadEnabled: true
12:34:29.918 [FXGL Background Thread 3 ] DEBUG Engine               - isExperimentalTiledLargeMap: false
12:34:29.918 [FXGL Background Thread 3 ] DEBUG Engine               - isFileSystemWriteAllowed: true
12:34:29.918 [FXGL Background Thread 3 ] DEBUG Engine               - isFullScreenAllowed: false
12:34:29.918 [FXGL Background Thread 3 ] DEBUG Engine               - isFullScreenFromStart: false
12:34:29.918 [FXGL Background Thread 3 ] DEBUG Engine               - isGameMenuEnabled: true
12:34:29.919 [FXGL Background Thread 3 ] DEBUG Engine               - isIOS: false
12:34:29.919 [FXGL Background Thread 3 ] DEBUG Engine               - isIntroEnabled: false
12:34:29.919 [FXGL Background Thread 3 ] DEBUG Engine               - isLinux: false
12:34:29.919 [FXGL Background Thread 3 ] DEBUG Engine               - isMac: false
12:34:29.919 [FXGL Background Thread 3 ] DEBUG Engine               - isMainMenuEnabled: false
12:34:29.919 [FXGL Background Thread 3 ] DEBUG Engine               - isManualResizeEnabled: false
12:34:29.919 [FXGL Background Thread 3 ] DEBUG Engine               - isMobile: false
12:34:29.919 [FXGL Background Thread 3 ] DEBUG Engine               - isNative: false
12:34:29.919 [FXGL Background Thread 3 ] DEBUG Engine               - isPauseMusicWhenMinimized: true
12:34:29.919 [FXGL Background Thread 3 ] DEBUG Engine               - isPreserveResizeRatio: false
12:34:29.919 [FXGL Background Thread 3 ] DEBUG Engine               - isProfilingEnabled: false
12:34:29.919 [FXGL Background Thread 3 ] DEBUG Engine               - isScaleAffectedOnResize: true
12:34:29.919 [FXGL Background Thread 3 ] DEBUG Engine               - isSingleStep: false
12:34:29.919 [FXGL Background Thread 3 ] DEBUG Engine               - isUserProfileEnabled: false
12:34:29.919 [FXGL Background Thread 3 ] DEBUG Engine               - isWindows: true
12:34:29.919 [FXGL Background Thread 3 ] DEBUG Engine               - language: ObjectProperty [value: ENGLISH]
12:34:29.919 [FXGL Background Thread 3 ] DEBUG Engine               - menuKey: ESCAPE
12:34:29.919 [FXGL Background Thread 3 ] DEBUG Engine               - mouseSensitivity: 0.2
12:34:29.919 [FXGL Background Thread 3 ] DEBUG Engine               - notificationViewClass: class com.almasb.fxgl.notification.view.XboxNotificationView
12:34:29.919 [FXGL Background Thread 3 ] DEBUG Engine               - pixelsPerMeter: 50.0
12:34:29.919 [FXGL Background Thread 3 ] DEBUG Engine               - platform: WINDOWS
12:34:29.919 [FXGL Background Thread 3 ] DEBUG Engine               - prefHeightProperty: ReadOnlyDoubleProperty [value: 600.0]
12:34:29.919 [FXGL Background Thread 3 ] DEBUG Engine               - prefWidthProperty: ReadOnlyDoubleProperty [value: 800.0]
12:34:29.919 [FXGL Background Thread 3 ] DEBUG Engine               - profileDir: profiles/
12:34:29.920 [FXGL Background Thread 3 ] DEBUG Engine               - profileName: StringProperty [value: DEFAULT]
12:34:29.920 [FXGL Background Thread 3 ] DEBUG Engine               - randomSeed: -1
12:34:29.920 [FXGL Background Thread 3 ] DEBUG Engine               - runtimeInfo: RuntimeInfo(platform=WINDOWS, version=21.1, build=27.03.2024 07.52)
12:34:29.920 [FXGL Background Thread 3 ] DEBUG Engine               - saveFileExt: sav
12:34:29.920 [FXGL Background Thread 3 ] DEBUG Engine               - scaledHeightProp$fxgl: DoubleProperty [bound, value: 600.0]
12:34:29.920 [FXGL Background Thread 3 ] DEBUG Engine               - scaledWidthProp$fxgl: DoubleProperty [bound, value: 800.0]
12:34:29.920 [FXGL Background Thread 3 ] DEBUG Engine               - sceneFactory: com.almasb.fxgl.app.scene.SceneFactory@38ef1e0b
12:34:29.920 [FXGL Background Thread 3 ] DEBUG Engine               - secondsIn24h: 60
12:34:29.920 [FXGL Background Thread 3 ] DEBUG Engine               - soundMenuBack: menu/back.wav
12:34:29.920 [FXGL Background Thread 3 ] DEBUG Engine               - soundMenuPress: menu/press.wav
12:34:29.920 [FXGL Background Thread 3 ] DEBUG Engine               - soundMenuSelect: menu/select.wav
12:34:29.920 [FXGL Background Thread 3 ] DEBUG Engine               - soundNotification: core/notification.wav
12:34:29.920 [FXGL Background Thread 3 ] DEBUG Engine               - stageStyle: DECORATED
12:34:29.920 [FXGL Background Thread 3 ] DEBUG Engine               - supportedLanguages: [ENGLISH, FRENCH, GERMAN, HUNGARIAN, RUSSIAN]
12:34:29.920 [FXGL Background Thread 3 ] DEBUG Engine               - ticksPerSecond: -1
12:34:29.920 [FXGL Background Thread 3 ] DEBUG Engine               - title: Untitled
12:34:29.920 [FXGL Background Thread 3 ] DEBUG Engine               - urlGithub: https://github.com/AlmasB/FXGL
12:34:29.920 [FXGL Background Thread 3 ] DEBUG Engine               - urlLeaderboard: http://fxgl-top.herokuapp.com/
12:34:29.920 [FXGL Background Thread 3 ] DEBUG Engine               - urlPOM: https://raw.githubusercontent.com/AlmasB/FXGL/release/README.md
12:34:29.920 [FXGL Background Thread 3 ] DEBUG Engine               - userAppClass: class com.xen.rzlgame.rzl.HelloApplication
12:34:29.920 [FXGL Background Thread 3 ] DEBUG Engine               - version: 0.0
12:34:29.920 [FXGL Background Thread 3 ] DEBUG Engine               - versionCheckDays: 7
12:34:29.920 [FXGL Background Thread 3 ] DEBUG Engine               - width: 800
12:34:29.921 [FXGL Background Thread 3 ] DEBUG Engine               - Logging services
12:34:29.921 [FXGL Background Thread 3 ] DEBUG Engine               - class com.almasb.fxgl.app.services.FXGLAssetLoaderService
12:34:29.921 [FXGL Background Thread 3 ] DEBUG Engine               - class com.almasb.fxgl.app.FXGLApplication$GameApplicationService
12:34:29.921 [FXGL Background Thread 3 ] DEBUG Engine               - class com.almasb.fxgl.app.services.FXGLDialogService
12:34:29.921 [FXGL Background Thread 3 ] DEBUG Engine               - class com.almasb.fxgl.app.services.IOTaskExecutorService
12:34:29.921 [FXGL Background Thread 3 ] DEBUG Engine               - class com.almasb.fxgl.io.FileSystemService
12:34:29.921 [FXGL Background Thread 3 ] DEBUG Engine               - class com.almasb.fxgl.localization.LocalizationService
12:34:29.921 [FXGL Background Thread 3 ] DEBUG Engine               - class com.almasb.fxgl.app.services.SystemBundleService
12:34:29.921 [FXGL Background Thread 3 ] DEBUG Engine               - class com.almasb.fxgl.profile.SaveLoadService
12:34:29.921 [FXGL Background Thread 3 ] DEBUG Engine               - class com.almasb.fxgl.ui.FXGLUIFactoryServiceProvider
12:34:29.921 [FXGL Background Thread 3 ] DEBUG Engine               - class com.almasb.fxgl.ui.FXGLDialogFactoryServiceProvider
12:34:29.921 [FXGL Background Thread 3 ] DEBUG Engine               - class com.almasb.fxgl.audio.AudioPlayer
12:34:29.921 [FXGL Background Thread 3 ] DEBUG Engine               - class com.almasb.fxgl.notification.impl.NotificationServiceProvider
12:34:29.921 [FXGL Background Thread 3 ] DEBUG Engine               - class com.almasb.fxgl.achievement.AchievementService
12:34:29.921 [FXGL Background Thread 3 ] DEBUG Engine               - class com.almasb.fxgl.cutscene.CutsceneService
12:34:29.921 [FXGL Background Thread 3 ] DEBUG Engine               - class com.almasb.fxgl.minigames.MiniGameService
12:34:29.921 [FXGL Background Thread 3 ] DEBUG Engine               - class com.almasb.fxgl.net.NetService
12:34:29.921 [FXGL Background Thread 3 ] DEBUG Engine               - class com.almasb.fxgl.app.services.UpdaterService
12:34:29.921 [FXGL Background Thread 3 ] DEBUG Engine               - class com.almasb.fxgl.dev.DevService
12:34:41.920 [JavaFX Application Thread] DEBUG FXGLApplication      - Exiting FXGL
12:34:41.920 [JavaFX Application Thread] DEBUG LoopRunner           - Stopping loop
12:34:41.920 [JavaFX Application Thread] DEBUG SystemBundleService  - Saving FXGL system data
12:34:41.922 [JavaFX Application Thread] DEBUG FileSystemAccess     - Writing to: C:\Users\acer\IdeaProjects\RZL\system\fxgl.bundle
12:34:41.923 [JavaFX Application Thread] DEBUG Async                - Shutting down background threads
12:34:41.923 [JavaFX Application Thread] DEBUG PrimaryStageWindow   - Closing main window
12:34:41.939 [JavaFX Application Thread] DEBUG Logger               - Closing Logger
