17:06:11.292 [main                     ] DEBUG Logger               - Configured Logger
17:06:11.320 [main                     ] DEBUG GameApplication      - Logging settings
Title: Untitled
Version: 0.0
Width: 800
Height: 600
Fullscreen: false
Intro: false
Profiling: false
Single step:false
App Mode: DEVELOPER
Menu Key: ESCAPE
Stage Style: DECORATED
Scene Factory: class com.almasb.fxgl.app.scene.SceneFactory

17:06:11.592 [JavaFX Application Thread] DEBUG FXGLApplication      - Initializing FXGL
17:06:11.595 [JavaFX Application Thread] INFO  Engine               - FXGL-21.1 (27.03.2024 07.52) on WINDOWS (J:21.0.3 FX:21)
17:06:11.595 [JavaFX Application Thread] DEBUG Engine               - JRE Vendor Name: Oracle Corporation
17:06:11.595 [JavaFX Application Thread] DEBUG Engine               - Running on OS: Windows 11 version 10.0
17:06:11.595 [JavaFX Application Thread] DEBUG Engine               - Architecture: amd64
17:06:11.595 [JavaFX Application Thread] INFO  Engine               - Source code and latest versions at: https://github.com/AlmasB/FXGL
17:06:11.596 [JavaFX Application Thread] INFO  Engine               -       Ask questions and discuss at: https://github.com/AlmasB/FXGL/discussions
17:06:11.596 [JavaFX Application Thread] INFO  Engine               -              Join the FXGL chat at: https://gitter.im/AlmasB/FXGL
17:06:11.656 [JavaFX Application Thread] DEBUG PrimaryStageWindow   - Creating a JavaFX scene
17:06:11.689 [JavaFX Application Thread] DEBUG PrimaryStageWindow   - Target settings size: 800.0 x 600.0
17:06:11.689 [JavaFX Application Thread] DEBUG PrimaryStageWindow   - Scaled scene size:    800.0 x 600.0
17:06:11.690 [JavaFX Application Thread] DEBUG PrimaryStageWindow   - Scaled ratio: (1.0, 1.0)
17:06:11.690 [JavaFX Application Thread] DEBUG PrimaryStageWindow   - Set initial scene to FXGLStartupScene
17:06:11.692 [JavaFX Application Thread] DEBUG PrimaryStageWindow   - Opening main window
17:06:11.754 [JavaFX Application Thread] DEBUG PrimaryStageWindow   - Window border size: (14.4000244140625, 37.5999755859375)
17:06:11.754 [JavaFX Application Thread] DEBUG PrimaryStageWindow   - Scaled size: 800.0 x 600.0
17:06:11.755 [JavaFX Application Thread] DEBUG PrimaryStageWindow   - Scaled ratio: (1.0, 1.0)
17:06:11.755 [JavaFX Application Thread] DEBUG PrimaryStageWindow   - Scene size: 800.0 x 600.0
17:06:11.755 [JavaFX Application Thread] DEBUG PrimaryStageWindow   - Stage size: 814.4000244140625 x 637.5999755859375
17:06:11.761 [FXGL Background Thread 1 ] DEBUG Engine               - Initializing environment variables
17:06:11.811 [FXGL Background Thread 1 ] DEBUG FXGLAssetLoaderServi - User app class for loading assets: class com.xen.rzlgame.rzl.HelloApplication
17:06:11.811 [FXGL Background Thread 1 ] DEBUG GameApplicationServi - Applying CSS: fxgl_dark.css
17:06:11.812 [FXGL Background Thread 1 ] DEBUG FXGLAssetLoaderServi - Loading from file system: jar:file:///C:/Users/acer/.m2/repository/com/github/almasb/fxgl/21.1/fxgl-21.1.jar!/fxglassets/ui/css/fxgl_dark.css
17:06:11.857 [FXGL Background Thread 1 ] DEBUG GameApplicationServi - Initializing application scenes
17:06:11.910 [FXGL Background Thread 1 ] DEBUG GameWorld            - Game world initialized
17:06:11.970 [FXGL Background Thread 1 ] DEBUG PhysicsWorld         - Physics world initialized: appHeight=600, physics.ppm=50.0
17:06:11.970 [FXGL Background Thread 1 ] DEBUG PhysicsWorld         - Using strategy: BRUTE_FORCE
17:06:11.973 [FXGL Background Thread 1 ] DEBUG GameScene            - Game scene initialized: 800x600
17:06:11.981 [FXGL Background Thread 1 ] DEBUG FXGL.DefaultMenu     - createMenuBodyGameMenu()
17:06:11.989 [FXGL Background Thread 1 ] DEBUG FXGL.DefaultMenu     - createOptionsMenu()
17:06:11.995 [FXGL Background Thread 1 ] DEBUG FXGLAssetLoaderServi - Loading from file system: jar:file:///C:/Users/acer/.m2/repository/com/github/almasb/fxgl/21.1/fxgl-21.1.jar!/fxglassets/textures/particles/smoke.png
17:06:12.091 [FXGL Background Thread 1 ] DEBUG FXGLAssetLoaderServi - Loading from file system: jar:file:///C:/Users/acer/.m2/repository/com/github/almasb/fxgl/21.1/fxgl-21.1.jar!/fxglassets/textures/particles/trace_horizontal.png
17:06:12.110 [FXGL Background Thread 1 ] DEBUG GameApplicationServi - Application scenes initialized
17:06:12.120 [FXGL Background Thread 1 ] DEBUG SystemBundleService  - Loading FXGL system data
17:06:12.124 [FXGL Background Thread 1 ] DEBUG FileSystemAccess     - Reading from: C:\Users\acer\IdeaProjects\RZL\system\fxgl.bundle
17:06:12.131 [FXGL Background Thread 1 ] DEBUG SystemBundleService  - Bundle FXGL: {}
17:06:12.131 [FXGL Background Thread 1 ] DEBUG UpdaterService       - Checking for updates
17:06:12.133 [FXGL Background Thread 4 ] DEBUG FXGLApplication      - Loading fonts
17:06:12.134 [FXGL Background Thread 1 ] DEBUG FXGLApplication      - Loading default localization
17:06:12.134 [FXGL Background Thread 4 ] DEBUG FXGLAssetLoaderServi - Loading from file system: jar:file:///C:/Users/acer/.m2/repository/com/github/almasb/fxgl/21.1/fxgl-21.1.jar!/fxglassets/ui/fonts/VarelaRound-Regular.ttf
17:06:12.134 [FXGL Background Thread 1 ] DEBUG FXGLAssetLoaderServi - Loading from file system: jar:file:///C:/Users/acer/.m2/repository/com/github/almasb/fxgl/21.1/fxgl-21.1.jar!/fxglassets/languages/english.lang
17:06:12.172 [FXGL Background Thread 4 ] DEBUG FXGLAssetLoaderServi - Loading from file system: jar:file:///C:/Users/acer/.m2/repository/com/github/almasb/fxgl/21.1/fxgl-21.1.jar!/fxglassets/ui/fonts/Abel-Regular.ttf
17:06:12.175 [FXGL Background Thread 4 ] DEBUG FXGLAssetLoaderServi - Loading from file system: jar:file:///C:/Users/acer/.m2/repository/com/github/almasb/fxgl/21.1/fxgl-21.1.jar!/fxglassets/ui/fonts/TerminalLandMono-Regular.otf
17:06:12.178 [FXGL Background Thread 4 ] DEBUG FXGLAssetLoaderServi - Loading from file system: jar:file:///C:/Users/acer/.m2/repository/com/github/almasb/fxgl/21.1/fxgl-21.1.jar!/fxglassets/ui/fonts/Courier-Prime.ttf
17:06:12.184 [JavaFX Application Thread] DEBUG FXGLApplication      - Registering font factories with UI factory
17:06:12.184 [FXGL Background Thread 1 ] INFO  FXGLApplication      - FXGL initialization took: 0.424 sec
17:06:12.186 [JavaFX Application Thread] DEBUG FXGLAssetLoaderServi - Loading from file system: jar:file:///C:/Users/acer/.m2/repository/com/github/almasb/fxgl/21.1/fxgl-21.1.jar!/fxglassets/textures/fxgl_icon.png
17:06:12.204 [JavaFX Application Thread] DEBUG FXGLAssetLoaderServi - Loading from file system: jar:file:///C:/Users/acer/.m2/repository/com/github/almasb/fxgl/21.1/fxgl-21.1.jar!/fxglassets/textures/fxgl_default_cursor.png
17:06:12.224 [JavaFX Application Thread] DEBUG Input                - Registered new binding: Screenshot - CTRL+8
17:06:12.225 [JavaFX Application Thread] DEBUG Input                - Registered new binding: System info dump - CTRL+9
17:06:12.226 [JavaFX Application Thread] DEBUG Input                - Registered new binding: Restart - CTRL+R
17:06:12.228 [JavaFX Application Thread] DEBUG Input                - Registered new binding: Toggle Debug Camera - CTRL+7
17:06:12.233 [JavaFX Application Thread] DEBUG LoopRunner           - Starting loop
17:06:12.233 [JavaFX Application Thread] DEBUG LoopRunner           - Initializing JavaFX AnimationTimerLoop
17:06:12.235 [JavaFX Application Thread] DEBUG GameApplicationServi - Starting new game
17:06:12.235 [JavaFX Application Thread] DEBUG Input                - Clearing active input actions
17:06:12.249 [JavaFX Application Thread] DEBUG GameApplicationServi - Removing overlay from FXGLStartupScene and adding to FXGLLoadingScene
17:06:12.249 [JavaFX Application Thread] DEBUG PrimaryStageWindow   - FXGLStartupScene -> FXGLLoadingScene
17:06:12.249 [JavaFX Application Thread] DEBUG GameApplicationServi - Clearing previous game
17:06:12.249 [JavaFX Application Thread] DEBUG GameScene            - Clearing game scene
17:06:12.249 [JavaFX Application Thread] DEBUG GameWorld            - Clearing game world
17:06:12.249 [JavaFX Application Thread] DEBUG PhysicsWorld         - Clearing physics world
17:06:12.252 [FXGL Background Thread 1 ] DEBUG FXGLApplication      - Initializing game
17:06:12.333 [FXGL Background Thread 1 ] WARN  GameWorld            - Entity is already attached to world
17:06:12.336 [FXGL Background Thread 1 ] WARN  GameWorld            - Entity is already attached to world
17:06:12.337 [FXGL Background Thread 1 ] WARN  GameWorld            - Entity is already attached to world
17:06:12.338 [FXGL Background Thread 1 ] WARN  Entity               - Entity already has component: com.almasb.fxgl.entity.components.CollidableComponent
17:06:12.339 [FXGL Background Thread 1 ] WARN  GameWorld            - Entity is already attached to world
17:06:12.351 [FXGL Background Thread 1 ] DEBUG Input                - Registered new binding: Move A - A
17:06:12.351 [FXGL Background Thread 1 ] DEBUG Input                - Registered new binding: Move D - D
17:06:12.355 [FXGL Background Thread 1 ] DEBUG Input                - Registered new binding: Player Attack - LMB
17:06:12.356 [FXGL Background Thread 1 ] DEBUG Input                - Registered new binding: Player Parry - RMB
17:06:12.356 [FXGL Background Thread 1 ] DEBUG Input                - Registered new binding: Jump - Space
17:06:12.359 [FXGL Background Thread 1 ] DEBUG Input                - Registered new binding: Interact - Z
17:06:12.359 [FXGL Background Thread 1 ] INFO  FXGLApplication      - Game initialization took: 0.108 sec
17:06:12.403 [JavaFX Application Thread] DEBUG Input                - Clearing active input actions
17:06:12.406 [JavaFX Application Thread] DEBUG GameApplicationServi - Removing overlay from FXGLLoadingScene and adding to GameScene
17:06:12.407 [JavaFX Application Thread] DEBUG PrimaryStageWindow   - FXGLLoadingScene -> GameScene
17:06:14.123 [JavaFX Application Thread] DEBUG FXGLAssetLoaderServi - Loading from file system: file:/C:/Users/acer/IdeaProjects/RZL/target/classes/assets/text/maria.txt
17:06:14.129 [JavaFX Application Thread] DEBUG Input                - Registered new binding: Next RPG Line - Enter
17:06:14.130 [JavaFX Application Thread] DEBUG PrimaryStageWindow   - Push state: CutsceneScene
17:06:14.130 [JavaFX Application Thread] DEBUG Input                - Clearing active input actions
17:06:14.131 [JavaFX Application Thread] DEBUG GameApplicationServi - Removing overlay from GameScene and adding to CutsceneScene
17:06:14.132 [JavaFX Application Thread] DEBUG PrimaryStageWindow   - GameScene -> CutsceneScene
17:06:15.134 [FXGL Background Thread 3 ] DEBUG Engine               - Logging environment variables
17:06:15.134 [FXGL Background Thread 3 ] DEBUG Engine               - achievements: []
17:06:15.134 [FXGL Background Thread 3 ] DEBUG Engine               - actualHeight: 600.0
17:06:15.134 [FXGL Background Thread 3 ] DEBUG Engine               - actualHeightProperty: ReadOnlyDoubleProperty [value: 600.0]
17:06:15.134 [FXGL Background Thread 3 ] DEBUG Engine               - actualWidth: 800.0
17:06:15.134 [FXGL Background Thread 3 ] DEBUG Engine               - actualWidthProperty: ReadOnlyDoubleProperty [value: 800.0]
17:06:15.134 [FXGL Background Thread 3 ] DEBUG Engine               - appIcon: fxgl_icon.png
17:06:15.135 [FXGL Background Thread 3 ] DEBUG Engine               - applicationMode: DEVELOPER
17:06:15.135 [FXGL Background Thread 3 ] DEBUG Engine               - cSSList: [fxgl_dark.css]
17:06:15.135 [FXGL Background Thread 3 ] DEBUG Engine               - collisionDetectionStrategy: BRUTE_FORCE
17:06:15.135 [FXGL Background Thread 3 ] DEBUG Engine               - configClass: Optional.empty
17:06:15.135 [FXGL Background Thread 3 ] DEBUG Engine               - credits: []
17:06:15.135 [FXGL Background Thread 3 ] DEBUG Engine               - defaultCursor: CursorInfo(imageName=fxgl_default_cursor.png, hotspotX=7.0, hotspotY=6.0)
17:06:15.135 [FXGL Background Thread 3 ] DEBUG Engine               - devBBoxColorProperty: ObjectProperty [value: 0xff0000ff]
17:06:15.135 [FXGL Background Thread 3 ] DEBUG Engine               - devEnableDebugCameraProperty: BooleanProperty [value: false]
17:06:15.135 [FXGL Background Thread 3 ] DEBUG Engine               - devSensorColorProperty: ObjectProperty [value: 0xffff00ff]
17:06:15.135 [FXGL Background Thread 3 ] DEBUG Engine               - devShowBBoxProperty: BooleanProperty [value: false]
17:06:15.135 [FXGL Background Thread 3 ] DEBUG Engine               - devShowPositionProperty: BooleanProperty [value: false]
17:06:15.135 [FXGL Background Thread 3 ] DEBUG Engine               - enabledMenuItems: []
17:06:15.135 [FXGL Background Thread 3 ] DEBUG Engine               - engineServices: [class com.almasb.fxgl.app.services.FXGLAssetLoaderService, class com.almasb.fxgl.app.FXGLApplication$GameApplicationService, class com.almasb.fxgl.app.services.FXGLDialogService, class com.almasb.fxgl.app.services.IOTaskExecutorService, class com.almasb.fxgl.io.FileSystemService, class com.almasb.fxgl.localization.LocalizationService, class com.almasb.fxgl.app.services.SystemBundleService, class com.almasb.fxgl.profile.SaveLoadService, class com.almasb.fxgl.ui.FXGLUIFactoryServiceProvider, class com.almasb.fxgl.ui.FXGLDialogFactoryServiceProvider, class com.almasb.fxgl.audio.AudioPlayer, class com.almasb.fxgl.notification.impl.NotificationServiceProvider, class com.almasb.fxgl.achievement.AchievementService, class com.almasb.fxgl.cutscene.CutsceneService, class com.almasb.fxgl.minigames.MiniGameService, class com.almasb.fxgl.net.NetService, class com.almasb.fxgl.app.services.UpdaterService, class com.almasb.fxgl.dev.DevService]
17:06:15.136 [FXGL Background Thread 3 ] DEBUG Engine               - fontGame: Abel-Regular.ttf
17:06:15.136 [FXGL Background Thread 3 ] DEBUG Engine               - fontMono: TerminalLandMono-Regular.otf
17:06:15.136 [FXGL Background Thread 3 ] DEBUG Engine               - fontSizeScaleUI: 1.0
17:06:15.136 [FXGL Background Thread 3 ] DEBUG Engine               - fontText: Courier-Prime.ttf
17:06:15.136 [FXGL Background Thread 3 ] DEBUG Engine               - fontUI: VarelaRound-Regular.ttf
17:06:15.136 [FXGL Background Thread 3 ] DEBUG Engine               - fullScreen: BooleanProperty [value: false]
17:06:15.136 [FXGL Background Thread 3 ] DEBUG Engine               - gameDifficulty: MEDIUM
17:06:15.136 [FXGL Background Thread 3 ] DEBUG Engine               - gameDifficultyProperty: ObjectProperty [value: MEDIUM]
17:06:15.136 [FXGL Background Thread 3 ] DEBUG Engine               - globalMusicVolume: 0.5
17:06:15.136 [FXGL Background Thread 3 ] DEBUG Engine               - globalMusicVolumeProperty: DoubleProperty [value: 0.5]
17:06:15.136 [FXGL Background Thread 3 ] DEBUG Engine               - globalSoundVolume: 0.5
17:06:15.136 [FXGL Background Thread 3 ] DEBUG Engine               - globalSoundVolumeProperty: DoubleProperty [value: 0.5]
17:06:15.136 [FXGL Background Thread 3 ] DEBUG Engine               - height: 600
17:06:15.136 [FXGL Background Thread 3 ] DEBUG Engine               - is3D: false
17:06:15.136 [FXGL Background Thread 3 ] DEBUG Engine               - isAndroid: false
17:06:15.136 [FXGL Background Thread 3 ] DEBUG Engine               - isBrowser: false
17:06:15.136 [FXGL Background Thread 3 ] DEBUG Engine               - isClickFeedbackEnabled: false
17:06:15.136 [FXGL Background Thread 3 ] DEBUG Engine               - isCloseConfirmation: false
17:06:15.136 [FXGL Background Thread 3 ] DEBUG Engine               - isDesktop: true
17:06:15.136 [FXGL Background Thread 3 ] DEBUG Engine               - isDeveloperMenuEnabled: false
17:06:15.136 [FXGL Background Thread 3 ] DEBUG Engine               - isEmbedded: false
17:06:15.136 [FXGL Background Thread 3 ] DEBUG Engine               - isEntityPreloadEnabled: true
17:06:15.136 [FXGL Background Thread 3 ] DEBUG Engine               - isExperimentalTiledLargeMap: false
17:06:15.136 [FXGL Background Thread 3 ] DEBUG Engine               - isFileSystemWriteAllowed: true
17:06:15.136 [FXGL Background Thread 3 ] DEBUG Engine               - isFullScreenAllowed: false
17:06:15.136 [FXGL Background Thread 3 ] DEBUG Engine               - isFullScreenFromStart: false
17:06:15.136 [FXGL Background Thread 3 ] DEBUG Engine               - isGameMenuEnabled: true
17:06:15.136 [FXGL Background Thread 3 ] DEBUG Engine               - isIOS: false
17:06:15.136 [FXGL Background Thread 3 ] DEBUG Engine               - isIntroEnabled: false
17:06:15.136 [FXGL Background Thread 3 ] DEBUG Engine               - isLinux: false
17:06:15.136 [FXGL Background Thread 3 ] DEBUG Engine               - isMac: false
17:06:15.136 [FXGL Background Thread 3 ] DEBUG Engine               - isMainMenuEnabled: false
17:06:15.136 [FXGL Background Thread 3 ] DEBUG Engine               - isManualResizeEnabled: false
17:06:15.136 [FXGL Background Thread 3 ] DEBUG Engine               - isMobile: false
17:06:15.136 [FXGL Background Thread 3 ] DEBUG Engine               - isNative: false
17:06:15.136 [FXGL Background Thread 3 ] DEBUG Engine               - isPauseMusicWhenMinimized: true
17:06:15.136 [FXGL Background Thread 3 ] DEBUG Engine               - isPreserveResizeRatio: false
17:06:15.136 [FXGL Background Thread 3 ] DEBUG Engine               - isProfilingEnabled: false
17:06:15.136 [FXGL Background Thread 3 ] DEBUG Engine               - isScaleAffectedOnResize: true
17:06:15.136 [FXGL Background Thread 3 ] DEBUG Engine               - isSingleStep: false
17:06:15.137 [FXGL Background Thread 3 ] DEBUG Engine               - isUserProfileEnabled: false
17:06:15.137 [FXGL Background Thread 3 ] DEBUG Engine               - isWindows: true
17:06:15.137 [FXGL Background Thread 3 ] DEBUG Engine               - language: ObjectProperty [value: ENGLISH]
17:06:15.137 [FXGL Background Thread 3 ] DEBUG Engine               - menuKey: ESCAPE
17:06:15.137 [FXGL Background Thread 3 ] DEBUG Engine               - mouseSensitivity: 0.2
17:06:15.137 [FXGL Background Thread 3 ] DEBUG Engine               - notificationViewClass: class com.almasb.fxgl.notification.view.XboxNotificationView
17:06:15.137 [FXGL Background Thread 3 ] DEBUG Engine               - pixelsPerMeter: 50.0
17:06:15.137 [FXGL Background Thread 3 ] DEBUG Engine               - platform: WINDOWS
17:06:15.137 [FXGL Background Thread 3 ] DEBUG Engine               - prefHeightProperty: ReadOnlyDoubleProperty [value: 600.0]
17:06:15.137 [FXGL Background Thread 3 ] DEBUG Engine               - prefWidthProperty: ReadOnlyDoubleProperty [value: 800.0]
17:06:15.137 [FXGL Background Thread 3 ] DEBUG Engine               - profileDir: profiles/
17:06:15.137 [FXGL Background Thread 3 ] DEBUG Engine               - profileName: StringProperty [value: DEFAULT]
17:06:15.137 [FXGL Background Thread 3 ] DEBUG Engine               - randomSeed: -1
17:06:15.137 [FXGL Background Thread 3 ] DEBUG Engine               - runtimeInfo: RuntimeInfo(platform=WINDOWS, version=21.1, build=27.03.2024 07.52)
17:06:15.137 [FXGL Background Thread 3 ] DEBUG Engine               - saveFileExt: sav
17:06:15.137 [FXGL Background Thread 3 ] DEBUG Engine               - scaledHeightProp$fxgl: DoubleProperty [bound, value: 600.0]
17:06:15.137 [FXGL Background Thread 3 ] DEBUG Engine               - scaledWidthProp$fxgl: DoubleProperty [bound, value: 800.0]
17:06:15.137 [FXGL Background Thread 3 ] DEBUG Engine               - sceneFactory: com.almasb.fxgl.app.scene.SceneFactory@6e719a40
17:06:15.137 [FXGL Background Thread 3 ] DEBUG Engine               - secondsIn24h: 60
17:06:15.137 [FXGL Background Thread 3 ] DEBUG Engine               - soundMenuBack: menu/back.wav
17:06:15.137 [FXGL Background Thread 3 ] DEBUG Engine               - soundMenuPress: menu/press.wav
17:06:15.137 [FXGL Background Thread 3 ] DEBUG Engine               - soundMenuSelect: menu/select.wav
17:06:15.137 [FXGL Background Thread 3 ] DEBUG Engine               - soundNotification: core/notification.wav
17:06:15.137 [FXGL Background Thread 3 ] DEBUG Engine               - stageStyle: DECORATED
17:06:15.137 [FXGL Background Thread 3 ] DEBUG Engine               - supportedLanguages: [ENGLISH, FRENCH, GERMAN, HUNGARIAN, RUSSIAN]
17:06:15.137 [FXGL Background Thread 3 ] DEBUG Engine               - ticksPerSecond: -1
17:06:15.137 [FXGL Background Thread 3 ] DEBUG Engine               - title: Untitled
17:06:15.137 [FXGL Background Thread 3 ] DEBUG Engine               - urlGithub: https://github.com/AlmasB/FXGL
17:06:15.137 [FXGL Background Thread 3 ] DEBUG Engine               - urlLeaderboard: http://fxgl-top.herokuapp.com/
17:06:15.137 [FXGL Background Thread 3 ] DEBUG Engine               - urlPOM: https://raw.githubusercontent.com/AlmasB/FXGL/release/README.md
17:06:15.137 [FXGL Background Thread 3 ] DEBUG Engine               - userAppClass: class com.xen.rzlgame.rzl.HelloApplication
17:06:15.137 [FXGL Background Thread 3 ] DEBUG Engine               - version: 0.0
17:06:15.137 [FXGL Background Thread 3 ] DEBUG Engine               - versionCheckDays: 7
17:06:15.137 [FXGL Background Thread 3 ] DEBUG Engine               - width: 800
17:06:15.137 [FXGL Background Thread 3 ] DEBUG Engine               - Logging services
17:06:15.137 [FXGL Background Thread 3 ] DEBUG Engine               - class com.almasb.fxgl.app.services.FXGLAssetLoaderService
17:06:15.137 [FXGL Background Thread 3 ] DEBUG Engine               - class com.almasb.fxgl.app.FXGLApplication$GameApplicationService
17:06:15.137 [FXGL Background Thread 3 ] DEBUG Engine               - class com.almasb.fxgl.app.services.FXGLDialogService
17:06:15.137 [FXGL Background Thread 3 ] DEBUG Engine               - class com.almasb.fxgl.app.services.IOTaskExecutorService
17:06:15.137 [FXGL Background Thread 3 ] DEBUG Engine               - class com.almasb.fxgl.io.FileSystemService
17:06:15.137 [FXGL Background Thread 3 ] DEBUG Engine               - class com.almasb.fxgl.localization.LocalizationService
17:06:15.137 [FXGL Background Thread 3 ] DEBUG Engine               - class com.almasb.fxgl.app.services.SystemBundleService
17:06:15.138 [FXGL Background Thread 3 ] DEBUG Engine               - class com.almasb.fxgl.profile.SaveLoadService
17:06:15.138 [FXGL Background Thread 3 ] DEBUG Engine               - class com.almasb.fxgl.ui.FXGLUIFactoryServiceProvider
17:06:15.138 [FXGL Background Thread 3 ] DEBUG Engine               - class com.almasb.fxgl.ui.FXGLDialogFactoryServiceProvider
17:06:15.138 [FXGL Background Thread 3 ] DEBUG Engine               - class com.almasb.fxgl.audio.AudioPlayer
17:06:15.138 [FXGL Background Thread 3 ] DEBUG Engine               - class com.almasb.fxgl.notification.impl.NotificationServiceProvider
17:06:15.138 [FXGL Background Thread 3 ] DEBUG Engine               - class com.almasb.fxgl.achievement.AchievementService
17:06:15.138 [FXGL Background Thread 3 ] DEBUG Engine               - class com.almasb.fxgl.cutscene.CutsceneService
17:06:15.138 [FXGL Background Thread 3 ] DEBUG Engine               - class com.almasb.fxgl.minigames.MiniGameService
17:06:15.138 [FXGL Background Thread 3 ] DEBUG Engine               - class com.almasb.fxgl.net.NetService
17:06:15.138 [FXGL Background Thread 3 ] DEBUG Engine               - class com.almasb.fxgl.app.services.UpdaterService
17:06:15.138 [FXGL Background Thread 3 ] DEBUG Engine               - class com.almasb.fxgl.dev.DevService
17:06:16.025 [JavaFX Application Thread] DEBUG PrimaryStageWindow   - Pop state: CutsceneScene
17:06:16.025 [JavaFX Application Thread] DEBUG Input                - Clearing active input actions
17:06:16.025 [JavaFX Application Thread] DEBUG GameApplicationServi - Removing overlay from CutsceneScene and adding to GameScene
17:06:16.026 [JavaFX Application Thread] DEBUG PrimaryStageWindow   - GameScene <- CutsceneScene
17:06:17.921 [JavaFX Application Thread] WARN  FXGLAssetLoaderServi - Asset "/assets/text/elias.txt" was not found!
17:06:17.921 [JavaFX Application Thread] WARN  FXGLAssetLoaderServi - Failed to load TEXT
17:06:17.921 [JavaFX Application Thread] DEBUG PrimaryStageWindow   - Push state: CutsceneScene
17:06:17.921 [JavaFX Application Thread] DEBUG Input                - Clearing active input actions
17:06:17.922 [JavaFX Application Thread] DEBUG GameApplicationServi - Removing overlay from GameScene and adding to CutsceneScene
17:06:17.922 [JavaFX Application Thread] DEBUG PrimaryStageWindow   - GameScene -> CutsceneScene
17:06:18.345 [JavaFX Application Thread] DEBUG PrimaryStageWindow   - Pop state: CutsceneScene
17:06:18.345 [JavaFX Application Thread] DEBUG Input                - Clearing active input actions
17:06:18.345 [JavaFX Application Thread] DEBUG GameApplicationServi - Removing overlay from CutsceneScene and adding to GameScene
17:06:18.345 [JavaFX Application Thread] DEBUG PrimaryStageWindow   - GameScene <- CutsceneScene
17:06:56.429 [JavaFX Application Thread] DEBUG LoopRunner           - Stopping loop
17:06:56.472 [JavaFX Application Thread] FATAL FXGLApplication      - Uncaught Exception:
java.lang.NullPointerException: Cannot invoke "com.almasb.fxgl.entity.Entity.getComponent(java.lang.Class)" because "boss" is null
	at com.xen.rzlgame.rzl/com.xen.rzlgame.rzl.Handlers.ComponentHandler.linkBossComponents(ComponentHandler.java:32)
	at com.xen.rzlgame.rzl/com.xen.rzlgame.rzl.HelloApplication.onUpdate(HelloApplication.java:65)
	at com.almasb.fxgl.all@21.1/com.almasb.fxgl.app.FXGLApplication$GameApplicationService.onGameUpdate(FXGLApplication.kt:440)
	at com.almasb.fxgl.all@21.1/com.almasb.fxgl.app.Engine.onGameUpdate(Engine.kt:138)
	at com.almasb.fxgl.all@21.1/com.almasb.fxgl.app.FXGLApplication.postServicesInit$lambda$7(FXGLApplication.kt:184)
	at com.almasb.fxgl.scene@21.1/com.almasb.fxgl.scene.Scene.update(Scene.kt:113)
	at com.almasb.fxgl.all@21.1/com.almasb.fxgl.app.MainWindow$update$1.invoke(MainWindow.kt:121)
	at com.almasb.fxgl.all@21.1/com.almasb.fxgl.app.MainWindow$update$1.invoke(MainWindow.kt:121)
	at com.almasb.fxgl.core@21.1/com.almasb.fxgl.core.fsm.StateMachine.runOnActiveStates(StateMachine.kt:69)
	at com.almasb.fxgl.all@21.1/com.almasb.fxgl.app.MainWindow.update(MainWindow.kt:121)
	at com.almasb.fxgl.all@21.1/com.almasb.fxgl.app.FXGLApplication$GameApplicationService.onUpdate(FXGLApplication.kt:445)
	at com.almasb.fxgl.all@21.1/com.almasb.fxgl.app.Engine.loop(Engine.kt:134)
	at com.almasb.fxgl.all@21.1/com.almasb.fxgl.app.Engine.access$loop(Engine.kt:24)
	at com.almasb.fxgl.all@21.1/com.almasb.fxgl.app.Engine$loop$1.invoke(Engine.kt:28)
	at com.almasb.fxgl.all@21.1/com.almasb.fxgl.app.Engine$loop$1.invoke(Engine.kt:28)
	at com.almasb.fxgl.all@21.1/com.almasb.fxgl.app.LoopRunner.frame(LoopRunner.kt:103)
	at com.almasb.fxgl.all@21.1/com.almasb.fxgl.app.LoopRunner.access$frame(LoopRunner.kt:23)
	at com.almasb.fxgl.all@21.1/com.almasb.fxgl.app.LoopRunner$impl$2$1.onTick(LoopRunner.kt:57)
	at com.almasb.fxgl.all@21.1/com.almasb.fxgl.app.AnimationTimerLoop$timer$1.handle(LoopRunner.kt:137)
	at javafx.graphics@21/javafx.animation.AnimationTimer$AnimationTimerReceiver.lambda$handle$0(AnimationTimer.java:58)
	at java.base/java.security.AccessController.doPrivileged(AccessController.java:400)
	at javafx.graphics@21/javafx.animation.AnimationTimer$AnimationTimerReceiver.handle(AnimationTimer.java:57)
	at javafx.graphics@21/com.sun.scenario.animation.AbstractPrimaryTimer.timePulseImpl(AbstractPrimaryTimer.java:356)
	at javafx.graphics@21/com.sun.scenario.animation.AbstractPrimaryTimer$MainLoop.run(AbstractPrimaryTimer.java:266)
	at javafx.graphics@21/com.sun.javafx.tk.quantum.QuantumToolkit.pulse(QuantumToolkit.java:588)
	at javafx.graphics@21/com.sun.javafx.tk.quantum.QuantumToolkit.pulse(QuantumToolkit.java:572)
	at javafx.graphics@21/com.sun.javafx.tk.quantum.QuantumToolkit.pulseFromQueue(QuantumToolkit.java:565)
	at javafx.graphics@21/com.sun.javafx.tk.quantum.QuantumToolkit.lambda$runToolkit$11(QuantumToolkit.java:352)
	at javafx.graphics@21/com.sun.glass.ui.InvokeLaterDispatcher$Future.run(InvokeLaterDispatcher.java:95)
	at javafx.graphics@21/com.sun.glass.ui.win.WinApplication._runLoop(Native Method)
	at javafx.graphics@21/com.sun.glass.ui.win.WinApplication.lambda$runLoop$3(WinApplication.java:185)
	at java.base/java.lang.Thread.run(Thread.java:1583)

17:06:56.473 [JavaFX Application Thread] FATAL FXGLApplication      - Application will now exit
17:06:56.490 [JavaFX Application Thread] DEBUG PrimaryStageWindow   - Push state: ErrorSubScene
17:06:56.490 [JavaFX Application Thread] DEBUG Input                - Clearing active input actions
17:06:56.493 [JavaFX Application Thread] DEBUG GameApplicationServi - Removing overlay from GameScene and adding to ErrorSubScene
17:06:56.493 [JavaFX Application Thread] DEBUG PrimaryStageWindow   - GameScene -> ErrorSubScene
17:06:56.990 [JavaFX Application Thread] DEBUG FXGLApplication      - Exiting FXGL
17:06:56.990 [JavaFX Application Thread] DEBUG Async                - Shutting down background threads
17:06:56.990 [JavaFX Application Thread] DEBUG PrimaryStageWindow   - Closing main window
17:06:57.006 [JavaFX Application Thread] DEBUG Logger               - Closing Logger
