13:04:35.067 [main                     ] DEBUG Logger               - Configured Logger
13:04:35.099 [main                     ] DEBUG GameApplication      - Logging settings
Title: Untitled
Version: 0.0
Width: 800
Height: 600
Fullscreen: false
Intro: false
Profiling: false
Single step:false
App Mode: DEVELOPER
Menu Key: ESCAPE
Stage Style: DECORATED
Scene Factory: class com.almasb.fxgl.app.scene.SceneFactory

13:04:35.373 [JavaFX Application Thread] DEBUG FXGLApplication      - Initializing FXGL
13:04:35.376 [JavaFX Application Thread] INFO  Engine               - FXGL-21.1 (27.03.2024 07.52) on WINDOWS (J:21.0.3 FX:21)
13:04:35.376 [JavaFX Application Thread] DEBUG Engine               - JRE Vendor Name: Oracle Corporation
13:04:35.377 [JavaFX Application Thread] DEBUG Engine               - Running on OS: Windows 11 version 10.0
13:04:35.377 [JavaFX Application Thread] DEBUG Engine               - Architecture: amd64
13:04:35.377 [JavaFX Application Thread] INFO  Engine               - Source code and latest versions at: https://github.com/AlmasB/FXGL
13:04:35.377 [JavaFX Application Thread] INFO  Engine               -       Ask questions and discuss at: https://github.com/AlmasB/FXGL/discussions
13:04:35.377 [JavaFX Application Thread] INFO  Engine               -              Join the FXGL chat at: https://gitter.im/AlmasB/FXGL
13:04:35.438 [JavaFX Application Thread] DEBUG PrimaryStageWindow   - Creating a JavaFX scene
13:04:35.475 [JavaFX Application Thread] DEBUG PrimaryStageWindow   - Target settings size: 800.0 x 600.0
13:04:35.475 [JavaFX Application Thread] DEBUG PrimaryStageWindow   - Scaled scene size:    800.0 x 600.0
13:04:35.476 [JavaFX Application Thread] DEBUG PrimaryStageWindow   - Scaled ratio: (1.0, 1.0)
13:04:35.476 [JavaFX Application Thread] DEBUG PrimaryStageWindow   - Set initial scene to FXGLStartupScene
13:04:35.478 [JavaFX Application Thread] DEBUG PrimaryStageWindow   - Opening main window
13:04:35.546 [JavaFX Application Thread] DEBUG PrimaryStageWindow   - Window border size: (14.4000244140625, 37.5999755859375)
13:04:35.547 [JavaFX Application Thread] DEBUG PrimaryStageWindow   - Scaled size: 800.0 x 600.0
13:04:35.547 [JavaFX Application Thread] DEBUG PrimaryStageWindow   - Scaled ratio: (1.0, 1.0)
13:04:35.547 [JavaFX Application Thread] DEBUG PrimaryStageWindow   - Scene size: 800.0 x 600.0
13:04:35.547 [JavaFX Application Thread] DEBUG PrimaryStageWindow   - Stage size: 814.4000244140625 x 637.5999755859375
13:04:35.553 [FXGL Background Thread 1 ] DEBUG Engine               - Initializing environment variables
13:04:35.605 [FXGL Background Thread 1 ] DEBUG FXGLAssetLoaderServi - User app class for loading assets: class com.xen.rzlgame.rzl.HelloApplication
13:04:35.605 [FXGL Background Thread 1 ] DEBUG GameApplicationServi - Applying CSS: fxgl_dark.css
13:04:35.606 [FXGL Background Thread 1 ] DEBUG FXGLAssetLoaderServi - Loading from file system: jar:file:///C:/Users/acer/.m2/repository/com/github/almasb/fxgl/21.1/fxgl-21.1.jar!/fxglassets/ui/css/fxgl_dark.css
13:04:35.648 [FXGL Background Thread 1 ] DEBUG GameApplicationServi - Initializing application scenes
13:04:35.705 [FXGL Background Thread 1 ] DEBUG GameWorld            - Game world initialized
13:04:35.754 [FXGL Background Thread 1 ] DEBUG PhysicsWorld         - Physics world initialized: appHeight=600, physics.ppm=50.0
13:04:35.754 [FXGL Background Thread 1 ] DEBUG PhysicsWorld         - Using strategy: BRUTE_FORCE
13:04:35.757 [FXGL Background Thread 1 ] DEBUG GameScene            - Game scene initialized: 800x600
13:04:35.765 [FXGL Background Thread 1 ] DEBUG FXGL.DefaultMenu     - createMenuBodyGameMenu()
13:04:35.772 [FXGL Background Thread 1 ] DEBUG FXGL.DefaultMenu     - createOptionsMenu()
13:04:35.780 [FXGL Background Thread 1 ] DEBUG FXGLAssetLoaderServi - Loading from file system: jar:file:///C:/Users/acer/.m2/repository/com/github/almasb/fxgl/21.1/fxgl-21.1.jar!/fxglassets/textures/particles/smoke.png
13:04:35.878 [FXGL Background Thread 1 ] DEBUG FXGLAssetLoaderServi - Loading from file system: jar:file:///C:/Users/acer/.m2/repository/com/github/almasb/fxgl/21.1/fxgl-21.1.jar!/fxglassets/textures/particles/trace_horizontal.png
13:04:35.897 [FXGL Background Thread 1 ] DEBUG GameApplicationServi - Application scenes initialized
13:04:35.908 [FXGL Background Thread 1 ] DEBUG SystemBundleService  - Loading FXGL system data
13:04:35.911 [FXGL Background Thread 1 ] DEBUG FileSystemAccess     - Reading from: C:\Users\acer\IdeaProjects\RZL\system\fxgl.bundle
13:04:35.918 [FXGL Background Thread 1 ] DEBUG SystemBundleService  - Bundle FXGL: {}
13:04:35.918 [FXGL Background Thread 1 ] DEBUG UpdaterService       - Checking for updates
13:04:35.921 [FXGL Background Thread 4 ] DEBUG FXGLApplication      - Loading fonts
13:04:35.921 [FXGL Background Thread 4 ] DEBUG FXGLAssetLoaderServi - Loading from file system: jar:file:///C:/Users/acer/.m2/repository/com/github/almasb/fxgl/21.1/fxgl-21.1.jar!/fxglassets/ui/fonts/VarelaRound-Regular.ttf
13:04:35.923 [FXGL Background Thread 1 ] DEBUG FXGLApplication      - Loading default localization
13:04:35.923 [FXGL Background Thread 1 ] DEBUG FXGLAssetLoaderServi - Loading from file system: jar:file:///C:/Users/acer/.m2/repository/com/github/almasb/fxgl/21.1/fxgl-21.1.jar!/fxglassets/languages/english.lang
13:04:35.952 [FXGL Background Thread 4 ] DEBUG FXGLAssetLoaderServi - Loading from file system: jar:file:///C:/Users/acer/.m2/repository/com/github/almasb/fxgl/21.1/fxgl-21.1.jar!/fxglassets/ui/fonts/Abel-Regular.ttf
13:04:35.954 [FXGL Background Thread 4 ] DEBUG FXGLAssetLoaderServi - Loading from file system: jar:file:///C:/Users/acer/.m2/repository/com/github/almasb/fxgl/21.1/fxgl-21.1.jar!/fxglassets/ui/fonts/TerminalLandMono-Regular.otf
13:04:35.957 [FXGL Background Thread 4 ] DEBUG FXGLAssetLoaderServi - Loading from file system: jar:file:///C:/Users/acer/.m2/repository/com/github/almasb/fxgl/21.1/fxgl-21.1.jar!/fxglassets/ui/fonts/Courier-Prime.ttf
13:04:35.964 [FXGL Background Thread 1 ] INFO  FXGLApplication      - FXGL initialization took: 0.410 sec
13:04:35.964 [JavaFX Application Thread] DEBUG FXGLAssetLoaderServi - Loading from file system: jar:file:///C:/Users/acer/.m2/repository/com/github/almasb/fxgl/21.1/fxgl-21.1.jar!/fxglassets/textures/fxgl_icon.png
13:04:35.981 [JavaFX Application Thread] DEBUG FXGLAssetLoaderServi - Loading from file system: jar:file:///C:/Users/acer/.m2/repository/com/github/almasb/fxgl/21.1/fxgl-21.1.jar!/fxglassets/textures/fxgl_default_cursor.png
13:04:35.998 [JavaFX Application Thread] DEBUG Input                - Registered new binding: Screenshot - CTRL+8
13:04:35.999 [JavaFX Application Thread] DEBUG Input                - Registered new binding: System info dump - CTRL+9
13:04:35.999 [JavaFX Application Thread] DEBUG Input                - Registered new binding: Restart - CTRL+R
13:04:36.001 [JavaFX Application Thread] DEBUG Input                - Registered new binding: Toggle Debug Camera - CTRL+7
13:04:36.006 [JavaFX Application Thread] DEBUG LoopRunner           - Starting loop
13:04:36.006 [JavaFX Application Thread] DEBUG LoopRunner           - Initializing JavaFX AnimationTimerLoop
13:04:36.009 [JavaFX Application Thread] DEBUG GameApplicationServi - Starting new game
13:04:36.009 [JavaFX Application Thread] DEBUG Input                - Clearing active input actions
13:04:36.022 [JavaFX Application Thread] DEBUG GameApplicationServi - Removing overlay from FXGLStartupScene and adding to FXGLLoadingScene
13:04:36.022 [JavaFX Application Thread] DEBUG PrimaryStageWindow   - FXGLStartupScene -> FXGLLoadingScene
13:04:36.022 [JavaFX Application Thread] DEBUG GameApplicationServi - Clearing previous game
13:04:36.022 [JavaFX Application Thread] DEBUG GameScene            - Clearing game scene
13:04:36.022 [JavaFX Application Thread] DEBUG GameWorld            - Clearing game world
13:04:36.022 [JavaFX Application Thread] DEBUG PhysicsWorld         - Clearing physics world
13:04:36.025 [FXGL Background Thread 4 ] DEBUG FXGLApplication      - Initializing game
13:04:36.025 [JavaFX Application Thread] DEBUG FXGLApplication      - Registering font factories with UI factory
13:04:36.109 [FXGL Background Thread 4 ] WARN  GameWorld            - Entity is already attached to world
13:04:36.112 [FXGL Background Thread 4 ] WARN  GameWorld            - Entity is already attached to world
13:04:36.113 [FXGL Background Thread 4 ] WARN  GameWorld            - Entity is already attached to world
13:04:36.114 [FXGL Background Thread 4 ] WARN  Entity               - Entity already has component: com.almasb.fxgl.entity.components.CollidableComponent
13:04:36.114 [FXGL Background Thread 4 ] WARN  GameWorld            - Entity is already attached to world
13:04:36.127 [FXGL Background Thread 4 ] DEBUG Input                - Registered new binding: Move A - A
13:04:36.128 [FXGL Background Thread 4 ] DEBUG Input                - Registered new binding: Move D - D
13:04:36.132 [FXGL Background Thread 4 ] DEBUG Input                - Registered new binding: Player Attack - LMB
13:04:36.132 [FXGL Background Thread 4 ] DEBUG Input                - Registered new binding: Player Parry - RMB
13:04:36.133 [FXGL Background Thread 4 ] DEBUG Input                - Registered new binding: Jump - Space
13:04:36.135 [FXGL Background Thread 4 ] DEBUG Input                - Registered new binding: Interact - Z
13:04:36.136 [FXGL Background Thread 4 ] INFO  FXGLApplication      - Game initialization took: 0.111 sec
13:04:36.174 [JavaFX Application Thread] DEBUG Input                - Clearing active input actions
13:04:36.181 [JavaFX Application Thread] DEBUG GameApplicationServi - Removing overlay from FXGLLoadingScene and adding to GameScene
13:04:36.181 [JavaFX Application Thread] DEBUG PrimaryStageWindow   - FXGLLoadingScene -> GameScene
13:04:36.690 [JavaFX Application Thread] DEBUG FXGLAssetLoaderServi - Loading from file system: file:/C:/Users/acer/IdeaProjects/RZL/target/classes/assets/text/maria.txt
13:04:36.695 [JavaFX Application Thread] DEBUG Input                - Registered new binding: Next RPG Line - Enter
13:04:36.696 [JavaFX Application Thread] DEBUG PrimaryStageWindow   - Push state: CutsceneScene
13:04:36.696 [JavaFX Application Thread] DEBUG Input                - Clearing active input actions
13:04:36.697 [JavaFX Application Thread] DEBUG GameApplicationServi - Removing overlay from GameScene and adding to CutsceneScene
13:04:36.698 [JavaFX Application Thread] DEBUG PrimaryStageWindow   - GameScene -> CutsceneScene
13:04:38.921 [FXGL Background Thread 3 ] DEBUG Engine               - Logging environment variables
13:04:38.922 [FXGL Background Thread 3 ] DEBUG Engine               - achievements: []
13:04:38.922 [FXGL Background Thread 3 ] DEBUG Engine               - actualHeight: 600.0
13:04:38.922 [FXGL Background Thread 3 ] DEBUG Engine               - actualHeightProperty: ReadOnlyDoubleProperty [value: 600.0]
13:04:38.922 [FXGL Background Thread 3 ] DEBUG Engine               - actualWidth: 800.0
13:04:38.922 [FXGL Background Thread 3 ] DEBUG Engine               - actualWidthProperty: ReadOnlyDoubleProperty [value: 800.0]
13:04:38.922 [FXGL Background Thread 3 ] DEBUG Engine               - appIcon: fxgl_icon.png
13:04:38.923 [FXGL Background Thread 3 ] DEBUG Engine               - applicationMode: DEVELOPER
13:04:38.923 [FXGL Background Thread 3 ] DEBUG Engine               - cSSList: [fxgl_dark.css]
13:04:38.923 [FXGL Background Thread 3 ] DEBUG Engine               - collisionDetectionStrategy: BRUTE_FORCE
13:04:38.923 [FXGL Background Thread 3 ] DEBUG Engine               - configClass: Optional.empty
13:04:38.923 [FXGL Background Thread 3 ] DEBUG Engine               - credits: []
13:04:38.923 [FXGL Background Thread 3 ] DEBUG Engine               - defaultCursor: CursorInfo(imageName=fxgl_default_cursor.png, hotspotX=7.0, hotspotY=6.0)
13:04:38.924 [FXGL Background Thread 3 ] DEBUG Engine               - devBBoxColorProperty: ObjectProperty [value: 0xff0000ff]
13:04:38.924 [FXGL Background Thread 3 ] DEBUG Engine               - devEnableDebugCameraProperty: BooleanProperty [value: false]
13:04:38.924 [FXGL Background Thread 3 ] DEBUG Engine               - devSensorColorProperty: ObjectProperty [value: 0xffff00ff]
13:04:38.924 [FXGL Background Thread 3 ] DEBUG Engine               - devShowBBoxProperty: BooleanProperty [value: false]
13:04:38.925 [FXGL Background Thread 3 ] DEBUG Engine               - devShowPositionProperty: BooleanProperty [value: false]
13:04:38.925 [FXGL Background Thread 3 ] DEBUG Engine               - enabledMenuItems: []
13:04:38.925 [FXGL Background Thread 3 ] DEBUG Engine               - engineServices: [class com.almasb.fxgl.app.services.FXGLAssetLoaderService, class com.almasb.fxgl.app.FXGLApplication$GameApplicationService, class com.almasb.fxgl.app.services.FXGLDialogService, class com.almasb.fxgl.app.services.IOTaskExecutorService, class com.almasb.fxgl.io.FileSystemService, class com.almasb.fxgl.localization.LocalizationService, class com.almasb.fxgl.app.services.SystemBundleService, class com.almasb.fxgl.profile.SaveLoadService, class com.almasb.fxgl.ui.FXGLUIFactoryServiceProvider, class com.almasb.fxgl.ui.FXGLDialogFactoryServiceProvider, class com.almasb.fxgl.audio.AudioPlayer, class com.almasb.fxgl.notification.impl.NotificationServiceProvider, class com.almasb.fxgl.achievement.AchievementService, class com.almasb.fxgl.cutscene.CutsceneService, class com.almasb.fxgl.minigames.MiniGameService, class com.almasb.fxgl.net.NetService, class com.almasb.fxgl.app.services.UpdaterService, class com.almasb.fxgl.dev.DevService]
13:04:38.925 [FXGL Background Thread 3 ] DEBUG Engine               - fontGame: Abel-Regular.ttf
13:04:38.925 [FXGL Background Thread 3 ] DEBUG Engine               - fontMono: TerminalLandMono-Regular.otf
13:04:38.925 [FXGL Background Thread 3 ] DEBUG Engine               - fontSizeScaleUI: 1.0
13:04:38.925 [FXGL Background Thread 3 ] DEBUG Engine               - fontText: Courier-Prime.ttf
13:04:38.925 [FXGL Background Thread 3 ] DEBUG Engine               - fontUI: VarelaRound-Regular.ttf
13:04:38.925 [FXGL Background Thread 3 ] DEBUG Engine               - fullScreen: BooleanProperty [value: false]
13:04:38.925 [FXGL Background Thread 3 ] DEBUG Engine               - gameDifficulty: MEDIUM
13:04:38.925 [FXGL Background Thread 3 ] DEBUG Engine               - gameDifficultyProperty: ObjectProperty [value: MEDIUM]
13:04:38.925 [FXGL Background Thread 3 ] DEBUG Engine               - globalMusicVolume: 0.5
13:04:38.925 [FXGL Background Thread 3 ] DEBUG Engine               - globalMusicVolumeProperty: DoubleProperty [value: 0.5]
13:04:38.925 [FXGL Background Thread 3 ] DEBUG Engine               - globalSoundVolume: 0.5
13:04:38.925 [FXGL Background Thread 3 ] DEBUG Engine               - globalSoundVolumeProperty: DoubleProperty [value: 0.5]
13:04:38.925 [FXGL Background Thread 3 ] DEBUG Engine               - height: 600
13:04:38.925 [FXGL Background Thread 3 ] DEBUG Engine               - is3D: false
13:04:38.925 [FXGL Background Thread 3 ] DEBUG Engine               - isAndroid: false
13:04:38.925 [FXGL Background Thread 3 ] DEBUG Engine               - isBrowser: false
13:04:38.925 [FXGL Background Thread 3 ] DEBUG Engine               - isClickFeedbackEnabled: false
13:04:38.926 [FXGL Background Thread 3 ] DEBUG Engine               - isCloseConfirmation: false
13:04:38.926 [FXGL Background Thread 3 ] DEBUG Engine               - isDesktop: true
13:04:38.926 [FXGL Background Thread 3 ] DEBUG Engine               - isDeveloperMenuEnabled: false
13:04:38.926 [FXGL Background Thread 3 ] DEBUG Engine               - isEmbedded: false
13:04:38.926 [FXGL Background Thread 3 ] DEBUG Engine               - isEntityPreloadEnabled: true
13:04:38.926 [FXGL Background Thread 3 ] DEBUG Engine               - isExperimentalTiledLargeMap: false
13:04:38.926 [FXGL Background Thread 3 ] DEBUG Engine               - isFileSystemWriteAllowed: true
13:04:38.926 [FXGL Background Thread 3 ] DEBUG Engine               - isFullScreenAllowed: false
13:04:38.926 [FXGL Background Thread 3 ] DEBUG Engine               - isFullScreenFromStart: false
13:04:38.926 [FXGL Background Thread 3 ] DEBUG Engine               - isGameMenuEnabled: true
13:04:38.926 [FXGL Background Thread 3 ] DEBUG Engine               - isIOS: false
13:04:38.927 [FXGL Background Thread 3 ] DEBUG Engine               - isIntroEnabled: false
13:04:38.927 [FXGL Background Thread 3 ] DEBUG Engine               - isLinux: false
13:04:38.927 [FXGL Background Thread 3 ] DEBUG Engine               - isMac: false
13:04:38.927 [FXGL Background Thread 3 ] DEBUG Engine               - isMainMenuEnabled: false
13:04:38.927 [FXGL Background Thread 3 ] DEBUG Engine               - isManualResizeEnabled: false
13:04:38.927 [FXGL Background Thread 3 ] DEBUG Engine               - isMobile: false
13:04:38.927 [FXGL Background Thread 3 ] DEBUG Engine               - isNative: false
13:04:38.927 [FXGL Background Thread 3 ] DEBUG Engine               - isPauseMusicWhenMinimized: true
13:04:38.927 [FXGL Background Thread 3 ] DEBUG Engine               - isPreserveResizeRatio: false
13:04:38.927 [FXGL Background Thread 3 ] DEBUG Engine               - isProfilingEnabled: false
13:04:38.927 [FXGL Background Thread 3 ] DEBUG Engine               - isScaleAffectedOnResize: true
13:04:38.927 [FXGL Background Thread 3 ] DEBUG Engine               - isSingleStep: false
13:04:38.927 [FXGL Background Thread 3 ] DEBUG Engine               - isUserProfileEnabled: false
13:04:38.927 [FXGL Background Thread 3 ] DEBUG Engine               - isWindows: true
13:04:38.927 [FXGL Background Thread 3 ] DEBUG Engine               - language: ObjectProperty [value: ENGLISH]
13:04:38.927 [FXGL Background Thread 3 ] DEBUG Engine               - menuKey: ESCAPE
13:04:38.927 [FXGL Background Thread 3 ] DEBUG Engine               - mouseSensitivity: 0.2
13:04:38.927 [FXGL Background Thread 3 ] DEBUG Engine               - notificationViewClass: class com.almasb.fxgl.notification.view.XboxNotificationView
13:04:38.927 [FXGL Background Thread 3 ] DEBUG Engine               - pixelsPerMeter: 50.0
13:04:38.927 [FXGL Background Thread 3 ] DEBUG Engine               - platform: WINDOWS
13:04:38.927 [FXGL Background Thread 3 ] DEBUG Engine               - prefHeightProperty: ReadOnlyDoubleProperty [value: 600.0]
13:04:38.927 [FXGL Background Thread 3 ] DEBUG Engine               - prefWidthProperty: ReadOnlyDoubleProperty [value: 800.0]
13:04:38.927 [FXGL Background Thread 3 ] DEBUG Engine               - profileDir: profiles/
13:04:38.927 [FXGL Background Thread 3 ] DEBUG Engine               - profileName: StringProperty [value: DEFAULT]
13:04:38.927 [FXGL Background Thread 3 ] DEBUG Engine               - randomSeed: -1
13:04:38.927 [FXGL Background Thread 3 ] DEBUG Engine               - runtimeInfo: RuntimeInfo(platform=WINDOWS, version=21.1, build=27.03.2024 07.52)
13:04:38.927 [FXGL Background Thread 3 ] DEBUG Engine               - saveFileExt: sav
13:04:38.927 [FXGL Background Thread 3 ] DEBUG Engine               - scaledHeightProp$fxgl: DoubleProperty [bound, value: 600.0]
13:04:38.927 [FXGL Background Thread 3 ] DEBUG Engine               - scaledWidthProp$fxgl: DoubleProperty [bound, value: 800.0]
13:04:38.927 [FXGL Background Thread 3 ] DEBUG Engine               - sceneFactory: com.almasb.fxgl.app.scene.SceneFactory@19c90e3b
13:04:38.927 [FXGL Background Thread 3 ] DEBUG Engine               - secondsIn24h: 60
13:04:38.927 [FXGL Background Thread 3 ] DEBUG Engine               - soundMenuBack: menu/back.wav
13:04:38.927 [FXGL Background Thread 3 ] DEBUG Engine               - soundMenuPress: menu/press.wav
13:04:38.927 [FXGL Background Thread 3 ] DEBUG Engine               - soundMenuSelect: menu/select.wav
13:04:38.927 [FXGL Background Thread 3 ] DEBUG Engine               - soundNotification: core/notification.wav
13:04:38.927 [FXGL Background Thread 3 ] DEBUG Engine               - stageStyle: DECORATED
13:04:38.928 [FXGL Background Thread 3 ] DEBUG Engine               - supportedLanguages: [ENGLISH, FRENCH, GERMAN, HUNGARIAN, RUSSIAN]
13:04:38.928 [FXGL Background Thread 3 ] DEBUG Engine               - ticksPerSecond: -1
13:04:38.928 [FXGL Background Thread 3 ] DEBUG Engine               - title: Untitled
13:04:38.928 [FXGL Background Thread 3 ] DEBUG Engine               - urlGithub: https://github.com/AlmasB/FXGL
13:04:38.928 [FXGL Background Thread 3 ] DEBUG Engine               - urlLeaderboard: http://fxgl-top.herokuapp.com/
13:04:38.928 [FXGL Background Thread 3 ] DEBUG Engine               - urlPOM: https://raw.githubusercontent.com/AlmasB/FXGL/release/README.md
13:04:38.928 [FXGL Background Thread 3 ] DEBUG Engine               - userAppClass: class com.xen.rzlgame.rzl.HelloApplication
13:04:38.928 [FXGL Background Thread 3 ] DEBUG Engine               - version: 0.0
13:04:38.928 [FXGL Background Thread 3 ] DEBUG Engine               - versionCheckDays: 7
13:04:38.928 [FXGL Background Thread 3 ] DEBUG Engine               - width: 800
13:04:38.928 [FXGL Background Thread 3 ] DEBUG Engine               - Logging services
13:04:38.928 [FXGL Background Thread 3 ] DEBUG Engine               - class com.almasb.fxgl.app.services.FXGLAssetLoaderService
13:04:38.928 [FXGL Background Thread 3 ] DEBUG Engine               - class com.almasb.fxgl.app.FXGLApplication$GameApplicationService
13:04:38.928 [FXGL Background Thread 3 ] DEBUG Engine               - class com.almasb.fxgl.app.services.FXGLDialogService
13:04:38.928 [FXGL Background Thread 3 ] DEBUG Engine               - class com.almasb.fxgl.app.services.IOTaskExecutorService
13:04:38.928 [FXGL Background Thread 3 ] DEBUG Engine               - class com.almasb.fxgl.io.FileSystemService
13:04:38.928 [FXGL Background Thread 3 ] DEBUG Engine               - class com.almasb.fxgl.localization.LocalizationService
13:04:38.928 [FXGL Background Thread 3 ] DEBUG Engine               - class com.almasb.fxgl.app.services.SystemBundleService
13:04:38.928 [FXGL Background Thread 3 ] DEBUG Engine               - class com.almasb.fxgl.profile.SaveLoadService
13:04:38.928 [FXGL Background Thread 3 ] DEBUG Engine               - class com.almasb.fxgl.ui.FXGLUIFactoryServiceProvider
13:04:38.928 [FXGL Background Thread 3 ] DEBUG Engine               - class com.almasb.fxgl.ui.FXGLDialogFactoryServiceProvider
13:04:38.928 [FXGL Background Thread 3 ] DEBUG Engine               - class com.almasb.fxgl.audio.AudioPlayer
13:04:38.928 [FXGL Background Thread 3 ] DEBUG Engine               - class com.almasb.fxgl.notification.impl.NotificationServiceProvider
13:04:38.928 [FXGL Background Thread 3 ] DEBUG Engine               - class com.almasb.fxgl.achievement.AchievementService
13:04:38.928 [FXGL Background Thread 3 ] DEBUG Engine               - class com.almasb.fxgl.cutscene.CutsceneService
13:04:38.928 [FXGL Background Thread 3 ] DEBUG Engine               - class com.almasb.fxgl.minigames.MiniGameService
13:04:38.928 [FXGL Background Thread 3 ] DEBUG Engine               - class com.almasb.fxgl.net.NetService
13:04:38.928 [FXGL Background Thread 3 ] DEBUG Engine               - class com.almasb.fxgl.app.services.UpdaterService
13:04:38.928 [FXGL Background Thread 3 ] DEBUG Engine               - class com.almasb.fxgl.dev.DevService
13:04:41.061 [JavaFX Application Thread] DEBUG PrimaryStageWindow   - Pop state: CutsceneScene
13:04:41.061 [JavaFX Application Thread] DEBUG Input                - Clearing active input actions
13:04:41.061 [JavaFX Application Thread] DEBUG GameApplicationServi - Removing overlay from CutsceneScene and adding to GameScene
13:04:41.062 [JavaFX Application Thread] DEBUG PrimaryStageWindow   - GameScene <- CutsceneScene
13:04:42.617 [JavaFX Application Thread] WARN  FXGLAssetLoaderServi - Asset "/assets/text/elias.txt" was not found!
13:04:42.617 [JavaFX Application Thread] WARN  FXGLAssetLoaderServi - Failed to load TEXT
13:04:42.617 [JavaFX Application Thread] DEBUG PrimaryStageWindow   - Push state: CutsceneScene
13:04:42.617 [JavaFX Application Thread] DEBUG Input                - Clearing active input actions
13:04:42.618 [JavaFX Application Thread] DEBUG GameApplicationServi - Removing overlay from GameScene and adding to CutsceneScene
13:04:42.618 [JavaFX Application Thread] DEBUG PrimaryStageWindow   - GameScene -> CutsceneScene
13:04:44.694 [JavaFX Application Thread] DEBUG PrimaryStageWindow   - Pop state: CutsceneScene
13:04:44.694 [JavaFX Application Thread] DEBUG Input                - Clearing active input actions
13:04:44.694 [JavaFX Application Thread] DEBUG GameApplicationServi - Removing overlay from CutsceneScene and adding to GameScene
13:04:44.694 [JavaFX Application Thread] DEBUG PrimaryStageWindow   - GameScene <- CutsceneScene
13:04:54.632 [JavaFX Application Thread] DEBUG FXGLApplication      - Exiting FXGL
13:04:54.633 [JavaFX Application Thread] DEBUG LoopRunner           - Stopping loop
13:04:54.633 [JavaFX Application Thread] DEBUG SystemBundleService  - Saving FXGL system data
13:04:54.634 [JavaFX Application Thread] DEBUG FileSystemAccess     - Writing to: C:\Users\acer\IdeaProjects\RZL\system\fxgl.bundle
13:04:54.637 [JavaFX Application Thread] DEBUG Async                - Shutting down background threads
13:04:54.637 [JavaFX Application Thread] DEBUG PrimaryStageWindow   - Closing main window
13:04:54.652 [JavaFX Application Thread] DEBUG Logger               - Closing Logger
