19:55:36.629 [main                     ] DEBUG Logger               - Configured Logger
19:55:36.658 [main                     ] DEBUG GameApplication      - Logging settings
Title: Untitled
Version: 0.0
Width: 800
Height: 600
Fullscreen: false
Intro: false
Profiling: false
Single step:false
App Mode: DEVELOPER
Menu Key: ESCAPE
Stage Style: DECORATED
Scene Factory: class com.almasb.fxgl.app.scene.SceneFactory

19:55:36.943 [JavaFX Application Thread] DEBUG FXGLApplication      - Initializing FXGL
19:55:36.947 [JavaFX Application Thread] INFO  Engine               - FXGL-21.1 (27.03.2024 07.52) on WINDOWS (J:21.0.3 FX:21)
19:55:36.947 [JavaFX Application Thread] DEBUG Engine               - JRE Vendor Name: Oracle Corporation
19:55:36.947 [JavaFX Application Thread] DEBUG Engine               - Running on OS: Windows 11 version 10.0
19:55:36.947 [JavaFX Application Thread] DEBUG Engine               - Architecture: amd64
19:55:36.947 [JavaFX Application Thread] INFO  Engine               - Source code and latest versions at: https://github.com/AlmasB/FXGL
19:55:36.947 [JavaFX Application Thread] INFO  Engine               -       Ask questions and discuss at: https://github.com/AlmasB/FXGL/discussions
19:55:36.948 [JavaFX Application Thread] INFO  Engine               -              Join the FXGL chat at: https://gitter.im/AlmasB/FXGL
19:55:37.009 [JavaFX Application Thread] DEBUG PrimaryStageWindow   - Creating a JavaFX scene
19:55:37.045 [JavaFX Application Thread] DEBUG PrimaryStageWindow   - Target settings size: 800.0 x 600.0
19:55:37.045 [JavaFX Application Thread] DEBUG PrimaryStageWindow   - Scaled scene size:    800.0 x 600.0
19:55:37.045 [JavaFX Application Thread] DEBUG PrimaryStageWindow   - Scaled ratio: (1.0, 1.0)
19:55:37.046 [JavaFX Application Thread] DEBUG PrimaryStageWindow   - Set initial scene to FXGLStartupScene
19:55:37.048 [JavaFX Application Thread] DEBUG PrimaryStageWindow   - Opening main window
19:55:37.115 [JavaFX Application Thread] DEBUG PrimaryStageWindow   - Window border size: (14.4000244140625, 37.5999755859375)
19:55:37.115 [JavaFX Application Thread] DEBUG PrimaryStageWindow   - Scaled size: 800.0 x 600.0
19:55:37.115 [JavaFX Application Thread] DEBUG PrimaryStageWindow   - Scaled ratio: (1.0, 1.0)
19:55:37.115 [JavaFX Application Thread] DEBUG PrimaryStageWindow   - Scene size: 800.0 x 600.0
19:55:37.115 [JavaFX Application Thread] DEBUG PrimaryStageWindow   - Stage size: 814.4000244140625 x 637.5999755859375
19:55:37.121 [FXGL Background Thread 1 ] DEBUG Engine               - Initializing environment variables
19:55:37.179 [FXGL Background Thread 1 ] DEBUG FXGLAssetLoaderServi - User app class for loading assets: class com.xen.rzlgame.rzl.HelloApplication
19:55:37.180 [FXGL Background Thread 1 ] DEBUG GameApplicationServi - Applying CSS: fxgl_dark.css
19:55:37.180 [FXGL Background Thread 1 ] DEBUG FXGLAssetLoaderServi - Loading from file system: jar:file:///C:/Users/acer/.m2/repository/com/github/almasb/fxgl/21.1/fxgl-21.1.jar!/fxglassets/ui/css/fxgl_dark.css
19:55:37.225 [FXGL Background Thread 1 ] DEBUG GameApplicationServi - Initializing application scenes
19:55:37.284 [FXGL Background Thread 1 ] DEBUG GameWorld            - Game world initialized
19:55:37.340 [FXGL Background Thread 1 ] DEBUG PhysicsWorld         - Physics world initialized: appHeight=600, physics.ppm=50.0
19:55:37.340 [FXGL Background Thread 1 ] DEBUG PhysicsWorld         - Using strategy: BRUTE_FORCE
19:55:37.344 [FXGL Background Thread 1 ] DEBUG GameScene            - Game scene initialized: 800x600
19:55:37.351 [FXGL Background Thread 1 ] DEBUG FXGL.DefaultMenu     - createMenuBodyGameMenu()
19:55:37.359 [FXGL Background Thread 1 ] DEBUG FXGL.DefaultMenu     - createOptionsMenu()
19:55:37.366 [FXGL Background Thread 1 ] DEBUG FXGLAssetLoaderServi - Loading from file system: jar:file:///C:/Users/acer/.m2/repository/com/github/almasb/fxgl/21.1/fxgl-21.1.jar!/fxglassets/textures/particles/smoke.png
19:55:37.456 [FXGL Background Thread 1 ] DEBUG FXGLAssetLoaderServi - Loading from file system: jar:file:///C:/Users/acer/.m2/repository/com/github/almasb/fxgl/21.1/fxgl-21.1.jar!/fxglassets/textures/particles/trace_horizontal.png
19:55:37.476 [FXGL Background Thread 1 ] DEBUG GameApplicationServi - Application scenes initialized
19:55:37.486 [FXGL Background Thread 1 ] DEBUG SystemBundleService  - Loading FXGL system data
19:55:37.490 [FXGL Background Thread 1 ] DEBUG FileSystemAccess     - Reading from: C:\Users\acer\IdeaProjects\RZL\system\fxgl.bundle
19:55:37.496 [FXGL Background Thread 1 ] DEBUG SystemBundleService  - Bundle FXGL: {}
19:55:37.496 [FXGL Background Thread 1 ] DEBUG UpdaterService       - Checking for updates
19:55:37.520 [FXGL Background Thread 4 ] DEBUG FXGLApplication      - Loading fonts
19:55:37.520 [FXGL Background Thread 4 ] DEBUG FXGLAssetLoaderServi - Loading from file system: jar:file:///C:/Users/acer/.m2/repository/com/github/almasb/fxgl/21.1/fxgl-21.1.jar!/fxglassets/ui/fonts/VarelaRound-Regular.ttf
19:55:37.523 [FXGL Background Thread 1 ] DEBUG FXGLApplication      - Loading default localization
19:55:37.524 [FXGL Background Thread 1 ] DEBUG FXGLAssetLoaderServi - Loading from file system: jar:file:///C:/Users/acer/.m2/repository/com/github/almasb/fxgl/21.1/fxgl-21.1.jar!/fxglassets/languages/english.lang
19:55:37.564 [FXGL Background Thread 4 ] DEBUG FXGLAssetLoaderServi - Loading from file system: jar:file:///C:/Users/acer/.m2/repository/com/github/almasb/fxgl/21.1/fxgl-21.1.jar!/fxglassets/ui/fonts/Abel-Regular.ttf
19:55:37.567 [FXGL Background Thread 4 ] DEBUG FXGLAssetLoaderServi - Loading from file system: jar:file:///C:/Users/acer/.m2/repository/com/github/almasb/fxgl/21.1/fxgl-21.1.jar!/fxglassets/ui/fonts/TerminalLandMono-Regular.otf
19:55:37.571 [FXGL Background Thread 4 ] DEBUG FXGLAssetLoaderServi - Loading from file system: jar:file:///C:/Users/acer/.m2/repository/com/github/almasb/fxgl/21.1/fxgl-21.1.jar!/fxglassets/ui/fonts/Courier-Prime.ttf
19:55:37.571 [FXGL Background Thread 1 ] INFO  FXGLApplication      - FXGL initialization took: 0.451 sec
19:55:37.573 [JavaFX Application Thread] DEBUG FXGLAssetLoaderServi - Loading from file system: jar:file:///C:/Users/acer/.m2/repository/com/github/almasb/fxgl/21.1/fxgl-21.1.jar!/fxglassets/textures/fxgl_icon.png
19:55:37.592 [JavaFX Application Thread] DEBUG FXGLAssetLoaderServi - Loading from file system: jar:file:///C:/Users/acer/.m2/repository/com/github/almasb/fxgl/21.1/fxgl-21.1.jar!/fxglassets/textures/fxgl_default_cursor.png
19:55:37.606 [JavaFX Application Thread] DEBUG Input                - Registered new binding: Screenshot - CTRL+8
19:55:37.607 [JavaFX Application Thread] DEBUG Input                - Registered new binding: Dev Options - 1
19:55:37.607 [JavaFX Application Thread] DEBUG Input                - Registered new binding: Dev Console - 2
19:55:37.608 [JavaFX Application Thread] DEBUG Input                - Registered new binding: System info dump - CTRL+9
19:55:37.609 [JavaFX Application Thread] DEBUG Input                - Registered new binding: Restart - CTRL+R
19:55:37.611 [JavaFX Application Thread] DEBUG Input                - Registered new binding: Toggle Debug Camera - CTRL+7
19:55:37.618 [JavaFX Application Thread] DEBUG LoopRunner           - Starting loop
19:55:37.650 [JavaFX Application Thread] DEBUG LoopRunner           - Initializing JavaFX AnimationTimerLoop
19:55:37.652 [JavaFX Application Thread] DEBUG GameApplicationServi - Starting new game
19:55:37.652 [JavaFX Application Thread] DEBUG Input                - Clearing active input actions
19:55:37.674 [JavaFX Application Thread] DEBUG GameApplicationServi - Removing overlay from FXGLStartupScene and adding to FXGLLoadingScene
19:55:37.676 [JavaFX Application Thread] DEBUG PrimaryStageWindow   - FXGLStartupScene -> FXGLLoadingScene
19:55:37.676 [JavaFX Application Thread] DEBUG GameApplicationServi - Clearing previous game
19:55:37.677 [JavaFX Application Thread] DEBUG GameScene            - Clearing game scene
19:55:37.677 [JavaFX Application Thread] DEBUG GameWorld            - Clearing game world
19:55:37.677 [JavaFX Application Thread] DEBUG PhysicsWorld         - Clearing physics world
19:55:37.679 [FXGL Background Thread 4 ] DEBUG FXGLApplication      - Initializing game
19:55:37.679 [JavaFX Application Thread] DEBUG FXGLApplication      - Registering font factories with UI factory
19:55:37.715 [FXGL Background Thread 4 ] DEBUG FXGLAssetLoaderServi - Loading from file system: file:/C:/Users/acer/IdeaProjects/RZL/target/classes/assets/textures/playerWalk.png
19:55:37.722 [FXGL Background Thread 4 ] DEBUG FXGLAssetLoaderServi - Loading from file system: file:/C:/Users/acer/IdeaProjects/RZL/target/classes/assets/textures/playerJump.png
19:55:37.723 [FXGL Background Thread 4 ] DEBUG FXGLAssetLoaderServi - Loading from file system: file:/C:/Users/acer/IdeaProjects/RZL/target/classes/assets/textures/playerAttack.png
19:55:37.769 [FXGL Background Thread 4 ] WARN  GameWorld            - Entity is already attached to world
19:55:37.772 [FXGL Background Thread 4 ] WARN  GameWorld            - Entity is already attached to world
19:55:37.773 [FXGL Background Thread 4 ] WARN  GameWorld            - Entity is already attached to world
19:55:37.773 [FXGL Background Thread 4 ] WARN  Entity               - Entity already has component: com.almasb.fxgl.entity.components.CollidableComponent
19:55:37.774 [FXGL Background Thread 4 ] WARN  GameWorld            - Entity is already attached to world
19:55:37.787 [FXGL Background Thread 4 ] DEBUG Input                - Registered new binding: Move D - D
19:55:37.787 [FXGL Background Thread 4 ] DEBUG Input                - Registered new binding: Move A - A
19:55:37.792 [FXGL Background Thread 4 ] DEBUG Input                - Registered new binding: Player Attack - LMB
19:55:37.792 [FXGL Background Thread 4 ] DEBUG Input                - Registered new binding: Player Parry - RMB
19:55:37.793 [FXGL Background Thread 4 ] DEBUG Input                - Registered new binding: Jump - Space
19:55:37.795 [FXGL Background Thread 4 ] DEBUG Input                - Registered new binding: Interact - Z
19:55:37.795 [FXGL Background Thread 4 ] INFO  FXGLApplication      - Game initialization took: 0.116 sec
19:55:37.956 [JavaFX Application Thread] DEBUG Input                - Clearing active input actions
19:55:37.963 [JavaFX Application Thread] DEBUG GameApplicationServi - Removing overlay from FXGLLoadingScene and adding to GameScene
19:55:37.967 [JavaFX Application Thread] DEBUG PrimaryStageWindow   - FXGLLoadingScene -> GameScene
19:55:40.517 [FXGL Background Thread 3 ] DEBUG Engine               - Logging environment variables
19:55:40.517 [FXGL Background Thread 3 ] DEBUG Engine               - achievements: []
19:55:40.517 [FXGL Background Thread 3 ] DEBUG Engine               - actualHeight: 600.0
19:55:40.518 [FXGL Background Thread 3 ] DEBUG Engine               - actualHeightProperty: ReadOnlyDoubleProperty [value: 600.0]
19:55:40.518 [FXGL Background Thread 3 ] DEBUG Engine               - actualWidth: 800.0
19:55:40.518 [FXGL Background Thread 3 ] DEBUG Engine               - actualWidthProperty: ReadOnlyDoubleProperty [value: 800.0]
19:55:40.518 [FXGL Background Thread 3 ] DEBUG Engine               - appIcon: fxgl_icon.png
19:55:40.518 [FXGL Background Thread 3 ] DEBUG Engine               - applicationMode: DEVELOPER
19:55:40.518 [FXGL Background Thread 3 ] DEBUG Engine               - cSSList: [fxgl_dark.css]
19:55:40.518 [FXGL Background Thread 3 ] DEBUG Engine               - collisionDetectionStrategy: BRUTE_FORCE
19:55:40.518 [FXGL Background Thread 3 ] DEBUG Engine               - configClass: Optional.empty
19:55:40.518 [FXGL Background Thread 3 ] DEBUG Engine               - credits: []
19:55:40.518 [FXGL Background Thread 3 ] DEBUG Engine               - defaultCursor: CursorInfo(imageName=fxgl_default_cursor.png, hotspotX=7.0, hotspotY=6.0)
19:55:40.518 [FXGL Background Thread 3 ] DEBUG Engine               - devBBoxColorProperty: ObjectProperty [value: 0xff0000ff]
19:55:40.518 [FXGL Background Thread 3 ] DEBUG Engine               - devEnableDebugCameraProperty: BooleanProperty [value: false]
19:55:40.518 [FXGL Background Thread 3 ] DEBUG Engine               - devSensorColorProperty: ObjectProperty [value: 0xffff00ff]
19:55:40.518 [FXGL Background Thread 3 ] DEBUG Engine               - devShowBBoxProperty: BooleanProperty [value: false]
19:55:40.518 [FXGL Background Thread 3 ] DEBUG Engine               - devShowPositionProperty: BooleanProperty [value: false]
19:55:40.518 [FXGL Background Thread 3 ] DEBUG Engine               - enabledMenuItems: []
19:55:40.518 [FXGL Background Thread 3 ] DEBUG Engine               - engineServices: [class com.almasb.fxgl.app.services.FXGLAssetLoaderService, class com.almasb.fxgl.app.FXGLApplication$GameApplicationService, class com.almasb.fxgl.app.services.FXGLDialogService, class com.almasb.fxgl.app.services.IOTaskExecutorService, class com.almasb.fxgl.io.FileSystemService, class com.almasb.fxgl.localization.LocalizationService, class com.almasb.fxgl.app.services.SystemBundleService, class com.almasb.fxgl.profile.SaveLoadService, class com.almasb.fxgl.ui.FXGLUIFactoryServiceProvider, class com.almasb.fxgl.ui.FXGLDialogFactoryServiceProvider, class com.almasb.fxgl.audio.AudioPlayer, class com.almasb.fxgl.notification.impl.NotificationServiceProvider, class com.almasb.fxgl.achievement.AchievementService, class com.almasb.fxgl.cutscene.CutsceneService, class com.almasb.fxgl.minigames.MiniGameService, class com.almasb.fxgl.net.NetService, class com.almasb.fxgl.app.services.UpdaterService, class com.almasb.fxgl.dev.DevService]
19:55:40.518 [FXGL Background Thread 3 ] DEBUG Engine               - fontGame: Abel-Regular.ttf
19:55:40.518 [FXGL Background Thread 3 ] DEBUG Engine               - fontMono: TerminalLandMono-Regular.otf
19:55:40.519 [FXGL Background Thread 3 ] DEBUG Engine               - fontSizeScaleUI: 1.0
19:55:40.519 [FXGL Background Thread 3 ] DEBUG Engine               - fontText: Courier-Prime.ttf
19:55:40.519 [FXGL Background Thread 3 ] DEBUG Engine               - fontUI: VarelaRound-Regular.ttf
19:55:40.519 [FXGL Background Thread 3 ] DEBUG Engine               - fullScreen: BooleanProperty [value: false]
19:55:40.519 [FXGL Background Thread 3 ] DEBUG Engine               - gameDifficulty: MEDIUM
19:55:40.519 [FXGL Background Thread 3 ] DEBUG Engine               - gameDifficultyProperty: ObjectProperty [value: MEDIUM]
19:55:40.519 [FXGL Background Thread 3 ] DEBUG Engine               - globalMusicVolume: 0.5
19:55:40.519 [FXGL Background Thread 3 ] DEBUG Engine               - globalMusicVolumeProperty: DoubleProperty [value: 0.5]
19:55:40.519 [FXGL Background Thread 3 ] DEBUG Engine               - globalSoundVolume: 0.5
19:55:40.519 [FXGL Background Thread 3 ] DEBUG Engine               - globalSoundVolumeProperty: DoubleProperty [value: 0.5]
19:55:40.519 [FXGL Background Thread 3 ] DEBUG Engine               - height: 600
19:55:40.519 [FXGL Background Thread 3 ] DEBUG Engine               - is3D: false
19:55:40.519 [FXGL Background Thread 3 ] DEBUG Engine               - isAndroid: false
19:55:40.519 [FXGL Background Thread 3 ] DEBUG Engine               - isBrowser: false
19:55:40.519 [FXGL Background Thread 3 ] DEBUG Engine               - isClickFeedbackEnabled: false
19:55:40.519 [FXGL Background Thread 3 ] DEBUG Engine               - isCloseConfirmation: false
19:55:40.519 [FXGL Background Thread 3 ] DEBUG Engine               - isDesktop: true
19:55:40.519 [FXGL Background Thread 3 ] DEBUG Engine               - isDeveloperMenuEnabled: true
19:55:40.519 [FXGL Background Thread 3 ] DEBUG Engine               - isEmbedded: false
19:55:40.519 [FXGL Background Thread 3 ] DEBUG Engine               - isEntityPreloadEnabled: true
19:55:40.519 [FXGL Background Thread 3 ] DEBUG Engine               - isExperimentalTiledLargeMap: false
19:55:40.520 [FXGL Background Thread 3 ] DEBUG Engine               - isFileSystemWriteAllowed: true
19:55:40.520 [FXGL Background Thread 3 ] DEBUG Engine               - isFullScreenAllowed: false
19:55:40.520 [FXGL Background Thread 3 ] DEBUG Engine               - isFullScreenFromStart: false
19:55:40.520 [FXGL Background Thread 3 ] DEBUG Engine               - isGameMenuEnabled: true
19:55:40.520 [FXGL Background Thread 3 ] DEBUG Engine               - isIOS: false
19:55:40.520 [FXGL Background Thread 3 ] DEBUG Engine               - isIntroEnabled: false
19:55:40.520 [FXGL Background Thread 3 ] DEBUG Engine               - isLinux: false
19:55:40.520 [FXGL Background Thread 3 ] DEBUG Engine               - isMac: false
19:55:40.520 [FXGL Background Thread 3 ] DEBUG Engine               - isMainMenuEnabled: false
19:55:40.520 [FXGL Background Thread 3 ] DEBUG Engine               - isManualResizeEnabled: false
19:55:40.520 [FXGL Background Thread 3 ] DEBUG Engine               - isMobile: false
19:55:40.520 [FXGL Background Thread 3 ] DEBUG Engine               - isNative: false
19:55:40.520 [FXGL Background Thread 3 ] DEBUG Engine               - isPauseMusicWhenMinimized: true
19:55:40.520 [FXGL Background Thread 3 ] DEBUG Engine               - isPreserveResizeRatio: false
19:55:40.520 [FXGL Background Thread 3 ] DEBUG Engine               - isProfilingEnabled: false
19:55:40.520 [FXGL Background Thread 3 ] DEBUG Engine               - isScaleAffectedOnResize: true
19:55:40.520 [FXGL Background Thread 3 ] DEBUG Engine               - isSingleStep: false
19:55:40.520 [FXGL Background Thread 3 ] DEBUG Engine               - isUserProfileEnabled: false
19:55:40.520 [FXGL Background Thread 3 ] DEBUG Engine               - isWindows: true
19:55:40.520 [FXGL Background Thread 3 ] DEBUG Engine               - language: ObjectProperty [value: ENGLISH]
19:55:40.520 [FXGL Background Thread 3 ] DEBUG Engine               - menuKey: ESCAPE
19:55:40.520 [FXGL Background Thread 3 ] DEBUG Engine               - mouseSensitivity: 0.2
19:55:40.520 [FXGL Background Thread 3 ] DEBUG Engine               - notificationViewClass: class com.almasb.fxgl.notification.view.XboxNotificationView
19:55:40.520 [FXGL Background Thread 3 ] DEBUG Engine               - pixelsPerMeter: 50.0
19:55:40.520 [FXGL Background Thread 3 ] DEBUG Engine               - platform: WINDOWS
19:55:40.520 [FXGL Background Thread 3 ] DEBUG Engine               - prefHeightProperty: ReadOnlyDoubleProperty [value: 600.0]
19:55:40.520 [FXGL Background Thread 3 ] DEBUG Engine               - prefWidthProperty: ReadOnlyDoubleProperty [value: 800.0]
19:55:40.520 [FXGL Background Thread 3 ] DEBUG Engine               - profileDir: profiles/
19:55:40.520 [FXGL Background Thread 3 ] DEBUG Engine               - profileName: StringProperty [value: DEFAULT]
19:55:40.520 [FXGL Background Thread 3 ] DEBUG Engine               - randomSeed: -1
19:55:40.521 [FXGL Background Thread 3 ] DEBUG Engine               - runtimeInfo: RuntimeInfo(platform=WINDOWS, version=21.1, build=27.03.2024 07.52)
19:55:40.521 [FXGL Background Thread 3 ] DEBUG Engine               - saveFileExt: sav
19:55:40.521 [FXGL Background Thread 3 ] DEBUG Engine               - scaledHeightProp$fxgl: DoubleProperty [bound, value: 600.0]
19:55:40.521 [FXGL Background Thread 3 ] DEBUG Engine               - scaledWidthProp$fxgl: DoubleProperty [bound, value: 800.0]
19:55:40.521 [FXGL Background Thread 3 ] DEBUG Engine               - sceneFactory: com.almasb.fxgl.app.scene.SceneFactory@65409bf9
19:55:40.521 [FXGL Background Thread 3 ] DEBUG Engine               - secondsIn24h: 60
19:55:40.521 [FXGL Background Thread 3 ] DEBUG Engine               - soundMenuBack: menu/back.wav
19:55:40.521 [FXGL Background Thread 3 ] DEBUG Engine               - soundMenuPress: menu/press.wav
19:55:40.521 [FXGL Background Thread 3 ] DEBUG Engine               - soundMenuSelect: menu/select.wav
19:55:40.521 [FXGL Background Thread 3 ] DEBUG Engine               - soundNotification: core/notification.wav
19:55:40.521 [FXGL Background Thread 3 ] DEBUG Engine               - stageStyle: DECORATED
19:55:40.521 [FXGL Background Thread 3 ] DEBUG Engine               - supportedLanguages: [ENGLISH, FRENCH, GERMAN, HUNGARIAN, RUSSIAN]
19:55:40.521 [FXGL Background Thread 3 ] DEBUG Engine               - ticksPerSecond: -1
19:55:40.521 [FXGL Background Thread 3 ] DEBUG Engine               - title: Untitled
19:55:40.521 [FXGL Background Thread 3 ] DEBUG Engine               - urlGithub: https://github.com/AlmasB/FXGL
19:55:40.521 [FXGL Background Thread 3 ] DEBUG Engine               - urlLeaderboard: http://fxgl-top.herokuapp.com/
19:55:40.521 [FXGL Background Thread 3 ] DEBUG Engine               - urlPOM: https://raw.githubusercontent.com/AlmasB/FXGL/release/README.md
19:55:40.521 [FXGL Background Thread 3 ] DEBUG Engine               - userAppClass: class com.xen.rzlgame.rzl.HelloApplication
19:55:40.521 [FXGL Background Thread 3 ] DEBUG Engine               - version: 0.0
19:55:40.521 [FXGL Background Thread 3 ] DEBUG Engine               - versionCheckDays: 7
19:55:40.521 [FXGL Background Thread 3 ] DEBUG Engine               - width: 800
19:55:40.521 [FXGL Background Thread 3 ] DEBUG Engine               - Logging services
19:55:40.521 [FXGL Background Thread 3 ] DEBUG Engine               - class com.almasb.fxgl.app.services.FXGLAssetLoaderService
19:55:40.522 [FXGL Background Thread 3 ] DEBUG Engine               - class com.almasb.fxgl.app.FXGLApplication$GameApplicationService
19:55:40.522 [FXGL Background Thread 3 ] DEBUG Engine               - class com.almasb.fxgl.app.services.FXGLDialogService
19:55:40.522 [FXGL Background Thread 3 ] DEBUG Engine               - class com.almasb.fxgl.app.services.IOTaskExecutorService
19:55:40.522 [FXGL Background Thread 3 ] DEBUG Engine               - class com.almasb.fxgl.io.FileSystemService
19:55:40.522 [FXGL Background Thread 3 ] DEBUG Engine               - class com.almasb.fxgl.localization.LocalizationService
19:55:40.522 [FXGL Background Thread 3 ] DEBUG Engine               - class com.almasb.fxgl.app.services.SystemBundleService
19:55:40.522 [FXGL Background Thread 3 ] DEBUG Engine               - class com.almasb.fxgl.profile.SaveLoadService
19:55:40.522 [FXGL Background Thread 3 ] DEBUG Engine               - class com.almasb.fxgl.ui.FXGLUIFactoryServiceProvider
19:55:40.522 [FXGL Background Thread 3 ] DEBUG Engine               - class com.almasb.fxgl.ui.FXGLDialogFactoryServiceProvider
19:55:40.522 [FXGL Background Thread 3 ] DEBUG Engine               - class com.almasb.fxgl.audio.AudioPlayer
19:55:40.522 [FXGL Background Thread 3 ] DEBUG Engine               - class com.almasb.fxgl.notification.impl.NotificationServiceProvider
19:55:40.522 [FXGL Background Thread 3 ] DEBUG Engine               - class com.almasb.fxgl.achievement.AchievementService
19:55:40.522 [FXGL Background Thread 3 ] DEBUG Engine               - class com.almasb.fxgl.cutscene.CutsceneService
19:55:40.522 [FXGL Background Thread 3 ] DEBUG Engine               - class com.almasb.fxgl.minigames.MiniGameService
19:55:40.522 [FXGL Background Thread 3 ] DEBUG Engine               - class com.almasb.fxgl.net.NetService
19:55:40.522 [FXGL Background Thread 3 ] DEBUG Engine               - class com.almasb.fxgl.app.services.UpdaterService
19:55:40.522 [FXGL Background Thread 3 ] DEBUG Engine               - class com.almasb.fxgl.dev.DevService
19:55:43.966 [JavaFX Application Thread] DEBUG FXGLAssetLoaderServi - Loading from file system: file:/C:/Users/acer/IdeaProjects/RZL/target/classes/assets/text/maria.txt
19:55:43.970 [JavaFX Application Thread] DEBUG Input                - Registered new binding: Next RPG Line - Enter
19:55:43.970 [JavaFX Application Thread] DEBUG PrimaryStageWindow   - Push state: CutsceneScene
19:55:43.971 [JavaFX Application Thread] DEBUG Input                - Clearing active input actions
19:55:43.971 [JavaFX Application Thread] DEBUG GameApplicationServi - Removing overlay from GameScene and adding to CutsceneScene
19:55:43.975 [JavaFX Application Thread] DEBUG PrimaryStageWindow   - GameScene -> CutsceneScene
19:55:46.208 [JavaFX Application Thread] DEBUG PrimaryStageWindow   - Pop state: CutsceneScene
19:55:46.208 [JavaFX Application Thread] DEBUG Input                - Clearing active input actions
19:55:46.209 [JavaFX Application Thread] DEBUG GameApplicationServi - Removing overlay from CutsceneScene and adding to GameScene
19:55:46.210 [JavaFX Application Thread] DEBUG PrimaryStageWindow   - GameScene <- CutsceneScene
19:55:47.012 [JavaFX Application Thread] WARN  FXGLAssetLoaderServi - Asset "/assets/text/elias.txt" was not found!
19:55:47.012 [JavaFX Application Thread] WARN  FXGLAssetLoaderServi - Failed to load TEXT
19:55:47.012 [JavaFX Application Thread] DEBUG PrimaryStageWindow   - Push state: CutsceneScene
19:55:47.012 [JavaFX Application Thread] DEBUG Input                - Clearing active input actions
19:55:47.012 [JavaFX Application Thread] DEBUG GameApplicationServi - Removing overlay from GameScene and adding to CutsceneScene
19:55:47.014 [JavaFX Application Thread] DEBUG PrimaryStageWindow   - GameScene -> CutsceneScene
19:55:47.449 [JavaFX Application Thread] DEBUG PrimaryStageWindow   - Pop state: CutsceneScene
19:55:47.449 [JavaFX Application Thread] DEBUG Input                - Clearing active input actions
19:55:47.449 [JavaFX Application Thread] DEBUG GameApplicationServi - Removing overlay from CutsceneScene and adding to GameScene
19:55:47.450 [JavaFX Application Thread] DEBUG PrimaryStageWindow   - GameScene <- CutsceneScene
19:56:07.337 [JavaFX Application Thread] DEBUG FXGLApplication      - Exiting FXGL
19:56:07.337 [JavaFX Application Thread] DEBUG LoopRunner           - Stopping loop
19:56:07.337 [JavaFX Application Thread] DEBUG SystemBundleService  - Saving FXGL system data
19:56:07.339 [JavaFX Application Thread] DEBUG FileSystemAccess     - Writing to: C:\Users\acer\IdeaProjects\RZL\system\fxgl.bundle
19:56:07.341 [JavaFX Application Thread] DEBUG Async                - Shutting down background threads
19:56:07.341 [JavaFX Application Thread] DEBUG PrimaryStageWindow   - Closing main window
19:56:07.356 [JavaFX Application Thread] DEBUG Logger               - Closing Logger
