19:56:33.080 [main                     ] DEBUG Logger               - Configured Logger
19:56:33.107 [main                     ] DEBUG GameApplication      - Logging settings
Title: Untitled
Version: 0.0
Width: 800
Height: 600
Fullscreen: false
Intro: false
Profiling: false
Single step:false
App Mode: DEVELOPER
Menu Key: ESCAPE
Stage Style: DECORATED
Scene Factory: class com.almasb.fxgl.app.scene.SceneFactory

19:56:33.401 [JavaFX Application Thread] DEBUG FXGLApplication      - Initializing FXGL
19:56:33.404 [JavaFX Application Thread] INFO  Engine               - FXGL-21.1 (27.03.2024 07.52) on WINDOWS (J:21.0.3 FX:21)
19:56:33.404 [JavaFX Application Thread] DEBUG Engine               - JRE Vendor Name: Oracle Corporation
19:56:33.404 [JavaFX Application Thread] DEBUG Engine               - Running on OS: Windows 11 version 10.0
19:56:33.404 [JavaFX Application Thread] DEBUG Engine               - Architecture: amd64
19:56:33.404 [JavaFX Application Thread] INFO  Engine               - Source code and latest versions at: https://github.com/AlmasB/FXGL
19:56:33.405 [JavaFX Application Thread] INFO  Engine               -       Ask questions and discuss at: https://github.com/AlmasB/FXGL/discussions
19:56:33.405 [JavaFX Application Thread] INFO  Engine               -              Join the FXGL chat at: https://gitter.im/AlmasB/FXGL
19:56:33.465 [JavaFX Application Thread] DEBUG PrimaryStageWindow   - Creating a JavaFX scene
19:56:33.501 [JavaFX Application Thread] DEBUG PrimaryStageWindow   - Target settings size: 800.0 x 600.0
19:56:33.501 [JavaFX Application Thread] DEBUG PrimaryStageWindow   - Scaled scene size:    800.0 x 600.0
19:56:33.502 [JavaFX Application Thread] DEBUG PrimaryStageWindow   - Scaled ratio: (1.0, 1.0)
19:56:33.502 [JavaFX Application Thread] DEBUG PrimaryStageWindow   - Set initial scene to FXGLStartupScene
19:56:33.505 [JavaFX Application Thread] DEBUG PrimaryStageWindow   - Opening main window
19:56:33.572 [JavaFX Application Thread] DEBUG PrimaryStageWindow   - Window border size: (14.4000244140625, 37.5999755859375)
19:56:33.572 [JavaFX Application Thread] DEBUG PrimaryStageWindow   - Scaled size: 800.0 x 600.0
19:56:33.573 [JavaFX Application Thread] DEBUG PrimaryStageWindow   - Scaled ratio: (1.0, 1.0)
19:56:33.573 [JavaFX Application Thread] DEBUG PrimaryStageWindow   - Scene size: 800.0 x 600.0
19:56:33.573 [JavaFX Application Thread] DEBUG PrimaryStageWindow   - Stage size: 814.4000244140625 x 637.5999755859375
19:56:33.580 [FXGL Background Thread 1 ] DEBUG Engine               - Initializing environment variables
19:56:33.628 [FXGL Background Thread 1 ] DEBUG FXGLAssetLoaderServi - User app class for loading assets: class com.xen.rzlgame.rzl.HelloApplication
19:56:33.628 [FXGL Background Thread 1 ] DEBUG GameApplicationServi - Applying CSS: fxgl_dark.css
19:56:33.629 [FXGL Background Thread 1 ] DEBUG FXGLAssetLoaderServi - Loading from file system: jar:file:///C:/Users/acer/.m2/repository/com/github/almasb/fxgl/21.1/fxgl-21.1.jar!/fxglassets/ui/css/fxgl_dark.css
19:56:33.672 [FXGL Background Thread 1 ] DEBUG GameApplicationServi - Initializing application scenes
19:56:33.730 [FXGL Background Thread 1 ] DEBUG GameWorld            - Game world initialized
19:56:33.781 [FXGL Background Thread 1 ] DEBUG PhysicsWorld         - Physics world initialized: appHeight=600, physics.ppm=50.0
19:56:33.781 [FXGL Background Thread 1 ] DEBUG PhysicsWorld         - Using strategy: BRUTE_FORCE
19:56:33.787 [FXGL Background Thread 1 ] DEBUG GameScene            - Game scene initialized: 800x600
19:56:33.795 [FXGL Background Thread 1 ] DEBUG FXGL.DefaultMenu     - createMenuBodyGameMenu()
19:56:33.802 [FXGL Background Thread 1 ] DEBUG FXGL.DefaultMenu     - createOptionsMenu()
19:56:33.809 [FXGL Background Thread 1 ] DEBUG FXGLAssetLoaderServi - Loading from file system: jar:file:///C:/Users/acer/.m2/repository/com/github/almasb/fxgl/21.1/fxgl-21.1.jar!/fxglassets/textures/particles/smoke.png
19:56:33.896 [FXGL Background Thread 1 ] DEBUG FXGLAssetLoaderServi - Loading from file system: jar:file:///C:/Users/acer/.m2/repository/com/github/almasb/fxgl/21.1/fxgl-21.1.jar!/fxglassets/textures/particles/trace_horizontal.png
19:56:33.918 [FXGL Background Thread 1 ] DEBUG GameApplicationServi - Application scenes initialized
19:56:33.929 [FXGL Background Thread 1 ] DEBUG SystemBundleService  - Loading FXGL system data
19:56:33.933 [FXGL Background Thread 1 ] DEBUG FileSystemAccess     - Reading from: C:\Users\acer\IdeaProjects\RZL\system\fxgl.bundle
19:56:33.939 [FXGL Background Thread 1 ] DEBUG SystemBundleService  - Bundle FXGL: {}
19:56:33.940 [FXGL Background Thread 1 ] DEBUG UpdaterService       - Checking for updates
19:56:33.963 [FXGL Background Thread 4 ] DEBUG FXGLApplication      - Loading fonts
19:56:33.963 [FXGL Background Thread 4 ] DEBUG FXGLAssetLoaderServi - Loading from file system: jar:file:///C:/Users/acer/.m2/repository/com/github/almasb/fxgl/21.1/fxgl-21.1.jar!/fxglassets/ui/fonts/VarelaRound-Regular.ttf
19:56:33.966 [FXGL Background Thread 1 ] DEBUG FXGLApplication      - Loading default localization
19:56:33.967 [FXGL Background Thread 1 ] DEBUG FXGLAssetLoaderServi - Loading from file system: jar:file:///C:/Users/acer/.m2/repository/com/github/almasb/fxgl/21.1/fxgl-21.1.jar!/fxglassets/languages/english.lang
19:56:34.006 [FXGL Background Thread 4 ] DEBUG FXGLAssetLoaderServi - Loading from file system: jar:file:///C:/Users/acer/.m2/repository/com/github/almasb/fxgl/21.1/fxgl-21.1.jar!/fxglassets/ui/fonts/Abel-Regular.ttf
19:56:34.009 [FXGL Background Thread 4 ] DEBUG FXGLAssetLoaderServi - Loading from file system: jar:file:///C:/Users/acer/.m2/repository/com/github/almasb/fxgl/21.1/fxgl-21.1.jar!/fxglassets/ui/fonts/TerminalLandMono-Regular.otf
19:56:34.012 [FXGL Background Thread 1 ] INFO  FXGLApplication      - FXGL initialization took: 0.431 sec
19:56:34.013 [JavaFX Application Thread] DEBUG FXGLAssetLoaderServi - Loading from file system: jar:file:///C:/Users/acer/.m2/repository/com/github/almasb/fxgl/21.1/fxgl-21.1.jar!/fxglassets/textures/fxgl_icon.png
19:56:34.013 [FXGL Background Thread 4 ] DEBUG FXGLAssetLoaderServi - Loading from file system: jar:file:///C:/Users/acer/.m2/repository/com/github/almasb/fxgl/21.1/fxgl-21.1.jar!/fxglassets/ui/fonts/Courier-Prime.ttf
19:56:34.036 [JavaFX Application Thread] DEBUG FXGLAssetLoaderServi - Loading from file system: jar:file:///C:/Users/acer/.m2/repository/com/github/almasb/fxgl/21.1/fxgl-21.1.jar!/fxglassets/textures/fxgl_default_cursor.png
19:56:34.051 [JavaFX Application Thread] DEBUG Input                - Registered new binding: Screenshot - CTRL+8
19:56:34.051 [JavaFX Application Thread] DEBUG Input                - Registered new binding: Dev Options - 1
19:56:34.052 [JavaFX Application Thread] DEBUG Input                - Registered new binding: Dev Console - 2
19:56:34.053 [JavaFX Application Thread] DEBUG Input                - Registered new binding: System info dump - CTRL+9
19:56:34.053 [JavaFX Application Thread] DEBUG Input                - Registered new binding: Restart - CTRL+R
19:56:34.055 [JavaFX Application Thread] DEBUG Input                - Registered new binding: Toggle Debug Camera - CTRL+7
19:56:34.063 [JavaFX Application Thread] DEBUG LoopRunner           - Starting loop
19:56:34.093 [JavaFX Application Thread] DEBUG LoopRunner           - Initializing JavaFX AnimationTimerLoop
19:56:34.095 [JavaFX Application Thread] DEBUG GameApplicationServi - Starting new game
19:56:34.095 [JavaFX Application Thread] DEBUG Input                - Clearing active input actions
19:56:34.115 [JavaFX Application Thread] DEBUG GameApplicationServi - Removing overlay from FXGLStartupScene and adding to FXGLLoadingScene
19:56:34.117 [JavaFX Application Thread] DEBUG PrimaryStageWindow   - FXGLStartupScene -> FXGLLoadingScene
19:56:34.118 [JavaFX Application Thread] DEBUG GameApplicationServi - Clearing previous game
19:56:34.118 [JavaFX Application Thread] DEBUG GameScene            - Clearing game scene
19:56:34.118 [JavaFX Application Thread] DEBUG GameWorld            - Clearing game world
19:56:34.118 [JavaFX Application Thread] DEBUG PhysicsWorld         - Clearing physics world
19:56:34.120 [JavaFX Application Thread] DEBUG FXGLApplication      - Registering font factories with UI factory
19:56:34.120 [FXGL Background Thread 4 ] DEBUG FXGLApplication      - Initializing game
19:56:34.154 [FXGL Background Thread 4 ] DEBUG FXGLAssetLoaderServi - Loading from file system: file:/C:/Users/acer/IdeaProjects/RZL/target/classes/assets/textures/playerWalk.png
19:56:34.160 [FXGL Background Thread 4 ] DEBUG FXGLAssetLoaderServi - Loading from file system: file:/C:/Users/acer/IdeaProjects/RZL/target/classes/assets/textures/playerJump.png
19:56:34.161 [FXGL Background Thread 4 ] DEBUG FXGLAssetLoaderServi - Loading from file system: file:/C:/Users/acer/IdeaProjects/RZL/target/classes/assets/textures/playerAttack.png
19:56:34.204 [FXGL Background Thread 4 ] WARN  GameWorld            - Entity is already attached to world
19:56:34.207 [FXGL Background Thread 4 ] WARN  GameWorld            - Entity is already attached to world
19:56:34.209 [FXGL Background Thread 4 ] WARN  GameWorld            - Entity is already attached to world
19:56:34.209 [FXGL Background Thread 4 ] WARN  Entity               - Entity already has component: com.almasb.fxgl.entity.components.CollidableComponent
19:56:34.210 [FXGL Background Thread 4 ] WARN  GameWorld            - Entity is already attached to world
19:56:34.219 [FXGL Background Thread 4 ] DEBUG Input                - Registered new binding: Move D - D
19:56:34.220 [FXGL Background Thread 4 ] DEBUG Input                - Registered new binding: Move A - A
19:56:34.222 [FXGL Background Thread 4 ] DEBUG Input                - Registered new binding: Player Attack - LMB
19:56:34.223 [FXGL Background Thread 4 ] DEBUG Input                - Registered new binding: Player Parry - RMB
19:56:34.224 [FXGL Background Thread 4 ] DEBUG Input                - Registered new binding: Jump - Space
19:56:34.226 [FXGL Background Thread 4 ] DEBUG Input                - Registered new binding: Interact - Z
19:56:34.227 [FXGL Background Thread 4 ] INFO  FXGLApplication      - Game initialization took: 0.106 sec
19:56:34.388 [JavaFX Application Thread] DEBUG Input                - Clearing active input actions
19:56:34.398 [JavaFX Application Thread] DEBUG GameApplicationServi - Removing overlay from FXGLLoadingScene and adding to GameScene
19:56:34.401 [JavaFX Application Thread] DEBUG PrimaryStageWindow   - FXGLLoadingScene -> GameScene
19:56:36.961 [FXGL Background Thread 3 ] DEBUG Engine               - Logging environment variables
19:56:36.961 [FXGL Background Thread 3 ] DEBUG Engine               - achievements: []
19:56:36.962 [FXGL Background Thread 3 ] DEBUG Engine               - actualHeight: 600.0
19:56:36.962 [FXGL Background Thread 3 ] DEBUG Engine               - actualHeightProperty: ReadOnlyDoubleProperty [value: 600.0]
19:56:36.962 [FXGL Background Thread 3 ] DEBUG Engine               - actualWidth: 800.0
19:56:36.962 [FXGL Background Thread 3 ] DEBUG Engine               - actualWidthProperty: ReadOnlyDoubleProperty [value: 800.0]
19:56:36.962 [FXGL Background Thread 3 ] DEBUG Engine               - appIcon: fxgl_icon.png
19:56:36.962 [FXGL Background Thread 3 ] DEBUG Engine               - applicationMode: DEVELOPER
19:56:36.962 [FXGL Background Thread 3 ] DEBUG Engine               - cSSList: [fxgl_dark.css]
19:56:36.962 [FXGL Background Thread 3 ] DEBUG Engine               - collisionDetectionStrategy: BRUTE_FORCE
19:56:36.962 [FXGL Background Thread 3 ] DEBUG Engine               - configClass: Optional.empty
19:56:36.962 [FXGL Background Thread 3 ] DEBUG Engine               - credits: []
19:56:36.962 [FXGL Background Thread 3 ] DEBUG Engine               - defaultCursor: CursorInfo(imageName=fxgl_default_cursor.png, hotspotX=7.0, hotspotY=6.0)
19:56:36.963 [FXGL Background Thread 3 ] DEBUG Engine               - devBBoxColorProperty: ObjectProperty [value: 0xff0000ff]
19:56:36.963 [FXGL Background Thread 3 ] DEBUG Engine               - devEnableDebugCameraProperty: BooleanProperty [value: false]
19:56:36.963 [FXGL Background Thread 3 ] DEBUG Engine               - devSensorColorProperty: ObjectProperty [value: 0xffff00ff]
19:56:36.963 [FXGL Background Thread 3 ] DEBUG Engine               - devShowBBoxProperty: BooleanProperty [value: false]
19:56:36.963 [FXGL Background Thread 3 ] DEBUG Engine               - devShowPositionProperty: BooleanProperty [value: false]
19:56:36.963 [FXGL Background Thread 3 ] DEBUG Engine               - enabledMenuItems: []
19:56:36.963 [FXGL Background Thread 3 ] DEBUG Engine               - engineServices: [class com.almasb.fxgl.app.services.FXGLAssetLoaderService, class com.almasb.fxgl.app.FXGLApplication$GameApplicationService, class com.almasb.fxgl.app.services.FXGLDialogService, class com.almasb.fxgl.app.services.IOTaskExecutorService, class com.almasb.fxgl.io.FileSystemService, class com.almasb.fxgl.localization.LocalizationService, class com.almasb.fxgl.app.services.SystemBundleService, class com.almasb.fxgl.profile.SaveLoadService, class com.almasb.fxgl.ui.FXGLUIFactoryServiceProvider, class com.almasb.fxgl.ui.FXGLDialogFactoryServiceProvider, class com.almasb.fxgl.audio.AudioPlayer, class com.almasb.fxgl.notification.impl.NotificationServiceProvider, class com.almasb.fxgl.achievement.AchievementService, class com.almasb.fxgl.cutscene.CutsceneService, class com.almasb.fxgl.minigames.MiniGameService, class com.almasb.fxgl.net.NetService, class com.almasb.fxgl.app.services.UpdaterService, class com.almasb.fxgl.dev.DevService]
19:56:36.963 [FXGL Background Thread 3 ] DEBUG Engine               - fontGame: Abel-Regular.ttf
19:56:36.963 [FXGL Background Thread 3 ] DEBUG Engine               - fontMono: TerminalLandMono-Regular.otf
19:56:36.963 [FXGL Background Thread 3 ] DEBUG Engine               - fontSizeScaleUI: 1.0
19:56:36.963 [FXGL Background Thread 3 ] DEBUG Engine               - fontText: Courier-Prime.ttf
19:56:36.963 [FXGL Background Thread 3 ] DEBUG Engine               - fontUI: VarelaRound-Regular.ttf
19:56:36.963 [FXGL Background Thread 3 ] DEBUG Engine               - fullScreen: BooleanProperty [value: false]
19:56:36.963 [FXGL Background Thread 3 ] DEBUG Engine               - gameDifficulty: MEDIUM
19:56:36.964 [FXGL Background Thread 3 ] DEBUG Engine               - gameDifficultyProperty: ObjectProperty [value: MEDIUM]
19:56:36.964 [FXGL Background Thread 3 ] DEBUG Engine               - globalMusicVolume: 0.5
19:56:36.964 [FXGL Background Thread 3 ] DEBUG Engine               - globalMusicVolumeProperty: DoubleProperty [value: 0.5]
19:56:36.964 [FXGL Background Thread 3 ] DEBUG Engine               - globalSoundVolume: 0.5
19:56:36.964 [FXGL Background Thread 3 ] DEBUG Engine               - globalSoundVolumeProperty: DoubleProperty [value: 0.5]
19:56:36.964 [FXGL Background Thread 3 ] DEBUG Engine               - height: 600
19:56:36.964 [FXGL Background Thread 3 ] DEBUG Engine               - is3D: false
19:56:36.964 [FXGL Background Thread 3 ] DEBUG Engine               - isAndroid: false
19:56:36.964 [FXGL Background Thread 3 ] DEBUG Engine               - isBrowser: false
19:56:36.964 [FXGL Background Thread 3 ] DEBUG Engine               - isClickFeedbackEnabled: false
19:56:36.964 [FXGL Background Thread 3 ] DEBUG Engine               - isCloseConfirmation: false
19:56:36.964 [FXGL Background Thread 3 ] DEBUG Engine               - isDesktop: true
19:56:36.964 [FXGL Background Thread 3 ] DEBUG Engine               - isDeveloperMenuEnabled: true
19:56:36.964 [FXGL Background Thread 3 ] DEBUG Engine               - isEmbedded: false
19:56:36.964 [FXGL Background Thread 3 ] DEBUG Engine               - isEntityPreloadEnabled: true
19:56:36.964 [FXGL Background Thread 3 ] DEBUG Engine               - isExperimentalTiledLargeMap: false
19:56:36.964 [FXGL Background Thread 3 ] DEBUG Engine               - isFileSystemWriteAllowed: true
19:56:36.964 [FXGL Background Thread 3 ] DEBUG Engine               - isFullScreenAllowed: false
19:56:36.964 [FXGL Background Thread 3 ] DEBUG Engine               - isFullScreenFromStart: false
19:56:36.964 [FXGL Background Thread 3 ] DEBUG Engine               - isGameMenuEnabled: true
19:56:36.964 [FXGL Background Thread 3 ] DEBUG Engine               - isIOS: false
19:56:36.964 [FXGL Background Thread 3 ] DEBUG Engine               - isIntroEnabled: false
19:56:36.964 [FXGL Background Thread 3 ] DEBUG Engine               - isLinux: false
19:56:36.964 [FXGL Background Thread 3 ] DEBUG Engine               - isMac: false
19:56:36.964 [FXGL Background Thread 3 ] DEBUG Engine               - isMainMenuEnabled: false
19:56:36.964 [FXGL Background Thread 3 ] DEBUG Engine               - isManualResizeEnabled: false
19:56:36.964 [FXGL Background Thread 3 ] DEBUG Engine               - isMobile: false
19:56:36.964 [FXGL Background Thread 3 ] DEBUG Engine               - isNative: false
19:56:36.964 [FXGL Background Thread 3 ] DEBUG Engine               - isPauseMusicWhenMinimized: true
19:56:36.964 [FXGL Background Thread 3 ] DEBUG Engine               - isPreserveResizeRatio: false
19:56:36.964 [FXGL Background Thread 3 ] DEBUG Engine               - isProfilingEnabled: false
19:56:36.964 [FXGL Background Thread 3 ] DEBUG Engine               - isScaleAffectedOnResize: true
19:56:36.964 [FXGL Background Thread 3 ] DEBUG Engine               - isSingleStep: false
19:56:36.964 [FXGL Background Thread 3 ] DEBUG Engine               - isUserProfileEnabled: false
19:56:36.964 [FXGL Background Thread 3 ] DEBUG Engine               - isWindows: true
19:56:36.964 [FXGL Background Thread 3 ] DEBUG Engine               - language: ObjectProperty [value: ENGLISH]
19:56:36.965 [FXGL Background Thread 3 ] DEBUG Engine               - menuKey: ESCAPE
19:56:36.965 [FXGL Background Thread 3 ] DEBUG Engine               - mouseSensitivity: 0.2
19:56:36.965 [FXGL Background Thread 3 ] DEBUG Engine               - notificationViewClass: class com.almasb.fxgl.notification.view.XboxNotificationView
19:56:36.965 [FXGL Background Thread 3 ] DEBUG Engine               - pixelsPerMeter: 50.0
19:56:36.965 [FXGL Background Thread 3 ] DEBUG Engine               - platform: WINDOWS
19:56:36.965 [FXGL Background Thread 3 ] DEBUG Engine               - prefHeightProperty: ReadOnlyDoubleProperty [value: 600.0]
19:56:36.965 [FXGL Background Thread 3 ] DEBUG Engine               - prefWidthProperty: ReadOnlyDoubleProperty [value: 800.0]
19:56:36.965 [FXGL Background Thread 3 ] DEBUG Engine               - profileDir: profiles/
19:56:36.965 [FXGL Background Thread 3 ] DEBUG Engine               - profileName: StringProperty [value: DEFAULT]
19:56:36.965 [FXGL Background Thread 3 ] DEBUG Engine               - randomSeed: -1
19:56:36.965 [FXGL Background Thread 3 ] DEBUG Engine               - runtimeInfo: RuntimeInfo(platform=WINDOWS, version=21.1, build=27.03.2024 07.52)
19:56:36.965 [FXGL Background Thread 3 ] DEBUG Engine               - saveFileExt: sav
19:56:36.965 [FXGL Background Thread 3 ] DEBUG Engine               - scaledHeightProp$fxgl: DoubleProperty [bound, value: 600.0]
19:56:36.965 [FXGL Background Thread 3 ] DEBUG Engine               - scaledWidthProp$fxgl: DoubleProperty [bound, value: 800.0]
19:56:36.965 [FXGL Background Thread 3 ] DEBUG Engine               - sceneFactory: com.almasb.fxgl.app.scene.SceneFactory@5655c861
19:56:36.965 [FXGL Background Thread 3 ] DEBUG Engine               - secondsIn24h: 60
19:56:36.965 [FXGL Background Thread 3 ] DEBUG Engine               - soundMenuBack: menu/back.wav
19:56:36.965 [FXGL Background Thread 3 ] DEBUG Engine               - soundMenuPress: menu/press.wav
19:56:36.965 [FXGL Background Thread 3 ] DEBUG Engine               - soundMenuSelect: menu/select.wav
19:56:36.965 [FXGL Background Thread 3 ] DEBUG Engine               - soundNotification: core/notification.wav
19:56:36.966 [FXGL Background Thread 3 ] DEBUG Engine               - stageStyle: DECORATED
19:56:36.966 [FXGL Background Thread 3 ] DEBUG Engine               - supportedLanguages: [ENGLISH, FRENCH, GERMAN, HUNGARIAN, RUSSIAN]
19:56:36.966 [FXGL Background Thread 3 ] DEBUG Engine               - ticksPerSecond: -1
19:56:36.966 [FXGL Background Thread 3 ] DEBUG Engine               - title: Untitled
19:56:36.966 [FXGL Background Thread 3 ] DEBUG Engine               - urlGithub: https://github.com/AlmasB/FXGL
19:56:36.966 [FXGL Background Thread 3 ] DEBUG Engine               - urlLeaderboard: http://fxgl-top.herokuapp.com/
19:56:36.966 [FXGL Background Thread 3 ] DEBUG Engine               - urlPOM: https://raw.githubusercontent.com/AlmasB/FXGL/release/README.md
19:56:36.966 [FXGL Background Thread 3 ] DEBUG Engine               - userAppClass: class com.xen.rzlgame.rzl.HelloApplication
19:56:36.966 [FXGL Background Thread 3 ] DEBUG Engine               - version: 0.0
19:56:36.966 [FXGL Background Thread 3 ] DEBUG Engine               - versionCheckDays: 7
19:56:36.966 [FXGL Background Thread 3 ] DEBUG Engine               - width: 800
19:56:36.966 [FXGL Background Thread 3 ] DEBUG Engine               - Logging services
19:56:36.966 [FXGL Background Thread 3 ] DEBUG Engine               - class com.almasb.fxgl.app.services.FXGLAssetLoaderService
19:56:36.966 [FXGL Background Thread 3 ] DEBUG Engine               - class com.almasb.fxgl.app.FXGLApplication$GameApplicationService
19:56:36.966 [FXGL Background Thread 3 ] DEBUG Engine               - class com.almasb.fxgl.app.services.FXGLDialogService
19:56:36.966 [FXGL Background Thread 3 ] DEBUG Engine               - class com.almasb.fxgl.app.services.IOTaskExecutorService
19:56:36.966 [FXGL Background Thread 3 ] DEBUG Engine               - class com.almasb.fxgl.io.FileSystemService
19:56:36.966 [FXGL Background Thread 3 ] DEBUG Engine               - class com.almasb.fxgl.localization.LocalizationService
19:56:36.966 [FXGL Background Thread 3 ] DEBUG Engine               - class com.almasb.fxgl.app.services.SystemBundleService
19:56:36.966 [FXGL Background Thread 3 ] DEBUG Engine               - class com.almasb.fxgl.profile.SaveLoadService
19:56:36.966 [FXGL Background Thread 3 ] DEBUG Engine               - class com.almasb.fxgl.ui.FXGLUIFactoryServiceProvider
19:56:36.966 [FXGL Background Thread 3 ] DEBUG Engine               - class com.almasb.fxgl.ui.FXGLDialogFactoryServiceProvider
19:56:36.966 [FXGL Background Thread 3 ] DEBUG Engine               - class com.almasb.fxgl.audio.AudioPlayer
19:56:36.966 [FXGL Background Thread 3 ] DEBUG Engine               - class com.almasb.fxgl.notification.impl.NotificationServiceProvider
19:56:36.966 [FXGL Background Thread 3 ] DEBUG Engine               - class com.almasb.fxgl.achievement.AchievementService
19:56:36.967 [FXGL Background Thread 3 ] DEBUG Engine               - class com.almasb.fxgl.cutscene.CutsceneService
19:56:36.967 [FXGL Background Thread 3 ] DEBUG Engine               - class com.almasb.fxgl.minigames.MiniGameService
19:56:36.967 [FXGL Background Thread 3 ] DEBUG Engine               - class com.almasb.fxgl.net.NetService
19:56:36.967 [FXGL Background Thread 3 ] DEBUG Engine               - class com.almasb.fxgl.app.services.UpdaterService
19:56:36.967 [FXGL Background Thread 3 ] DEBUG Engine               - class com.almasb.fxgl.dev.DevService
19:56:58.013 [JavaFX Application Thread] DEBUG FXGLAssetLoaderServi - Loading from file system: file:/C:/Users/acer/IdeaProjects/RZL/target/classes/assets/text/maria.txt
19:56:58.018 [JavaFX Application Thread] DEBUG Input                - Registered new binding: Next RPG Line - Enter
19:56:58.018 [JavaFX Application Thread] DEBUG PrimaryStageWindow   - Push state: CutsceneScene
19:56:58.019 [JavaFX Application Thread] DEBUG Input                - Clearing active input actions
19:56:58.019 [JavaFX Application Thread] DEBUG GameApplicationServi - Removing overlay from GameScene and adding to CutsceneScene
19:56:58.022 [JavaFX Application Thread] DEBUG PrimaryStageWindow   - GameScene -> CutsceneScene
19:57:01.281 [JavaFX Application Thread] DEBUG PrimaryStageWindow   - Pop state: CutsceneScene
19:57:01.281 [JavaFX Application Thread] DEBUG Input                - Clearing active input actions
19:57:01.281 [JavaFX Application Thread] DEBUG GameApplicationServi - Removing overlay from CutsceneScene and adding to GameScene
19:57:01.282 [JavaFX Application Thread] DEBUG PrimaryStageWindow   - GameScene <- CutsceneScene
19:57:04.828 [JavaFX Application Thread] WARN  FXGLAssetLoaderServi - Asset "/assets/text/elias.txt" was not found!
19:57:04.829 [JavaFX Application Thread] WARN  FXGLAssetLoaderServi - Failed to load TEXT
19:57:04.829 [JavaFX Application Thread] DEBUG PrimaryStageWindow   - Push state: CutsceneScene
19:57:04.829 [JavaFX Application Thread] DEBUG Input                - Clearing active input actions
19:57:04.829 [JavaFX Application Thread] DEBUG GameApplicationServi - Removing overlay from GameScene and adding to CutsceneScene
19:57:04.834 [JavaFX Application Thread] DEBUG PrimaryStageWindow   - GameScene -> CutsceneScene
19:57:06.014 [JavaFX Application Thread] DEBUG PrimaryStageWindow   - Pop state: CutsceneScene
19:57:06.014 [JavaFX Application Thread] DEBUG Input                - Clearing active input actions
19:57:06.015 [JavaFX Application Thread] DEBUG GameApplicationServi - Removing overlay from CutsceneScene and adding to GameScene
19:57:06.016 [JavaFX Application Thread] DEBUG PrimaryStageWindow   - GameScene <- CutsceneScene
19:57:50.359 [JavaFX Application Thread] WARN  GameWorld            - Entity is already attached to world
19:57:56.868 [JavaFX Application Thread] DEBUG LoopRunner           - Stopping loop
19:57:56.869 [JavaFX Application Thread] FATAL FXGLApplication      - Uncaught Exception:
java.lang.IllegalArgumentException: Component PlayerComponent not found!
	at com.almasb.fxgl.entity@21.1/com.almasb.fxgl.entity.Entity.getComponent(Entity.java:366)
	at com.xen.rzlgame.rzl/com.xen.rzlgame.rzl.Handlers.InputHandler.updateVelocity(InputHandler.java:86)
	at com.xen.rzlgame.rzl/com.xen.rzlgame.rzl.Handlers.InputHandler$1.onAction(InputHandler.java:39)
	at com.almasb.fxgl.core@21.1/com.almasb.fxgl.input.UserAction.action$fxgl_core(UserAction.kt:38)
	at com.almasb.fxgl.core@21.1/com.almasb.fxgl.input.Input.update(Input.kt:278)
	at com.almasb.fxgl.scene@21.1/com.almasb.fxgl.scene.Scene.update(Scene.kt:103)
	at com.almasb.fxgl.all@21.1/com.almasb.fxgl.app.MainWindow$update$1.invoke(MainWindow.kt:121)
	at com.almasb.fxgl.all@21.1/com.almasb.fxgl.app.MainWindow$update$1.invoke(MainWindow.kt:121)
	at com.almasb.fxgl.core@21.1/com.almasb.fxgl.core.fsm.StateMachine.runOnActiveStates(StateMachine.kt:69)
	at com.almasb.fxgl.all@21.1/com.almasb.fxgl.app.MainWindow.update(MainWindow.kt:121)
	at com.almasb.fxgl.all@21.1/com.almasb.fxgl.app.FXGLApplication$GameApplicationService.onUpdate(FXGLApplication.kt:445)
	at com.almasb.fxgl.all@21.1/com.almasb.fxgl.app.Engine.loop(Engine.kt:134)
	at com.almasb.fxgl.all@21.1/com.almasb.fxgl.app.Engine.access$loop(Engine.kt:24)
	at com.almasb.fxgl.all@21.1/com.almasb.fxgl.app.Engine$loop$1.invoke(Engine.kt:28)
	at com.almasb.fxgl.all@21.1/com.almasb.fxgl.app.Engine$loop$1.invoke(Engine.kt:28)
	at com.almasb.fxgl.all@21.1/com.almasb.fxgl.app.LoopRunner.frame(LoopRunner.kt:103)
	at com.almasb.fxgl.all@21.1/com.almasb.fxgl.app.LoopRunner.access$frame(LoopRunner.kt:23)
	at com.almasb.fxgl.all@21.1/com.almasb.fxgl.app.LoopRunner$impl$2$1.onTick(LoopRunner.kt:57)
	at com.almasb.fxgl.all@21.1/com.almasb.fxgl.app.AnimationTimerLoop$timer$1.handle(LoopRunner.kt:137)
	at javafx.graphics@21/javafx.animation.AnimationTimer$AnimationTimerReceiver.lambda$handle$0(AnimationTimer.java:58)
	at java.base/java.security.AccessController.doPrivileged(AccessController.java:400)
	at javafx.graphics@21/javafx.animation.AnimationTimer$AnimationTimerReceiver.handle(AnimationTimer.java:57)
	at javafx.graphics@21/com.sun.scenario.animation.AbstractPrimaryTimer.timePulseImpl(AbstractPrimaryTimer.java:356)
	at javafx.graphics@21/com.sun.scenario.animation.AbstractPrimaryTimer$MainLoop.run(AbstractPrimaryTimer.java:266)
	at javafx.graphics@21/com.sun.javafx.tk.quantum.QuantumToolkit.pulse(QuantumToolkit.java:588)
	at javafx.graphics@21/com.sun.javafx.tk.quantum.QuantumToolkit.pulse(QuantumToolkit.java:572)
	at javafx.graphics@21/com.sun.javafx.tk.quantum.QuantumToolkit.pulseFromQueue(QuantumToolkit.java:565)
	at javafx.graphics@21/com.sun.javafx.tk.quantum.QuantumToolkit.lambda$runToolkit$11(QuantumToolkit.java:352)
	at javafx.graphics@21/com.sun.glass.ui.InvokeLaterDispatcher$Future.run(InvokeLaterDispatcher.java:95)
	at javafx.graphics@21/com.sun.glass.ui.win.WinApplication._runLoop(Native Method)
	at javafx.graphics@21/com.sun.glass.ui.win.WinApplication.lambda$runLoop$3(WinApplication.java:185)
	at java.base/java.lang.Thread.run(Thread.java:1583)

19:57:56.869 [JavaFX Application Thread] FATAL FXGLApplication      - Application will now exit
19:57:56.873 [JavaFX Application Thread] DEBUG PrimaryStageWindow   - Push state: ErrorSubScene
19:57:56.873 [JavaFX Application Thread] DEBUG Input                - Clearing active input actions
19:57:56.874 [JavaFX Application Thread] DEBUG GameApplicationServi - Removing overlay from GameScene and adding to ErrorSubScene
19:57:56.874 [JavaFX Application Thread] DEBUG PrimaryStageWindow   - GameScene -> ErrorSubScene
19:58:03.649 [JavaFX Application Thread] DEBUG FXGLApplication      - Exiting FXGL
19:58:03.649 [JavaFX Application Thread] DEBUG Async                - Shutting down background threads
19:58:03.650 [JavaFX Application Thread] DEBUG PrimaryStageWindow   - Closing main window
19:58:03.664 [JavaFX Application Thread] DEBUG Logger               - Closing Logger
