17:50:18.092 [main                     ] DEBUG Logger               - Configured Logger
17:50:18.125 [main                     ] DEBUG GameApplication      - Logging settings
Title: Untitled
Version: 0.0
Width: 800
Height: 600
Fullscreen: false
Intro: false
Profiling: false
Single step:false
App Mode: DEVELOPER
Menu Key: ESCAPE
Stage Style: DECORATED
Scene Factory: class com.almasb.fxgl.app.scene.SceneFactory

17:50:18.400 [JavaFX Application Thread] DEBUG FXGLApplication      - Initializing FXGL
17:50:18.403 [JavaFX Application Thread] INFO  Engine               - FXGL-17.3 (30.03.2023 11.49) on WINDOWS (J:21.0.3 FX:21)
17:50:18.403 [JavaFX Application Thread] DEBUG Engine               - JRE Vendor Name: Oracle Corporation
17:50:18.403 [JavaFX Application Thread] DEBUG Engine               - Running on OS: Windows 11 version 10.0
17:50:18.403 [JavaFX Application Thread] DEBUG Engine               - Architecture: amd64
17:50:18.403 [JavaFX Application Thread] INFO  Engine               - Source code and latest versions at: https://github.com/AlmasB/FXGL
17:50:18.404 [JavaFX Application Thread] INFO  Engine               -       Ask questions and discuss at: https://github.com/AlmasB/FXGL/discussions
17:50:18.404 [JavaFX Application Thread] INFO  Engine               -              Join the FXGL chat at: https://gitter.im/AlmasB/FXGL
17:50:18.463 [JavaFX Application Thread] DEBUG PrimaryStageWindow   - Creating a JavaFX scene
17:50:18.497 [JavaFX Application Thread] DEBUG PrimaryStageWindow   - Target settings size: 800.0 x 600.0
17:50:18.498 [JavaFX Application Thread] DEBUG PrimaryStageWindow   - Scaled scene size:    800.0 x 600.0
17:50:18.498 [JavaFX Application Thread] DEBUG PrimaryStageWindow   - Scaled ratio: (1.0, 1.0)
17:50:18.499 [JavaFX Application Thread] DEBUG PrimaryStageWindow   - Set initial scene to FXGLStartupScene
17:50:18.501 [JavaFX Application Thread] DEBUG PrimaryStageWindow   - Opening main window
17:50:18.549 [JavaFX Application Thread] DEBUG PrimaryStageWindow   - Window border size: (14.4000244140625, 37.5999755859375)
17:50:18.549 [JavaFX Application Thread] DEBUG PrimaryStageWindow   - Scaled size: 800.0 x 600.0
17:50:18.550 [JavaFX Application Thread] DEBUG PrimaryStageWindow   - Scaled ratio: (1.0, 1.0)
17:50:18.550 [JavaFX Application Thread] DEBUG PrimaryStageWindow   - Scene size: 800.0 x 600.0
17:50:18.550 [JavaFX Application Thread] DEBUG PrimaryStageWindow   - Stage size: 814.4000244140625 x 637.5999755859375
17:50:18.556 [FXGL Background Thread 1 ] DEBUG Engine               - Initializing environment variables
17:50:18.594 [FXGL Background Thread 1 ] DEBUG FXGLAssetLoaderServi - User app class for loading assets: class com.xen.rzlgame.rzl.HelloApplication
17:50:18.594 [FXGL Background Thread 1 ] DEBUG GameApplicationServi - Applying CSS: fxgl_dark.css
17:50:18.595 [FXGL Background Thread 1 ] DEBUG FXGLAssetLoaderServi - Loading from file system: jar:file:///C:/Users/acer/.m2/repository/com/github/almasb/fxgl/17.3/fxgl-17.3.jar!/fxglassets/ui/css/fxgl_dark.css
17:50:18.636 [FXGL Background Thread 1 ] DEBUG GameApplicationServi - Initializing application scenes
17:50:18.690 [FXGL Background Thread 1 ] DEBUG GameWorld            - Game world initialized
17:50:18.743 [FXGL Background Thread 1 ] DEBUG PhysicsWorld         - Physics world initialized: appHeight=600, physics.ppm=50.0
17:50:18.744 [FXGL Background Thread 1 ] DEBUG PhysicsWorld         - Using strategy: BRUTE_FORCE
17:50:18.747 [FXGL Background Thread 1 ] DEBUG GameScene            - Game scene initialized: 800x600
17:50:18.757 [FXGL Background Thread 1 ] DEBUG FXGL.DefaultMenu     - createMenuBodyGameMenu()
17:50:18.765 [FXGL Background Thread 1 ] DEBUG FXGL.DefaultMenu     - createOptionsMenu()
17:50:18.772 [FXGL Background Thread 1 ] DEBUG FXGLAssetLoaderServi - Loading from file system: jar:file:///C:/Users/acer/.m2/repository/com/github/almasb/fxgl/17.3/fxgl-17.3.jar!/fxglassets/textures/particles/smoke.png
17:50:18.854 [FXGL Background Thread 1 ] DEBUG FXGLAssetLoaderServi - Loading from file system: jar:file:///C:/Users/acer/.m2/repository/com/github/almasb/fxgl/17.3/fxgl-17.3.jar!/fxglassets/textures/particles/trace_horizontal.png
17:50:18.874 [FXGL Background Thread 1 ] DEBUG GameApplicationServi - Application scenes initialized
17:50:18.885 [FXGL Background Thread 1 ] DEBUG SystemBundleService  - Loading FXGL system data
17:50:18.889 [FXGL Background Thread 1 ] DEBUG FileSystemAccess     - Reading from: C:\Users\acer\IdeaProjects\RZL\system\fxgl.bundle
17:50:18.896 [FXGL Background Thread 1 ] DEBUG SystemBundleService  - Bundle FXGL: {}
17:50:18.897 [FXGL Background Thread 1 ] DEBUG UpdaterService       - Checking for updates
17:50:18.899 [FXGL Background Thread 4 ] DEBUG FXGLApplication      - Loading fonts
17:50:18.900 [FXGL Background Thread 4 ] DEBUG FXGLAssetLoaderServi - Loading from file system: jar:file:///C:/Users/acer/.m2/repository/com/github/almasb/fxgl/17.3/fxgl-17.3.jar!/fxglassets/ui/fonts/VarelaRound-Regular.ttf
17:50:18.900 [FXGL Background Thread 1 ] DEBUG FXGLApplication      - Loading default localization
17:50:18.900 [FXGL Background Thread 1 ] DEBUG FXGLAssetLoaderServi - Loading from file system: jar:file:///C:/Users/acer/.m2/repository/com/github/almasb/fxgl/17.3/fxgl-17.3.jar!/fxglassets/languages/english.lang
17:50:18.934 [FXGL Background Thread 4 ] DEBUG FXGLAssetLoaderServi - Loading from file system: jar:file:///C:/Users/acer/.m2/repository/com/github/almasb/fxgl/17.3/fxgl-17.3.jar!/fxglassets/ui/fonts/Abel-Regular.ttf
17:50:18.938 [FXGL Background Thread 4 ] DEBUG FXGLAssetLoaderServi - Loading from file system: jar:file:///C:/Users/acer/.m2/repository/com/github/almasb/fxgl/17.3/fxgl-17.3.jar!/fxglassets/ui/fonts/TerminalLandMono-Regular.otf
17:50:18.942 [FXGL Background Thread 4 ] DEBUG FXGLAssetLoaderServi - Loading from file system: jar:file:///C:/Users/acer/.m2/repository/com/github/almasb/fxgl/17.3/fxgl-17.3.jar!/fxglassets/ui/fonts/Courier-Prime.ttf
17:50:18.947 [JavaFX Application Thread] DEBUG FXGLApplication      - Registering font factories with UI factory
17:50:18.953 [FXGL Background Thread 1 ] INFO  FXGLApplication      - FXGL initialization took: 0.397 sec
17:50:18.954 [JavaFX Application Thread] DEBUG FXGLAssetLoaderServi - Loading from file system: jar:file:///C:/Users/acer/.m2/repository/com/github/almasb/fxgl/17.3/fxgl-17.3.jar!/fxglassets/textures/fxgl_icon.png
17:50:18.968 [JavaFX Application Thread] DEBUG FXGLAssetLoaderServi - Loading from file system: jar:file:///C:/Users/acer/.m2/repository/com/github/almasb/fxgl/17.3/fxgl-17.3.jar!/fxglassets/textures/fxgl_default_cursor.png
17:50:18.982 [JavaFX Application Thread] DEBUG Input                - Registered new binding: Screenshot - CTRL+8
17:50:18.984 [JavaFX Application Thread] DEBUG Input                - Registered new binding: System info dump - CTRL+9
17:50:18.985 [JavaFX Application Thread] DEBUG Input                - Registered new binding: Restart - CTRL+R
17:50:18.986 [JavaFX Application Thread] DEBUG Input                - Registered new binding: Toggle Debug Camera - CTRL+7
17:50:18.990 [JavaFX Application Thread] DEBUG LoopRunner           - Starting loop
17:50:18.990 [JavaFX Application Thread] DEBUG LoopRunner           - Initializing JavaFX AnimationTimerLoop
17:50:18.991 [JavaFX Application Thread] DEBUG GameApplicationServi - Starting new game
17:50:18.992 [JavaFX Application Thread] DEBUG Input                - Clearing active input actions
17:50:19.005 [JavaFX Application Thread] DEBUG GameApplicationServi - Removing overlay from FXGLStartupScene and adding to FXGLLoadingScene
17:50:19.005 [JavaFX Application Thread] DEBUG PrimaryStageWindow   - FXGLStartupScene -> FXGLLoadingScene
17:50:19.005 [JavaFX Application Thread] DEBUG GameApplicationServi - Clearing previous game
17:50:19.005 [JavaFX Application Thread] DEBUG GameScene            - Clearing game scene
17:50:19.006 [JavaFX Application Thread] DEBUG GameWorld            - Clearing game world
17:50:19.006 [JavaFX Application Thread] DEBUG PhysicsWorld         - Clearing physics world
17:50:19.008 [FXGL Background Thread 1 ] DEBUG FXGLApplication      - Initializing game
17:50:19.105 [FXGL Background Thread 1 ] WARN  GameWorld            - Entity is already attached to world
17:50:19.105 [FXGL Background Thread 1 ] WARN  Entity               - Entity already has component: com.almasb.fxgl.entity.components.CollidableComponent
17:50:19.106 [FXGL Background Thread 1 ] WARN  GameWorld            - Entity is already attached to world
17:50:19.114 [FXGL Background Thread 1 ] DEBUG Input                - Registered new binding: Move D - D
17:50:19.114 [FXGL Background Thread 1 ] DEBUG Input                - Registered new binding: Move A - A
17:50:19.117 [FXGL Background Thread 1 ] DEBUG Input                - Registered new binding: Player Attack - LMB
17:50:19.118 [FXGL Background Thread 1 ] DEBUG Input                - Registered new binding: Player Parry - RMB
17:50:19.119 [FXGL Background Thread 1 ] DEBUG Input                - Registered new binding: Jump - Space
17:50:19.121 [FXGL Background Thread 1 ] DEBUG Input                - Registered new binding: Interact - Z
17:50:19.121 [FXGL Background Thread 1 ] INFO  FXGLApplication      - Game initialization took: 0.114 sec
17:50:19.148 [JavaFX Application Thread] DEBUG Input                - Clearing active input actions
17:50:19.154 [JavaFX Application Thread] DEBUG GameApplicationServi - Removing overlay from FXGLLoadingScene and adding to GameScene
17:50:19.154 [JavaFX Application Thread] DEBUG PrimaryStageWindow   - FXGLLoadingScene -> GameScene
17:50:19.407 [FXGL Background Thread 2 ] INFO  UpdaterService       - Your current version:  17.3
17:50:19.407 [FXGL Background Thread 2 ] INFO  UpdaterService       - Latest stable version: 21.1
17:50:21.841 [JavaFX Application Thread] DEBUG FXGLApplication      - Exiting FXGL
17:50:21.841 [JavaFX Application Thread] DEBUG LoopRunner           - Stopping loop
17:50:21.841 [JavaFX Application Thread] DEBUG SystemBundleService  - Saving FXGL system data
17:50:21.844 [JavaFX Application Thread] DEBUG FileSystemAccess     - Writing to: C:\Users\acer\IdeaProjects\RZL\system\fxgl.bundle
17:50:21.847 [JavaFX Application Thread] DEBUG Async                - Shutting down background threads
17:50:21.847 [JavaFX Application Thread] DEBUG PrimaryStageWindow   - Closing main window
17:50:21.857 [JavaFX Application Thread] DEBUG Logger               - Closing Logger
