20:37:20.592 [main                     ] DEBUG Logger               - Configured Logger
20:37:20.623 [main                     ] DEBUG GameApplication      - Logging settings
Title: Untitled
Version: 0.0
Width: 800
Height: 600
Fullscreen: false
Intro: false
Profiling: false
Single step:false
App Mode: DEVELOPER
Menu Key: ESCAPE
Stage Style: DECORATED
Scene Factory: class com.almasb.fxgl.app.scene.SceneFactory

20:37:20.916 [JavaFX Application Thread] DEBUG FXGLApplication      - Initializing FXGL
20:37:20.920 [JavaFX Application Thread] INFO  Engine               - FXGL-21.1 (27.03.2024 07.52) on WINDOWS (J:21.0.3 FX:21)
20:37:20.921 [JavaFX Application Thread] DEBUG Engine               - JRE Vendor Name: Oracle Corporation
20:37:20.921 [JavaFX Application Thread] DEBUG Engine               - Running on OS: Windows 11 version 10.0
20:37:20.921 [JavaFX Application Thread] DEBUG Engine               - Architecture: amd64
20:37:20.921 [JavaFX Application Thread] INFO  Engine               - Source code and latest versions at: https://github.com/AlmasB/FXGL
20:37:20.921 [JavaFX Application Thread] INFO  Engine               -       Ask questions and discuss at: https://github.com/AlmasB/FXGL/discussions
20:37:20.922 [JavaFX Application Thread] INFO  Engine               -              Join the FXGL chat at: https://gitter.im/AlmasB/FXGL
20:37:20.982 [JavaFX Application Thread] DEBUG PrimaryStageWindow   - Creating a JavaFX scene
20:37:21.016 [JavaFX Application Thread] DEBUG PrimaryStageWindow   - Target settings size: 800.0 x 600.0
20:37:21.016 [JavaFX Application Thread] DEBUG PrimaryStageWindow   - Scaled scene size:    800.0 x 600.0
20:37:21.017 [JavaFX Application Thread] DEBUG PrimaryStageWindow   - Scaled ratio: (1.0, 1.0)
20:37:21.017 [JavaFX Application Thread] DEBUG PrimaryStageWindow   - Set initial scene to FXGLStartupScene
20:37:21.019 [JavaFX Application Thread] DEBUG PrimaryStageWindow   - Opening main window
20:37:21.088 [JavaFX Application Thread] DEBUG PrimaryStageWindow   - Window border size: (14.4000244140625, 37.5999755859375)
20:37:21.088 [JavaFX Application Thread] DEBUG PrimaryStageWindow   - Scaled size: 800.0 x 600.0
20:37:21.088 [JavaFX Application Thread] DEBUG PrimaryStageWindow   - Scaled ratio: (1.0, 1.0)
20:37:21.089 [JavaFX Application Thread] DEBUG PrimaryStageWindow   - Scene size: 800.0 x 600.0
20:37:21.089 [JavaFX Application Thread] DEBUG PrimaryStageWindow   - Stage size: 814.4000244140625 x 637.5999755859375
20:37:21.096 [FXGL Background Thread 1 ] DEBUG Engine               - Initializing environment variables
20:37:21.145 [FXGL Background Thread 1 ] DEBUG FXGLAssetLoaderServi - User app class for loading assets: class com.xen.rzlgame.rzl.HelloApplication
20:37:21.146 [FXGL Background Thread 1 ] DEBUG GameApplicationServi - Applying CSS: fxgl_dark.css
20:37:21.146 [FXGL Background Thread 1 ] DEBUG FXGLAssetLoaderServi - Loading from file system: jar:file:///C:/Users/acer/.m2/repository/com/github/almasb/fxgl/21.1/fxgl-21.1.jar!/fxglassets/ui/css/fxgl_dark.css
20:37:21.193 [FXGL Background Thread 1 ] DEBUG GameApplicationServi - Initializing application scenes
20:37:21.254 [FXGL Background Thread 1 ] DEBUG GameWorld            - Game world initialized
20:37:21.313 [FXGL Background Thread 1 ] DEBUG PhysicsWorld         - Physics world initialized: appHeight=600, physics.ppm=50.0
20:37:21.313 [FXGL Background Thread 1 ] DEBUG PhysicsWorld         - Using strategy: BRUTE_FORCE
20:37:21.317 [FXGL Background Thread 1 ] DEBUG GameScene            - Game scene initialized: 800x600
20:37:21.325 [FXGL Background Thread 1 ] DEBUG FXGL.DefaultMenu     - createMenuBodyGameMenu()
20:37:21.333 [FXGL Background Thread 1 ] DEBUG FXGL.DefaultMenu     - createOptionsMenu()
20:37:21.340 [FXGL Background Thread 1 ] DEBUG FXGLAssetLoaderServi - Loading from file system: jar:file:///C:/Users/acer/.m2/repository/com/github/almasb/fxgl/21.1/fxgl-21.1.jar!/fxglassets/textures/particles/smoke.png
20:37:21.435 [FXGL Background Thread 1 ] DEBUG FXGLAssetLoaderServi - Loading from file system: jar:file:///C:/Users/acer/.m2/repository/com/github/almasb/fxgl/21.1/fxgl-21.1.jar!/fxglassets/textures/particles/trace_horizontal.png
20:37:21.457 [FXGL Background Thread 1 ] DEBUG GameApplicationServi - Application scenes initialized
20:37:21.467 [FXGL Background Thread 1 ] DEBUG SystemBundleService  - Loading FXGL system data
20:37:21.472 [FXGL Background Thread 1 ] DEBUG FileSystemAccess     - Reading from: C:\Users\acer\IdeaProjects\RZL\system\fxgl.bundle
20:37:21.479 [FXGL Background Thread 1 ] DEBUG SystemBundleService  - Bundle FXGL: {}
20:37:21.479 [FXGL Background Thread 1 ] DEBUG UpdaterService       - Checking for updates
20:37:21.512 [FXGL Background Thread 4 ] DEBUG FXGLApplication      - Loading fonts
20:37:21.512 [FXGL Background Thread 4 ] DEBUG FXGLAssetLoaderServi - Loading from file system: jar:file:///C:/Users/acer/.m2/repository/com/github/almasb/fxgl/21.1/fxgl-21.1.jar!/fxglassets/ui/fonts/VarelaRound-Regular.ttf
20:37:21.513 [FXGL Background Thread 1 ] DEBUG FXGLApplication      - Loading default localization
20:37:21.513 [FXGL Background Thread 1 ] DEBUG FXGLAssetLoaderServi - Loading from file system: jar:file:///C:/Users/acer/.m2/repository/com/github/almasb/fxgl/21.1/fxgl-21.1.jar!/fxglassets/languages/english.lang
20:37:21.545 [FXGL Background Thread 1 ] INFO  FXGLApplication      - FXGL initialization took: 0.449 sec
20:37:21.547 [FXGL Background Thread 4 ] DEBUG FXGLAssetLoaderServi - Loading from file system: jar:file:///C:/Users/acer/.m2/repository/com/github/almasb/fxgl/21.1/fxgl-21.1.jar!/fxglassets/ui/fonts/Abel-Regular.ttf
20:37:21.546 [JavaFX Application Thread] DEBUG FXGLAssetLoaderServi - Loading from file system: jar:file:///C:/Users/acer/.m2/repository/com/github/almasb/fxgl/21.1/fxgl-21.1.jar!/fxglassets/textures/fxgl_icon.png
20:37:21.550 [FXGL Background Thread 4 ] DEBUG FXGLAssetLoaderServi - Loading from file system: jar:file:///C:/Users/acer/.m2/repository/com/github/almasb/fxgl/21.1/fxgl-21.1.jar!/fxglassets/ui/fonts/TerminalLandMono-Regular.otf
20:37:21.555 [FXGL Background Thread 4 ] DEBUG FXGLAssetLoaderServi - Loading from file system: jar:file:///C:/Users/acer/.m2/repository/com/github/almasb/fxgl/21.1/fxgl-21.1.jar!/fxglassets/ui/fonts/Courier-Prime.ttf
20:37:21.565 [JavaFX Application Thread] DEBUG FXGLAssetLoaderServi - Loading from file system: jar:file:///C:/Users/acer/.m2/repository/com/github/almasb/fxgl/21.1/fxgl-21.1.jar!/fxglassets/textures/fxgl_default_cursor.png
20:37:21.581 [JavaFX Application Thread] DEBUG Input                - Registered new binding: Screenshot - CTRL+8
20:37:21.583 [JavaFX Application Thread] DEBUG Input                - Registered new binding: Dev Options - 1
20:37:21.584 [JavaFX Application Thread] DEBUG Input                - Registered new binding: Dev Console - 2
20:37:21.585 [JavaFX Application Thread] DEBUG Input                - Registered new binding: System info dump - CTRL+9
20:37:21.586 [JavaFX Application Thread] DEBUG Input                - Registered new binding: Restart - CTRL+R
20:37:21.587 [JavaFX Application Thread] DEBUG Input                - Registered new binding: Toggle Debug Camera - CTRL+7
20:37:21.594 [JavaFX Application Thread] DEBUG LoopRunner           - Starting loop
20:37:21.634 [JavaFX Application Thread] DEBUG LoopRunner           - Initializing JavaFX AnimationTimerLoop
20:37:21.639 [JavaFX Application Thread] DEBUG GameApplicationServi - Starting new game
20:37:21.640 [JavaFX Application Thread] DEBUG Input                - Clearing active input actions
20:37:21.656 [JavaFX Application Thread] DEBUG GameApplicationServi - Removing overlay from FXGLStartupScene and adding to FXGLLoadingScene
20:37:21.662 [JavaFX Application Thread] DEBUG PrimaryStageWindow   - FXGLStartupScene -> FXGLLoadingScene
20:37:21.662 [JavaFX Application Thread] DEBUG GameApplicationServi - Clearing previous game
20:37:21.662 [JavaFX Application Thread] DEBUG GameScene            - Clearing game scene
20:37:21.663 [JavaFX Application Thread] DEBUG GameWorld            - Clearing game world
20:37:21.663 [JavaFX Application Thread] DEBUG PhysicsWorld         - Clearing physics world
20:37:21.666 [FXGL Background Thread 4 ] DEBUG FXGLApplication      - Initializing game
20:37:21.667 [JavaFX Application Thread] DEBUG FXGLApplication      - Registering font factories with UI factory
20:37:21.720 [FXGL Background Thread 4 ] DEBUG FXGLAssetLoaderServi - Loading from file system: file:/C:/Users/acer/IdeaProjects/RZL/target/classes/assets/textures/playerWalk.png
20:37:21.724 [FXGL Background Thread 4 ] DEBUG FXGLAssetLoaderServi - Loading from file system: file:/C:/Users/acer/IdeaProjects/RZL/target/classes/assets/textures/playerJump.png
20:37:21.726 [FXGL Background Thread 4 ] DEBUG FXGLAssetLoaderServi - Loading from file system: file:/C:/Users/acer/IdeaProjects/RZL/target/classes/assets/textures/playerAttack.png
20:37:21.783 [FXGL Background Thread 4 ] WARN  GameWorld            - Entity is already attached to world
20:37:21.787 [FXGL Background Thread 4 ] WARN  GameWorld            - Entity is already attached to world
20:37:21.788 [FXGL Background Thread 4 ] WARN  GameWorld            - Entity is already attached to world
20:37:21.790 [FXGL Background Thread 4 ] WARN  Entity               - Entity already has component: com.almasb.fxgl.entity.components.CollidableComponent
20:37:21.791 [FXGL Background Thread 4 ] WARN  GameWorld            - Entity is already attached to world
20:37:21.804 [FXGL Background Thread 4 ] DEBUG Input                - Registered new binding: Move D - D
20:37:21.804 [FXGL Background Thread 4 ] DEBUG Input                - Registered new binding: Move A - A
20:37:21.808 [FXGL Background Thread 4 ] DEBUG Input                - Registered new binding: Player Attack - LMB
20:37:21.808 [FXGL Background Thread 4 ] DEBUG Input                - Registered new binding: Player Parry - RMB
20:37:21.809 [FXGL Background Thread 4 ] DEBUG Input                - Registered new binding: Jump - Space
20:37:21.812 [FXGL Background Thread 4 ] DEBUG Input                - Registered new binding: Interact - Z
20:37:21.812 [FXGL Background Thread 4 ] INFO  FXGLApplication      - Game initialization took: 0.147 sec
20:37:21.974 [JavaFX Application Thread] DEBUG Input                - Clearing active input actions
20:37:21.982 [JavaFX Application Thread] DEBUG GameApplicationServi - Removing overlay from FXGLLoadingScene and adding to GameScene
20:37:21.986 [JavaFX Application Thread] DEBUG PrimaryStageWindow   - FXGLLoadingScene -> GameScene
20:37:24.509 [FXGL Background Thread 3 ] DEBUG Engine               - Logging environment variables
20:37:24.509 [FXGL Background Thread 3 ] DEBUG Engine               - achievements: []
20:37:24.509 [FXGL Background Thread 3 ] DEBUG Engine               - actualHeight: 600.0
20:37:24.510 [FXGL Background Thread 3 ] DEBUG Engine               - actualHeightProperty: ReadOnlyDoubleProperty [value: 600.0]
20:37:24.510 [FXGL Background Thread 3 ] DEBUG Engine               - actualWidth: 800.0
20:37:24.510 [FXGL Background Thread 3 ] DEBUG Engine               - actualWidthProperty: ReadOnlyDoubleProperty [value: 800.0]
20:37:24.510 [FXGL Background Thread 3 ] DEBUG Engine               - appIcon: fxgl_icon.png
20:37:24.510 [FXGL Background Thread 3 ] DEBUG Engine               - applicationMode: DEVELOPER
20:37:24.510 [FXGL Background Thread 3 ] DEBUG Engine               - cSSList: [fxgl_dark.css]
20:37:24.510 [FXGL Background Thread 3 ] DEBUG Engine               - collisionDetectionStrategy: BRUTE_FORCE
20:37:24.510 [FXGL Background Thread 3 ] DEBUG Engine               - configClass: Optional.empty
20:37:24.510 [FXGL Background Thread 3 ] DEBUG Engine               - credits: []
20:37:24.510 [FXGL Background Thread 3 ] DEBUG Engine               - defaultCursor: CursorInfo(imageName=fxgl_default_cursor.png, hotspotX=7.0, hotspotY=6.0)
20:37:24.510 [FXGL Background Thread 3 ] DEBUG Engine               - devBBoxColorProperty: ObjectProperty [value: 0xff0000ff]
20:37:24.511 [FXGL Background Thread 3 ] DEBUG Engine               - devEnableDebugCameraProperty: BooleanProperty [value: false]
20:37:24.511 [FXGL Background Thread 3 ] DEBUG Engine               - devSensorColorProperty: ObjectProperty [value: 0xffff00ff]
20:37:24.511 [FXGL Background Thread 3 ] DEBUG Engine               - devShowBBoxProperty: BooleanProperty [value: false]
20:37:24.511 [FXGL Background Thread 3 ] DEBUG Engine               - devShowPositionProperty: BooleanProperty [value: false]
20:37:24.511 [FXGL Background Thread 3 ] DEBUG Engine               - enabledMenuItems: []
20:37:24.511 [FXGL Background Thread 3 ] DEBUG Engine               - engineServices: [class com.almasb.fxgl.app.services.FXGLAssetLoaderService, class com.almasb.fxgl.app.FXGLApplication$GameApplicationService, class com.almasb.fxgl.app.services.FXGLDialogService, class com.almasb.fxgl.app.services.IOTaskExecutorService, class com.almasb.fxgl.io.FileSystemService, class com.almasb.fxgl.localization.LocalizationService, class com.almasb.fxgl.app.services.SystemBundleService, class com.almasb.fxgl.profile.SaveLoadService, class com.almasb.fxgl.ui.FXGLUIFactoryServiceProvider, class com.almasb.fxgl.ui.FXGLDialogFactoryServiceProvider, class com.almasb.fxgl.audio.AudioPlayer, class com.almasb.fxgl.notification.impl.NotificationServiceProvider, class com.almasb.fxgl.achievement.AchievementService, class com.almasb.fxgl.cutscene.CutsceneService, class com.almasb.fxgl.minigames.MiniGameService, class com.almasb.fxgl.net.NetService, class com.almasb.fxgl.app.services.UpdaterService, class com.almasb.fxgl.dev.DevService]
20:37:24.511 [FXGL Background Thread 3 ] DEBUG Engine               - fontGame: Abel-Regular.ttf
20:37:24.511 [FXGL Background Thread 3 ] DEBUG Engine               - fontMono: TerminalLandMono-Regular.otf
20:37:24.511 [FXGL Background Thread 3 ] DEBUG Engine               - fontSizeScaleUI: 1.0
20:37:24.511 [FXGL Background Thread 3 ] DEBUG Engine               - fontText: Courier-Prime.ttf
20:37:24.511 [FXGL Background Thread 3 ] DEBUG Engine               - fontUI: VarelaRound-Regular.ttf
20:37:24.511 [FXGL Background Thread 3 ] DEBUG Engine               - fullScreen: BooleanProperty [value: false]
20:37:24.511 [FXGL Background Thread 3 ] DEBUG Engine               - gameDifficulty: MEDIUM
20:37:24.511 [FXGL Background Thread 3 ] DEBUG Engine               - gameDifficultyProperty: ObjectProperty [value: MEDIUM]
20:37:24.511 [FXGL Background Thread 3 ] DEBUG Engine               - globalMusicVolume: 0.5
20:37:24.511 [FXGL Background Thread 3 ] DEBUG Engine               - globalMusicVolumeProperty: DoubleProperty [value: 0.5]
20:37:24.511 [FXGL Background Thread 3 ] DEBUG Engine               - globalSoundVolume: 0.5
20:37:24.511 [FXGL Background Thread 3 ] DEBUG Engine               - globalSoundVolumeProperty: DoubleProperty [value: 0.5]
20:37:24.511 [FXGL Background Thread 3 ] DEBUG Engine               - height: 600
20:37:24.511 [FXGL Background Thread 3 ] DEBUG Engine               - is3D: false
20:37:24.511 [FXGL Background Thread 3 ] DEBUG Engine               - isAndroid: false
20:37:24.511 [FXGL Background Thread 3 ] DEBUG Engine               - isBrowser: false
20:37:24.512 [FXGL Background Thread 3 ] DEBUG Engine               - isClickFeedbackEnabled: false
20:37:24.512 [FXGL Background Thread 3 ] DEBUG Engine               - isCloseConfirmation: false
20:37:24.512 [FXGL Background Thread 3 ] DEBUG Engine               - isDesktop: true
20:37:24.512 [FXGL Background Thread 3 ] DEBUG Engine               - isDeveloperMenuEnabled: true
20:37:24.512 [FXGL Background Thread 3 ] DEBUG Engine               - isEmbedded: false
20:37:24.512 [FXGL Background Thread 3 ] DEBUG Engine               - isEntityPreloadEnabled: true
20:37:24.512 [FXGL Background Thread 3 ] DEBUG Engine               - isExperimentalTiledLargeMap: false
20:37:24.512 [FXGL Background Thread 3 ] DEBUG Engine               - isFileSystemWriteAllowed: true
20:37:24.512 [FXGL Background Thread 3 ] DEBUG Engine               - isFullScreenAllowed: false
20:37:24.512 [FXGL Background Thread 3 ] DEBUG Engine               - isFullScreenFromStart: false
20:37:24.512 [FXGL Background Thread 3 ] DEBUG Engine               - isGameMenuEnabled: true
20:37:24.512 [FXGL Background Thread 3 ] DEBUG Engine               - isIOS: false
20:37:24.512 [FXGL Background Thread 3 ] DEBUG Engine               - isIntroEnabled: false
20:37:24.512 [FXGL Background Thread 3 ] DEBUG Engine               - isLinux: false
20:37:24.512 [FXGL Background Thread 3 ] DEBUG Engine               - isMac: false
20:37:24.512 [FXGL Background Thread 3 ] DEBUG Engine               - isMainMenuEnabled: false
20:37:24.512 [FXGL Background Thread 3 ] DEBUG Engine               - isManualResizeEnabled: false
20:37:24.512 [FXGL Background Thread 3 ] DEBUG Engine               - isMobile: false
20:37:24.512 [FXGL Background Thread 3 ] DEBUG Engine               - isNative: false
20:37:24.512 [FXGL Background Thread 3 ] DEBUG Engine               - isPauseMusicWhenMinimized: true
20:37:24.513 [FXGL Background Thread 3 ] DEBUG Engine               - isPreserveResizeRatio: false
20:37:24.513 [FXGL Background Thread 3 ] DEBUG Engine               - isProfilingEnabled: false
20:37:24.513 [FXGL Background Thread 3 ] DEBUG Engine               - isScaleAffectedOnResize: true
20:37:24.513 [FXGL Background Thread 3 ] DEBUG Engine               - isSingleStep: false
20:37:24.513 [FXGL Background Thread 3 ] DEBUG Engine               - isUserProfileEnabled: false
20:37:24.513 [FXGL Background Thread 3 ] DEBUG Engine               - isWindows: true
20:37:24.513 [FXGL Background Thread 3 ] DEBUG Engine               - language: ObjectProperty [value: ENGLISH]
20:37:24.513 [FXGL Background Thread 3 ] DEBUG Engine               - menuKey: ESCAPE
20:37:24.513 [FXGL Background Thread 3 ] DEBUG Engine               - mouseSensitivity: 0.2
20:37:24.513 [FXGL Background Thread 3 ] DEBUG Engine               - notificationViewClass: class com.almasb.fxgl.notification.view.XboxNotificationView
20:37:24.513 [FXGL Background Thread 3 ] DEBUG Engine               - pixelsPerMeter: 50.0
20:37:24.513 [FXGL Background Thread 3 ] DEBUG Engine               - platform: WINDOWS
20:37:24.513 [FXGL Background Thread 3 ] DEBUG Engine               - prefHeightProperty: ReadOnlyDoubleProperty [value: 600.0]
20:37:24.513 [FXGL Background Thread 3 ] DEBUG Engine               - prefWidthProperty: ReadOnlyDoubleProperty [value: 800.0]
20:37:24.513 [FXGL Background Thread 3 ] DEBUG Engine               - profileDir: profiles/
20:37:24.513 [FXGL Background Thread 3 ] DEBUG Engine               - profileName: StringProperty [value: DEFAULT]
20:37:24.513 [FXGL Background Thread 3 ] DEBUG Engine               - randomSeed: -1
20:37:24.514 [FXGL Background Thread 3 ] DEBUG Engine               - runtimeInfo: RuntimeInfo(platform=WINDOWS, version=21.1, build=27.03.2024 07.52)
20:37:24.514 [FXGL Background Thread 3 ] DEBUG Engine               - saveFileExt: sav
20:37:24.514 [FXGL Background Thread 3 ] DEBUG Engine               - scaledHeightProp$fxgl: DoubleProperty [bound, value: 600.0]
20:37:24.514 [FXGL Background Thread 3 ] DEBUG Engine               - scaledWidthProp$fxgl: DoubleProperty [bound, value: 800.0]
20:37:24.514 [FXGL Background Thread 3 ] DEBUG Engine               - sceneFactory: com.almasb.fxgl.app.scene.SceneFactory@64adc53e
20:37:24.514 [FXGL Background Thread 3 ] DEBUG Engine               - secondsIn24h: 60
20:37:24.514 [FXGL Background Thread 3 ] DEBUG Engine               - soundMenuBack: menu/back.wav
20:37:24.514 [FXGL Background Thread 3 ] DEBUG Engine               - soundMenuPress: menu/press.wav
20:37:24.514 [FXGL Background Thread 3 ] DEBUG Engine               - soundMenuSelect: menu/select.wav
20:37:24.514 [FXGL Background Thread 3 ] DEBUG Engine               - soundNotification: core/notification.wav
20:37:24.514 [FXGL Background Thread 3 ] DEBUG Engine               - stageStyle: DECORATED
20:37:24.514 [FXGL Background Thread 3 ] DEBUG Engine               - supportedLanguages: [ENGLISH, FRENCH, GERMAN, HUNGARIAN, RUSSIAN]
20:37:24.514 [FXGL Background Thread 3 ] DEBUG Engine               - ticksPerSecond: -1
20:37:24.514 [FXGL Background Thread 3 ] DEBUG Engine               - title: Untitled
20:37:24.514 [FXGL Background Thread 3 ] DEBUG Engine               - urlGithub: https://github.com/AlmasB/FXGL
20:37:24.514 [FXGL Background Thread 3 ] DEBUG Engine               - urlLeaderboard: http://fxgl-top.herokuapp.com/
20:37:24.514 [FXGL Background Thread 3 ] DEBUG Engine               - urlPOM: https://raw.githubusercontent.com/AlmasB/FXGL/release/README.md
20:37:24.514 [FXGL Background Thread 3 ] DEBUG Engine               - userAppClass: class com.xen.rzlgame.rzl.HelloApplication
20:37:24.514 [FXGL Background Thread 3 ] DEBUG Engine               - version: 0.0
20:37:24.514 [FXGL Background Thread 3 ] DEBUG Engine               - versionCheckDays: 7
20:37:24.514 [FXGL Background Thread 3 ] DEBUG Engine               - width: 800
20:37:24.514 [FXGL Background Thread 3 ] DEBUG Engine               - Logging services
20:37:24.514 [FXGL Background Thread 3 ] DEBUG Engine               - class com.almasb.fxgl.app.services.FXGLAssetLoaderService
20:37:24.514 [FXGL Background Thread 3 ] DEBUG Engine               - class com.almasb.fxgl.app.FXGLApplication$GameApplicationService
20:37:24.514 [FXGL Background Thread 3 ] DEBUG Engine               - class com.almasb.fxgl.app.services.FXGLDialogService
20:37:24.515 [FXGL Background Thread 3 ] DEBUG Engine               - class com.almasb.fxgl.app.services.IOTaskExecutorService
20:37:24.515 [FXGL Background Thread 3 ] DEBUG Engine               - class com.almasb.fxgl.io.FileSystemService
20:37:24.515 [FXGL Background Thread 3 ] DEBUG Engine               - class com.almasb.fxgl.localization.LocalizationService
20:37:24.515 [FXGL Background Thread 3 ] DEBUG Engine               - class com.almasb.fxgl.app.services.SystemBundleService
20:37:24.515 [FXGL Background Thread 3 ] DEBUG Engine               - class com.almasb.fxgl.profile.SaveLoadService
20:37:24.515 [FXGL Background Thread 3 ] DEBUG Engine               - class com.almasb.fxgl.ui.FXGLUIFactoryServiceProvider
20:37:24.515 [FXGL Background Thread 3 ] DEBUG Engine               - class com.almasb.fxgl.ui.FXGLDialogFactoryServiceProvider
20:37:24.515 [FXGL Background Thread 3 ] DEBUG Engine               - class com.almasb.fxgl.audio.AudioPlayer
20:37:24.515 [FXGL Background Thread 3 ] DEBUG Engine               - class com.almasb.fxgl.notification.impl.NotificationServiceProvider
20:37:24.515 [FXGL Background Thread 3 ] DEBUG Engine               - class com.almasb.fxgl.achievement.AchievementService
20:37:24.515 [FXGL Background Thread 3 ] DEBUG Engine               - class com.almasb.fxgl.cutscene.CutsceneService
20:37:24.515 [FXGL Background Thread 3 ] DEBUG Engine               - class com.almasb.fxgl.minigames.MiniGameService
20:37:24.515 [FXGL Background Thread 3 ] DEBUG Engine               - class com.almasb.fxgl.net.NetService
20:37:24.515 [FXGL Background Thread 3 ] DEBUG Engine               - class com.almasb.fxgl.app.services.UpdaterService
20:37:24.515 [FXGL Background Thread 3 ] DEBUG Engine               - class com.almasb.fxgl.dev.DevService
20:37:25.135 [JavaFX Application Thread] DEBUG FXGLAssetLoaderServi - Loading from file system: file:/C:/Users/acer/IdeaProjects/RZL/target/classes/assets/text/maria.txt
20:37:25.139 [JavaFX Application Thread] DEBUG Input                - Registered new binding: Next RPG Line - Enter
20:37:25.140 [JavaFX Application Thread] DEBUG PrimaryStageWindow   - Push state: CutsceneScene
20:37:25.142 [JavaFX Application Thread] DEBUG Input                - Clearing active input actions
20:37:25.142 [JavaFX Application Thread] DEBUG GameApplicationServi - Removing overlay from GameScene and adding to CutsceneScene
20:37:25.145 [JavaFX Application Thread] DEBUG PrimaryStageWindow   - GameScene -> CutsceneScene
20:37:27.390 [JavaFX Application Thread] DEBUG PrimaryStageWindow   - Pop state: CutsceneScene
20:37:27.390 [JavaFX Application Thread] DEBUG Input                - Clearing active input actions
20:37:27.391 [JavaFX Application Thread] DEBUG GameApplicationServi - Removing overlay from CutsceneScene and adding to GameScene
20:37:27.392 [JavaFX Application Thread] DEBUG PrimaryStageWindow   - GameScene <- CutsceneScene
20:37:28.884 [JavaFX Application Thread] WARN  FXGLAssetLoaderServi - Asset "/assets/text/elias.txt" was not found!
20:37:28.884 [JavaFX Application Thread] WARN  FXGLAssetLoaderServi - Failed to load TEXT
20:37:28.884 [JavaFX Application Thread] DEBUG PrimaryStageWindow   - Push state: CutsceneScene
20:37:28.884 [JavaFX Application Thread] DEBUG Input                - Clearing active input actions
20:37:28.884 [JavaFX Application Thread] DEBUG GameApplicationServi - Removing overlay from GameScene and adding to CutsceneScene
20:37:28.885 [JavaFX Application Thread] DEBUG PrimaryStageWindow   - GameScene -> CutsceneScene
20:37:31.629 [JavaFX Application Thread] DEBUG PrimaryStageWindow   - Pop state: CutsceneScene
20:37:31.629 [JavaFX Application Thread] DEBUG Input                - Clearing active input actions
20:37:31.629 [JavaFX Application Thread] DEBUG GameApplicationServi - Removing overlay from CutsceneScene and adding to GameScene
20:37:31.631 [JavaFX Application Thread] DEBUG PrimaryStageWindow   - GameScene <- CutsceneScene
20:37:39.069 [JavaFX Application Thread] DEBUG FXGLApplication      - Exiting FXGL
20:37:39.069 [JavaFX Application Thread] DEBUG LoopRunner           - Stopping loop
20:37:39.069 [JavaFX Application Thread] DEBUG SystemBundleService  - Saving FXGL system data
20:37:39.071 [JavaFX Application Thread] DEBUG FileSystemAccess     - Writing to: C:\Users\acer\IdeaProjects\RZL\system\fxgl.bundle
20:37:39.072 [JavaFX Application Thread] DEBUG Async                - Shutting down background threads
20:37:39.072 [JavaFX Application Thread] DEBUG PrimaryStageWindow   - Closing main window
20:37:39.088 [JavaFX Application Thread] DEBUG Logger               - Closing Logger
