00:20:54.167 [main                     ] DEBUG Logger               - Configured Logger
00:20:54.199 [main                     ] DEBUG GameApplication      - Logging settings
Title: Untitled
Version: 0.0
Width: 800
Height: 600
Fullscreen: false
Intro: false
Profiling: false
Single step:false
App Mode: DEVELOPER
Menu Key: ESCAPE
Stage Style: DECORATED
Scene Factory: class com.almasb.fxgl.app.scene.SceneFactory

00:20:54.476 [JavaFX Application Thread] DEBUG FXGLApplication      - Initializing FXGL
00:20:54.481 [JavaFX Application Thread] INFO  Engine               - FXGL-17.3 (30.03.2023 11.49) on WINDOWS (J:21.0.3 FX:21)
00:20:54.481 [JavaFX Application Thread] DEBUG Engine               - JRE Vendor Name: Oracle Corporation
00:20:54.481 [JavaFX Application Thread] DEBUG Engine               - Running on OS: Windows 11 version 10.0
00:20:54.481 [JavaFX Application Thread] DEBUG Engine               - Architecture: amd64
00:20:54.481 [JavaFX Application Thread] INFO  Engine               - Source code and latest versions at: https://github.com/AlmasB/FXGL
00:20:54.481 [JavaFX Application Thread] INFO  Engine               -       Ask questions and discuss at: https://github.com/AlmasB/FXGL/discussions
00:20:54.482 [JavaFX Application Thread] INFO  Engine               -              Join the FXGL chat at: https://gitter.im/AlmasB/FXGL
00:20:54.542 [JavaFX Application Thread] DEBUG PrimaryStageWindow   - Creating a JavaFX scene
00:20:54.574 [JavaFX Application Thread] DEBUG PrimaryStageWindow   - Target settings size: 800.0 x 600.0
00:20:54.575 [JavaFX Application Thread] DEBUG PrimaryStageWindow   - Scaled scene size:    800.0 x 600.0
00:20:54.575 [JavaFX Application Thread] DEBUG PrimaryStageWindow   - Scaled ratio: (1.0, 1.0)
00:20:54.576 [JavaFX Application Thread] DEBUG PrimaryStageWindow   - Set initial scene to FXGLStartupScene
00:20:54.579 [JavaFX Application Thread] DEBUG PrimaryStageWindow   - Opening main window
00:20:54.644 [JavaFX Application Thread] DEBUG PrimaryStageWindow   - Window border size: (14.4000244140625, 37.5999755859375)
00:20:54.644 [JavaFX Application Thread] DEBUG PrimaryStageWindow   - Scaled size: 800.0 x 600.0
00:20:54.644 [JavaFX Application Thread] DEBUG PrimaryStageWindow   - Scaled ratio: (1.0, 1.0)
00:20:54.644 [JavaFX Application Thread] DEBUG PrimaryStageWindow   - Scene size: 800.0 x 600.0
00:20:54.644 [JavaFX Application Thread] DEBUG PrimaryStageWindow   - Stage size: 814.4000244140625 x 637.5999755859375
00:20:54.651 [FXGL Background Thread 1 ] DEBUG Engine               - Initializing environment variables
00:20:54.697 [FXGL Background Thread 1 ] DEBUG FXGLAssetLoaderServi - User app class for loading assets: class com.xen.rzlgame.rzl.HelloApplication
00:20:54.698 [FXGL Background Thread 1 ] DEBUG GameApplicationServi - Applying CSS: fxgl_dark.css
00:20:54.698 [FXGL Background Thread 1 ] DEBUG FXGLAssetLoaderServi - Loading from file system: jar:file:///C:/Users/acer/.m2/repository/com/github/almasb/fxgl/17.3/fxgl-17.3.jar!/fxglassets/ui/css/fxgl_dark.css
00:20:54.747 [FXGL Background Thread 1 ] DEBUG GameApplicationServi - Initializing application scenes
00:20:54.805 [FXGL Background Thread 1 ] DEBUG GameWorld            - Game world initialized
00:20:54.859 [FXGL Background Thread 1 ] DEBUG PhysicsWorld         - Physics world initialized: appHeight=600, physics.ppm=50.0
00:20:54.859 [FXGL Background Thread 1 ] DEBUG PhysicsWorld         - Using strategy: BRUTE_FORCE
00:20:54.862 [FXGL Background Thread 1 ] DEBUG GameScene            - Game scene initialized: 800x600
00:20:54.869 [FXGL Background Thread 1 ] DEBUG FXGL.DefaultMenu     - createMenuBodyGameMenu()
00:20:54.876 [FXGL Background Thread 1 ] DEBUG FXGL.DefaultMenu     - createOptionsMenu()
00:20:54.883 [FXGL Background Thread 1 ] DEBUG FXGLAssetLoaderServi - Loading from file system: jar:file:///C:/Users/acer/.m2/repository/com/github/almasb/fxgl/17.3/fxgl-17.3.jar!/fxglassets/textures/particles/smoke.png
00:20:54.970 [FXGL Background Thread 1 ] DEBUG FXGLAssetLoaderServi - Loading from file system: jar:file:///C:/Users/acer/.m2/repository/com/github/almasb/fxgl/17.3/fxgl-17.3.jar!/fxglassets/textures/particles/trace_horizontal.png
00:20:54.990 [FXGL Background Thread 1 ] DEBUG GameApplicationServi - Application scenes initialized
00:20:55.001 [FXGL Background Thread 1 ] DEBUG SystemBundleService  - Loading FXGL system data
00:20:55.004 [FXGL Background Thread 1 ] DEBUG FileSystemAccess     - Reading from: C:\Users\acer\IdeaProjects\RZL\system\fxgl.bundle
00:20:55.010 [FXGL Background Thread 1 ] DEBUG SystemBundleService  - Bundle FXGL: {}
00:20:55.011 [FXGL Background Thread 1 ] DEBUG UpdaterService       - Checking for updates
00:20:55.014 [FXGL Background Thread 4 ] DEBUG FXGLApplication      - Loading fonts
00:20:55.014 [FXGL Background Thread 1 ] DEBUG FXGLApplication      - Loading default localization
00:20:55.014 [FXGL Background Thread 4 ] DEBUG FXGLAssetLoaderServi - Loading from file system: jar:file:///C:/Users/acer/.m2/repository/com/github/almasb/fxgl/17.3/fxgl-17.3.jar!/fxglassets/ui/fonts/VarelaRound-Regular.ttf
00:20:55.015 [FXGL Background Thread 1 ] DEBUG FXGLAssetLoaderServi - Loading from file system: jar:file:///C:/Users/acer/.m2/repository/com/github/almasb/fxgl/17.3/fxgl-17.3.jar!/fxglassets/languages/english.lang
00:20:55.051 [FXGL Background Thread 4 ] DEBUG FXGLAssetLoaderServi - Loading from file system: jar:file:///C:/Users/acer/.m2/repository/com/github/almasb/fxgl/17.3/fxgl-17.3.jar!/fxglassets/ui/fonts/Abel-Regular.ttf
00:20:55.053 [FXGL Background Thread 4 ] DEBUG FXGLAssetLoaderServi - Loading from file system: jar:file:///C:/Users/acer/.m2/repository/com/github/almasb/fxgl/17.3/fxgl-17.3.jar!/fxglassets/ui/fonts/TerminalLandMono-Regular.otf
00:20:55.056 [FXGL Background Thread 4 ] DEBUG FXGLAssetLoaderServi - Loading from file system: jar:file:///C:/Users/acer/.m2/repository/com/github/almasb/fxgl/17.3/fxgl-17.3.jar!/fxglassets/ui/fonts/Courier-Prime.ttf
00:20:55.062 [JavaFX Application Thread] DEBUG FXGLApplication      - Registering font factories with UI factory
00:20:55.067 [FXGL Background Thread 1 ] INFO  FXGLApplication      - FXGL initialization took: 0.415 sec
00:20:55.068 [JavaFX Application Thread] DEBUG FXGLAssetLoaderServi - Loading from file system: jar:file:///C:/Users/acer/.m2/repository/com/github/almasb/fxgl/17.3/fxgl-17.3.jar!/fxglassets/textures/fxgl_icon.png
00:20:55.083 [JavaFX Application Thread] DEBUG FXGLAssetLoaderServi - Loading from file system: jar:file:///C:/Users/acer/.m2/repository/com/github/almasb/fxgl/17.3/fxgl-17.3.jar!/fxglassets/textures/fxgl_default_cursor.png
00:20:55.091 [JavaFX Application Thread] DEBUG Input                - Registered new binding: Screenshot - CTRL+8
00:20:55.092 [JavaFX Application Thread] DEBUG Input                - Registered new binding: System info dump - CTRL+9
00:20:55.093 [JavaFX Application Thread] DEBUG Input                - Registered new binding: Restart - CTRL+R
00:20:55.094 [JavaFX Application Thread] DEBUG Input                - Registered new binding: Toggle Debug Camera - CTRL+7
00:20:55.101 [JavaFX Application Thread] DEBUG LoopRunner           - Starting loop
00:20:55.101 [JavaFX Application Thread] DEBUG LoopRunner           - Initializing JavaFX AnimationTimerLoop
00:20:55.104 [JavaFX Application Thread] DEBUG GameApplicationServi - Starting new game
00:20:55.104 [JavaFX Application Thread] DEBUG Input                - Clearing active input actions
00:20:55.119 [JavaFX Application Thread] DEBUG GameApplicationServi - Removing overlay from FXGLStartupScene and adding to FXGLLoadingScene
00:20:55.119 [JavaFX Application Thread] DEBUG PrimaryStageWindow   - FXGLStartupScene -> FXGLLoadingScene
00:20:55.119 [JavaFX Application Thread] DEBUG GameApplicationServi - Clearing previous game
00:20:55.119 [JavaFX Application Thread] DEBUG GameScene            - Clearing game scene
00:20:55.119 [JavaFX Application Thread] DEBUG GameWorld            - Clearing game world
00:20:55.119 [JavaFX Application Thread] DEBUG PhysicsWorld         - Clearing physics world
00:20:55.122 [FXGL Background Thread 1 ] DEBUG FXGLApplication      - Initializing game
00:20:55.199 [FXGL Background Thread 1 ] WARN  GameWorld            - Entity is already attached to world
00:20:55.201 [FXGL Background Thread 1 ] WARN  GameWorld            - Entity is already attached to world
00:20:55.206 [FXGL Background Thread 1 ] WARN  GameWorld            - Entity is already attached to world
00:20:55.208 [FXGL Background Thread 1 ] WARN  GameWorld            - Entity is already attached to world
00:20:55.214 [FXGL Background Thread 1 ] DEBUG Input                - Registered new binding: Move RIGHT - Right
00:20:55.214 [FXGL Background Thread 1 ] DEBUG Input                - Registered new binding: Move DOWN - Down
00:20:55.214 [FXGL Background Thread 1 ] DEBUG Input                - Registered new binding: Move UP - Up
00:20:55.214 [FXGL Background Thread 1 ] DEBUG Input                - Registered new binding: Move LEFT - Left
00:20:55.214 [FXGL Background Thread 1 ] DEBUG Input                - Registered new binding: Player Attack - X
00:20:55.216 [FXGL Background Thread 1 ] DEBUG Input                - Registered new binding: Interact - Z
00:20:55.216 [FXGL Background Thread 1 ] INFO  FXGLApplication      - Game initialization took: 0.095 sec
00:20:55.260 [JavaFX Application Thread] DEBUG Input                - Clearing active input actions
00:20:55.265 [JavaFX Application Thread] DEBUG GameApplicationServi - Removing overlay from FXGLLoadingScene and adding to GameScene
00:20:55.265 [JavaFX Application Thread] DEBUG PrimaryStageWindow   - FXGLLoadingScene -> GameScene
00:20:55.772 [FXGL Background Thread 2 ] INFO  UpdaterService       - Your current version:  17.3
00:20:55.772 [FXGL Background Thread 2 ] INFO  UpdaterService       - Latest stable version: 21.1
00:20:57.149 [JavaFX Application Thread] DEBUG FXGLApplication      - Exiting FXGL
00:20:57.149 [JavaFX Application Thread] DEBUG LoopRunner           - Stopping loop
00:20:57.149 [JavaFX Application Thread] DEBUG SystemBundleService  - Saving FXGL system data
00:20:57.151 [JavaFX Application Thread] DEBUG FileSystemAccess     - Writing to: C:\Users\acer\IdeaProjects\RZL\system\fxgl.bundle
00:20:57.154 [JavaFX Application Thread] DEBUG Async                - Shutting down background threads
00:20:57.154 [JavaFX Application Thread] DEBUG PrimaryStageWindow   - Closing main window
00:20:57.165 [JavaFX Application Thread] DEBUG Logger               - Closing Logger
