20:21:01.969 [main                     ] DEBUG Logger               - Configured Logger
20:21:02.005 [main                     ] DEBUG GameApplication      - Logging settings
Title: Untitled
Version: 0.0
Width: 800
Height: 600
Fullscreen: false
Intro: false
Profiling: false
Single step:false
App Mode: DEVELOPER
Menu Key: ESCAPE
Stage Style: DECORATED
Scene Factory: class com.almasb.fxgl.app.scene.SceneFactory

20:21:02.282 [JavaFX Application Thread] DEBUG FXGLApplication      - Initializing FXGL
20:21:02.286 [JavaFX Application Thread] INFO  Engine               - FXGL-17.3 (30.03.2023 11.49) on WINDOWS (J:21.0.3 FX:21)
20:21:02.287 [JavaFX Application Thread] DEBUG Engine               - JRE Vendor Name: Oracle Corporation
20:21:02.287 [JavaFX Application Thread] DEBUG Engine               - Running on OS: Windows 11 version 10.0
20:21:02.287 [JavaFX Application Thread] DEBUG Engine               - Architecture: amd64
20:21:02.287 [JavaFX Application Thread] INFO  Engine               - Source code and latest versions at: https://github.com/AlmasB/FXGL
20:21:02.287 [JavaFX Application Thread] INFO  Engine               -       Ask questions and discuss at: https://github.com/AlmasB/FXGL/discussions
20:21:02.288 [JavaFX Application Thread] INFO  Engine               -              Join the FXGL chat at: https://gitter.im/AlmasB/FXGL
20:21:02.348 [JavaFX Application Thread] DEBUG PrimaryStageWindow   - Creating a JavaFX scene
20:21:02.385 [JavaFX Application Thread] DEBUG PrimaryStageWindow   - Target settings size: 800.0 x 600.0
20:21:02.386 [JavaFX Application Thread] DEBUG PrimaryStageWindow   - Scaled scene size:    800.0 x 600.0
20:21:02.386 [JavaFX Application Thread] DEBUG PrimaryStageWindow   - Scaled ratio: (1.0, 1.0)
20:21:02.386 [JavaFX Application Thread] DEBUG PrimaryStageWindow   - Set initial scene to FXGLStartupScene
20:21:02.389 [JavaFX Application Thread] DEBUG PrimaryStageWindow   - Opening main window
20:21:02.450 [JavaFX Application Thread] DEBUG PrimaryStageWindow   - Window border size: (14.4000244140625, 37.5999755859375)
20:21:02.450 [JavaFX Application Thread] DEBUG PrimaryStageWindow   - Scaled size: 800.0 x 600.0
20:21:02.450 [JavaFX Application Thread] DEBUG PrimaryStageWindow   - Scaled ratio: (1.0, 1.0)
20:21:02.450 [JavaFX Application Thread] DEBUG PrimaryStageWindow   - Scene size: 800.0 x 600.0
20:21:02.451 [JavaFX Application Thread] DEBUG PrimaryStageWindow   - Stage size: 814.4000244140625 x 637.5999755859375
20:21:02.457 [FXGL Background Thread 1 ] DEBUG Engine               - Initializing environment variables
20:21:02.513 [FXGL Background Thread 1 ] DEBUG FXGLAssetLoaderServi - User app class for loading assets: class com.xen.rzlgame.rzl.HelloApplication
20:21:02.514 [FXGL Background Thread 1 ] DEBUG GameApplicationServi - Applying CSS: fxgl_dark.css
20:21:02.514 [FXGL Background Thread 1 ] DEBUG FXGLAssetLoaderServi - Loading from file system: jar:file:///C:/Users/acer/.m2/repository/com/github/almasb/fxgl/17.3/fxgl-17.3.jar!/fxglassets/ui/css/fxgl_dark.css
20:21:02.555 [FXGL Background Thread 1 ] DEBUG GameApplicationServi - Initializing application scenes
20:21:02.610 [FXGL Background Thread 1 ] DEBUG GameWorld            - Game world initialized
20:21:02.668 [FXGL Background Thread 1 ] DEBUG PhysicsWorld         - Physics world initialized: appHeight=600, physics.ppm=50.0
20:21:02.668 [FXGL Background Thread 1 ] DEBUG PhysicsWorld         - Using strategy: BRUTE_FORCE
20:21:02.672 [FXGL Background Thread 1 ] DEBUG GameScene            - Game scene initialized: 800x600
20:21:02.679 [FXGL Background Thread 1 ] DEBUG FXGL.DefaultMenu     - createMenuBodyGameMenu()
20:21:02.687 [FXGL Background Thread 1 ] DEBUG FXGL.DefaultMenu     - createOptionsMenu()
20:21:02.693 [FXGL Background Thread 1 ] DEBUG FXGLAssetLoaderServi - Loading from file system: jar:file:///C:/Users/acer/.m2/repository/com/github/almasb/fxgl/17.3/fxgl-17.3.jar!/fxglassets/textures/particles/smoke.png
20:21:02.788 [FXGL Background Thread 1 ] DEBUG FXGLAssetLoaderServi - Loading from file system: jar:file:///C:/Users/acer/.m2/repository/com/github/almasb/fxgl/17.3/fxgl-17.3.jar!/fxglassets/textures/particles/trace_horizontal.png
20:21:02.807 [FXGL Background Thread 1 ] DEBUG GameApplicationServi - Application scenes initialized
20:21:02.816 [FXGL Background Thread 1 ] DEBUG SystemBundleService  - Loading FXGL system data
20:21:02.820 [FXGL Background Thread 1 ] DEBUG FileSystemAccess     - Reading from: C:\Users\acer\IdeaProjects\RZL\system\fxgl.bundle
20:21:02.826 [FXGL Background Thread 1 ] DEBUG SystemBundleService  - Bundle FXGL: {}
20:21:02.826 [FXGL Background Thread 1 ] DEBUG UpdaterService       - Checking for updates
20:21:02.829 [FXGL Background Thread 4 ] DEBUG FXGLApplication      - Loading fonts
20:21:02.830 [FXGL Background Thread 1 ] DEBUG FXGLApplication      - Loading default localization
20:21:02.830 [FXGL Background Thread 4 ] DEBUG FXGLAssetLoaderServi - Loading from file system: jar:file:///C:/Users/acer/.m2/repository/com/github/almasb/fxgl/17.3/fxgl-17.3.jar!/fxglassets/ui/fonts/VarelaRound-Regular.ttf
20:21:02.830 [FXGL Background Thread 1 ] DEBUG FXGLAssetLoaderServi - Loading from file system: jar:file:///C:/Users/acer/.m2/repository/com/github/almasb/fxgl/17.3/fxgl-17.3.jar!/fxglassets/languages/english.lang
20:21:02.859 [FXGL Background Thread 1 ] INFO  FXGLApplication      - FXGL initialization took: 0.403 sec
20:21:02.860 [JavaFX Application Thread] DEBUG FXGLAssetLoaderServi - Loading from file system: jar:file:///C:/Users/acer/.m2/repository/com/github/almasb/fxgl/17.3/fxgl-17.3.jar!/fxglassets/textures/fxgl_icon.png
20:21:02.862 [FXGL Background Thread 4 ] DEBUG FXGLAssetLoaderServi - Loading from file system: jar:file:///C:/Users/acer/.m2/repository/com/github/almasb/fxgl/17.3/fxgl-17.3.jar!/fxglassets/ui/fonts/Abel-Regular.ttf
20:21:02.867 [FXGL Background Thread 4 ] DEBUG FXGLAssetLoaderServi - Loading from file system: jar:file:///C:/Users/acer/.m2/repository/com/github/almasb/fxgl/17.3/fxgl-17.3.jar!/fxglassets/ui/fonts/TerminalLandMono-Regular.otf
20:21:02.870 [FXGL Background Thread 4 ] DEBUG FXGLAssetLoaderServi - Loading from file system: jar:file:///C:/Users/acer/.m2/repository/com/github/almasb/fxgl/17.3/fxgl-17.3.jar!/fxglassets/ui/fonts/Courier-Prime.ttf
20:21:02.880 [JavaFX Application Thread] DEBUG FXGLAssetLoaderServi - Loading from file system: jar:file:///C:/Users/acer/.m2/repository/com/github/almasb/fxgl/17.3/fxgl-17.3.jar!/fxglassets/textures/fxgl_default_cursor.png
20:21:02.892 [JavaFX Application Thread] DEBUG Input                - Registered new binding: Screenshot - CTRL+8
20:21:02.892 [JavaFX Application Thread] DEBUG Input                - Registered new binding: System info dump - CTRL+9
20:21:02.892 [JavaFX Application Thread] DEBUG Input                - Registered new binding: Restart - CTRL+R
20:21:02.893 [JavaFX Application Thread] DEBUG Input                - Registered new binding: Toggle Debug Camera - CTRL+7
20:21:02.896 [JavaFX Application Thread] DEBUG LoopRunner           - Starting loop
20:21:02.896 [JavaFX Application Thread] DEBUG LoopRunner           - Initializing JavaFX AnimationTimerLoop
20:21:02.897 [JavaFX Application Thread] DEBUG GameApplicationServi - Starting new game
20:21:02.897 [JavaFX Application Thread] DEBUG Input                - Clearing active input actions
20:21:02.911 [JavaFX Application Thread] DEBUG GameApplicationServi - Removing overlay from FXGLStartupScene and adding to FXGLLoadingScene
20:21:02.911 [JavaFX Application Thread] DEBUG PrimaryStageWindow   - FXGLStartupScene -> FXGLLoadingScene
20:21:02.911 [JavaFX Application Thread] DEBUG GameApplicationServi - Clearing previous game
20:21:02.911 [JavaFX Application Thread] DEBUG GameScene            - Clearing game scene
20:21:02.911 [JavaFX Application Thread] DEBUG GameWorld            - Clearing game world
20:21:02.911 [JavaFX Application Thread] DEBUG PhysicsWorld         - Clearing physics world
20:21:02.913 [JavaFX Application Thread] DEBUG FXGLApplication      - Registering font factories with UI factory
20:21:02.913 [FXGL Background Thread 4 ] DEBUG FXGLApplication      - Initializing game
20:21:02.999 [FXGL Background Thread 4 ] WARN  GameWorld            - Entity is already attached to world
20:21:03.001 [FXGL Background Thread 4 ] WARN  GameWorld            - Entity is already attached to world
20:21:03.025 [FXGL Background Thread 4 ] WARN  GameWorld            - Entity is already attached to world
20:21:03.027 [FXGL Background Thread 4 ] WARN  GameWorld            - Entity is already attached to world
20:21:03.036 [FXGL Background Thread 4 ] DEBUG Input                - Registered new binding: Move W - W
20:21:03.036 [FXGL Background Thread 4 ] DEBUG Input                - Registered new binding: Move S - S
20:21:03.036 [FXGL Background Thread 4 ] DEBUG Input                - Registered new binding: Move D - D
20:21:03.036 [FXGL Background Thread 4 ] DEBUG Input                - Registered new binding: Move A - A
20:21:03.040 [FXGL Background Thread 4 ] DEBUG Input                - Registered new binding: Player Attack - LMB
20:21:03.041 [FXGL Background Thread 4 ] DEBUG Input                - Registered new binding: Player Parry - RMB
20:21:03.041 [FXGL Background Thread 4 ] DEBUG Input                - Registered new binding: Sprint - Space
20:21:03.042 [FXGL Background Thread 4 ] DEBUG Input                - Registered new binding: Interact - Z
20:21:03.042 [FXGL Background Thread 4 ] INFO  FXGLApplication      - Game initialization took: 0.129 sec
20:21:03.075 [JavaFX Application Thread] DEBUG Input                - Clearing active input actions
20:21:03.082 [JavaFX Application Thread] DEBUG GameApplicationServi - Removing overlay from FXGLLoadingScene and adding to GameScene
20:21:03.082 [JavaFX Application Thread] DEBUG PrimaryStageWindow   - FXGLLoadingScene -> GameScene
20:21:03.305 [FXGL Background Thread 2 ] INFO  UpdaterService       - Your current version:  17.3
20:21:03.305 [FXGL Background Thread 2 ] INFO  UpdaterService       - Latest stable version: 21.1
20:21:05.829 [FXGL Background Thread 3 ] DEBUG Engine               - Logging environment variables
20:21:05.829 [FXGL Background Thread 3 ] DEBUG Engine               - achievements: []
20:21:05.829 [FXGL Background Thread 3 ] DEBUG Engine               - actualHeight: 600.0
20:21:05.829 [FXGL Background Thread 3 ] DEBUG Engine               - actualHeightProperty: ReadOnlyDoubleProperty [value: 600.0]
20:21:05.829 [FXGL Background Thread 3 ] DEBUG Engine               - actualWidth: 800.0
20:21:05.829 [FXGL Background Thread 3 ] DEBUG Engine               - actualWidthProperty: ReadOnlyDoubleProperty [value: 800.0]
20:21:05.829 [FXGL Background Thread 3 ] DEBUG Engine               - appIcon: fxgl_icon.png
20:21:05.829 [FXGL Background Thread 3 ] DEBUG Engine               - applicationMode: DEVELOPER
20:21:05.829 [FXGL Background Thread 3 ] DEBUG Engine               - cSSList: [fxgl_dark.css]
20:21:05.829 [FXGL Background Thread 3 ] DEBUG Engine               - collisionDetectionStrategy: BRUTE_FORCE
20:21:05.829 [FXGL Background Thread 3 ] DEBUG Engine               - configClass: Optional.empty
20:21:05.829 [FXGL Background Thread 3 ] DEBUG Engine               - credits: []
20:21:05.830 [FXGL Background Thread 3 ] DEBUG Engine               - defaultCursor: CursorInfo(imageName=fxgl_default_cursor.png, hotspotX=7.0, hotspotY=6.0)
20:21:05.830 [FXGL Background Thread 3 ] DEBUG Engine               - devBBoxColorProperty: ObjectProperty [value: 0xff0000ff]
20:21:05.830 [FXGL Background Thread 3 ] DEBUG Engine               - devEnableDebugCameraProperty: BooleanProperty [value: false]
20:21:05.830 [FXGL Background Thread 3 ] DEBUG Engine               - devSensorColorProperty: ObjectProperty [value: 0xffff00ff]
20:21:05.830 [FXGL Background Thread 3 ] DEBUG Engine               - devShowBBoxProperty: BooleanProperty [value: false]
20:21:05.830 [FXGL Background Thread 3 ] DEBUG Engine               - devShowPositionProperty: BooleanProperty [value: false]
20:21:05.830 [FXGL Background Thread 3 ] DEBUG Engine               - enabledMenuItems: []
20:21:05.830 [FXGL Background Thread 3 ] DEBUG Engine               - engineServices: [class com.almasb.fxgl.app.services.FXGLAssetLoaderService, class com.almasb.fxgl.app.FXGLApplication$GameApplicationService, class com.almasb.fxgl.app.services.FXGLDialogService, class com.almasb.fxgl.app.services.IOTaskExecutorService, class com.almasb.fxgl.io.FileSystemService, class com.almasb.fxgl.localization.LocalizationService, class com.almasb.fxgl.app.services.SystemBundleService, class com.almasb.fxgl.profile.SaveLoadService, class com.almasb.fxgl.ui.FXGLUIFactoryServiceProvider, class com.almasb.fxgl.ui.FXGLDialogFactoryServiceProvider, class com.almasb.fxgl.audio.AudioPlayer, class com.almasb.fxgl.notification.impl.NotificationServiceProvider, class com.almasb.fxgl.achievement.AchievementService, class com.almasb.fxgl.cutscene.CutsceneService, class com.almasb.fxgl.minigames.MiniGameService, class com.almasb.fxgl.net.NetService, class com.almasb.fxgl.app.services.UpdaterService, class com.almasb.fxgl.dev.DevService]
20:21:05.830 [FXGL Background Thread 3 ] DEBUG Engine               - fontGame: Abel-Regular.ttf
20:21:05.830 [FXGL Background Thread 3 ] DEBUG Engine               - fontMono: TerminalLandMono-Regular.otf
20:21:05.830 [FXGL Background Thread 3 ] DEBUG Engine               - fontSizeScaleUI: 1.0
20:21:05.830 [FXGL Background Thread 3 ] DEBUG Engine               - fontText: Courier-Prime.ttf
20:21:05.830 [FXGL Background Thread 3 ] DEBUG Engine               - fontUI: VarelaRound-Regular.ttf
20:21:05.830 [FXGL Background Thread 3 ] DEBUG Engine               - fullScreen: BooleanProperty [value: false]
20:21:05.830 [FXGL Background Thread 3 ] DEBUG Engine               - gameDifficulty: MEDIUM
20:21:05.830 [FXGL Background Thread 3 ] DEBUG Engine               - gameDifficultyProperty: ObjectProperty [value: MEDIUM]
20:21:05.830 [FXGL Background Thread 3 ] DEBUG Engine               - globalMusicVolume: 0.5
20:21:05.830 [FXGL Background Thread 3 ] DEBUG Engine               - globalMusicVolumeProperty: DoubleProperty [value: 0.5]
20:21:05.830 [FXGL Background Thread 3 ] DEBUG Engine               - globalSoundVolume: 0.5
20:21:05.830 [FXGL Background Thread 3 ] DEBUG Engine               - globalSoundVolumeProperty: DoubleProperty [value: 0.5]
20:21:05.830 [FXGL Background Thread 3 ] DEBUG Engine               - height: 600
20:21:05.830 [FXGL Background Thread 3 ] DEBUG Engine               - is3D: false
20:21:05.830 [FXGL Background Thread 3 ] DEBUG Engine               - isAndroid: false
20:21:05.830 [FXGL Background Thread 3 ] DEBUG Engine               - isBrowser: false
20:21:05.830 [FXGL Background Thread 3 ] DEBUG Engine               - isClickFeedbackEnabled: false
20:21:05.830 [FXGL Background Thread 3 ] DEBUG Engine               - isCloseConfirmation: false
20:21:05.830 [FXGL Background Thread 3 ] DEBUG Engine               - isDesktop: true
20:21:05.830 [FXGL Background Thread 3 ] DEBUG Engine               - isDeveloperMenuEnabled: false
20:21:05.831 [FXGL Background Thread 3 ] DEBUG Engine               - isEmbedded: false
20:21:05.831 [FXGL Background Thread 3 ] DEBUG Engine               - isEntityPreloadEnabled: true
20:21:05.831 [FXGL Background Thread 3 ] DEBUG Engine               - isExperimentalTiledLargeMap: false
20:21:05.831 [FXGL Background Thread 3 ] DEBUG Engine               - isFileSystemWriteAllowed: true
20:21:05.831 [FXGL Background Thread 3 ] DEBUG Engine               - isFullScreenAllowed: false
20:21:05.831 [FXGL Background Thread 3 ] DEBUG Engine               - isFullScreenFromStart: false
20:21:05.831 [FXGL Background Thread 3 ] DEBUG Engine               - isGameMenuEnabled: true
20:21:05.831 [FXGL Background Thread 3 ] DEBUG Engine               - isIOS: false
20:21:05.831 [FXGL Background Thread 3 ] DEBUG Engine               - isIntroEnabled: false
20:21:05.831 [FXGL Background Thread 3 ] DEBUG Engine               - isLinux: false
20:21:05.831 [FXGL Background Thread 3 ] DEBUG Engine               - isMac: false
20:21:05.831 [FXGL Background Thread 3 ] DEBUG Engine               - isMainMenuEnabled: false
20:21:05.831 [FXGL Background Thread 3 ] DEBUG Engine               - isManualResizeEnabled: false
20:21:05.831 [FXGL Background Thread 3 ] DEBUG Engine               - isMobile: false
20:21:05.831 [FXGL Background Thread 3 ] DEBUG Engine               - isNative: false
20:21:05.831 [FXGL Background Thread 3 ] DEBUG Engine               - isPauseMusicWhenMinimized: true
20:21:05.831 [FXGL Background Thread 3 ] DEBUG Engine               - isPreserveResizeRatio: false
20:21:05.831 [FXGL Background Thread 3 ] DEBUG Engine               - isProfilingEnabled: false
20:21:05.831 [FXGL Background Thread 3 ] DEBUG Engine               - isScaleAffectedOnResize: true
20:21:05.831 [FXGL Background Thread 3 ] DEBUG Engine               - isSingleStep: false
20:21:05.831 [FXGL Background Thread 3 ] DEBUG Engine               - isUserProfileEnabled: false
20:21:05.831 [FXGL Background Thread 3 ] DEBUG Engine               - isWindows: true
20:21:05.831 [FXGL Background Thread 3 ] DEBUG Engine               - language: ObjectProperty [value: ENGLISH]
20:21:05.831 [FXGL Background Thread 3 ] DEBUG Engine               - menuKey: ESCAPE
20:21:05.831 [FXGL Background Thread 3 ] DEBUG Engine               - mouseSensitivity: 0.2
20:21:05.831 [FXGL Background Thread 3 ] DEBUG Engine               - notificationViewClass: class com.almasb.fxgl.notification.view.XboxNotificationView
20:21:05.831 [FXGL Background Thread 3 ] DEBUG Engine               - pixelsPerMeter: 50.0
20:21:05.831 [FXGL Background Thread 3 ] DEBUG Engine               - platform: WINDOWS
20:21:05.831 [FXGL Background Thread 3 ] DEBUG Engine               - prefHeightProperty: ReadOnlyDoubleProperty [value: 600.0]
20:21:05.831 [FXGL Background Thread 3 ] DEBUG Engine               - prefWidthProperty: ReadOnlyDoubleProperty [value: 800.0]
20:21:05.831 [FXGL Background Thread 3 ] DEBUG Engine               - profileDir: profiles/
20:21:05.831 [FXGL Background Thread 3 ] DEBUG Engine               - profileName: StringProperty [value: DEFAULT]
20:21:05.831 [FXGL Background Thread 3 ] DEBUG Engine               - randomSeed: -1
20:21:05.831 [FXGL Background Thread 3 ] DEBUG Engine               - runtimeInfo: RuntimeInfo(platform=WINDOWS, version=17.3, build=30.03.2023 11.49)
20:21:05.832 [FXGL Background Thread 3 ] DEBUG Engine               - saveFileExt: sav
20:21:05.832 [FXGL Background Thread 3 ] DEBUG Engine               - scaledHeightProp$fxgl: DoubleProperty [bound, value: 600.0]
20:21:05.832 [FXGL Background Thread 3 ] DEBUG Engine               - scaledWidthProp$fxgl: DoubleProperty [bound, value: 800.0]
20:21:05.832 [FXGL Background Thread 3 ] DEBUG Engine               - sceneFactory: com.almasb.fxgl.app.scene.SceneFactory@7cb16145
20:21:05.832 [FXGL Background Thread 3 ] DEBUG Engine               - secondsIn24h: 60
20:21:05.832 [FXGL Background Thread 3 ] DEBUG Engine               - soundMenuBack: menu/back.wav
20:21:05.832 [FXGL Background Thread 3 ] DEBUG Engine               - soundMenuPress: menu/press.wav
20:21:05.832 [FXGL Background Thread 3 ] DEBUG Engine               - soundMenuSelect: menu/select.wav
20:21:05.832 [FXGL Background Thread 3 ] DEBUG Engine               - soundNotification: core/notification.wav
20:21:05.832 [FXGL Background Thread 3 ] DEBUG Engine               - stageStyle: DECORATED
20:21:05.832 [FXGL Background Thread 3 ] DEBUG Engine               - supportedLanguages: [ENGLISH, FRENCH, GERMAN, HUNGARIAN, RUSSIAN]
20:21:05.832 [FXGL Background Thread 3 ] DEBUG Engine               - ticksPerSecond: -1
20:21:05.832 [FXGL Background Thread 3 ] DEBUG Engine               - title: Untitled
20:21:05.832 [FXGL Background Thread 3 ] DEBUG Engine               - urlGithub: https://github.com/AlmasB/FXGL
20:21:05.832 [FXGL Background Thread 3 ] DEBUG Engine               - urlLeaderboard: http://fxgl-top.herokuapp.com/
20:21:05.832 [FXGL Background Thread 3 ] DEBUG Engine               - urlPOM: https://raw.githubusercontent.com/AlmasB/FXGL/release/README.md
20:21:05.832 [FXGL Background Thread 3 ] DEBUG Engine               - userAppClass: class com.xen.rzlgame.rzl.HelloApplication
20:21:05.832 [FXGL Background Thread 3 ] DEBUG Engine               - version: 0.0
20:21:05.832 [FXGL Background Thread 3 ] DEBUG Engine               - versionCheckDays: 7
20:21:05.832 [FXGL Background Thread 3 ] DEBUG Engine               - width: 800
20:21:05.832 [FXGL Background Thread 3 ] DEBUG Engine               - Logging services
20:21:05.832 [FXGL Background Thread 3 ] DEBUG Engine               - class com.almasb.fxgl.app.services.FXGLAssetLoaderService
20:21:05.832 [FXGL Background Thread 3 ] DEBUG Engine               - class com.almasb.fxgl.app.FXGLApplication$GameApplicationService
20:21:05.832 [FXGL Background Thread 3 ] DEBUG Engine               - class com.almasb.fxgl.app.services.FXGLDialogService
20:21:05.832 [FXGL Background Thread 3 ] DEBUG Engine               - class com.almasb.fxgl.app.services.IOTaskExecutorService
20:21:05.832 [FXGL Background Thread 3 ] DEBUG Engine               - class com.almasb.fxgl.io.FileSystemService
20:21:05.832 [FXGL Background Thread 3 ] DEBUG Engine               - class com.almasb.fxgl.localization.LocalizationService
20:21:05.832 [FXGL Background Thread 3 ] DEBUG Engine               - class com.almasb.fxgl.app.services.SystemBundleService
20:21:05.832 [FXGL Background Thread 3 ] DEBUG Engine               - class com.almasb.fxgl.profile.SaveLoadService
20:21:05.832 [FXGL Background Thread 3 ] DEBUG Engine               - class com.almasb.fxgl.ui.FXGLUIFactoryServiceProvider
20:21:05.832 [FXGL Background Thread 3 ] DEBUG Engine               - class com.almasb.fxgl.ui.FXGLDialogFactoryServiceProvider
20:21:05.832 [FXGL Background Thread 3 ] DEBUG Engine               - class com.almasb.fxgl.audio.AudioPlayer
20:21:05.832 [FXGL Background Thread 3 ] DEBUG Engine               - class com.almasb.fxgl.notification.impl.NotificationServiceProvider
20:21:05.832 [FXGL Background Thread 3 ] DEBUG Engine               - class com.almasb.fxgl.achievement.AchievementService
20:21:05.832 [FXGL Background Thread 3 ] DEBUG Engine               - class com.almasb.fxgl.cutscene.CutsceneService
20:21:05.833 [FXGL Background Thread 3 ] DEBUG Engine               - class com.almasb.fxgl.minigames.MiniGameService
20:21:05.833 [FXGL Background Thread 3 ] DEBUG Engine               - class com.almasb.fxgl.net.NetService
20:21:05.833 [FXGL Background Thread 3 ] DEBUG Engine               - class com.almasb.fxgl.app.services.UpdaterService
20:21:05.833 [FXGL Background Thread 3 ] DEBUG Engine               - class com.almasb.fxgl.dev.DevService
20:21:10.565 [JavaFX Application Thread] DEBUG LoopRunner           - Stopping loop
20:21:10.567 [JavaFX Application Thread] FATAL FXGLApplication      - Uncaught Exception:
java.lang.IllegalArgumentException: Component PlayerComponent not found!
	at com.almasb.fxgl.entity@17.3/com.almasb.fxgl.entity.Entity.getComponent(Entity.java:366)
	at com.xen.rzlgame.rzl/com.xen.rzlgame.rzl.Handlers.InputHandler$2.onActionBegin(InputHandler.java:55)
	at com.almasb.fxgl.core@17.3/com.almasb.fxgl.input.UserAction.begin$fxgl_core(UserAction.kt:37)
	at com.almasb.fxgl.core@17.3/com.almasb.fxgl.input.Input.handlePressed(Input.kt:375)
	at com.almasb.fxgl.core@17.3/com.almasb.fxgl.input.Input.onMouseEvent(Input.kt:339)
	at com.almasb.fxgl.core@17.3/com.almasb.fxgl.input.Input.onMouseEvent(Input.kt:328)
	at com.almasb.fxgl.all@17.3/com.almasb.fxgl.app.PrimaryStageWindow$2$1.invoke(MainWindow.kt:313)
	at com.almasb.fxgl.all@17.3/com.almasb.fxgl.app.PrimaryStageWindow$2$1.invoke(MainWindow.kt:313)
	at com.almasb.fxgl.core@17.3/com.almasb.fxgl.core.fsm.StateMachine.runOnActiveStates(StateMachine.kt:69)
	at com.almasb.fxgl.all@17.3/com.almasb.fxgl.app.PrimaryStageWindow$2.invoke(MainWindow.kt:313)
	at com.almasb.fxgl.all@17.3/com.almasb.fxgl.app.PrimaryStageWindow$2.invoke(MainWindow.kt:311)
	at com.almasb.fxgl.all@17.3/com.almasb.fxgl.app.MainWindow.addMouseHandler$lambda$2(MainWindow.kt:237)
	at javafx.base@21/com.sun.javafx.event.CompositeEventHandler$NormalEventHandlerRecord.handleBubblingEvent(CompositeEventHandler.java:247)
	at javafx.base@21/com.sun.javafx.event.CompositeEventHandler.dispatchBubblingEvent(CompositeEventHandler.java:80)
	at javafx.base@21/com.sun.javafx.event.EventHandlerManager.dispatchBubblingEvent(EventHandlerManager.java:232)
	at javafx.base@21/com.sun.javafx.event.EventHandlerManager.dispatchBubblingEvent(EventHandlerManager.java:189)
	at javafx.base@21/com.sun.javafx.event.CompositeEventDispatcher.dispatchBubblingEvent(CompositeEventDispatcher.java:59)
	at javafx.base@21/com.sun.javafx.event.BasicEventDispatcher.dispatchEvent(BasicEventDispatcher.java:58)
	at javafx.base@21/com.sun.javafx.event.EventDispatchChainImpl.dispatchEvent(EventDispatchChainImpl.java:114)
	at javafx.base@21/com.sun.javafx.event.BasicEventDispatcher.dispatchEvent(BasicEventDispatcher.java:56)
	at javafx.base@21/com.sun.javafx.event.EventDispatchChainImpl.dispatchEvent(EventDispatchChainImpl.java:114)
	at javafx.base@21/com.sun.javafx.event.EventUtil.fireEventImpl(EventUtil.java:74)
	at javafx.base@21/com.sun.javafx.event.EventUtil.fireEvent(EventUtil.java:54)
	at javafx.base@21/javafx.event.Event.fireEvent(Event.java:198)
	at javafx.graphics@21/javafx.scene.Scene$MouseHandler.process(Scene.java:3984)
	at javafx.graphics@21/javafx.scene.Scene.processMouseEvent(Scene.java:1890)
	at javafx.graphics@21/javafx.scene.Scene$ScenePeerListener.mouseEvent(Scene.java:2708)
	at javafx.graphics@21/com.sun.javafx.tk.quantum.GlassViewEventHandler$MouseEventNotification.run(GlassViewEventHandler.java:411)
	at javafx.graphics@21/com.sun.javafx.tk.quantum.GlassViewEventHandler$MouseEventNotification.run(GlassViewEventHandler.java:301)
	at java.base/java.security.AccessController.doPrivileged(AccessController.java:400)
	at javafx.graphics@21/com.sun.javafx.tk.quantum.GlassViewEventHandler.lambda$handleMouseEvent$2(GlassViewEventHandler.java:450)
	at javafx.graphics@21/com.sun.javafx.tk.quantum.QuantumToolkit.runWithoutRenderLock(QuantumToolkit.java:424)
	at javafx.graphics@21/com.sun.javafx.tk.quantum.GlassViewEventHandler.handleMouseEvent(GlassViewEventHandler.java:449)
	at javafx.graphics@21/com.sun.glass.ui.View.handleMouseEvent(View.java:551)
	at javafx.graphics@21/com.sun.glass.ui.View.notifyMouse(View.java:937)
	at javafx.graphics@21/com.sun.glass.ui.win.WinApplication._runLoop(Native Method)
	at javafx.graphics@21/com.sun.glass.ui.win.WinApplication.lambda$runLoop$3(WinApplication.java:185)
	at java.base/java.lang.Thread.run(Thread.java:1583)

20:21:10.567 [JavaFX Application Thread] FATAL FXGLApplication      - Application will now exit
20:21:10.576 [JavaFX Application Thread] DEBUG PrimaryStageWindow   - Push state: ErrorSubScene
20:21:10.576 [JavaFX Application Thread] DEBUG Input                - Clearing active input actions
20:21:10.579 [JavaFX Application Thread] DEBUG GameApplicationServi - Removing overlay from GameScene and adding to ErrorSubScene
20:21:10.579 [JavaFX Application Thread] DEBUG PrimaryStageWindow   - GameScene -> ErrorSubScene
20:21:12.530 [JavaFX Application Thread] DEBUG FXGLApplication      - Exiting FXGL
20:21:12.530 [JavaFX Application Thread] DEBUG Async                - Shutting down background threads
20:21:12.531 [JavaFX Application Thread] DEBUG PrimaryStageWindow   - Closing main window
20:21:12.542 [JavaFX Application Thread] DEBUG Logger               - Closing Logger
