23:58:12.705 [main                     ] DEBUG Logger               - Configured Logger
23:58:12.740 [main                     ] DEBUG GameApplication      - Logging settings
Title: Untitled
Version: 0.0
Width: 800
Height: 600
Fullscreen: false
Intro: false
Profiling: false
Single step:false
App Mode: DEVELOPER
Menu Key: ESCAPE
Stage Style: DECORATED
Scene Factory: class com.almasb.fxgl.app.scene.SceneFactory

23:58:13.033 [JavaFX Application Thread] DEBUG FXGLApplication      - Initializing FXGL
23:58:13.037 [JavaFX Application Thread] INFO  Engine               - FXGL-21.1 (27.03.2024 07.52) on WINDOWS (J:21.0.3 FX:21)
23:58:13.037 [JavaFX Application Thread] DEBUG Engine               - JRE Vendor Name: Oracle Corporation
23:58:13.037 [JavaFX Application Thread] DEBUG Engine               - Running on OS: Windows 11 version 10.0
23:58:13.037 [JavaFX Application Thread] DEBUG Engine               - Architecture: amd64
23:58:13.038 [JavaFX Application Thread] INFO  Engine               - Source code and latest versions at: https://github.com/AlmasB/FXGL
23:58:13.038 [JavaFX Application Thread] INFO  Engine               -       Ask questions and discuss at: https://github.com/AlmasB/FXGL/discussions
23:58:13.038 [JavaFX Application Thread] INFO  Engine               -              Join the FXGL chat at: https://gitter.im/AlmasB/FXGL
23:58:13.096 [JavaFX Application Thread] DEBUG PrimaryStageWindow   - Creating a JavaFX scene
23:58:13.137 [JavaFX Application Thread] DEBUG PrimaryStageWindow   - Target settings size: 800.0 x 600.0
23:58:13.137 [JavaFX Application Thread] DEBUG PrimaryStageWindow   - Scaled scene size:    800.0 x 600.0
23:58:13.137 [JavaFX Application Thread] DEBUG PrimaryStageWindow   - Scaled ratio: (1.0, 1.0)
23:58:13.138 [JavaFX Application Thread] DEBUG PrimaryStageWindow   - Set initial scene to FXGLStartupScene
23:58:13.141 [JavaFX Application Thread] DEBUG PrimaryStageWindow   - Opening main window
23:58:13.194 [JavaFX Application Thread] DEBUG PrimaryStageWindow   - Window border size: (14.4000244140625, 37.5999755859375)
23:58:13.194 [JavaFX Application Thread] DEBUG PrimaryStageWindow   - Scaled size: 800.0 x 600.0
23:58:13.194 [JavaFX Application Thread] DEBUG PrimaryStageWindow   - Scaled ratio: (1.0, 1.0)
23:58:13.194 [JavaFX Application Thread] DEBUG PrimaryStageWindow   - Scene size: 800.0 x 600.0
23:58:13.194 [JavaFX Application Thread] DEBUG PrimaryStageWindow   - Stage size: 814.4000244140625 x 637.5999755859375
23:58:13.201 [FXGL Background Thread 1 ] DEBUG Engine               - Initializing environment variables
23:58:13.239 [FXGL Background Thread 1 ] DEBUG FXGLAssetLoaderServi - User app class for loading assets: class com.xen.rzlgame.rzl.HelloApplication
23:58:13.240 [FXGL Background Thread 1 ] DEBUG GameApplicationServi - Applying CSS: fxgl_dark.css
23:58:13.240 [FXGL Background Thread 1 ] DEBUG FXGLAssetLoaderServi - Loading from file system: jar:file:///C:/Users/acer/.m2/repository/com/github/almasb/fxgl/21.1/fxgl-21.1.jar!/fxglassets/ui/css/fxgl_dark.css
23:58:13.287 [FXGL Background Thread 1 ] DEBUG GameApplicationServi - Initializing application scenes
23:58:13.348 [FXGL Background Thread 1 ] DEBUG GameWorld            - Game world initialized
23:58:13.402 [FXGL Background Thread 1 ] DEBUG PhysicsWorld         - Physics world initialized: appHeight=600, physics.ppm=50.0
23:58:13.402 [FXGL Background Thread 1 ] DEBUG PhysicsWorld         - Using strategy: BRUTE_FORCE
23:58:13.404 [FXGL Background Thread 1 ] DEBUG GameScene            - Game scene initialized: 800x600
23:58:13.413 [FXGL Background Thread 1 ] DEBUG FXGL.DefaultMenu     - createMenuBodyGameMenu()
23:58:13.421 [FXGL Background Thread 1 ] DEBUG FXGL.DefaultMenu     - createOptionsMenu()
23:58:13.428 [FXGL Background Thread 1 ] DEBUG FXGLAssetLoaderServi - Loading from file system: jar:file:///C:/Users/acer/.m2/repository/com/github/almasb/fxgl/21.1/fxgl-21.1.jar!/fxglassets/textures/particles/smoke.png
23:58:13.520 [FXGL Background Thread 1 ] DEBUG FXGLAssetLoaderServi - Loading from file system: jar:file:///C:/Users/acer/.m2/repository/com/github/almasb/fxgl/21.1/fxgl-21.1.jar!/fxglassets/textures/particles/trace_horizontal.png
23:58:13.539 [FXGL Background Thread 1 ] DEBUG GameApplicationServi - Application scenes initialized
23:58:13.549 [FXGL Background Thread 1 ] DEBUG SystemBundleService  - Loading FXGL system data
23:58:13.553 [FXGL Background Thread 1 ] DEBUG FileSystemAccess     - Reading from: C:\Users\acer\IdeaProjects\RZL\system\fxgl.bundle
23:58:13.559 [FXGL Background Thread 1 ] DEBUG SystemBundleService  - Bundle FXGL: {}
23:58:13.559 [FXGL Background Thread 1 ] DEBUG UpdaterService       - Checking for updates
23:58:13.591 [FXGL Background Thread 4 ] DEBUG FXGLApplication      - Loading fonts
23:58:13.592 [FXGL Background Thread 4 ] DEBUG FXGLAssetLoaderServi - Loading from file system: jar:file:///C:/Users/acer/.m2/repository/com/github/almasb/fxgl/21.1/fxgl-21.1.jar!/fxglassets/ui/fonts/VarelaRound-Regular.ttf
23:58:13.592 [FXGL Background Thread 1 ] DEBUG FXGLApplication      - Loading default localization
23:58:13.593 [FXGL Background Thread 1 ] DEBUG FXGLAssetLoaderServi - Loading from file system: jar:file:///C:/Users/acer/.m2/repository/com/github/almasb/fxgl/21.1/fxgl-21.1.jar!/fxglassets/languages/english.lang
23:58:13.627 [FXGL Background Thread 4 ] DEBUG FXGLAssetLoaderServi - Loading from file system: jar:file:///C:/Users/acer/.m2/repository/com/github/almasb/fxgl/21.1/fxgl-21.1.jar!/fxglassets/ui/fonts/Abel-Regular.ttf
23:58:13.630 [FXGL Background Thread 1 ] INFO  FXGLApplication      - FXGL initialization took: 0.430 sec
23:58:13.631 [FXGL Background Thread 4 ] DEBUG FXGLAssetLoaderServi - Loading from file system: jar:file:///C:/Users/acer/.m2/repository/com/github/almasb/fxgl/21.1/fxgl-21.1.jar!/fxglassets/ui/fonts/TerminalLandMono-Regular.otf
23:58:13.632 [JavaFX Application Thread] DEBUG FXGLAssetLoaderServi - Loading from file system: jar:file:///C:/Users/acer/.m2/repository/com/github/almasb/fxgl/21.1/fxgl-21.1.jar!/fxglassets/textures/fxgl_icon.png
23:58:13.649 [JavaFX Application Thread] DEBUG FXGLAssetLoaderServi - Loading from file system: jar:file:///C:/Users/acer/.m2/repository/com/github/almasb/fxgl/21.1/fxgl-21.1.jar!/fxglassets/textures/fxgl_default_cursor.png
23:58:13.664 [JavaFX Application Thread] DEBUG Input                - Registered new binding: Screenshot - CTRL+8
23:58:13.664 [JavaFX Application Thread] DEBUG Input                - Registered new binding: Dev Options - 1
23:58:13.665 [JavaFX Application Thread] DEBUG Input                - Registered new binding: Dev Console - 2
23:58:13.666 [JavaFX Application Thread] DEBUG Input                - Registered new binding: System info dump - CTRL+9
23:58:13.667 [JavaFX Application Thread] DEBUG Input                - Registered new binding: Restart - CTRL+R
23:58:13.669 [JavaFX Application Thread] DEBUG Input                - Registered new binding: Toggle Debug Camera - CTRL+7
23:58:13.678 [JavaFX Application Thread] DEBUG LoopRunner           - Starting loop
23:58:13.679 [FXGL Background Thread 4 ] DEBUG FXGLAssetLoaderServi - Loading from file system: jar:file:///C:/Users/acer/.m2/repository/com/github/almasb/fxgl/21.1/fxgl-21.1.jar!/fxglassets/ui/fonts/Courier-Prime.ttf
23:58:13.708 [JavaFX Application Thread] DEBUG LoopRunner           - Initializing JavaFX AnimationTimerLoop
23:58:13.709 [JavaFX Application Thread] DEBUG GameApplicationServi - Starting new game
23:58:13.711 [JavaFX Application Thread] DEBUG Input                - Clearing active input actions
23:58:13.730 [JavaFX Application Thread] DEBUG GameApplicationServi - Removing overlay from FXGLStartupScene and adding to FXGLLoadingScene
23:58:13.734 [JavaFX Application Thread] DEBUG PrimaryStageWindow   - FXGLStartupScene -> FXGLLoadingScene
23:58:13.734 [JavaFX Application Thread] DEBUG GameApplicationServi - Clearing previous game
23:58:13.734 [JavaFX Application Thread] DEBUG GameScene            - Clearing game scene
23:58:13.734 [JavaFX Application Thread] DEBUG GameWorld            - Clearing game world
23:58:13.734 [JavaFX Application Thread] DEBUG PhysicsWorld         - Clearing physics world
23:58:13.737 [FXGL Background Thread 4 ] DEBUG FXGLApplication      - Initializing game
23:58:13.798 [FXGL Background Thread 4 ] WARN  TMXLevelLoader       - TiledMap generated from 1.11.2. Supported version: 1.9.0. Some features may not be parsed fully.
23:58:13.806 [FXGL Background Thread 4 ] DEBUG TMXLevelLoader       - Parsed TiledMap: file:/C:/Users/acer/IdeaProjects/RZL/target/classes/assets/levels/main_level.tmx
23:58:13.808 [FXGL Background Thread 4 ] DEBUG TMXLevelLoader       - Creating tile layer entities
23:58:13.812 [FXGL Background Thread 4 ] DEBUG TilesetLoader        - Loading view for layer Tile Layer 1
23:58:13.814 [FXGL Background Thread 4 ] DEBUG TilesetLoader        - Created buffer with size 2400.0x640.0
23:58:13.819 [FXGL Background Thread 4 ] DEBUG TMXLevelLoader       - Creating object layer entities
23:58:13.837 [FXGL Background Thread 4 ] WARN  Entity               - Entity already has component: com.almasb.fxgl.entity.components.CollidableComponent
23:58:13.847 [FXGL Background Thread 4 ] DEBUG GameWorld            - Clearing removable entities
23:58:13.851 [FXGL Background Thread 4 ] DEBUG GameWorld            - Setting level: com.almasb.fxgl.entity.level.Level@172c7611
23:58:13.859 [FXGL Background Thread 4 ] DEBUG FXGLAssetLoaderServi - Loading from file system: file:/C:/Users/acer/IdeaProjects/RZL/target/classes/assets/textures/playerWalk.png
23:58:13.862 [FXGL Background Thread 4 ] DEBUG FXGLAssetLoaderServi - Loading from file system: file:/C:/Users/acer/IdeaProjects/RZL/target/classes/assets/textures/playerJump.png
23:58:13.864 [FXGL Background Thread 4 ] DEBUG FXGLAssetLoaderServi - Loading from file system: file:/C:/Users/acer/IdeaProjects/RZL/target/classes/assets/textures/playerAttack.png
23:58:13.878 [FXGL Background Thread 4 ] WARN  GameWorld            - Entity is already attached to world
23:58:13.882 [FXGL Background Thread 4 ] WARN  GameWorld            - Entity is already attached to world
23:58:13.883 [FXGL Background Thread 4 ] WARN  GameWorld            - Entity is already attached to world
23:58:13.883 [FXGL Background Thread 4 ] WARN  Entity               - Entity already has component: com.almasb.fxgl.entity.components.CollidableComponent
23:58:13.884 [FXGL Background Thread 4 ] WARN  GameWorld            - Entity is already attached to world
23:58:13.898 [FXGL Background Thread 4 ] DEBUG Input                - Registered new binding: Move D - D
23:58:13.899 [FXGL Background Thread 4 ] DEBUG Input                - Registered new binding: Move A - A
23:58:13.905 [FXGL Background Thread 4 ] DEBUG Input                - Registered new binding: Player Attack - LMB
23:58:13.906 [FXGL Background Thread 4 ] DEBUG Input                - Registered new binding: Player Parry - RMB
23:58:13.907 [FXGL Background Thread 4 ] DEBUG Input                - Registered new binding: Jump - Space
23:58:13.910 [FXGL Background Thread 4 ] DEBUG Input                - Registered new binding: Interact - Z
23:58:13.910 [FXGL Background Thread 4 ] INFO  FXGLApplication      - Game initialization took: 0.173 sec
23:58:13.957 [JavaFX Application Thread] DEBUG FXGLApplication      - Registering font factories with UI factory
23:58:13.969 [JavaFX Application Thread] DEBUG Input                - Clearing active input actions
23:58:13.978 [JavaFX Application Thread] DEBUG GameApplicationServi - Removing overlay from FXGLLoadingScene and adding to GameScene
23:58:13.981 [JavaFX Application Thread] DEBUG PrimaryStageWindow   - FXGLLoadingScene -> GameScene
23:58:16.591 [FXGL Background Thread 3 ] DEBUG Engine               - Logging environment variables
23:58:16.591 [FXGL Background Thread 3 ] DEBUG Engine               - achievements: []
23:58:16.591 [FXGL Background Thread 3 ] DEBUG Engine               - actualHeight: 600.0
23:58:16.591 [FXGL Background Thread 3 ] DEBUG Engine               - actualHeightProperty: ReadOnlyDoubleProperty [value: 600.0]
23:58:16.591 [FXGL Background Thread 3 ] DEBUG Engine               - actualWidth: 800.0
23:58:16.591 [FXGL Background Thread 3 ] DEBUG Engine               - actualWidthProperty: ReadOnlyDoubleProperty [value: 800.0]
23:58:16.591 [FXGL Background Thread 3 ] DEBUG Engine               - appIcon: fxgl_icon.png
23:58:16.591 [FXGL Background Thread 3 ] DEBUG Engine               - applicationMode: DEVELOPER
23:58:16.591 [FXGL Background Thread 3 ] DEBUG Engine               - cSSList: [fxgl_dark.css]
23:58:16.591 [FXGL Background Thread 3 ] DEBUG Engine               - collisionDetectionStrategy: BRUTE_FORCE
23:58:16.592 [FXGL Background Thread 3 ] DEBUG Engine               - configClass: Optional.empty
23:58:16.592 [FXGL Background Thread 3 ] DEBUG Engine               - credits: []
23:58:16.592 [FXGL Background Thread 3 ] DEBUG Engine               - defaultCursor: CursorInfo(imageName=fxgl_default_cursor.png, hotspotX=7.0, hotspotY=6.0)
23:58:16.592 [FXGL Background Thread 3 ] DEBUG Engine               - devBBoxColorProperty: ObjectProperty [value: 0xff0000ff]
23:58:16.592 [FXGL Background Thread 3 ] DEBUG Engine               - devEnableDebugCameraProperty: BooleanProperty [value: false]
23:58:16.592 [FXGL Background Thread 3 ] DEBUG Engine               - devSensorColorProperty: ObjectProperty [value: 0xffff00ff]
23:58:16.592 [FXGL Background Thread 3 ] DEBUG Engine               - devShowBBoxProperty: BooleanProperty [value: false]
23:58:16.592 [FXGL Background Thread 3 ] DEBUG Engine               - devShowPositionProperty: BooleanProperty [value: false]
23:58:16.592 [FXGL Background Thread 3 ] DEBUG Engine               - enabledMenuItems: []
23:58:16.592 [FXGL Background Thread 3 ] DEBUG Engine               - engineServices: [class com.almasb.fxgl.app.services.FXGLAssetLoaderService, class com.almasb.fxgl.app.FXGLApplication$GameApplicationService, class com.almasb.fxgl.app.services.FXGLDialogService, class com.almasb.fxgl.app.services.IOTaskExecutorService, class com.almasb.fxgl.io.FileSystemService, class com.almasb.fxgl.localization.LocalizationService, class com.almasb.fxgl.app.services.SystemBundleService, class com.almasb.fxgl.profile.SaveLoadService, class com.almasb.fxgl.ui.FXGLUIFactoryServiceProvider, class com.almasb.fxgl.ui.FXGLDialogFactoryServiceProvider, class com.almasb.fxgl.audio.AudioPlayer, class com.almasb.fxgl.notification.impl.NotificationServiceProvider, class com.almasb.fxgl.achievement.AchievementService, class com.almasb.fxgl.cutscene.CutsceneService, class com.almasb.fxgl.minigames.MiniGameService, class com.almasb.fxgl.net.NetService, class com.almasb.fxgl.app.services.UpdaterService, class com.almasb.fxgl.dev.DevService]
23:58:16.592 [FXGL Background Thread 3 ] DEBUG Engine               - fontGame: Abel-Regular.ttf
23:58:16.592 [FXGL Background Thread 3 ] DEBUG Engine               - fontMono: TerminalLandMono-Regular.otf
23:58:16.592 [FXGL Background Thread 3 ] DEBUG Engine               - fontSizeScaleUI: 1.0
23:58:16.592 [FXGL Background Thread 3 ] DEBUG Engine               - fontText: Courier-Prime.ttf
23:58:16.592 [FXGL Background Thread 3 ] DEBUG Engine               - fontUI: VarelaRound-Regular.ttf
23:58:16.592 [FXGL Background Thread 3 ] DEBUG Engine               - fullScreen: BooleanProperty [value: false]
23:58:16.592 [FXGL Background Thread 3 ] DEBUG Engine               - gameDifficulty: MEDIUM
23:58:16.592 [FXGL Background Thread 3 ] DEBUG Engine               - gameDifficultyProperty: ObjectProperty [value: MEDIUM]
23:58:16.592 [FXGL Background Thread 3 ] DEBUG Engine               - globalMusicVolume: 0.5
23:58:16.592 [FXGL Background Thread 3 ] DEBUG Engine               - globalMusicVolumeProperty: DoubleProperty [value: 0.5]
23:58:16.592 [FXGL Background Thread 3 ] DEBUG Engine               - globalSoundVolume: 0.5
23:58:16.592 [FXGL Background Thread 3 ] DEBUG Engine               - globalSoundVolumeProperty: DoubleProperty [value: 0.5]
23:58:16.592 [FXGL Background Thread 3 ] DEBUG Engine               - height: 600
23:58:16.592 [FXGL Background Thread 3 ] DEBUG Engine               - is3D: false
23:58:16.592 [FXGL Background Thread 3 ] DEBUG Engine               - isAndroid: false
23:58:16.592 [FXGL Background Thread 3 ] DEBUG Engine               - isBrowser: false
23:58:16.592 [FXGL Background Thread 3 ] DEBUG Engine               - isClickFeedbackEnabled: false
23:58:16.592 [FXGL Background Thread 3 ] DEBUG Engine               - isCloseConfirmation: false
23:58:16.592 [FXGL Background Thread 3 ] DEBUG Engine               - isDesktop: true
23:58:16.592 [FXGL Background Thread 3 ] DEBUG Engine               - isDeveloperMenuEnabled: true
23:58:16.592 [FXGL Background Thread 3 ] DEBUG Engine               - isEmbedded: false
23:58:16.593 [FXGL Background Thread 3 ] DEBUG Engine               - isEntityPreloadEnabled: true
23:58:16.593 [FXGL Background Thread 3 ] DEBUG Engine               - isExperimentalTiledLargeMap: false
23:58:16.593 [FXGL Background Thread 3 ] DEBUG Engine               - isFileSystemWriteAllowed: true
23:58:16.593 [FXGL Background Thread 3 ] DEBUG Engine               - isFullScreenAllowed: false
23:58:16.593 [FXGL Background Thread 3 ] DEBUG Engine               - isFullScreenFromStart: false
23:58:16.593 [FXGL Background Thread 3 ] DEBUG Engine               - isGameMenuEnabled: true
23:58:16.593 [FXGL Background Thread 3 ] DEBUG Engine               - isIOS: false
23:58:16.593 [FXGL Background Thread 3 ] DEBUG Engine               - isIntroEnabled: false
23:58:16.593 [FXGL Background Thread 3 ] DEBUG Engine               - isLinux: false
23:58:16.593 [FXGL Background Thread 3 ] DEBUG Engine               - isMac: false
23:58:16.593 [FXGL Background Thread 3 ] DEBUG Engine               - isMainMenuEnabled: false
23:58:16.593 [FXGL Background Thread 3 ] DEBUG Engine               - isManualResizeEnabled: false
23:58:16.593 [FXGL Background Thread 3 ] DEBUG Engine               - isMobile: false
23:58:16.593 [FXGL Background Thread 3 ] DEBUG Engine               - isNative: false
23:58:16.593 [FXGL Background Thread 3 ] DEBUG Engine               - isPauseMusicWhenMinimized: true
23:58:16.593 [FXGL Background Thread 3 ] DEBUG Engine               - isPreserveResizeRatio: false
23:58:16.593 [FXGL Background Thread 3 ] DEBUG Engine               - isProfilingEnabled: false
23:58:16.593 [FXGL Background Thread 3 ] DEBUG Engine               - isScaleAffectedOnResize: true
23:58:16.593 [FXGL Background Thread 3 ] DEBUG Engine               - isSingleStep: false
23:58:16.593 [FXGL Background Thread 3 ] DEBUG Engine               - isUserProfileEnabled: false
23:58:16.593 [FXGL Background Thread 3 ] DEBUG Engine               - isWindows: true
23:58:16.593 [FXGL Background Thread 3 ] DEBUG Engine               - language: ObjectProperty [value: ENGLISH]
23:58:16.593 [FXGL Background Thread 3 ] DEBUG Engine               - menuKey: ESCAPE
23:58:16.593 [FXGL Background Thread 3 ] DEBUG Engine               - mouseSensitivity: 0.2
23:58:16.593 [FXGL Background Thread 3 ] DEBUG Engine               - notificationViewClass: class com.almasb.fxgl.notification.view.XboxNotificationView
23:58:16.593 [FXGL Background Thread 3 ] DEBUG Engine               - pixelsPerMeter: 50.0
23:58:16.593 [FXGL Background Thread 3 ] DEBUG Engine               - platform: WINDOWS
23:58:16.593 [FXGL Background Thread 3 ] DEBUG Engine               - prefHeightProperty: ReadOnlyDoubleProperty [value: 600.0]
23:58:16.593 [FXGL Background Thread 3 ] DEBUG Engine               - prefWidthProperty: ReadOnlyDoubleProperty [value: 800.0]
23:58:16.593 [FXGL Background Thread 3 ] DEBUG Engine               - profileDir: profiles/
23:58:16.593 [FXGL Background Thread 3 ] DEBUG Engine               - profileName: StringProperty [value: DEFAULT]
23:58:16.593 [FXGL Background Thread 3 ] DEBUG Engine               - randomSeed: -1
23:58:16.593 [FXGL Background Thread 3 ] DEBUG Engine               - runtimeInfo: RuntimeInfo(platform=WINDOWS, version=21.1, build=27.03.2024 07.52)
23:58:16.593 [FXGL Background Thread 3 ] DEBUG Engine               - saveFileExt: sav
23:58:16.593 [FXGL Background Thread 3 ] DEBUG Engine               - scaledHeightProp$fxgl: DoubleProperty [bound, value: 600.0]
23:58:16.593 [FXGL Background Thread 3 ] DEBUG Engine               - scaledWidthProp$fxgl: DoubleProperty [bound, value: 800.0]
23:58:16.594 [FXGL Background Thread 3 ] DEBUG Engine               - sceneFactory: com.almasb.fxgl.app.scene.SceneFactory@29c3d48d
23:58:16.594 [FXGL Background Thread 3 ] DEBUG Engine               - secondsIn24h: 60
23:58:16.594 [FXGL Background Thread 3 ] DEBUG Engine               - soundMenuBack: menu/back.wav
23:58:16.594 [FXGL Background Thread 3 ] DEBUG Engine               - soundMenuPress: menu/press.wav
23:58:16.594 [FXGL Background Thread 3 ] DEBUG Engine               - soundMenuSelect: menu/select.wav
23:58:16.594 [FXGL Background Thread 3 ] DEBUG Engine               - soundNotification: core/notification.wav
23:58:16.594 [FXGL Background Thread 3 ] DEBUG Engine               - stageStyle: DECORATED
23:58:16.594 [FXGL Background Thread 3 ] DEBUG Engine               - supportedLanguages: [ENGLISH, FRENCH, GERMAN, HUNGARIAN, RUSSIAN]
23:58:16.594 [FXGL Background Thread 3 ] DEBUG Engine               - ticksPerSecond: -1
23:58:16.594 [FXGL Background Thread 3 ] DEBUG Engine               - title: Untitled
23:58:16.594 [FXGL Background Thread 3 ] DEBUG Engine               - urlGithub: https://github.com/AlmasB/FXGL
23:58:16.594 [FXGL Background Thread 3 ] DEBUG Engine               - urlLeaderboard: http://fxgl-top.herokuapp.com/
23:58:16.594 [FXGL Background Thread 3 ] DEBUG Engine               - urlPOM: https://raw.githubusercontent.com/AlmasB/FXGL/release/README.md
23:58:16.594 [FXGL Background Thread 3 ] DEBUG Engine               - userAppClass: class com.xen.rzlgame.rzl.HelloApplication
23:58:16.594 [FXGL Background Thread 3 ] DEBUG Engine               - version: 0.0
23:58:16.594 [FXGL Background Thread 3 ] DEBUG Engine               - versionCheckDays: 7
23:58:16.594 [FXGL Background Thread 3 ] DEBUG Engine               - width: 800
23:58:16.594 [FXGL Background Thread 3 ] DEBUG Engine               - Logging services
23:58:16.594 [FXGL Background Thread 3 ] DEBUG Engine               - class com.almasb.fxgl.app.services.FXGLAssetLoaderService
23:58:16.594 [FXGL Background Thread 3 ] DEBUG Engine               - class com.almasb.fxgl.app.FXGLApplication$GameApplicationService
23:58:16.594 [FXGL Background Thread 3 ] DEBUG Engine               - class com.almasb.fxgl.app.services.FXGLDialogService
23:58:16.594 [FXGL Background Thread 3 ] DEBUG Engine               - class com.almasb.fxgl.app.services.IOTaskExecutorService
23:58:16.594 [FXGL Background Thread 3 ] DEBUG Engine               - class com.almasb.fxgl.io.FileSystemService
23:58:16.594 [FXGL Background Thread 3 ] DEBUG Engine               - class com.almasb.fxgl.localization.LocalizationService
23:58:16.594 [FXGL Background Thread 3 ] DEBUG Engine               - class com.almasb.fxgl.app.services.SystemBundleService
23:58:16.594 [FXGL Background Thread 3 ] DEBUG Engine               - class com.almasb.fxgl.profile.SaveLoadService
23:58:16.594 [FXGL Background Thread 3 ] DEBUG Engine               - class com.almasb.fxgl.ui.FXGLUIFactoryServiceProvider
23:58:16.594 [FXGL Background Thread 3 ] DEBUG Engine               - class com.almasb.fxgl.ui.FXGLDialogFactoryServiceProvider
23:58:16.594 [FXGL Background Thread 3 ] DEBUG Engine               - class com.almasb.fxgl.audio.AudioPlayer
23:58:16.594 [FXGL Background Thread 3 ] DEBUG Engine               - class com.almasb.fxgl.notification.impl.NotificationServiceProvider
23:58:16.594 [FXGL Background Thread 3 ] DEBUG Engine               - class com.almasb.fxgl.achievement.AchievementService
23:58:16.594 [FXGL Background Thread 3 ] DEBUG Engine               - class com.almasb.fxgl.cutscene.CutsceneService
23:58:16.594 [FXGL Background Thread 3 ] DEBUG Engine               - class com.almasb.fxgl.minigames.MiniGameService
23:58:16.594 [FXGL Background Thread 3 ] DEBUG Engine               - class com.almasb.fxgl.net.NetService
23:58:16.594 [FXGL Background Thread 3 ] DEBUG Engine               - class com.almasb.fxgl.app.services.UpdaterService
23:58:16.594 [FXGL Background Thread 3 ] DEBUG Engine               - class com.almasb.fxgl.dev.DevService
23:58:17.871 [JavaFX Application Thread] WARN  FXGLAssetLoaderServi - Asset "/assets/text/elias.txt" was not found!
23:58:17.871 [JavaFX Application Thread] WARN  FXGLAssetLoaderServi - Failed to load TEXT
23:58:17.875 [JavaFX Application Thread] DEBUG Input                - Registered new binding: Next RPG Line - Enter
23:58:17.875 [JavaFX Application Thread] DEBUG PrimaryStageWindow   - Push state: CutsceneScene
23:58:17.876 [JavaFX Application Thread] DEBUG Input                - Clearing active input actions
23:58:17.876 [JavaFX Application Thread] DEBUG GameApplicationServi - Removing overlay from GameScene and adding to CutsceneScene
23:58:17.886 [JavaFX Application Thread] DEBUG PrimaryStageWindow   - GameScene -> CutsceneScene
23:58:18.417 [JavaFX Application Thread] DEBUG PrimaryStageWindow   - Pop state: CutsceneScene
23:58:18.417 [JavaFX Application Thread] DEBUG Input                - Clearing active input actions
23:58:18.418 [JavaFX Application Thread] DEBUG GameApplicationServi - Removing overlay from CutsceneScene and adding to GameScene
23:58:18.419 [JavaFX Application Thread] DEBUG PrimaryStageWindow   - GameScene <- CutsceneScene
23:58:18.589 [JavaFX Application Thread] WARN  FXGLAssetLoaderServi - Asset "/assets/text/elias.txt" was not found!
23:58:18.589 [JavaFX Application Thread] WARN  FXGLAssetLoaderServi - Failed to load TEXT
23:58:18.589 [JavaFX Application Thread] DEBUG PrimaryStageWindow   - Push state: CutsceneScene
23:58:18.589 [JavaFX Application Thread] DEBUG Input                - Clearing active input actions
23:58:18.589 [JavaFX Application Thread] DEBUG GameApplicationServi - Removing overlay from GameScene and adding to CutsceneScene
23:58:18.591 [JavaFX Application Thread] DEBUG PrimaryStageWindow   - GameScene -> CutsceneScene
23:58:19.121 [JavaFX Application Thread] DEBUG PrimaryStageWindow   - Pop state: CutsceneScene
23:58:19.121 [JavaFX Application Thread] DEBUG Input                - Clearing active input actions
23:58:19.122 [JavaFX Application Thread] DEBUG GameApplicationServi - Removing overlay from CutsceneScene and adding to GameScene
23:58:19.124 [JavaFX Application Thread] DEBUG PrimaryStageWindow   - GameScene <- CutsceneScene
23:58:19.655 [JavaFX Application Thread] DEBUG FXGLAssetLoaderServi - Loading from file system: file:/C:/Users/acer/IdeaProjects/RZL/target/classes/assets/textures/bossAttack.png
23:58:19.665 [JavaFX Application Thread] DEBUG FXGLAssetLoaderServi - Loading from file system: file:/C:/Users/acer/IdeaProjects/RZL/target/classes/assets/textures/bossWalk.png
23:58:19.668 [JavaFX Application Thread] WARN  GameWorld            - Entity is already attached to world
23:58:28.173 [JavaFX Application Thread] DEBUG FXGLApplication      - Exiting FXGL
23:58:28.173 [JavaFX Application Thread] DEBUG LoopRunner           - Stopping loop
23:58:28.173 [JavaFX Application Thread] DEBUG SystemBundleService  - Saving FXGL system data
23:58:28.175 [JavaFX Application Thread] DEBUG FileSystemAccess     - Writing to: C:\Users\acer\IdeaProjects\RZL\system\fxgl.bundle
23:58:28.176 [JavaFX Application Thread] DEBUG Async                - Shutting down background threads
23:58:28.177 [JavaFX Application Thread] DEBUG PrimaryStageWindow   - Closing main window
23:58:28.187 [JavaFX Application Thread] DEBUG Logger               - Closing Logger
