02:09:14.138 [main                     ] DEBUG Logger               - Configured Logger
02:09:14.168 [main                     ] DEBUG GameApplication      - Logging settings
Title: Untitled
Version: 0.0
Width: 800
Height: 600
Fullscreen: false
Intro: false
Profiling: false
Single step:false
App Mode: DEVELOPER
Menu Key: ESCAPE
Stage Style: DECORATED
Scene Factory: class com.almasb.fxgl.app.scene.SceneFactory

02:09:14.437 [JavaFX Application Thread] DEBUG FXGLApplication      - Initializing FXGL
02:09:14.440 [JavaFX Application Thread] INFO  Engine               - FXGL-21.1 (27.03.2024 07.52) on WINDOWS (J:21.0.3 FX:21)
02:09:14.441 [JavaFX Application Thread] DEBUG Engine               - JRE Vendor Name: Oracle Corporation
02:09:14.441 [JavaFX Application Thread] DEBUG Engine               - Running on OS: Windows 11 version 10.0
02:09:14.441 [JavaFX Application Thread] DEBUG Engine               - Architecture: amd64
02:09:14.441 [JavaFX Application Thread] INFO  Engine               - Source code and latest versions at: https://github.com/AlmasB/FXGL
02:09:14.441 [JavaFX Application Thread] INFO  Engine               -       Ask questions and discuss at: https://github.com/AlmasB/FXGL/discussions
02:09:14.441 [JavaFX Application Thread] INFO  Engine               -              Join the FXGL chat at: https://gitter.im/AlmasB/FXGL
02:09:14.500 [JavaFX Application Thread] DEBUG PrimaryStageWindow   - Creating a JavaFX scene
02:09:14.532 [JavaFX Application Thread] DEBUG PrimaryStageWindow   - Target settings size: 800.0 x 600.0
02:09:14.533 [JavaFX Application Thread] DEBUG PrimaryStageWindow   - Scaled scene size:    800.0 x 600.0
02:09:14.533 [JavaFX Application Thread] DEBUG PrimaryStageWindow   - Scaled ratio: (1.0, 1.0)
02:09:14.534 [JavaFX Application Thread] DEBUG PrimaryStageWindow   - Set initial scene to FXGLStartupScene
02:09:14.536 [JavaFX Application Thread] DEBUG PrimaryStageWindow   - Opening main window
02:09:14.598 [JavaFX Application Thread] DEBUG PrimaryStageWindow   - Window border size: (14.4000244140625, 37.5999755859375)
02:09:14.598 [JavaFX Application Thread] DEBUG PrimaryStageWindow   - Scaled size: 800.0 x 600.0
02:09:14.598 [JavaFX Application Thread] DEBUG PrimaryStageWindow   - Scaled ratio: (1.0, 1.0)
02:09:14.598 [JavaFX Application Thread] DEBUG PrimaryStageWindow   - Scene size: 800.0 x 600.0
02:09:14.599 [JavaFX Application Thread] DEBUG PrimaryStageWindow   - Stage size: 814.4000244140625 x 637.5999755859375
02:09:14.604 [FXGL Background Thread 1 ] DEBUG Engine               - Initializing environment variables
02:09:14.643 [FXGL Background Thread 1 ] DEBUG FXGLAssetLoaderServi - User app class for loading assets: class com.xen.rzlgame.rzl.HelloApplication
02:09:14.643 [FXGL Background Thread 1 ] DEBUG GameApplicationServi - Applying CSS: fxgl_dark.css
02:09:14.644 [FXGL Background Thread 1 ] DEBUG FXGLAssetLoaderServi - Loading from file system: jar:file:///C:/Users/acer/.m2/repository/com/github/almasb/fxgl/21.1/fxgl-21.1.jar!/fxglassets/ui/css/fxgl_dark.css
02:09:14.688 [FXGL Background Thread 1 ] DEBUG GameApplicationServi - Initializing application scenes
02:09:14.739 [FXGL Background Thread 1 ] DEBUG GameWorld            - Game world initialized
02:09:14.791 [FXGL Background Thread 1 ] DEBUG PhysicsWorld         - Physics world initialized: appHeight=600, physics.ppm=50.0
02:09:14.791 [FXGL Background Thread 1 ] DEBUG PhysicsWorld         - Using strategy: BRUTE_FORCE
02:09:14.794 [FXGL Background Thread 1 ] DEBUG GameScene            - Game scene initialized: 800x600
02:09:14.802 [FXGL Background Thread 1 ] DEBUG FXGL.DefaultMenu     - createMenuBodyGameMenu()
02:09:14.810 [FXGL Background Thread 1 ] DEBUG FXGL.DefaultMenu     - createOptionsMenu()
02:09:14.816 [FXGL Background Thread 1 ] DEBUG FXGLAssetLoaderServi - Loading from file system: jar:file:///C:/Users/acer/.m2/repository/com/github/almasb/fxgl/21.1/fxgl-21.1.jar!/fxglassets/textures/particles/smoke.png
02:09:14.908 [FXGL Background Thread 1 ] DEBUG FXGLAssetLoaderServi - Loading from file system: jar:file:///C:/Users/acer/.m2/repository/com/github/almasb/fxgl/21.1/fxgl-21.1.jar!/fxglassets/textures/particles/trace_horizontal.png
02:09:14.929 [FXGL Background Thread 1 ] DEBUG GameApplicationServi - Application scenes initialized
02:09:14.938 [FXGL Background Thread 1 ] DEBUG SystemBundleService  - Loading FXGL system data
02:09:14.942 [FXGL Background Thread 1 ] DEBUG FileSystemAccess     - Reading from: C:\Users\acer\IdeaProjects\RZL\system\fxgl.bundle
02:09:14.948 [FXGL Background Thread 1 ] DEBUG SystemBundleService  - Bundle FXGL: {}
02:09:14.948 [FXGL Background Thread 1 ] DEBUG UpdaterService       - Checking for updates
02:09:14.950 [FXGL Background Thread 4 ] DEBUG FXGLApplication      - Loading fonts
02:09:14.951 [FXGL Background Thread 1 ] DEBUG FXGLApplication      - Loading default localization
02:09:14.951 [FXGL Background Thread 4 ] DEBUG FXGLAssetLoaderServi - Loading from file system: jar:file:///C:/Users/acer/.m2/repository/com/github/almasb/fxgl/21.1/fxgl-21.1.jar!/fxglassets/ui/fonts/VarelaRound-Regular.ttf
02:09:14.951 [FXGL Background Thread 1 ] DEBUG FXGLAssetLoaderServi - Loading from file system: jar:file:///C:/Users/acer/.m2/repository/com/github/almasb/fxgl/21.1/fxgl-21.1.jar!/fxglassets/languages/english.lang
02:09:14.983 [FXGL Background Thread 4 ] DEBUG FXGLAssetLoaderServi - Loading from file system: jar:file:///C:/Users/acer/.m2/repository/com/github/almasb/fxgl/21.1/fxgl-21.1.jar!/fxglassets/ui/fonts/Abel-Regular.ttf
02:09:14.986 [FXGL Background Thread 4 ] DEBUG FXGLAssetLoaderServi - Loading from file system: jar:file:///C:/Users/acer/.m2/repository/com/github/almasb/fxgl/21.1/fxgl-21.1.jar!/fxglassets/ui/fonts/TerminalLandMono-Regular.otf
02:09:14.988 [FXGL Background Thread 4 ] DEBUG FXGLAssetLoaderServi - Loading from file system: jar:file:///C:/Users/acer/.m2/repository/com/github/almasb/fxgl/21.1/fxgl-21.1.jar!/fxglassets/ui/fonts/Courier-Prime.ttf
02:09:14.994 [JavaFX Application Thread] DEBUG FXGLApplication      - Registering font factories with UI factory
02:09:14.997 [FXGL Background Thread 1 ] INFO  FXGLApplication      - FXGL initialization took: 0.394 sec
02:09:14.999 [JavaFX Application Thread] DEBUG FXGLAssetLoaderServi - Loading from file system: jar:file:///C:/Users/acer/.m2/repository/com/github/almasb/fxgl/21.1/fxgl-21.1.jar!/fxglassets/textures/fxgl_icon.png
02:09:15.013 [JavaFX Application Thread] DEBUG FXGLAssetLoaderServi - Loading from file system: jar:file:///C:/Users/acer/.m2/repository/com/github/almasb/fxgl/21.1/fxgl-21.1.jar!/fxglassets/textures/fxgl_default_cursor.png
02:09:15.024 [JavaFX Application Thread] DEBUG Input                - Registered new binding: Screenshot - CTRL+8
02:09:15.025 [JavaFX Application Thread] DEBUG Input                - Registered new binding: System info dump - CTRL+9
02:09:15.026 [JavaFX Application Thread] DEBUG Input                - Registered new binding: Restart - CTRL+R
02:09:15.028 [JavaFX Application Thread] DEBUG Input                - Registered new binding: Toggle Debug Camera - CTRL+7
02:09:15.033 [JavaFX Application Thread] DEBUG LoopRunner           - Starting loop
02:09:15.034 [JavaFX Application Thread] DEBUG LoopRunner           - Initializing JavaFX AnimationTimerLoop
02:09:15.036 [JavaFX Application Thread] DEBUG GameApplicationServi - Starting new game
02:09:15.036 [JavaFX Application Thread] DEBUG Input                - Clearing active input actions
02:09:15.049 [JavaFX Application Thread] DEBUG GameApplicationServi - Removing overlay from FXGLStartupScene and adding to FXGLLoadingScene
02:09:15.049 [JavaFX Application Thread] DEBUG PrimaryStageWindow   - FXGLStartupScene -> FXGLLoadingScene
02:09:15.049 [JavaFX Application Thread] DEBUG GameApplicationServi - Clearing previous game
02:09:15.049 [JavaFX Application Thread] DEBUG GameScene            - Clearing game scene
02:09:15.049 [JavaFX Application Thread] DEBUG GameWorld            - Clearing game world
02:09:15.049 [JavaFX Application Thread] DEBUG PhysicsWorld         - Clearing physics world
02:09:15.052 [FXGL Background Thread 1 ] DEBUG FXGLApplication      - Initializing game
02:09:15.145 [FXGL Background Thread 1 ] WARN  GameWorld            - Entity is already attached to world
02:09:15.147 [FXGL Background Thread 1 ] WARN  GameWorld            - Entity is already attached to world
02:09:15.148 [FXGL Background Thread 1 ] WARN  Entity               - Entity already has component: com.almasb.fxgl.entity.components.CollidableComponent
02:09:15.149 [FXGL Background Thread 1 ] WARN  GameWorld            - Entity is already attached to world
02:09:15.156 [FXGL Background Thread 1 ] DEBUG Input                - Registered new binding: Move D - D
02:09:15.156 [FXGL Background Thread 1 ] DEBUG Input                - Registered new binding: Move A - A
02:09:15.159 [FXGL Background Thread 1 ] DEBUG Input                - Registered new binding: Player Attack - LMB
02:09:15.159 [FXGL Background Thread 1 ] DEBUG Input                - Registered new binding: Player Parry - RMB
02:09:15.160 [FXGL Background Thread 1 ] DEBUG Input                - Registered new binding: Jump - Space
02:09:15.164 [FXGL Background Thread 1 ] DEBUG Input                - Registered new binding: Interact - Z
02:09:15.165 [FXGL Background Thread 1 ] INFO  FXGLApplication      - Game initialization took: 0.112 sec
02:09:15.193 [JavaFX Application Thread] DEBUG Input                - Clearing active input actions
02:09:15.198 [JavaFX Application Thread] DEBUG GameApplicationServi - Removing overlay from FXGLLoadingScene and adding to GameScene
02:09:15.198 [JavaFX Application Thread] DEBUG PrimaryStageWindow   - FXGLLoadingScene -> GameScene
02:09:15.468 [JavaFX Application Thread] DEBUG FXGLAssetLoaderServi - Loading from file system: file:/C:/Users/acer/IdeaProjects/RZL/target/classes/assets/text/test.txt
02:09:15.474 [JavaFX Application Thread] DEBUG Input                - Registered new binding: Next RPG Line - Enter
02:09:15.475 [JavaFX Application Thread] DEBUG PrimaryStageWindow   - Push state: CutsceneScene
02:09:15.475 [JavaFX Application Thread] DEBUG Input                - Clearing active input actions
02:09:15.477 [JavaFX Application Thread] DEBUG GameApplicationServi - Removing overlay from GameScene and adding to CutsceneScene
02:09:15.477 [JavaFX Application Thread] DEBUG PrimaryStageWindow   - GameScene -> CutsceneScene
02:09:17.951 [FXGL Background Thread 3 ] DEBUG Engine               - Logging environment variables
02:09:17.951 [FXGL Background Thread 3 ] DEBUG Engine               - achievements: []
02:09:17.951 [FXGL Background Thread 3 ] DEBUG Engine               - actualHeight: 600.0
02:09:17.951 [FXGL Background Thread 3 ] DEBUG Engine               - actualHeightProperty: ReadOnlyDoubleProperty [value: 600.0]
02:09:17.951 [FXGL Background Thread 3 ] DEBUG Engine               - actualWidth: 800.0
02:09:17.952 [FXGL Background Thread 3 ] DEBUG Engine               - actualWidthProperty: ReadOnlyDoubleProperty [value: 800.0]
02:09:17.952 [FXGL Background Thread 3 ] DEBUG Engine               - appIcon: fxgl_icon.png
02:09:17.952 [FXGL Background Thread 3 ] DEBUG Engine               - applicationMode: DEVELOPER
02:09:17.952 [FXGL Background Thread 3 ] DEBUG Engine               - cSSList: [fxgl_dark.css]
02:09:17.952 [FXGL Background Thread 3 ] DEBUG Engine               - collisionDetectionStrategy: BRUTE_FORCE
02:09:17.952 [FXGL Background Thread 3 ] DEBUG Engine               - configClass: Optional.empty
02:09:17.952 [FXGL Background Thread 3 ] DEBUG Engine               - credits: []
02:09:17.952 [FXGL Background Thread 3 ] DEBUG Engine               - defaultCursor: CursorInfo(imageName=fxgl_default_cursor.png, hotspotX=7.0, hotspotY=6.0)
02:09:17.952 [FXGL Background Thread 3 ] DEBUG Engine               - devBBoxColorProperty: ObjectProperty [value: 0xff0000ff]
02:09:17.952 [FXGL Background Thread 3 ] DEBUG Engine               - devEnableDebugCameraProperty: BooleanProperty [value: false]
02:09:17.952 [FXGL Background Thread 3 ] DEBUG Engine               - devSensorColorProperty: ObjectProperty [value: 0xffff00ff]
02:09:17.953 [FXGL Background Thread 3 ] DEBUG Engine               - devShowBBoxProperty: BooleanProperty [value: false]
02:09:17.953 [FXGL Background Thread 3 ] DEBUG Engine               - devShowPositionProperty: BooleanProperty [value: false]
02:09:17.953 [FXGL Background Thread 3 ] DEBUG Engine               - enabledMenuItems: []
02:09:17.953 [FXGL Background Thread 3 ] DEBUG Engine               - engineServices: [class com.almasb.fxgl.app.services.FXGLAssetLoaderService, class com.almasb.fxgl.app.FXGLApplication$GameApplicationService, class com.almasb.fxgl.app.services.FXGLDialogService, class com.almasb.fxgl.app.services.IOTaskExecutorService, class com.almasb.fxgl.io.FileSystemService, class com.almasb.fxgl.localization.LocalizationService, class com.almasb.fxgl.app.services.SystemBundleService, class com.almasb.fxgl.profile.SaveLoadService, class com.almasb.fxgl.ui.FXGLUIFactoryServiceProvider, class com.almasb.fxgl.ui.FXGLDialogFactoryServiceProvider, class com.almasb.fxgl.audio.AudioPlayer, class com.almasb.fxgl.notification.impl.NotificationServiceProvider, class com.almasb.fxgl.achievement.AchievementService, class com.almasb.fxgl.cutscene.CutsceneService, class com.almasb.fxgl.minigames.MiniGameService, class com.almasb.fxgl.net.NetService, class com.almasb.fxgl.app.services.UpdaterService, class com.almasb.fxgl.dev.DevService]
02:09:17.953 [FXGL Background Thread 3 ] DEBUG Engine               - fontGame: Abel-Regular.ttf
02:09:17.953 [FXGL Background Thread 3 ] DEBUG Engine               - fontMono: TerminalLandMono-Regular.otf
02:09:17.953 [FXGL Background Thread 3 ] DEBUG Engine               - fontSizeScaleUI: 1.0
02:09:17.953 [FXGL Background Thread 3 ] DEBUG Engine               - fontText: Courier-Prime.ttf
02:09:17.953 [FXGL Background Thread 3 ] DEBUG Engine               - fontUI: VarelaRound-Regular.ttf
02:09:17.953 [FXGL Background Thread 3 ] DEBUG Engine               - fullScreen: BooleanProperty [value: false]
02:09:17.953 [FXGL Background Thread 3 ] DEBUG Engine               - gameDifficulty: MEDIUM
02:09:17.953 [FXGL Background Thread 3 ] DEBUG Engine               - gameDifficultyProperty: ObjectProperty [value: MEDIUM]
02:09:17.953 [FXGL Background Thread 3 ] DEBUG Engine               - globalMusicVolume: 0.5
02:09:17.953 [FXGL Background Thread 3 ] DEBUG Engine               - globalMusicVolumeProperty: DoubleProperty [value: 0.5]
02:09:17.953 [FXGL Background Thread 3 ] DEBUG Engine               - globalSoundVolume: 0.5
02:09:17.953 [FXGL Background Thread 3 ] DEBUG Engine               - globalSoundVolumeProperty: DoubleProperty [value: 0.5]
02:09:17.953 [FXGL Background Thread 3 ] DEBUG Engine               - height: 600
02:09:17.953 [FXGL Background Thread 3 ] DEBUG Engine               - is3D: false
02:09:17.953 [FXGL Background Thread 3 ] DEBUG Engine               - isAndroid: false
02:09:17.953 [FXGL Background Thread 3 ] DEBUG Engine               - isBrowser: false
02:09:17.953 [FXGL Background Thread 3 ] DEBUG Engine               - isClickFeedbackEnabled: false
02:09:17.953 [FXGL Background Thread 3 ] DEBUG Engine               - isCloseConfirmation: false
02:09:17.953 [FXGL Background Thread 3 ] DEBUG Engine               - isDesktop: true
02:09:17.953 [FXGL Background Thread 3 ] DEBUG Engine               - isDeveloperMenuEnabled: false
02:09:17.953 [FXGL Background Thread 3 ] DEBUG Engine               - isEmbedded: false
02:09:17.953 [FXGL Background Thread 3 ] DEBUG Engine               - isEntityPreloadEnabled: true
02:09:17.953 [FXGL Background Thread 3 ] DEBUG Engine               - isExperimentalTiledLargeMap: false
02:09:17.953 [FXGL Background Thread 3 ] DEBUG Engine               - isFileSystemWriteAllowed: true
02:09:17.953 [FXGL Background Thread 3 ] DEBUG Engine               - isFullScreenAllowed: false
02:09:17.953 [FXGL Background Thread 3 ] DEBUG Engine               - isFullScreenFromStart: false
02:09:17.953 [FXGL Background Thread 3 ] DEBUG Engine               - isGameMenuEnabled: true
02:09:17.953 [FXGL Background Thread 3 ] DEBUG Engine               - isIOS: false
02:09:17.953 [FXGL Background Thread 3 ] DEBUG Engine               - isIntroEnabled: false
02:09:17.953 [FXGL Background Thread 3 ] DEBUG Engine               - isLinux: false
02:09:17.953 [FXGL Background Thread 3 ] DEBUG Engine               - isMac: false
02:09:17.953 [FXGL Background Thread 3 ] DEBUG Engine               - isMainMenuEnabled: false
02:09:17.953 [FXGL Background Thread 3 ] DEBUG Engine               - isManualResizeEnabled: false
02:09:17.953 [FXGL Background Thread 3 ] DEBUG Engine               - isMobile: false
02:09:17.954 [FXGL Background Thread 3 ] DEBUG Engine               - isNative: false
02:09:17.954 [FXGL Background Thread 3 ] DEBUG Engine               - isPauseMusicWhenMinimized: true
02:09:17.954 [FXGL Background Thread 3 ] DEBUG Engine               - isPreserveResizeRatio: false
02:09:17.954 [FXGL Background Thread 3 ] DEBUG Engine               - isProfilingEnabled: false
02:09:17.954 [FXGL Background Thread 3 ] DEBUG Engine               - isScaleAffectedOnResize: true
02:09:17.954 [FXGL Background Thread 3 ] DEBUG Engine               - isSingleStep: false
02:09:17.954 [FXGL Background Thread 3 ] DEBUG Engine               - isUserProfileEnabled: false
02:09:17.954 [FXGL Background Thread 3 ] DEBUG Engine               - isWindows: true
02:09:17.954 [FXGL Background Thread 3 ] DEBUG Engine               - language: ObjectProperty [value: ENGLISH]
02:09:17.954 [FXGL Background Thread 3 ] DEBUG Engine               - menuKey: ESCAPE
02:09:17.954 [FXGL Background Thread 3 ] DEBUG Engine               - mouseSensitivity: 0.2
02:09:17.954 [FXGL Background Thread 3 ] DEBUG Engine               - notificationViewClass: class com.almasb.fxgl.notification.view.XboxNotificationView
02:09:17.954 [FXGL Background Thread 3 ] DEBUG Engine               - pixelsPerMeter: 50.0
02:09:17.954 [FXGL Background Thread 3 ] DEBUG Engine               - platform: WINDOWS
02:09:17.954 [FXGL Background Thread 3 ] DEBUG Engine               - prefHeightProperty: ReadOnlyDoubleProperty [value: 600.0]
02:09:17.954 [FXGL Background Thread 3 ] DEBUG Engine               - prefWidthProperty: ReadOnlyDoubleProperty [value: 800.0]
02:09:17.954 [FXGL Background Thread 3 ] DEBUG Engine               - profileDir: profiles/
02:09:17.954 [FXGL Background Thread 3 ] DEBUG Engine               - profileName: StringProperty [value: DEFAULT]
02:09:17.954 [FXGL Background Thread 3 ] DEBUG Engine               - randomSeed: -1
02:09:17.954 [FXGL Background Thread 3 ] DEBUG Engine               - runtimeInfo: RuntimeInfo(platform=WINDOWS, version=21.1, build=27.03.2024 07.52)
02:09:17.954 [FXGL Background Thread 3 ] DEBUG Engine               - saveFileExt: sav
02:09:17.954 [FXGL Background Thread 3 ] DEBUG Engine               - scaledHeightProp$fxgl: DoubleProperty [bound, value: 600.0]
02:09:17.954 [FXGL Background Thread 3 ] DEBUG Engine               - scaledWidthProp$fxgl: DoubleProperty [bound, value: 800.0]
02:09:17.954 [FXGL Background Thread 3 ] DEBUG Engine               - sceneFactory: com.almasb.fxgl.app.scene.SceneFactory@33846b4
02:09:17.954 [FXGL Background Thread 3 ] DEBUG Engine               - secondsIn24h: 60
02:09:17.954 [FXGL Background Thread 3 ] DEBUG Engine               - soundMenuBack: menu/back.wav
02:09:17.954 [FXGL Background Thread 3 ] DEBUG Engine               - soundMenuPress: menu/press.wav
02:09:17.954 [FXGL Background Thread 3 ] DEBUG Engine               - soundMenuSelect: menu/select.wav
02:09:17.954 [FXGL Background Thread 3 ] DEBUG Engine               - soundNotification: core/notification.wav
02:09:17.954 [FXGL Background Thread 3 ] DEBUG Engine               - stageStyle: DECORATED
02:09:17.954 [FXGL Background Thread 3 ] DEBUG Engine               - supportedLanguages: [ENGLISH, FRENCH, GERMAN, HUNGARIAN, RUSSIAN]
02:09:17.954 [FXGL Background Thread 3 ] DEBUG Engine               - ticksPerSecond: -1
02:09:17.954 [FXGL Background Thread 3 ] DEBUG Engine               - title: Untitled
02:09:17.954 [FXGL Background Thread 3 ] DEBUG Engine               - urlGithub: https://github.com/AlmasB/FXGL
02:09:17.954 [FXGL Background Thread 3 ] DEBUG Engine               - urlLeaderboard: http://fxgl-top.herokuapp.com/
02:09:17.954 [FXGL Background Thread 3 ] DEBUG Engine               - urlPOM: https://raw.githubusercontent.com/AlmasB/FXGL/release/README.md
02:09:17.954 [FXGL Background Thread 3 ] DEBUG Engine               - userAppClass: class com.xen.rzlgame.rzl.HelloApplication
02:09:17.954 [FXGL Background Thread 3 ] DEBUG Engine               - version: 0.0
02:09:17.954 [FXGL Background Thread 3 ] DEBUG Engine               - versionCheckDays: 7
02:09:17.954 [FXGL Background Thread 3 ] DEBUG Engine               - width: 800
02:09:17.954 [FXGL Background Thread 3 ] DEBUG Engine               - Logging services
02:09:17.954 [FXGL Background Thread 3 ] DEBUG Engine               - class com.almasb.fxgl.app.services.FXGLAssetLoaderService
02:09:17.954 [FXGL Background Thread 3 ] DEBUG Engine               - class com.almasb.fxgl.app.FXGLApplication$GameApplicationService
02:09:17.955 [FXGL Background Thread 3 ] DEBUG Engine               - class com.almasb.fxgl.app.services.FXGLDialogService
02:09:17.955 [FXGL Background Thread 3 ] DEBUG Engine               - class com.almasb.fxgl.app.services.IOTaskExecutorService
02:09:17.955 [FXGL Background Thread 3 ] DEBUG Engine               - class com.almasb.fxgl.io.FileSystemService
02:09:17.955 [FXGL Background Thread 3 ] DEBUG Engine               - class com.almasb.fxgl.localization.LocalizationService
02:09:17.955 [FXGL Background Thread 3 ] DEBUG Engine               - class com.almasb.fxgl.app.services.SystemBundleService
02:09:17.955 [FXGL Background Thread 3 ] DEBUG Engine               - class com.almasb.fxgl.profile.SaveLoadService
02:09:17.955 [FXGL Background Thread 3 ] DEBUG Engine               - class com.almasb.fxgl.ui.FXGLUIFactoryServiceProvider
02:09:17.955 [FXGL Background Thread 3 ] DEBUG Engine               - class com.almasb.fxgl.ui.FXGLDialogFactoryServiceProvider
02:09:17.955 [FXGL Background Thread 3 ] DEBUG Engine               - class com.almasb.fxgl.audio.AudioPlayer
02:09:17.955 [FXGL Background Thread 3 ] DEBUG Engine               - class com.almasb.fxgl.notification.impl.NotificationServiceProvider
02:09:17.955 [FXGL Background Thread 3 ] DEBUG Engine               - class com.almasb.fxgl.achievement.AchievementService
02:09:17.955 [FXGL Background Thread 3 ] DEBUG Engine               - class com.almasb.fxgl.cutscene.CutsceneService
02:09:17.955 [FXGL Background Thread 3 ] DEBUG Engine               - class com.almasb.fxgl.minigames.MiniGameService
02:09:17.955 [FXGL Background Thread 3 ] DEBUG Engine               - class com.almasb.fxgl.net.NetService
02:09:17.955 [FXGL Background Thread 3 ] DEBUG Engine               - class com.almasb.fxgl.app.services.UpdaterService
02:09:17.955 [FXGL Background Thread 3 ] DEBUG Engine               - class com.almasb.fxgl.dev.DevService
02:09:18.110 [JavaFX Application Thread] DEBUG PrimaryStageWindow   - Pop state: CutsceneScene
02:09:18.111 [JavaFX Application Thread] DEBUG Input                - Clearing active input actions
02:09:18.111 [JavaFX Application Thread] DEBUG GameApplicationServi - Removing overlay from CutsceneScene and adding to GameScene
02:09:18.111 [JavaFX Application Thread] DEBUG PrimaryStageWindow   - GameScene <- CutsceneScene
02:09:18.748 [JavaFX Application Thread] DEBUG FXGLApplication      - Exiting FXGL
02:09:18.748 [JavaFX Application Thread] DEBUG LoopRunner           - Stopping loop
02:09:18.748 [JavaFX Application Thread] DEBUG SystemBundleService  - Saving FXGL system data
02:09:18.751 [JavaFX Application Thread] DEBUG FileSystemAccess     - Writing to: C:\Users\acer\IdeaProjects\RZL\system\fxgl.bundle
02:09:18.753 [JavaFX Application Thread] DEBUG Async                - Shutting down background threads
02:09:18.754 [JavaFX Application Thread] DEBUG PrimaryStageWindow   - Closing main window
02:09:18.766 [JavaFX Application Thread] DEBUG Logger               - Closing Logger
