23:16:48.248 [main                     ] DEBUG Logger               - Configured Logger
23:16:48.291 [main                     ] DEBUG GameApplication      - Logging settings
Title: Untitled
Version: 0.0
Width: 800
Height: 600
Fullscreen: false
Intro: false
Profiling: false
Single step:false
App Mode: DEVELOPER
Menu Key: ESCAPE
Stage Style: DECORATED
Scene Factory: class com.almasb.fxgl.app.scene.SceneFactory

23:16:48.600 [JavaFX Application Thread] DEBUG FXGLApplication      - Initializing FXGL
23:16:48.603 [JavaFX Application Thread] INFO  Engine               - FXGL-17.3 (30.03.2023 11.49) on WINDOWS (J:21.0.3 FX:21)
23:16:48.603 [JavaFX Application Thread] DEBUG Engine               - JRE Vendor Name: Oracle Corporation
23:16:48.603 [JavaFX Application Thread] DEBUG Engine               - Running on OS: Windows 11 version 10.0
23:16:48.603 [JavaFX Application Thread] DEBUG Engine               - Architecture: amd64
23:16:48.603 [JavaFX Application Thread] INFO  Engine               - Source code and latest versions at: https://github.com/AlmasB/FXGL
23:16:48.603 [JavaFX Application Thread] INFO  Engine               -       Ask questions and discuss at: https://github.com/AlmasB/FXGL/discussions
23:16:48.604 [JavaFX Application Thread] INFO  Engine               -              Join the FXGL chat at: https://gitter.im/AlmasB/FXGL
23:16:48.666 [JavaFX Application Thread] DEBUG PrimaryStageWindow   - Creating a JavaFX scene
23:16:48.700 [JavaFX Application Thread] DEBUG PrimaryStageWindow   - Target settings size: 800.0 x 600.0
23:16:48.700 [JavaFX Application Thread] DEBUG PrimaryStageWindow   - Scaled scene size:    800.0 x 600.0
23:16:48.700 [JavaFX Application Thread] DEBUG PrimaryStageWindow   - Scaled ratio: (1.0, 1.0)
23:16:48.702 [JavaFX Application Thread] DEBUG PrimaryStageWindow   - Set initial scene to FXGLStartupScene
23:16:48.704 [JavaFX Application Thread] DEBUG PrimaryStageWindow   - Opening main window
23:16:48.765 [JavaFX Application Thread] DEBUG PrimaryStageWindow   - Window border size: (14.4000244140625, 37.5999755859375)
23:16:48.765 [JavaFX Application Thread] DEBUG PrimaryStageWindow   - Scaled size: 800.0 x 600.0
23:16:48.766 [JavaFX Application Thread] DEBUG PrimaryStageWindow   - Scaled ratio: (1.0, 1.0)
23:16:48.766 [JavaFX Application Thread] DEBUG PrimaryStageWindow   - Scene size: 800.0 x 600.0
23:16:48.766 [JavaFX Application Thread] DEBUG PrimaryStageWindow   - Stage size: 814.4000244140625 x 637.5999755859375
23:16:48.772 [FXGL Background Thread 1 ] DEBUG Engine               - Initializing environment variables
23:16:48.816 [FXGL Background Thread 1 ] DEBUG FXGLAssetLoaderServi - User app class for loading assets: class com.xen.rzlgame.rzl.HelloApplication
23:16:48.817 [FXGL Background Thread 1 ] DEBUG GameApplicationServi - Applying CSS: fxgl_dark.css
23:16:48.817 [FXGL Background Thread 1 ] DEBUG FXGLAssetLoaderServi - Loading from file system: jar:file:///C:/Users/acer/.m2/repository/com/github/almasb/fxgl/17.3/fxgl-17.3.jar!/fxglassets/ui/css/fxgl_dark.css
23:16:48.858 [FXGL Background Thread 1 ] DEBUG GameApplicationServi - Initializing application scenes
23:16:48.920 [FXGL Background Thread 1 ] DEBUG GameWorld            - Game world initialized
23:16:48.983 [FXGL Background Thread 1 ] DEBUG PhysicsWorld         - Physics world initialized: appHeight=600, physics.ppm=50.0
23:16:48.983 [FXGL Background Thread 1 ] DEBUG PhysicsWorld         - Using strategy: BRUTE_FORCE
23:16:48.987 [FXGL Background Thread 1 ] DEBUG GameScene            - Game scene initialized: 800x600
23:16:48.995 [FXGL Background Thread 1 ] DEBUG FXGL.DefaultMenu     - createMenuBodyGameMenu()
23:16:49.003 [FXGL Background Thread 1 ] DEBUG FXGL.DefaultMenu     - createOptionsMenu()
23:16:49.010 [FXGL Background Thread 1 ] DEBUG FXGLAssetLoaderServi - Loading from file system: jar:file:///C:/Users/acer/.m2/repository/com/github/almasb/fxgl/17.3/fxgl-17.3.jar!/fxglassets/textures/particles/smoke.png
23:16:49.106 [FXGL Background Thread 1 ] DEBUG FXGLAssetLoaderServi - Loading from file system: jar:file:///C:/Users/acer/.m2/repository/com/github/almasb/fxgl/17.3/fxgl-17.3.jar!/fxglassets/textures/particles/trace_horizontal.png
23:16:49.127 [FXGL Background Thread 1 ] DEBUG GameApplicationServi - Application scenes initialized
23:16:49.138 [FXGL Background Thread 1 ] DEBUG SystemBundleService  - Loading FXGL system data
23:16:49.141 [FXGL Background Thread 1 ] DEBUG FileSystemAccess     - Reading from: C:\Users\acer\IdeaProjects\RZL\system\fxgl.bundle
23:16:49.148 [FXGL Background Thread 1 ] DEBUG SystemBundleService  - Bundle FXGL: {}
23:16:49.148 [FXGL Background Thread 1 ] DEBUG UpdaterService       - Checking for updates
23:16:49.150 [FXGL Background Thread 4 ] DEBUG FXGLApplication      - Loading fonts
23:16:49.150 [FXGL Background Thread 1 ] DEBUG FXGLApplication      - Loading default localization
23:16:49.151 [FXGL Background Thread 4 ] DEBUG FXGLAssetLoaderServi - Loading from file system: jar:file:///C:/Users/acer/.m2/repository/com/github/almasb/fxgl/17.3/fxgl-17.3.jar!/fxglassets/ui/fonts/VarelaRound-Regular.ttf
23:16:49.151 [FXGL Background Thread 1 ] DEBUG FXGLAssetLoaderServi - Loading from file system: jar:file:///C:/Users/acer/.m2/repository/com/github/almasb/fxgl/17.3/fxgl-17.3.jar!/fxglassets/languages/english.lang
23:16:49.184 [FXGL Background Thread 4 ] DEBUG FXGLAssetLoaderServi - Loading from file system: jar:file:///C:/Users/acer/.m2/repository/com/github/almasb/fxgl/17.3/fxgl-17.3.jar!/fxglassets/ui/fonts/Abel-Regular.ttf
23:16:49.186 [FXGL Background Thread 4 ] DEBUG FXGLAssetLoaderServi - Loading from file system: jar:file:///C:/Users/acer/.m2/repository/com/github/almasb/fxgl/17.3/fxgl-17.3.jar!/fxglassets/ui/fonts/TerminalLandMono-Regular.otf
23:16:49.190 [FXGL Background Thread 4 ] DEBUG FXGLAssetLoaderServi - Loading from file system: jar:file:///C:/Users/acer/.m2/repository/com/github/almasb/fxgl/17.3/fxgl-17.3.jar!/fxglassets/ui/fonts/Courier-Prime.ttf
23:16:49.195 [FXGL Background Thread 1 ] INFO  FXGLApplication      - FXGL initialization took: 0.423 sec
23:16:49.196 [JavaFX Application Thread] DEBUG FXGLApplication      - Registering font factories with UI factory
23:16:49.198 [JavaFX Application Thread] DEBUG FXGLAssetLoaderServi - Loading from file system: jar:file:///C:/Users/acer/.m2/repository/com/github/almasb/fxgl/17.3/fxgl-17.3.jar!/fxglassets/textures/fxgl_icon.png
23:16:49.218 [JavaFX Application Thread] DEBUG FXGLAssetLoaderServi - Loading from file system: jar:file:///C:/Users/acer/.m2/repository/com/github/almasb/fxgl/17.3/fxgl-17.3.jar!/fxglassets/textures/fxgl_default_cursor.png
23:16:49.238 [JavaFX Application Thread] DEBUG Input                - Registered new binding: Screenshot - CTRL+8
23:16:49.240 [JavaFX Application Thread] DEBUG Input                - Registered new binding: System info dump - CTRL+9
23:16:49.240 [JavaFX Application Thread] DEBUG Input                - Registered new binding: Restart - CTRL+R
23:16:49.242 [JavaFX Application Thread] DEBUG Input                - Registered new binding: Toggle Debug Camera - CTRL+7
23:16:49.246 [JavaFX Application Thread] DEBUG LoopRunner           - Starting loop
23:16:49.246 [JavaFX Application Thread] DEBUG LoopRunner           - Initializing JavaFX AnimationTimerLoop
23:16:49.249 [JavaFX Application Thread] DEBUG GameApplicationServi - Starting new game
23:16:49.249 [JavaFX Application Thread] DEBUG Input                - Clearing active input actions
23:16:49.261 [JavaFX Application Thread] DEBUG GameApplicationServi - Removing overlay from FXGLStartupScene and adding to FXGLLoadingScene
23:16:49.261 [JavaFX Application Thread] DEBUG PrimaryStageWindow   - FXGLStartupScene -> FXGLLoadingScene
23:16:49.262 [JavaFX Application Thread] DEBUG GameApplicationServi - Clearing previous game
23:16:49.262 [JavaFX Application Thread] DEBUG GameScene            - Clearing game scene
23:16:49.262 [JavaFX Application Thread] DEBUG GameWorld            - Clearing game world
23:16:49.262 [JavaFX Application Thread] DEBUG PhysicsWorld         - Clearing physics world
23:16:49.264 [FXGL Background Thread 4 ] DEBUG FXGLApplication      - Initializing game
23:16:49.347 [FXGL Background Thread 4 ] WARN  GameWorld            - Entity is already attached to world
23:16:49.349 [FXGL Background Thread 4 ] WARN  GameWorld            - Entity is already attached to world
23:16:49.353 [FXGL Background Thread 4 ] WARN  GameWorld            - Entity is already attached to world
23:16:49.354 [FXGL Background Thread 4 ] WARN  GameWorld            - Entity is already attached to world
23:16:49.365 [FXGL Background Thread 4 ] DEBUG Input                - Registered new binding: Move LEFT - Left
23:16:49.365 [FXGL Background Thread 4 ] DEBUG Input                - Registered new binding: Move UP - Up
23:16:49.365 [FXGL Background Thread 4 ] DEBUG Input                - Registered new binding: Move DOWN - Down
23:16:49.366 [FXGL Background Thread 4 ] DEBUG Input                - Registered new binding: Move RIGHT - Right
23:16:49.366 [FXGL Background Thread 4 ] DEBUG Input                - Registered new binding: Player Attack - X
23:16:49.369 [FXGL Background Thread 4 ] DEBUG Input                - Registered new binding: Interact - Z
23:16:49.369 [FXGL Background Thread 4 ] INFO  FXGLApplication      - Game initialization took: 0.105 sec
23:16:49.412 [JavaFX Application Thread] DEBUG Input                - Clearing active input actions
23:16:49.415 [JavaFX Application Thread] DEBUG GameApplicationServi - Removing overlay from FXGLLoadingScene and adding to GameScene
23:16:49.415 [JavaFX Application Thread] DEBUG PrimaryStageWindow   - FXGLLoadingScene -> GameScene
23:16:49.611 [FXGL Background Thread 2 ] INFO  UpdaterService       - Your current version:  17.3
23:16:49.611 [FXGL Background Thread 2 ] INFO  UpdaterService       - Latest stable version: 21.1
23:16:52.150 [FXGL Background Thread 3 ] DEBUG Engine               - Logging environment variables
23:16:52.150 [FXGL Background Thread 3 ] DEBUG Engine               - achievements: []
23:16:52.150 [FXGL Background Thread 3 ] DEBUG Engine               - actualHeight: 600.0
23:16:52.150 [FXGL Background Thread 3 ] DEBUG Engine               - actualHeightProperty: ReadOnlyDoubleProperty [value: 600.0]
23:16:52.150 [FXGL Background Thread 3 ] DEBUG Engine               - actualWidth: 800.0
23:16:52.150 [FXGL Background Thread 3 ] DEBUG Engine               - actualWidthProperty: ReadOnlyDoubleProperty [value: 800.0]
23:16:52.151 [FXGL Background Thread 3 ] DEBUG Engine               - appIcon: fxgl_icon.png
23:16:52.151 [FXGL Background Thread 3 ] DEBUG Engine               - applicationMode: DEVELOPER
23:16:52.151 [FXGL Background Thread 3 ] DEBUG Engine               - cSSList: [fxgl_dark.css]
23:16:52.151 [FXGL Background Thread 3 ] DEBUG Engine               - collisionDetectionStrategy: BRUTE_FORCE
23:16:52.151 [FXGL Background Thread 3 ] DEBUG Engine               - configClass: Optional.empty
23:16:52.151 [FXGL Background Thread 3 ] DEBUG Engine               - credits: []
23:16:52.151 [FXGL Background Thread 3 ] DEBUG Engine               - defaultCursor: CursorInfo(imageName=fxgl_default_cursor.png, hotspotX=7.0, hotspotY=6.0)
23:16:52.151 [FXGL Background Thread 3 ] DEBUG Engine               - devBBoxColorProperty: ObjectProperty [value: 0xff0000ff]
23:16:52.151 [FXGL Background Thread 3 ] DEBUG Engine               - devEnableDebugCameraProperty: BooleanProperty [value: false]
23:16:52.152 [FXGL Background Thread 3 ] DEBUG Engine               - devSensorColorProperty: ObjectProperty [value: 0xffff00ff]
23:16:52.152 [FXGL Background Thread 3 ] DEBUG Engine               - devShowBBoxProperty: BooleanProperty [value: false]
23:16:52.152 [FXGL Background Thread 3 ] DEBUG Engine               - devShowPositionProperty: BooleanProperty [value: false]
23:16:52.152 [FXGL Background Thread 3 ] DEBUG Engine               - enabledMenuItems: []
23:16:52.152 [FXGL Background Thread 3 ] DEBUG Engine               - engineServices: [class com.almasb.fxgl.app.services.FXGLAssetLoaderService, class com.almasb.fxgl.app.FXGLApplication$GameApplicationService, class com.almasb.fxgl.app.services.FXGLDialogService, class com.almasb.fxgl.app.services.IOTaskExecutorService, class com.almasb.fxgl.io.FileSystemService, class com.almasb.fxgl.localization.LocalizationService, class com.almasb.fxgl.app.services.SystemBundleService, class com.almasb.fxgl.profile.SaveLoadService, class com.almasb.fxgl.ui.FXGLUIFactoryServiceProvider, class com.almasb.fxgl.ui.FXGLDialogFactoryServiceProvider, class com.almasb.fxgl.audio.AudioPlayer, class com.almasb.fxgl.notification.impl.NotificationServiceProvider, class com.almasb.fxgl.achievement.AchievementService, class com.almasb.fxgl.cutscene.CutsceneService, class com.almasb.fxgl.minigames.MiniGameService, class com.almasb.fxgl.net.NetService, class com.almasb.fxgl.app.services.UpdaterService, class com.almasb.fxgl.dev.DevService]
23:16:52.152 [FXGL Background Thread 3 ] DEBUG Engine               - fontGame: Abel-Regular.ttf
23:16:52.152 [FXGL Background Thread 3 ] DEBUG Engine               - fontMono: TerminalLandMono-Regular.otf
23:16:52.152 [FXGL Background Thread 3 ] DEBUG Engine               - fontSizeScaleUI: 1.0
23:16:52.152 [FXGL Background Thread 3 ] DEBUG Engine               - fontText: Courier-Prime.ttf
23:16:52.152 [FXGL Background Thread 3 ] DEBUG Engine               - fontUI: VarelaRound-Regular.ttf
23:16:52.152 [FXGL Background Thread 3 ] DEBUG Engine               - fullScreen: BooleanProperty [value: false]
23:16:52.152 [FXGL Background Thread 3 ] DEBUG Engine               - gameDifficulty: MEDIUM
23:16:52.152 [FXGL Background Thread 3 ] DEBUG Engine               - gameDifficultyProperty: ObjectProperty [value: MEDIUM]
23:16:52.152 [FXGL Background Thread 3 ] DEBUG Engine               - globalMusicVolume: 0.5
23:16:52.152 [FXGL Background Thread 3 ] DEBUG Engine               - globalMusicVolumeProperty: DoubleProperty [value: 0.5]
23:16:52.152 [FXGL Background Thread 3 ] DEBUG Engine               - globalSoundVolume: 0.5
23:16:52.152 [FXGL Background Thread 3 ] DEBUG Engine               - globalSoundVolumeProperty: DoubleProperty [value: 0.5]
23:16:52.152 [FXGL Background Thread 3 ] DEBUG Engine               - height: 600
23:16:52.152 [FXGL Background Thread 3 ] DEBUG Engine               - is3D: false
23:16:52.152 [FXGL Background Thread 3 ] DEBUG Engine               - isAndroid: false
23:16:52.152 [FXGL Background Thread 3 ] DEBUG Engine               - isBrowser: false
23:16:52.152 [FXGL Background Thread 3 ] DEBUG Engine               - isClickFeedbackEnabled: false
23:16:52.152 [FXGL Background Thread 3 ] DEBUG Engine               - isCloseConfirmation: false
23:16:52.152 [FXGL Background Thread 3 ] DEBUG Engine               - isDesktop: true
23:16:52.152 [FXGL Background Thread 3 ] DEBUG Engine               - isDeveloperMenuEnabled: false
23:16:52.152 [FXGL Background Thread 3 ] DEBUG Engine               - isEmbedded: false
23:16:52.152 [FXGL Background Thread 3 ] DEBUG Engine               - isEntityPreloadEnabled: true
23:16:52.152 [FXGL Background Thread 3 ] DEBUG Engine               - isExperimentalTiledLargeMap: false
23:16:52.152 [FXGL Background Thread 3 ] DEBUG Engine               - isFileSystemWriteAllowed: true
23:16:52.152 [FXGL Background Thread 3 ] DEBUG Engine               - isFullScreenAllowed: false
23:16:52.152 [FXGL Background Thread 3 ] DEBUG Engine               - isFullScreenFromStart: false
23:16:52.152 [FXGL Background Thread 3 ] DEBUG Engine               - isGameMenuEnabled: true
23:16:52.152 [FXGL Background Thread 3 ] DEBUG Engine               - isIOS: false
23:16:52.152 [FXGL Background Thread 3 ] DEBUG Engine               - isIntroEnabled: false
23:16:52.152 [FXGL Background Thread 3 ] DEBUG Engine               - isLinux: false
23:16:52.152 [FXGL Background Thread 3 ] DEBUG Engine               - isMac: false
23:16:52.152 [FXGL Background Thread 3 ] DEBUG Engine               - isMainMenuEnabled: false
23:16:52.152 [FXGL Background Thread 3 ] DEBUG Engine               - isManualResizeEnabled: false
23:16:52.152 [FXGL Background Thread 3 ] DEBUG Engine               - isMobile: false
23:16:52.152 [FXGL Background Thread 3 ] DEBUG Engine               - isNative: false
23:16:52.152 [FXGL Background Thread 3 ] DEBUG Engine               - isPauseMusicWhenMinimized: true
23:16:52.153 [FXGL Background Thread 3 ] DEBUG Engine               - isPreserveResizeRatio: false
23:16:52.153 [FXGL Background Thread 3 ] DEBUG Engine               - isProfilingEnabled: false
23:16:52.153 [FXGL Background Thread 3 ] DEBUG Engine               - isScaleAffectedOnResize: true
23:16:52.153 [FXGL Background Thread 3 ] DEBUG Engine               - isSingleStep: false
23:16:52.153 [FXGL Background Thread 3 ] DEBUG Engine               - isUserProfileEnabled: false
23:16:52.153 [FXGL Background Thread 3 ] DEBUG Engine               - isWindows: true
23:16:52.153 [FXGL Background Thread 3 ] DEBUG Engine               - language: ObjectProperty [value: ENGLISH]
23:16:52.153 [FXGL Background Thread 3 ] DEBUG Engine               - menuKey: ESCAPE
23:16:52.153 [FXGL Background Thread 3 ] DEBUG Engine               - mouseSensitivity: 0.2
23:16:52.153 [FXGL Background Thread 3 ] DEBUG Engine               - notificationViewClass: class com.almasb.fxgl.notification.view.XboxNotificationView
23:16:52.153 [FXGL Background Thread 3 ] DEBUG Engine               - pixelsPerMeter: 50.0
23:16:52.153 [FXGL Background Thread 3 ] DEBUG Engine               - platform: WINDOWS
23:16:52.153 [FXGL Background Thread 3 ] DEBUG Engine               - prefHeightProperty: ReadOnlyDoubleProperty [value: 600.0]
23:16:52.153 [FXGL Background Thread 3 ] DEBUG Engine               - prefWidthProperty: ReadOnlyDoubleProperty [value: 800.0]
23:16:52.153 [FXGL Background Thread 3 ] DEBUG Engine               - profileDir: profiles/
23:16:52.153 [FXGL Background Thread 3 ] DEBUG Engine               - profileName: StringProperty [value: DEFAULT]
23:16:52.153 [FXGL Background Thread 3 ] DEBUG Engine               - randomSeed: -1
23:16:52.153 [FXGL Background Thread 3 ] DEBUG Engine               - runtimeInfo: RuntimeInfo(platform=WINDOWS, version=17.3, build=30.03.2023 11.49)
23:16:52.153 [FXGL Background Thread 3 ] DEBUG Engine               - saveFileExt: sav
23:16:52.153 [FXGL Background Thread 3 ] DEBUG Engine               - scaledHeightProp$fxgl: DoubleProperty [bound, value: 600.0]
23:16:52.153 [FXGL Background Thread 3 ] DEBUG Engine               - scaledWidthProp$fxgl: DoubleProperty [bound, value: 800.0]
23:16:52.153 [FXGL Background Thread 3 ] DEBUG Engine               - sceneFactory: com.almasb.fxgl.app.scene.SceneFactory@5ad8ebc3
23:16:52.153 [FXGL Background Thread 3 ] DEBUG Engine               - secondsIn24h: 60
23:16:52.153 [FXGL Background Thread 3 ] DEBUG Engine               - soundMenuBack: menu/back.wav
23:16:52.153 [FXGL Background Thread 3 ] DEBUG Engine               - soundMenuPress: menu/press.wav
23:16:52.153 [FXGL Background Thread 3 ] DEBUG Engine               - soundMenuSelect: menu/select.wav
23:16:52.153 [FXGL Background Thread 3 ] DEBUG Engine               - soundNotification: core/notification.wav
23:16:52.153 [FXGL Background Thread 3 ] DEBUG Engine               - stageStyle: DECORATED
23:16:52.153 [FXGL Background Thread 3 ] DEBUG Engine               - supportedLanguages: [ENGLISH, FRENCH, GERMAN, HUNGARIAN, RUSSIAN]
23:16:52.153 [FXGL Background Thread 3 ] DEBUG Engine               - ticksPerSecond: -1
23:16:52.153 [FXGL Background Thread 3 ] DEBUG Engine               - title: Untitled
23:16:52.153 [FXGL Background Thread 3 ] DEBUG Engine               - urlGithub: https://github.com/AlmasB/FXGL
23:16:52.153 [FXGL Background Thread 3 ] DEBUG Engine               - urlLeaderboard: http://fxgl-top.herokuapp.com/
23:16:52.153 [FXGL Background Thread 3 ] DEBUG Engine               - urlPOM: https://raw.githubusercontent.com/AlmasB/FXGL/release/README.md
23:16:52.154 [FXGL Background Thread 3 ] DEBUG Engine               - userAppClass: class com.xen.rzlgame.rzl.HelloApplication
23:16:52.154 [FXGL Background Thread 3 ] DEBUG Engine               - version: 0.0
23:16:52.154 [FXGL Background Thread 3 ] DEBUG Engine               - versionCheckDays: 7
23:16:52.154 [FXGL Background Thread 3 ] DEBUG Engine               - width: 800
23:16:52.154 [FXGL Background Thread 3 ] DEBUG Engine               - Logging services
23:16:52.154 [FXGL Background Thread 3 ] DEBUG Engine               - class com.almasb.fxgl.app.services.FXGLAssetLoaderService
23:16:52.154 [FXGL Background Thread 3 ] DEBUG Engine               - class com.almasb.fxgl.app.FXGLApplication$GameApplicationService
23:16:52.154 [FXGL Background Thread 3 ] DEBUG Engine               - class com.almasb.fxgl.app.services.FXGLDialogService
23:16:52.154 [FXGL Background Thread 3 ] DEBUG Engine               - class com.almasb.fxgl.app.services.IOTaskExecutorService
23:16:52.154 [FXGL Background Thread 3 ] DEBUG Engine               - class com.almasb.fxgl.io.FileSystemService
23:16:52.154 [FXGL Background Thread 3 ] DEBUG Engine               - class com.almasb.fxgl.localization.LocalizationService
23:16:52.154 [FXGL Background Thread 3 ] DEBUG Engine               - class com.almasb.fxgl.app.services.SystemBundleService
23:16:52.154 [FXGL Background Thread 3 ] DEBUG Engine               - class com.almasb.fxgl.profile.SaveLoadService
23:16:52.154 [FXGL Background Thread 3 ] DEBUG Engine               - class com.almasb.fxgl.ui.FXGLUIFactoryServiceProvider
23:16:52.154 [FXGL Background Thread 3 ] DEBUG Engine               - class com.almasb.fxgl.ui.FXGLDialogFactoryServiceProvider
23:16:52.154 [FXGL Background Thread 3 ] DEBUG Engine               - class com.almasb.fxgl.audio.AudioPlayer
23:16:52.154 [FXGL Background Thread 3 ] DEBUG Engine               - class com.almasb.fxgl.notification.impl.NotificationServiceProvider
23:16:52.154 [FXGL Background Thread 3 ] DEBUG Engine               - class com.almasb.fxgl.achievement.AchievementService
23:16:52.154 [FXGL Background Thread 3 ] DEBUG Engine               - class com.almasb.fxgl.cutscene.CutsceneService
23:16:52.154 [FXGL Background Thread 3 ] DEBUG Engine               - class com.almasb.fxgl.minigames.MiniGameService
23:16:52.154 [FXGL Background Thread 3 ] DEBUG Engine               - class com.almasb.fxgl.net.NetService
23:16:52.154 [FXGL Background Thread 3 ] DEBUG Engine               - class com.almasb.fxgl.app.services.UpdaterService
23:16:52.154 [FXGL Background Thread 3 ] DEBUG Engine               - class com.almasb.fxgl.dev.DevService
23:17:00.378 [JavaFX Application Thread] DEBUG FXGLApplication      - Exiting FXGL
23:17:00.378 [JavaFX Application Thread] DEBUG LoopRunner           - Stopping loop
23:17:00.378 [JavaFX Application Thread] DEBUG SystemBundleService  - Saving FXGL system data
23:17:00.380 [JavaFX Application Thread] DEBUG FileSystemAccess     - Writing to: C:\Users\acer\IdeaProjects\RZL\system\fxgl.bundle
23:17:00.381 [JavaFX Application Thread] DEBUG Async                - Shutting down background threads
23:17:00.382 [JavaFX Application Thread] DEBUG PrimaryStageWindow   - Closing main window
23:17:00.396 [JavaFX Application Thread] DEBUG Logger               - Closing Logger
