19:31:18.247 [main                     ] DEBUG Logger               - Configured Logger
19:31:18.282 [main                     ] DEBUG GameApplication      - Logging settings
Title: Rizal: Noli Me Tangere
Version: 
Width: 800
Height: 600
Fullscreen: false
Intro: false
Profiling: false
Single step:false
App Mode: DEVELOPER
Menu Key: ESCAPE
Stage Style: DECORATED
Scene Factory: class com.almasb.fxgl.app.scene.SceneFactory

19:31:18.594 [JavaFX Application Thread] DEBUG FXGLApplication      - Initializing FXGL
19:31:18.599 [JavaFX Application Thread] INFO  Engine               - FXGL-21.1 (27.03.2024 07.52) on WINDOWS (J:21.0.3 FX:21)
19:31:18.600 [JavaFX Application Thread] DEBUG Engine               - JRE Vendor Name: Oracle Corporation
19:31:18.600 [JavaFX Application Thread] DEBUG Engine               - Running on OS: Windows 11 version 10.0
19:31:18.600 [JavaFX Application Thread] DEBUG Engine               - Architecture: amd64
19:31:18.600 [JavaFX Application Thread] INFO  Engine               - Source code and latest versions at: https://github.com/AlmasB/FXGL
19:31:18.600 [JavaFX Application Thread] INFO  Engine               -       Ask questions and discuss at: https://github.com/AlmasB/FXGL/discussions
19:31:18.600 [JavaFX Application Thread] INFO  Engine               -              Join the FXGL chat at: https://gitter.im/AlmasB/FXGL
19:31:18.670 [JavaFX Application Thread] DEBUG PrimaryStageWindow   - Creating a JavaFX scene
19:31:18.712 [JavaFX Application Thread] DEBUG PrimaryStageWindow   - Target settings size: 800.0 x 600.0
19:31:18.713 [JavaFX Application Thread] DEBUG PrimaryStageWindow   - Scaled scene size:    800.0 x 600.0
19:31:18.713 [JavaFX Application Thread] DEBUG PrimaryStageWindow   - Scaled ratio: (1.0, 1.0)
19:31:18.714 [JavaFX Application Thread] DEBUG PrimaryStageWindow   - Set initial scene to FXGLStartupScene
19:31:18.716 [JavaFX Application Thread] DEBUG PrimaryStageWindow   - Opening main window
19:31:18.792 [JavaFX Application Thread] DEBUG PrimaryStageWindow   - Window border size: (14.4000244140625, 37.5999755859375)
19:31:18.792 [JavaFX Application Thread] DEBUG PrimaryStageWindow   - Scaled size: 800.0 x 600.0
19:31:18.792 [JavaFX Application Thread] DEBUG PrimaryStageWindow   - Scaled ratio: (1.0, 1.0)
19:31:18.792 [JavaFX Application Thread] DEBUG PrimaryStageWindow   - Scene size: 800.0 x 600.0
19:31:18.793 [JavaFX Application Thread] DEBUG PrimaryStageWindow   - Stage size: 814.4000244140625 x 637.5999755859375
19:31:18.798 [FXGL Background Thread 1 ] DEBUG Engine               - Initializing environment variables
19:31:18.842 [FXGL Background Thread 1 ] DEBUG FXGLAssetLoaderServi - User app class for loading assets: class com.xen.rzlgame.rzl.HelloApplication
19:31:18.843 [FXGL Background Thread 1 ] DEBUG GameApplicationServi - Applying CSS: fxgl_dark.css
19:31:18.843 [FXGL Background Thread 1 ] DEBUG FXGLAssetLoaderServi - Loading from file system: jar:file:///C:/Users/acer/.m2/repository/com/github/almasb/fxgl/21.1/fxgl-21.1.jar!/fxglassets/ui/css/fxgl_dark.css
19:31:18.893 [FXGL Background Thread 1 ] DEBUG GameApplicationServi - Initializing application scenes
19:31:18.948 [FXGL Background Thread 1 ] DEBUG GameWorld            - Game world initialized
19:31:19.003 [FXGL Background Thread 1 ] DEBUG PhysicsWorld         - Physics world initialized: appHeight=600, physics.ppm=50.0
19:31:19.003 [FXGL Background Thread 1 ] DEBUG PhysicsWorld         - Using strategy: BRUTE_FORCE
19:31:19.007 [FXGL Background Thread 1 ] DEBUG GameScene            - Game scene initialized: 800x600
19:31:19.015 [FXGL Background Thread 1 ] DEBUG FXGL.DefaultMenu     - createMenuBodyGameMenu()
19:31:19.024 [FXGL Background Thread 1 ] DEBUG FXGL.DefaultMenu     - createOptionsMenu()
19:31:19.034 [FXGL Background Thread 1 ] DEBUG FXGLAssetLoaderServi - Loading from file system: jar:file:///C:/Users/acer/.m2/repository/com/github/almasb/fxgl/21.1/fxgl-21.1.jar!/fxglassets/textures/particles/smoke.png
19:31:19.141 [FXGL Background Thread 1 ] DEBUG FXGLAssetLoaderServi - Loading from file system: jar:file:///C:/Users/acer/.m2/repository/com/github/almasb/fxgl/21.1/fxgl-21.1.jar!/fxglassets/textures/particles/trace_horizontal.png
19:31:19.166 [FXGL Background Thread 1 ] DEBUG GameApplicationServi - Application scenes initialized
19:31:19.178 [FXGL Background Thread 1 ] DEBUG SystemBundleService  - Loading FXGL system data
19:31:19.181 [FXGL Background Thread 1 ] DEBUG FileSystemAccess     - Reading from: C:\Users\acer\IdeaProjects\RZL\system\fxgl.bundle
19:31:19.189 [FXGL Background Thread 1 ] DEBUG SystemBundleService  - Bundle FXGL: {}
19:31:19.189 [FXGL Background Thread 1 ] DEBUG UpdaterService       - Checking for updates
19:31:19.212 [FXGL Background Thread 4 ] DEBUG FXGLApplication      - Loading fonts
19:31:19.212 [FXGL Background Thread 4 ] DEBUG FXGLAssetLoaderServi - Loading from file system: jar:file:///C:/Users/acer/.m2/repository/com/github/almasb/fxgl/21.1/fxgl-21.1.jar!/fxglassets/ui/fonts/VarelaRound-Regular.ttf
19:31:19.216 [FXGL Background Thread 1 ] DEBUG FXGLApplication      - Loading default localization
19:31:19.216 [FXGL Background Thread 1 ] DEBUG FXGLAssetLoaderServi - Loading from file system: jar:file:///C:/Users/acer/.m2/repository/com/github/almasb/fxgl/21.1/fxgl-21.1.jar!/fxglassets/languages/english.lang
19:31:19.260 [FXGL Background Thread 4 ] DEBUG FXGLAssetLoaderServi - Loading from file system: jar:file:///C:/Users/acer/.m2/repository/com/github/almasb/fxgl/21.1/fxgl-21.1.jar!/fxglassets/ui/fonts/Abel-Regular.ttf
19:31:19.264 [FXGL Background Thread 4 ] DEBUG FXGLAssetLoaderServi - Loading from file system: jar:file:///C:/Users/acer/.m2/repository/com/github/almasb/fxgl/21.1/fxgl-21.1.jar!/fxglassets/ui/fonts/TerminalLandMono-Regular.otf
19:31:19.265 [FXGL Background Thread 1 ] INFO  FXGLApplication      - FXGL initialization took: 0.466 sec
19:31:19.266 [JavaFX Application Thread] DEBUG FXGLAssetLoaderServi - Loading from file system: jar:file:///C:/Users/acer/.m2/repository/com/github/almasb/fxgl/21.1/fxgl-21.1.jar!/fxglassets/textures/fxgl_icon.png
19:31:19.268 [FXGL Background Thread 4 ] DEBUG FXGLAssetLoaderServi - Loading from file system: jar:file:///C:/Users/acer/.m2/repository/com/github/almasb/fxgl/21.1/fxgl-21.1.jar!/fxglassets/ui/fonts/Courier-Prime.ttf
19:31:19.288 [JavaFX Application Thread] DEBUG FXGLAssetLoaderServi - Loading from file system: jar:file:///C:/Users/acer/.m2/repository/com/github/almasb/fxgl/21.1/fxgl-21.1.jar!/fxglassets/textures/fxgl_default_cursor.png
19:31:19.305 [JavaFX Application Thread] DEBUG Input                - Registered new binding: Screenshot - CTRL+8
19:31:19.306 [JavaFX Application Thread] DEBUG Input                - Registered new binding: Dev Options - 1
19:31:19.307 [JavaFX Application Thread] DEBUG Input                - Registered new binding: Dev Console - 2
19:31:19.308 [JavaFX Application Thread] DEBUG Input                - Registered new binding: System info dump - CTRL+9
19:31:19.308 [JavaFX Application Thread] DEBUG Input                - Registered new binding: Restart - CTRL+R
19:31:19.309 [JavaFX Application Thread] DEBUG Input                - Registered new binding: Toggle Debug Camera - CTRL+7
19:31:19.315 [JavaFX Application Thread] DEBUG LoopRunner           - Starting loop
19:31:19.350 [JavaFX Application Thread] DEBUG LoopRunner           - Initializing JavaFX AnimationTimerLoop
19:31:19.353 [JavaFX Application Thread] DEBUG GameApplicationServi - Starting new game
19:31:19.354 [JavaFX Application Thread] DEBUG Input                - Clearing active input actions
19:31:19.366 [JavaFX Application Thread] DEBUG GameApplicationServi - Removing overlay from FXGLStartupScene and adding to FXGLLoadingScene
19:31:19.371 [JavaFX Application Thread] DEBUG PrimaryStageWindow   - FXGLStartupScene -> FXGLLoadingScene
19:31:19.371 [JavaFX Application Thread] DEBUG GameApplicationServi - Clearing previous game
19:31:19.371 [JavaFX Application Thread] DEBUG GameScene            - Clearing game scene
19:31:19.371 [JavaFX Application Thread] DEBUG GameWorld            - Clearing game world
19:31:19.372 [JavaFX Application Thread] DEBUG PhysicsWorld         - Clearing physics world
19:31:19.380 [FXGL Background Thread 4 ] DEBUG FXGLApplication      - Initializing game
19:31:19.380 [JavaFX Application Thread] DEBUG FXGLApplication      - Registering font factories with UI factory
19:31:19.400 [FXGL Background Thread 4 ] DEBUG FXGLAssetLoaderServi - Loading from file system: file:/C:/Users/acer/IdeaProjects/RZL/target/classes/assets/music/bgm1.mp3
19:31:19.564 [FXGL Background Thread 4 ] DEBUG AudioPlayer          - Playing music com.almasb.fxgl.audio.Music@665ded85
19:31:19.678 [FXGL Background Thread 4 ] WARN  TMXLevelLoader       - TiledMap generated from 1.11.2. Supported version: 1.9.0. Some features may not be parsed fully.
19:31:19.716 [FXGL Background Thread 4 ] DEBUG TMXLevelLoader       - Parsed TiledMap: file:/C:/Users/acer/IdeaProjects/RZL/target/classes/assets/levels/main_level.tmx
19:31:19.719 [FXGL Background Thread 4 ] DEBUG TMXLevelLoader       - Creating tile layer entities
19:31:19.724 [FXGL Background Thread 4 ] DEBUG TilesetLoader        - Loading view for layer Tile Layer 2
19:31:19.725 [FXGL Background Thread 4 ] DEBUG TilesetLoader        - Created buffer with size 2400.0x640.0
19:31:19.735 [FXGL Background Thread 4 ] DEBUG TilesetLoader        - Loading view for layer Tile Layer 3
19:31:19.737 [FXGL Background Thread 4 ] DEBUG TilesetLoader        - Created buffer with size 2400.0x640.0
19:31:19.748 [FXGL Background Thread 4 ] DEBUG TilesetLoader        - Loading view for layer Tile Layer 4
19:31:19.748 [FXGL Background Thread 4 ] DEBUG TilesetLoader        - Created buffer with size 2400.0x640.0
19:31:19.751 [FXGL Background Thread 4 ] DEBUG TilesetLoader        - Loading view for layer Tile Layer 1
19:31:19.753 [FXGL Background Thread 4 ] DEBUG TilesetLoader        - Created buffer with size 2400.0x640.0
19:31:19.755 [FXGL Background Thread 4 ] DEBUG TMXLevelLoader       - Creating object layer entities
19:31:19.803 [FXGL Background Thread 4 ] WARN  Entity               - Entity already has component: com.almasb.fxgl.entity.components.CollidableComponent
19:31:19.825 [FXGL Background Thread 4 ] DEBUG GameWorld            - Clearing removable entities
19:31:19.828 [FXGL Background Thread 4 ] DEBUG GameWorld            - Setting level: com.almasb.fxgl.entity.level.Level@6c03d052
19:31:19.837 [FXGL Background Thread 4 ] DEBUG FXGLAssetLoaderServi - Loading from file system: file:/C:/Users/acer/IdeaProjects/RZL/target/classes/assets/textures/playerWalk.png
19:31:19.846 [FXGL Background Thread 4 ] DEBUG FXGLAssetLoaderServi - Loading from file system: file:/C:/Users/acer/IdeaProjects/RZL/target/classes/assets/textures/playerJump.png
19:31:19.847 [FXGL Background Thread 4 ] DEBUG FXGLAssetLoaderServi - Loading from file system: file:/C:/Users/acer/IdeaProjects/RZL/target/classes/assets/textures/playerAttack.png
19:31:19.862 [FXGL Background Thread 4 ] WARN  GameWorld            - Entity is already attached to world
19:31:19.865 [FXGL Background Thread 4 ] WARN  GameWorld            - Entity is already attached to world
19:31:19.866 [FXGL Background Thread 4 ] WARN  GameWorld            - Entity is already attached to world
19:31:19.867 [FXGL Background Thread 4 ] WARN  Entity               - Entity already has component: com.almasb.fxgl.entity.components.CollidableComponent
19:31:19.867 [FXGL Background Thread 4 ] WARN  GameWorld            - Entity is already attached to world
19:31:19.873 [FXGL Background Thread 4 ] DEBUG Input                - Registered new binding: Move A - A
19:31:19.873 [FXGL Background Thread 4 ] DEBUG Input                - Registered new binding: Move D - D
19:31:19.874 [FXGL Background Thread 4 ] DEBUG Input                - Registered new binding: Player Attack - LMB
19:31:19.874 [FXGL Background Thread 4 ] DEBUG Input                - Registered new binding: Player Parry - RMB
19:31:19.874 [FXGL Background Thread 4 ] DEBUG Input                - Registered new binding: Jump - Space
19:31:19.876 [FXGL Background Thread 4 ] DEBUG Input                - Registered new binding: Interact - Z
19:31:19.876 [FXGL Background Thread 4 ] INFO  FXGLApplication      - Game initialization took: 0.496 sec
19:31:20.894 [JavaFX Application Thread] DEBUG Input                - Clearing active input actions
19:31:20.904 [JavaFX Application Thread] DEBUG GameApplicationServi - Removing overlay from FXGLLoadingScene and adding to GameScene
19:31:20.908 [JavaFX Application Thread] DEBUG PrimaryStageWindow   - FXGLLoadingScene -> GameScene
19:31:20.910 [JavaFX Application Thread] DEBUG FXGLAssetLoaderServi - Loading from file system: file:/C:/Users/acer/IdeaProjects/RZL/target/classes/assets/textures/mariaIdle.png
19:31:20.913 [JavaFX Application Thread] DEBUG FXGLAssetLoaderServi - Loading from file system: file:/C:/Users/acer/IdeaProjects/RZL/target/classes/assets/textures/eliasIdle.png
19:31:22.211 [FXGL Background Thread 3 ] DEBUG Engine               - Logging environment variables
19:31:22.211 [FXGL Background Thread 3 ] DEBUG Engine               - achievements: []
19:31:22.211 [FXGL Background Thread 3 ] DEBUG Engine               - actualHeight: 600.0
19:31:22.211 [FXGL Background Thread 3 ] DEBUG Engine               - actualHeightProperty: ReadOnlyDoubleProperty [value: 600.0]
19:31:22.211 [FXGL Background Thread 3 ] DEBUG Engine               - actualWidth: 800.0
19:31:22.212 [FXGL Background Thread 3 ] DEBUG Engine               - actualWidthProperty: ReadOnlyDoubleProperty [value: 800.0]
19:31:22.212 [FXGL Background Thread 3 ] DEBUG Engine               - appIcon: fxgl_icon.png
19:31:22.212 [FXGL Background Thread 3 ] DEBUG Engine               - applicationMode: DEVELOPER
19:31:22.212 [FXGL Background Thread 3 ] DEBUG Engine               - cSSList: [fxgl_dark.css]
19:31:22.212 [FXGL Background Thread 3 ] DEBUG Engine               - collisionDetectionStrategy: BRUTE_FORCE
19:31:22.212 [FXGL Background Thread 3 ] DEBUG Engine               - configClass: Optional.empty
19:31:22.212 [FXGL Background Thread 3 ] DEBUG Engine               - credits: []
19:31:22.212 [FXGL Background Thread 3 ] DEBUG Engine               - defaultCursor: CursorInfo(imageName=fxgl_default_cursor.png, hotspotX=7.0, hotspotY=6.0)
19:31:22.212 [FXGL Background Thread 3 ] DEBUG Engine               - devBBoxColorProperty: ObjectProperty [value: 0xff0000ff]
19:31:22.212 [FXGL Background Thread 3 ] DEBUG Engine               - devEnableDebugCameraProperty: BooleanProperty [value: false]
19:31:22.213 [FXGL Background Thread 3 ] DEBUG Engine               - devSensorColorProperty: ObjectProperty [value: 0xffff00ff]
19:31:22.213 [FXGL Background Thread 3 ] DEBUG Engine               - devShowBBoxProperty: BooleanProperty [value: false]
19:31:22.213 [FXGL Background Thread 3 ] DEBUG Engine               - devShowPositionProperty: BooleanProperty [value: false]
19:31:22.213 [FXGL Background Thread 3 ] DEBUG Engine               - enabledMenuItems: []
19:31:22.213 [FXGL Background Thread 3 ] DEBUG Engine               - engineServices: [class com.almasb.fxgl.app.services.FXGLAssetLoaderService, class com.almasb.fxgl.app.FXGLApplication$GameApplicationService, class com.almasb.fxgl.app.services.FXGLDialogService, class com.almasb.fxgl.app.services.IOTaskExecutorService, class com.almasb.fxgl.io.FileSystemService, class com.almasb.fxgl.localization.LocalizationService, class com.almasb.fxgl.app.services.SystemBundleService, class com.almasb.fxgl.profile.SaveLoadService, class com.almasb.fxgl.ui.FXGLUIFactoryServiceProvider, class com.almasb.fxgl.ui.FXGLDialogFactoryServiceProvider, class com.almasb.fxgl.audio.AudioPlayer, class com.almasb.fxgl.notification.impl.NotificationServiceProvider, class com.almasb.fxgl.achievement.AchievementService, class com.almasb.fxgl.cutscene.CutsceneService, class com.almasb.fxgl.minigames.MiniGameService, class com.almasb.fxgl.net.NetService, class com.almasb.fxgl.app.services.UpdaterService, class com.almasb.fxgl.dev.DevService]
19:31:22.213 [FXGL Background Thread 3 ] DEBUG Engine               - fontGame: Abel-Regular.ttf
19:31:22.213 [FXGL Background Thread 3 ] DEBUG Engine               - fontMono: TerminalLandMono-Regular.otf
19:31:22.213 [FXGL Background Thread 3 ] DEBUG Engine               - fontSizeScaleUI: 1.0
19:31:22.213 [FXGL Background Thread 3 ] DEBUG Engine               - fontText: Courier-Prime.ttf
19:31:22.213 [FXGL Background Thread 3 ] DEBUG Engine               - fontUI: VarelaRound-Regular.ttf
19:31:22.213 [FXGL Background Thread 3 ] DEBUG Engine               - fullScreen: BooleanProperty [value: false]
19:31:22.213 [FXGL Background Thread 3 ] DEBUG Engine               - gameDifficulty: MEDIUM
19:31:22.213 [FXGL Background Thread 3 ] DEBUG Engine               - gameDifficultyProperty: ObjectProperty [value: MEDIUM]
19:31:22.213 [FXGL Background Thread 3 ] DEBUG Engine               - globalMusicVolume: 0.5
19:31:22.213 [FXGL Background Thread 3 ] DEBUG Engine               - globalMusicVolumeProperty: DoubleProperty [value: 0.5]
19:31:22.213 [FXGL Background Thread 3 ] DEBUG Engine               - globalSoundVolume: 0.5
19:31:22.213 [FXGL Background Thread 3 ] DEBUG Engine               - globalSoundVolumeProperty: DoubleProperty [value: 0.5]
19:31:22.213 [FXGL Background Thread 3 ] DEBUG Engine               - height: 600
19:31:22.213 [FXGL Background Thread 3 ] DEBUG Engine               - is3D: false
19:31:22.213 [FXGL Background Thread 3 ] DEBUG Engine               - isAndroid: false
19:31:22.213 [FXGL Background Thread 3 ] DEBUG Engine               - isBrowser: false
19:31:22.213 [FXGL Background Thread 3 ] DEBUG Engine               - isClickFeedbackEnabled: false
19:31:22.213 [FXGL Background Thread 3 ] DEBUG Engine               - isCloseConfirmation: false
19:31:22.213 [FXGL Background Thread 3 ] DEBUG Engine               - isDesktop: true
19:31:22.213 [FXGL Background Thread 3 ] DEBUG Engine               - isDeveloperMenuEnabled: true
19:31:22.213 [FXGL Background Thread 3 ] DEBUG Engine               - isEmbedded: false
19:31:22.213 [FXGL Background Thread 3 ] DEBUG Engine               - isEntityPreloadEnabled: true
19:31:22.213 [FXGL Background Thread 3 ] DEBUG Engine               - isExperimentalTiledLargeMap: false
19:31:22.213 [FXGL Background Thread 3 ] DEBUG Engine               - isFileSystemWriteAllowed: true
19:31:22.213 [FXGL Background Thread 3 ] DEBUG Engine               - isFullScreenAllowed: false
19:31:22.213 [FXGL Background Thread 3 ] DEBUG Engine               - isFullScreenFromStart: false
19:31:22.213 [FXGL Background Thread 3 ] DEBUG Engine               - isGameMenuEnabled: true
19:31:22.214 [FXGL Background Thread 3 ] DEBUG Engine               - isIOS: false
19:31:22.214 [FXGL Background Thread 3 ] DEBUG Engine               - isIntroEnabled: false
19:31:22.214 [FXGL Background Thread 3 ] DEBUG Engine               - isLinux: false
19:31:22.214 [FXGL Background Thread 3 ] DEBUG Engine               - isMac: false
19:31:22.214 [FXGL Background Thread 3 ] DEBUG Engine               - isMainMenuEnabled: false
19:31:22.214 [FXGL Background Thread 3 ] DEBUG Engine               - isManualResizeEnabled: false
19:31:22.214 [FXGL Background Thread 3 ] DEBUG Engine               - isMobile: false
19:31:22.214 [FXGL Background Thread 3 ] DEBUG Engine               - isNative: false
19:31:22.214 [FXGL Background Thread 3 ] DEBUG Engine               - isPauseMusicWhenMinimized: true
19:31:22.214 [FXGL Background Thread 3 ] DEBUG Engine               - isPreserveResizeRatio: false
19:31:22.214 [FXGL Background Thread 3 ] DEBUG Engine               - isProfilingEnabled: false
19:31:22.214 [FXGL Background Thread 3 ] DEBUG Engine               - isScaleAffectedOnResize: true
19:31:22.214 [FXGL Background Thread 3 ] DEBUG Engine               - isSingleStep: false
19:31:22.214 [FXGL Background Thread 3 ] DEBUG Engine               - isUserProfileEnabled: false
19:31:22.214 [FXGL Background Thread 3 ] DEBUG Engine               - isWindows: true
19:31:22.214 [FXGL Background Thread 3 ] DEBUG Engine               - language: ObjectProperty [value: ENGLISH]
19:31:22.214 [FXGL Background Thread 3 ] DEBUG Engine               - menuKey: ESCAPE
19:31:22.214 [FXGL Background Thread 3 ] DEBUG Engine               - mouseSensitivity: 0.2
19:31:22.214 [FXGL Background Thread 3 ] DEBUG Engine               - notificationViewClass: class com.almasb.fxgl.notification.view.XboxNotificationView
19:31:22.214 [FXGL Background Thread 3 ] DEBUG Engine               - pixelsPerMeter: 50.0
19:31:22.214 [FXGL Background Thread 3 ] DEBUG Engine               - platform: WINDOWS
19:31:22.214 [FXGL Background Thread 3 ] DEBUG Engine               - prefHeightProperty: ReadOnlyDoubleProperty [value: 600.0]
19:31:22.214 [FXGL Background Thread 3 ] DEBUG Engine               - prefWidthProperty: ReadOnlyDoubleProperty [value: 800.0]
19:31:22.214 [FXGL Background Thread 3 ] DEBUG Engine               - profileDir: profiles/
19:31:22.214 [FXGL Background Thread 3 ] DEBUG Engine               - profileName: StringProperty [value: DEFAULT]
19:31:22.214 [FXGL Background Thread 3 ] DEBUG Engine               - randomSeed: -1
19:31:22.214 [FXGL Background Thread 3 ] DEBUG Engine               - runtimeInfo: RuntimeInfo(platform=WINDOWS, version=21.1, build=27.03.2024 07.52)
19:31:22.214 [FXGL Background Thread 3 ] DEBUG Engine               - saveFileExt: sav
19:31:22.214 [FXGL Background Thread 3 ] DEBUG Engine               - scaledHeightProp$fxgl: DoubleProperty [bound, value: 600.0]
19:31:22.214 [FXGL Background Thread 3 ] DEBUG Engine               - scaledWidthProp$fxgl: DoubleProperty [bound, value: 800.0]
19:31:22.214 [FXGL Background Thread 3 ] DEBUG Engine               - sceneFactory: com.almasb.fxgl.app.scene.SceneFactory@34691aa4
19:31:22.215 [FXGL Background Thread 3 ] DEBUG Engine               - secondsIn24h: 60
19:31:22.215 [FXGL Background Thread 3 ] DEBUG Engine               - soundMenuBack: menu/back.wav
19:31:22.215 [FXGL Background Thread 3 ] DEBUG Engine               - soundMenuPress: menu/press.wav
19:31:22.215 [FXGL Background Thread 3 ] DEBUG Engine               - soundMenuSelect: menu/select.wav
19:31:22.215 [FXGL Background Thread 3 ] DEBUG Engine               - soundNotification: core/notification.wav
19:31:22.215 [FXGL Background Thread 3 ] DEBUG Engine               - stageStyle: DECORATED
19:31:22.215 [FXGL Background Thread 3 ] DEBUG Engine               - supportedLanguages: [ENGLISH, FRENCH, GERMAN, HUNGARIAN, RUSSIAN]
19:31:22.215 [FXGL Background Thread 3 ] DEBUG Engine               - ticksPerSecond: -1
19:31:22.215 [FXGL Background Thread 3 ] DEBUG Engine               - title: Rizal: Noli Me Tangere
19:31:22.215 [FXGL Background Thread 3 ] DEBUG Engine               - urlGithub: https://github.com/AlmasB/FXGL
19:31:22.215 [FXGL Background Thread 3 ] DEBUG Engine               - urlLeaderboard: http://fxgl-top.herokuapp.com/
19:31:22.215 [FXGL Background Thread 3 ] DEBUG Engine               - urlPOM: https://raw.githubusercontent.com/AlmasB/FXGL/release/README.md
19:31:22.215 [FXGL Background Thread 3 ] DEBUG Engine               - userAppClass: class com.xen.rzlgame.rzl.HelloApplication
19:31:22.215 [FXGL Background Thread 3 ] DEBUG Engine               - version: 
19:31:22.215 [FXGL Background Thread 3 ] DEBUG Engine               - versionCheckDays: 7
19:31:22.215 [FXGL Background Thread 3 ] DEBUG Engine               - width: 800
19:31:22.215 [FXGL Background Thread 3 ] DEBUG Engine               - Logging services
19:31:22.215 [FXGL Background Thread 3 ] DEBUG Engine               - class com.almasb.fxgl.app.services.FXGLAssetLoaderService
19:31:22.215 [FXGL Background Thread 3 ] DEBUG Engine               - class com.almasb.fxgl.app.FXGLApplication$GameApplicationService
19:31:22.215 [FXGL Background Thread 3 ] DEBUG Engine               - class com.almasb.fxgl.app.services.FXGLDialogService
19:31:22.215 [FXGL Background Thread 3 ] DEBUG Engine               - class com.almasb.fxgl.app.services.IOTaskExecutorService
19:31:22.215 [FXGL Background Thread 3 ] DEBUG Engine               - class com.almasb.fxgl.io.FileSystemService
19:31:22.215 [FXGL Background Thread 3 ] DEBUG Engine               - class com.almasb.fxgl.localization.LocalizationService
19:31:22.215 [FXGL Background Thread 3 ] DEBUG Engine               - class com.almasb.fxgl.app.services.SystemBundleService
19:31:22.215 [FXGL Background Thread 3 ] DEBUG Engine               - class com.almasb.fxgl.profile.SaveLoadService
19:31:22.215 [FXGL Background Thread 3 ] DEBUG Engine               - class com.almasb.fxgl.ui.FXGLUIFactoryServiceProvider
19:31:22.215 [FXGL Background Thread 3 ] DEBUG Engine               - class com.almasb.fxgl.ui.FXGLDialogFactoryServiceProvider
19:31:22.215 [FXGL Background Thread 3 ] DEBUG Engine               - class com.almasb.fxgl.audio.AudioPlayer
19:31:22.215 [FXGL Background Thread 3 ] DEBUG Engine               - class com.almasb.fxgl.notification.impl.NotificationServiceProvider
19:31:22.215 [FXGL Background Thread 3 ] DEBUG Engine               - class com.almasb.fxgl.achievement.AchievementService
19:31:22.215 [FXGL Background Thread 3 ] DEBUG Engine               - class com.almasb.fxgl.cutscene.CutsceneService
19:31:22.215 [FXGL Background Thread 3 ] DEBUG Engine               - class com.almasb.fxgl.minigames.MiniGameService
19:31:22.215 [FXGL Background Thread 3 ] DEBUG Engine               - class com.almasb.fxgl.net.NetService
19:31:22.215 [FXGL Background Thread 3 ] DEBUG Engine               - class com.almasb.fxgl.app.services.UpdaterService
19:31:22.215 [FXGL Background Thread 3 ] DEBUG Engine               - class com.almasb.fxgl.dev.DevService
19:31:23.925 [JavaFX Application Thread] DEBUG FXGLAssetLoaderServi - Loading from file system: file:/C:/Users/acer/IdeaProjects/RZL/target/classes/assets/sounds/jump.mp3
19:31:25.468 [JavaFX Application Thread] DEBUG FXGLAssetLoaderServi - Loading from file system: file:/C:/Users/acer/IdeaProjects/RZL/target/classes/assets/text/maria.txt
19:31:25.473 [JavaFX Application Thread] DEBUG Input                - Registered new binding: Next RPG Line - Enter
19:31:25.474 [JavaFX Application Thread] DEBUG PrimaryStageWindow   - Push state: CutsceneScene
19:31:25.474 [JavaFX Application Thread] DEBUG Input                - Clearing active input actions
19:31:25.475 [JavaFX Application Thread] DEBUG GameApplicationServi - Removing overlay from GameScene and adding to CutsceneScene
19:31:25.477 [JavaFX Application Thread] DEBUG PrimaryStageWindow   - GameScene -> CutsceneScene
19:31:29.898 [JavaFX Application Thread] DEBUG PrimaryStageWindow   - Pop state: CutsceneScene
19:31:29.898 [JavaFX Application Thread] DEBUG Input                - Clearing active input actions
19:31:29.899 [JavaFX Application Thread] DEBUG GameApplicationServi - Removing overlay from CutsceneScene and adding to GameScene
19:31:29.899 [JavaFX Application Thread] DEBUG PrimaryStageWindow   - GameScene <- CutsceneScene
19:31:30.551 [JavaFX Application Thread] DEBUG FXGLAssetLoaderServi - Loading from file system: file:/C:/Users/acer/IdeaProjects/RZL/target/classes/assets/text/elias.txt
19:31:30.552 [JavaFX Application Thread] DEBUG PrimaryStageWindow   - Push state: CutsceneScene
19:31:30.552 [JavaFX Application Thread] DEBUG Input                - Clearing active input actions
19:31:30.552 [JavaFX Application Thread] DEBUG GameApplicationServi - Removing overlay from GameScene and adding to CutsceneScene
19:31:30.553 [JavaFX Application Thread] DEBUG PrimaryStageWindow   - GameScene -> CutsceneScene
19:31:37.898 [JavaFX Application Thread] DEBUG PrimaryStageWindow   - Pop state: CutsceneScene
19:31:37.898 [JavaFX Application Thread] DEBUG Input                - Clearing active input actions
19:31:37.898 [JavaFX Application Thread] DEBUG GameApplicationServi - Removing overlay from CutsceneScene and adding to GameScene
19:31:37.899 [JavaFX Application Thread] DEBUG PrimaryStageWindow   - GameScene <- CutsceneScene
19:31:41.101 [JavaFX Application Thread] DEBUG FXGLAssetLoaderServi - Loading from file system: file:/C:/Users/acer/IdeaProjects/RZL/target/classes/assets/textures/minionWalk.png
19:31:41.102 [JavaFX Application Thread] DEBUG FXGLAssetLoaderServi - Loading from file system: file:/C:/Users/acer/IdeaProjects/RZL/target/classes/assets/textures/minionAttack.png
19:31:41.800 [JavaFX Application Thread] DEBUG FXGLAssetLoaderServi - Loading from file system: file:/C:/Users/acer/IdeaProjects/RZL/target/classes/assets/sounds/sword.mp3
19:31:41.890 [JavaFX Application Thread] DEBUG FXGLAssetLoaderServi - Loading from file system: file:/C:/Users/acer/IdeaProjects/RZL/target/classes/assets/sounds/parry.mp3
19:31:42.794 [JavaFX Application Thread] DEBUG FXGLAssetLoaderServi - Loading from file system: file:/C:/Users/acer/IdeaProjects/RZL/target/classes/assets/sounds/minion_death.mp3
19:32:17.613 [JavaFX Application Thread] DEBUG FXGLAssetLoaderServi - Loading from file system: file:/C:/Users/acer/IdeaProjects/RZL/target/classes/assets/textures/bossAttack.png
19:32:17.615 [JavaFX Application Thread] DEBUG FXGLAssetLoaderServi - Loading from file system: file:/C:/Users/acer/IdeaProjects/RZL/target/classes/assets/textures/bossWalk.png
19:32:17.619 [JavaFX Application Thread] WARN  GameWorld            - Entity is already attached to world
19:32:17.620 [JavaFX Application Thread] DEBUG AudioPlayer          - Stopping music com.almasb.fxgl.audio.Music@665ded85
19:32:17.622 [JavaFX Application Thread] DEBUG FXGLAssetLoaderServi - Loading from file system: file:/C:/Users/acer/IdeaProjects/RZL/target/classes/assets/music/bgm2.mp3
19:32:17.625 [JavaFX Application Thread] DEBUG AudioPlayer          - Playing music com.almasb.fxgl.audio.Music@210d6cb2
19:32:20.186 [JavaFX Application Thread] DEBUG FXGLAssetLoaderServi - Loading from file system: file:/C:/Users/acer/IdeaProjects/RZL/target/classes/assets/sounds/smash.mp3
19:32:57.834 [JavaFX Application Thread] DEBUG FXGLAssetLoaderServi - Loading from file system: file:/C:/Users/acer/IdeaProjects/RZL/target/classes/assets/sounds/padre_death.mp3
19:33:03.779 [JavaFX Application Thread] DEBUG FXGLApplication      - Exiting FXGL
19:33:03.780 [JavaFX Application Thread] DEBUG LoopRunner           - Stopping loop
19:33:03.780 [JavaFX Application Thread] DEBUG SystemBundleService  - Saving FXGL system data
19:33:03.782 [JavaFX Application Thread] DEBUG FileSystemAccess     - Writing to: C:\Users\acer\IdeaProjects\RZL\system\fxgl.bundle
19:33:03.783 [JavaFX Application Thread] DEBUG Async                - Shutting down background threads
19:33:03.784 [JavaFX Application Thread] DEBUG PrimaryStageWindow   - Closing main window
19:33:03.797 [JavaFX Application Thread] DEBUG Logger               - Closing Logger
