00:15:26.697 [main                     ] DEBUG Logger               - Configured Logger
00:15:26.726 [main                     ] DEBUG GameApplication      - Logging settings
Title: Untitled
Version: 0.0
Width: 800
Height: 600
Fullscreen: false
Intro: false
Profiling: false
Single step:false
App Mode: DEVELOPER
Menu Key: ESCAPE
Stage Style: DECORATED
Scene Factory: class com.almasb.fxgl.app.scene.SceneFactory

00:15:27.003 [JavaFX Application Thread] DEBUG FXGLApplication      - Initializing FXGL
00:15:27.007 [JavaFX Application Thread] INFO  Engine               - FXGL-17.3 (30.03.2023 11.49) on WINDOWS (J:21.0.3 FX:21)
00:15:27.007 [JavaFX Application Thread] DEBUG Engine               - JRE Vendor Name: Oracle Corporation
00:15:27.007 [JavaFX Application Thread] DEBUG Engine               - Running on OS: Windows 11 version 10.0
00:15:27.007 [JavaFX Application Thread] DEBUG Engine               - Architecture: amd64
00:15:27.007 [JavaFX Application Thread] INFO  Engine               - Source code and latest versions at: https://github.com/AlmasB/FXGL
00:15:27.007 [JavaFX Application Thread] INFO  Engine               -       Ask questions and discuss at: https://github.com/AlmasB/FXGL/discussions
00:15:27.007 [JavaFX Application Thread] INFO  Engine               -              Join the FXGL chat at: https://gitter.im/AlmasB/FXGL
00:15:27.067 [JavaFX Application Thread] DEBUG PrimaryStageWindow   - Creating a JavaFX scene
00:15:27.101 [JavaFX Application Thread] DEBUG PrimaryStageWindow   - Target settings size: 800.0 x 600.0
00:15:27.102 [JavaFX Application Thread] DEBUG PrimaryStageWindow   - Scaled scene size:    800.0 x 600.0
00:15:27.102 [JavaFX Application Thread] DEBUG PrimaryStageWindow   - Scaled ratio: (1.0, 1.0)
00:15:27.103 [JavaFX Application Thread] DEBUG PrimaryStageWindow   - Set initial scene to FXGLStartupScene
00:15:27.105 [JavaFX Application Thread] DEBUG PrimaryStageWindow   - Opening main window
00:15:27.168 [JavaFX Application Thread] DEBUG PrimaryStageWindow   - Window border size: (14.4000244140625, 37.5999755859375)
00:15:27.168 [JavaFX Application Thread] DEBUG PrimaryStageWindow   - Scaled size: 800.0 x 600.0
00:15:27.168 [JavaFX Application Thread] DEBUG PrimaryStageWindow   - Scaled ratio: (1.0, 1.0)
00:15:27.169 [JavaFX Application Thread] DEBUG PrimaryStageWindow   - Scene size: 800.0 x 600.0
00:15:27.169 [JavaFX Application Thread] DEBUG PrimaryStageWindow   - Stage size: 814.4000244140625 x 637.5999755859375
00:15:27.174 [FXGL Background Thread 1 ] DEBUG Engine               - Initializing environment variables
00:15:27.219 [FXGL Background Thread 1 ] DEBUG FXGLAssetLoaderServi - User app class for loading assets: class com.xen.rzlgame.rzl.HelloApplication
00:15:27.219 [FXGL Background Thread 1 ] DEBUG GameApplicationServi - Applying CSS: fxgl_dark.css
00:15:27.220 [FXGL Background Thread 1 ] DEBUG FXGLAssetLoaderServi - Loading from file system: jar:file:///C:/Users/acer/.m2/repository/com/github/almasb/fxgl/17.3/fxgl-17.3.jar!/fxglassets/ui/css/fxgl_dark.css
00:15:27.267 [FXGL Background Thread 1 ] DEBUG GameApplicationServi - Initializing application scenes
00:15:27.323 [FXGL Background Thread 1 ] DEBUG GameWorld            - Game world initialized
00:15:27.382 [FXGL Background Thread 1 ] DEBUG PhysicsWorld         - Physics world initialized: appHeight=600, physics.ppm=50.0
00:15:27.382 [FXGL Background Thread 1 ] DEBUG PhysicsWorld         - Using strategy: BRUTE_FORCE
00:15:27.386 [FXGL Background Thread 1 ] DEBUG GameScene            - Game scene initialized: 800x600
00:15:27.394 [FXGL Background Thread 1 ] DEBUG FXGL.DefaultMenu     - createMenuBodyGameMenu()
00:15:27.402 [FXGL Background Thread 1 ] DEBUG FXGL.DefaultMenu     - createOptionsMenu()
00:15:27.409 [FXGL Background Thread 1 ] DEBUG FXGLAssetLoaderServi - Loading from file system: jar:file:///C:/Users/acer/.m2/repository/com/github/almasb/fxgl/17.3/fxgl-17.3.jar!/fxglassets/textures/particles/smoke.png
00:15:27.500 [FXGL Background Thread 1 ] DEBUG FXGLAssetLoaderServi - Loading from file system: jar:file:///C:/Users/acer/.m2/repository/com/github/almasb/fxgl/17.3/fxgl-17.3.jar!/fxglassets/textures/particles/trace_horizontal.png
00:15:27.518 [FXGL Background Thread 1 ] DEBUG GameApplicationServi - Application scenes initialized
00:15:27.530 [FXGL Background Thread 1 ] DEBUG SystemBundleService  - Loading FXGL system data
00:15:27.532 [FXGL Background Thread 1 ] DEBUG FileSystemAccess     - Reading from: C:\Users\acer\IdeaProjects\RZL\system\fxgl.bundle
00:15:27.539 [FXGL Background Thread 1 ] DEBUG SystemBundleService  - Bundle FXGL: {}
00:15:27.539 [FXGL Background Thread 1 ] DEBUG UpdaterService       - Checking for updates
00:15:27.541 [FXGL Background Thread 4 ] DEBUG FXGLApplication      - Loading fonts
00:15:27.542 [FXGL Background Thread 1 ] DEBUG FXGLApplication      - Loading default localization
00:15:27.542 [FXGL Background Thread 1 ] DEBUG FXGLAssetLoaderServi - Loading from file system: jar:file:///C:/Users/acer/.m2/repository/com/github/almasb/fxgl/17.3/fxgl-17.3.jar!/fxglassets/languages/english.lang
00:15:27.542 [FXGL Background Thread 4 ] DEBUG FXGLAssetLoaderServi - Loading from file system: jar:file:///C:/Users/acer/.m2/repository/com/github/almasb/fxgl/17.3/fxgl-17.3.jar!/fxglassets/ui/fonts/VarelaRound-Regular.ttf
00:15:27.571 [FXGL Background Thread 4 ] DEBUG FXGLAssetLoaderServi - Loading from file system: jar:file:///C:/Users/acer/.m2/repository/com/github/almasb/fxgl/17.3/fxgl-17.3.jar!/fxglassets/ui/fonts/Abel-Regular.ttf
00:15:27.574 [FXGL Background Thread 4 ] DEBUG FXGLAssetLoaderServi - Loading from file system: jar:file:///C:/Users/acer/.m2/repository/com/github/almasb/fxgl/17.3/fxgl-17.3.jar!/fxglassets/ui/fonts/TerminalLandMono-Regular.otf
00:15:27.578 [FXGL Background Thread 4 ] DEBUG FXGLAssetLoaderServi - Loading from file system: jar:file:///C:/Users/acer/.m2/repository/com/github/almasb/fxgl/17.3/fxgl-17.3.jar!/fxglassets/ui/fonts/Courier-Prime.ttf
00:15:27.584 [FXGL Background Thread 1 ] INFO  FXGLApplication      - FXGL initialization took: 0.410 sec
00:15:27.584 [JavaFX Application Thread] DEBUG FXGLApplication      - Registering font factories with UI factory
00:15:27.586 [JavaFX Application Thread] DEBUG FXGLAssetLoaderServi - Loading from file system: jar:file:///C:/Users/acer/.m2/repository/com/github/almasb/fxgl/17.3/fxgl-17.3.jar!/fxglassets/textures/fxgl_icon.png
00:15:27.600 [JavaFX Application Thread] DEBUG FXGLAssetLoaderServi - Loading from file system: jar:file:///C:/Users/acer/.m2/repository/com/github/almasb/fxgl/17.3/fxgl-17.3.jar!/fxglassets/textures/fxgl_default_cursor.png
00:15:27.610 [JavaFX Application Thread] DEBUG Input                - Registered new binding: Screenshot - CTRL+8
00:15:27.611 [JavaFX Application Thread] DEBUG Input                - Registered new binding: System info dump - CTRL+9
00:15:27.612 [JavaFX Application Thread] DEBUG Input                - Registered new binding: Restart - CTRL+R
00:15:27.612 [JavaFX Application Thread] DEBUG Input                - Registered new binding: Toggle Debug Camera - CTRL+7
00:15:27.615 [JavaFX Application Thread] DEBUG LoopRunner           - Starting loop
00:15:27.615 [JavaFX Application Thread] DEBUG LoopRunner           - Initializing JavaFX AnimationTimerLoop
00:15:27.616 [JavaFX Application Thread] DEBUG GameApplicationServi - Starting new game
00:15:27.616 [JavaFX Application Thread] DEBUG Input                - Clearing active input actions
00:15:27.630 [JavaFX Application Thread] DEBUG GameApplicationServi - Removing overlay from FXGLStartupScene and adding to FXGLLoadingScene
00:15:27.630 [JavaFX Application Thread] DEBUG PrimaryStageWindow   - FXGLStartupScene -> FXGLLoadingScene
00:15:27.630 [JavaFX Application Thread] DEBUG GameApplicationServi - Clearing previous game
00:15:27.631 [JavaFX Application Thread] DEBUG GameScene            - Clearing game scene
00:15:27.631 [JavaFX Application Thread] DEBUG GameWorld            - Clearing game world
00:15:27.631 [JavaFX Application Thread] DEBUG PhysicsWorld         - Clearing physics world
00:15:27.633 [FXGL Background Thread 1 ] DEBUG FXGLApplication      - Initializing game
00:15:27.710 [FXGL Background Thread 1 ] WARN  GameWorld            - Entity is already attached to world
00:15:27.715 [FXGL Background Thread 1 ] WARN  GameWorld            - Entity is already attached to world
00:15:27.720 [FXGL Background Thread 1 ] WARN  GameWorld            - Entity is already attached to world
00:15:27.721 [FXGL Background Thread 1 ] WARN  GameWorld            - Entity is already attached to world
00:15:27.727 [FXGL Background Thread 1 ] DEBUG Input                - Registered new binding: Move LEFT - Left
00:15:27.727 [FXGL Background Thread 1 ] DEBUG Input                - Registered new binding: Move UP - Up
00:15:27.727 [FXGL Background Thread 1 ] DEBUG Input                - Registered new binding: Move DOWN - Down
00:15:27.727 [FXGL Background Thread 1 ] DEBUG Input                - Registered new binding: Move RIGHT - Right
00:15:27.729 [FXGL Background Thread 1 ] DEBUG Input                - Registered new binding: Player Attack - X
00:15:27.731 [FXGL Background Thread 1 ] DEBUG Input                - Registered new binding: Interact - Z
00:15:27.731 [FXGL Background Thread 1 ] INFO  FXGLApplication      - Game initialization took: 0.098 sec
00:15:27.769 [JavaFX Application Thread] DEBUG Input                - Clearing active input actions
00:15:27.776 [JavaFX Application Thread] DEBUG GameApplicationServi - Removing overlay from FXGLLoadingScene and adding to GameScene
00:15:27.776 [JavaFX Application Thread] DEBUG PrimaryStageWindow   - FXGLLoadingScene -> GameScene
00:15:28.357 [FXGL Background Thread 2 ] INFO  UpdaterService       - Your current version:  17.3
00:15:28.357 [FXGL Background Thread 2 ] INFO  UpdaterService       - Latest stable version: 21.1
00:15:29.208 [JavaFX Application Thread] DEBUG FXGLApplication      - Exiting FXGL
00:15:29.208 [JavaFX Application Thread] DEBUG LoopRunner           - Stopping loop
00:15:29.208 [JavaFX Application Thread] DEBUG SystemBundleService  - Saving FXGL system data
00:15:29.209 [JavaFX Application Thread] DEBUG FileSystemAccess     - Writing to: C:\Users\acer\IdeaProjects\RZL\system\fxgl.bundle
00:15:29.212 [JavaFX Application Thread] DEBUG Async                - Shutting down background threads
00:15:29.212 [JavaFX Application Thread] DEBUG PrimaryStageWindow   - Closing main window
00:15:29.224 [JavaFX Application Thread] DEBUG Logger               - Closing Logger
