18:36:15.270 [main                     ] DEBUG Logger               - Configured Logger
18:36:15.296 [main                     ] DEBUG GameApplication      - Logging settings
Title: Untitled
Version: 0.0
Width: 800
Height: 600
Fullscreen: false
Intro: false
Profiling: false
Single step:false
App Mode: DEVELOPER
Menu Key: ESCAPE
Stage Style: DECORATED
Scene Factory: class com.almasb.fxgl.app.scene.SceneFactory

18:36:15.568 [JavaFX Application Thread] DEBUG FXGLApplication      - Initializing FXGL
18:36:15.570 [JavaFX Application Thread] INFO  Engine               - FXGL-17.3 (30.03.2023 11.49) on WINDOWS (J:21.0.3 FX:21)
18:36:15.570 [JavaFX Application Thread] DEBUG Engine               - JRE Vendor Name: Oracle Corporation
18:36:15.570 [JavaFX Application Thread] DEBUG Engine               - Running on OS: Windows 11 version 10.0
18:36:15.572 [JavaFX Application Thread] DEBUG Engine               - Architecture: amd64
18:36:15.572 [JavaFX Application Thread] INFO  Engine               - Source code and latest versions at: https://github.com/AlmasB/FXGL
18:36:15.572 [JavaFX Application Thread] INFO  Engine               -       Ask questions and discuss at: https://github.com/AlmasB/FXGL/discussions
18:36:15.572 [JavaFX Application Thread] INFO  Engine               -              Join the FXGL chat at: https://gitter.im/AlmasB/FXGL
18:36:15.632 [JavaFX Application Thread] DEBUG PrimaryStageWindow   - Creating a JavaFX scene
18:36:15.666 [JavaFX Application Thread] DEBUG PrimaryStageWindow   - Target settings size: 800.0 x 600.0
18:36:15.666 [JavaFX Application Thread] DEBUG PrimaryStageWindow   - Scaled scene size:    800.0 x 600.0
18:36:15.667 [JavaFX Application Thread] DEBUG PrimaryStageWindow   - Scaled ratio: (1.0, 1.0)
18:36:15.667 [JavaFX Application Thread] DEBUG PrimaryStageWindow   - Set initial scene to FXGLStartupScene
18:36:15.670 [JavaFX Application Thread] DEBUG PrimaryStageWindow   - Opening main window
18:36:15.742 [JavaFX Application Thread] DEBUG PrimaryStageWindow   - Window border size: (14.4000244140625, 37.5999755859375)
18:36:15.742 [JavaFX Application Thread] DEBUG PrimaryStageWindow   - Scaled size: 800.0 x 600.0
18:36:15.743 [JavaFX Application Thread] DEBUG PrimaryStageWindow   - Scaled ratio: (1.0, 1.0)
18:36:15.743 [JavaFX Application Thread] DEBUG PrimaryStageWindow   - Scene size: 800.0 x 600.0
18:36:15.743 [JavaFX Application Thread] DEBUG PrimaryStageWindow   - Stage size: 814.4000244140625 x 637.5999755859375
18:36:15.754 [FXGL Background Thread 1 ] DEBUG Engine               - Initializing environment variables
18:36:15.828 [FXGL Background Thread 1 ] DEBUG FXGLAssetLoaderServi - User app class for loading assets: class com.xen.rzlgame.rzl.HelloApplication
18:36:15.829 [FXGL Background Thread 1 ] DEBUG GameApplicationServi - Applying CSS: fxgl_dark.css
18:36:15.829 [FXGL Background Thread 1 ] DEBUG FXGLAssetLoaderServi - Loading from file system: jar:file:///C:/Users/acer/.m2/repository/com/github/almasb/fxgl/17.3/fxgl-17.3.jar!/fxglassets/ui/css/fxgl_dark.css
18:36:15.874 [FXGL Background Thread 1 ] DEBUG GameApplicationServi - Initializing application scenes
18:36:15.939 [FXGL Background Thread 1 ] DEBUG GameWorld            - Game world initialized
18:36:16.004 [FXGL Background Thread 1 ] DEBUG PhysicsWorld         - Physics world initialized: appHeight=600, physics.ppm=50.0
18:36:16.004 [FXGL Background Thread 1 ] DEBUG PhysicsWorld         - Using strategy: BRUTE_FORCE
18:36:16.007 [FXGL Background Thread 1 ] DEBUG GameScene            - Game scene initialized: 800x600
18:36:16.015 [FXGL Background Thread 1 ] DEBUG FXGL.DefaultMenu     - createMenuBodyGameMenu()
18:36:16.022 [FXGL Background Thread 1 ] DEBUG FXGL.DefaultMenu     - createOptionsMenu()
18:36:16.031 [FXGL Background Thread 1 ] DEBUG FXGLAssetLoaderServi - Loading from file system: jar:file:///C:/Users/acer/.m2/repository/com/github/almasb/fxgl/17.3/fxgl-17.3.jar!/fxglassets/textures/particles/smoke.png
18:36:16.128 [FXGL Background Thread 1 ] DEBUG FXGLAssetLoaderServi - Loading from file system: jar:file:///C:/Users/acer/.m2/repository/com/github/almasb/fxgl/17.3/fxgl-17.3.jar!/fxglassets/textures/particles/trace_horizontal.png
18:36:16.150 [FXGL Background Thread 1 ] DEBUG GameApplicationServi - Application scenes initialized
18:36:16.161 [FXGL Background Thread 1 ] DEBUG SystemBundleService  - Loading FXGL system data
18:36:16.164 [FXGL Background Thread 1 ] DEBUG FileSystemAccess     - Reading from: C:\Users\acer\IdeaProjects\RZL\system\fxgl.bundle
18:36:16.171 [FXGL Background Thread 1 ] DEBUG SystemBundleService  - Bundle FXGL: {}
18:36:16.171 [FXGL Background Thread 1 ] DEBUG UpdaterService       - Checking for updates
18:36:16.173 [FXGL Background Thread 4 ] DEBUG FXGLApplication      - Loading fonts
18:36:16.174 [FXGL Background Thread 4 ] DEBUG FXGLAssetLoaderServi - Loading from file system: jar:file:///C:/Users/acer/.m2/repository/com/github/almasb/fxgl/17.3/fxgl-17.3.jar!/fxglassets/ui/fonts/VarelaRound-Regular.ttf
18:36:16.174 [FXGL Background Thread 1 ] DEBUG FXGLApplication      - Loading default localization
18:36:16.174 [FXGL Background Thread 1 ] DEBUG FXGLAssetLoaderServi - Loading from file system: jar:file:///C:/Users/acer/.m2/repository/com/github/almasb/fxgl/17.3/fxgl-17.3.jar!/fxglassets/languages/english.lang
18:36:16.206 [FXGL Background Thread 4 ] DEBUG FXGLAssetLoaderServi - Loading from file system: jar:file:///C:/Users/acer/.m2/repository/com/github/almasb/fxgl/17.3/fxgl-17.3.jar!/fxglassets/ui/fonts/Abel-Regular.ttf
18:36:16.208 [FXGL Background Thread 4 ] DEBUG FXGLAssetLoaderServi - Loading from file system: jar:file:///C:/Users/acer/.m2/repository/com/github/almasb/fxgl/17.3/fxgl-17.3.jar!/fxglassets/ui/fonts/TerminalLandMono-Regular.otf
18:36:16.212 [FXGL Background Thread 4 ] DEBUG FXGLAssetLoaderServi - Loading from file system: jar:file:///C:/Users/acer/.m2/repository/com/github/almasb/fxgl/17.3/fxgl-17.3.jar!/fxglassets/ui/fonts/Courier-Prime.ttf
18:36:16.220 [JavaFX Application Thread] DEBUG FXGLApplication      - Registering font factories with UI factory
18:36:16.227 [FXGL Background Thread 1 ] INFO  FXGLApplication      - FXGL initialization took: 0.473 sec
18:36:16.229 [JavaFX Application Thread] DEBUG FXGLAssetLoaderServi - Loading from file system: jar:file:///C:/Users/acer/.m2/repository/com/github/almasb/fxgl/17.3/fxgl-17.3.jar!/fxglassets/textures/fxgl_icon.png
18:36:16.249 [JavaFX Application Thread] DEBUG FXGLAssetLoaderServi - Loading from file system: jar:file:///C:/Users/acer/.m2/repository/com/github/almasb/fxgl/17.3/fxgl-17.3.jar!/fxglassets/textures/fxgl_default_cursor.png
18:36:16.264 [JavaFX Application Thread] DEBUG Input                - Registered new binding: Screenshot - CTRL+8
18:36:16.266 [JavaFX Application Thread] DEBUG Input                - Registered new binding: System info dump - CTRL+9
18:36:16.267 [JavaFX Application Thread] DEBUG Input                - Registered new binding: Restart - CTRL+R
18:36:16.269 [JavaFX Application Thread] DEBUG Input                - Registered new binding: Toggle Debug Camera - CTRL+7
18:36:16.274 [JavaFX Application Thread] DEBUG LoopRunner           - Starting loop
18:36:16.274 [JavaFX Application Thread] DEBUG LoopRunner           - Initializing JavaFX AnimationTimerLoop
18:36:16.278 [JavaFX Application Thread] DEBUG GameApplicationServi - Starting new game
18:36:16.279 [JavaFX Application Thread] DEBUG Input                - Clearing active input actions
18:36:16.294 [JavaFX Application Thread] DEBUG GameApplicationServi - Removing overlay from FXGLStartupScene and adding to FXGLLoadingScene
18:36:16.294 [JavaFX Application Thread] DEBUG PrimaryStageWindow   - FXGLStartupScene -> FXGLLoadingScene
18:36:16.294 [JavaFX Application Thread] DEBUG GameApplicationServi - Clearing previous game
18:36:16.294 [JavaFX Application Thread] DEBUG GameScene            - Clearing game scene
18:36:16.294 [JavaFX Application Thread] DEBUG GameWorld            - Clearing game world
18:36:16.294 [JavaFX Application Thread] DEBUG PhysicsWorld         - Clearing physics world
18:36:16.298 [FXGL Background Thread 1 ] DEBUG FXGLApplication      - Initializing game
18:36:16.383 [FXGL Background Thread 1 ] WARN  GameWorld            - Entity is already attached to world
18:36:16.384 [FXGL Background Thread 1 ] WARN  GameWorld            - Entity is already attached to world
18:36:16.385 [FXGL Background Thread 1 ] WARN  GameWorld            - Entity is already attached to world
18:36:16.390 [FXGL Background Thread 1 ] DEBUG Input                - Registered new binding: Move RIGHT - Right
18:36:16.390 [FXGL Background Thread 1 ] DEBUG Input                - Registered new binding: Move UP - Up
18:36:16.390 [FXGL Background Thread 1 ] DEBUG Input                - Registered new binding: Move LEFT - Left
18:36:16.390 [FXGL Background Thread 1 ] DEBUG Input                - Registered new binding: Move DOWN - Down
18:36:16.393 [FXGL Background Thread 1 ] DEBUG Input                - Registered new binding: Interact - Z
18:36:16.396 [FXGL Background Thread 1 ] INFO  FXGLApplication      - Game initialization took: 0.098 sec
18:36:16.448 [JavaFX Application Thread] DEBUG Input                - Clearing active input actions
18:36:16.452 [JavaFX Application Thread] DEBUG GameApplicationServi - Removing overlay from FXGLLoadingScene and adding to GameScene
18:36:16.452 [JavaFX Application Thread] DEBUG PrimaryStageWindow   - FXGLLoadingScene -> GameScene
18:36:16.720 [FXGL Background Thread 2 ] INFO  UpdaterService       - Your current version:  17.3
18:36:16.721 [FXGL Background Thread 2 ] INFO  UpdaterService       - Latest stable version: 21.1
18:36:19.173 [FXGL Background Thread 3 ] DEBUG Engine               - Logging environment variables
18:36:19.174 [FXGL Background Thread 3 ] DEBUG Engine               - achievements: []
18:36:19.175 [FXGL Background Thread 3 ] DEBUG Engine               - actualHeight: 600.0
18:36:19.175 [FXGL Background Thread 3 ] DEBUG Engine               - actualHeightProperty: ReadOnlyDoubleProperty [value: 600.0]
18:36:19.175 [FXGL Background Thread 3 ] DEBUG Engine               - actualWidth: 800.0
18:36:19.175 [FXGL Background Thread 3 ] DEBUG Engine               - actualWidthProperty: ReadOnlyDoubleProperty [value: 800.0]
18:36:19.175 [FXGL Background Thread 3 ] DEBUG Engine               - appIcon: fxgl_icon.png
18:36:19.175 [FXGL Background Thread 3 ] DEBUG Engine               - applicationMode: DEVELOPER
18:36:19.176 [FXGL Background Thread 3 ] DEBUG Engine               - cSSList: [fxgl_dark.css]
18:36:19.176 [FXGL Background Thread 3 ] DEBUG Engine               - collisionDetectionStrategy: BRUTE_FORCE
18:36:19.176 [FXGL Background Thread 3 ] DEBUG Engine               - configClass: Optional.empty
18:36:19.176 [FXGL Background Thread 3 ] DEBUG Engine               - credits: []
18:36:19.176 [FXGL Background Thread 3 ] DEBUG Engine               - defaultCursor: CursorInfo(imageName=fxgl_default_cursor.png, hotspotX=7.0, hotspotY=6.0)
18:36:19.177 [FXGL Background Thread 3 ] DEBUG Engine               - devBBoxColorProperty: ObjectProperty [value: 0xff0000ff]
18:36:19.177 [FXGL Background Thread 3 ] DEBUG Engine               - devEnableDebugCameraProperty: BooleanProperty [value: false]
18:36:19.177 [FXGL Background Thread 3 ] DEBUG Engine               - devSensorColorProperty: ObjectProperty [value: 0xffff00ff]
18:36:19.177 [FXGL Background Thread 3 ] DEBUG Engine               - devShowBBoxProperty: BooleanProperty [value: false]
18:36:19.177 [FXGL Background Thread 3 ] DEBUG Engine               - devShowPositionProperty: BooleanProperty [value: false]
18:36:19.177 [FXGL Background Thread 3 ] DEBUG Engine               - enabledMenuItems: []
18:36:19.177 [FXGL Background Thread 3 ] DEBUG Engine               - engineServices: [class com.almasb.fxgl.app.services.FXGLAssetLoaderService, class com.almasb.fxgl.app.FXGLApplication$GameApplicationService, class com.almasb.fxgl.app.services.FXGLDialogService, class com.almasb.fxgl.app.services.IOTaskExecutorService, class com.almasb.fxgl.io.FileSystemService, class com.almasb.fxgl.localization.LocalizationService, class com.almasb.fxgl.app.services.SystemBundleService, class com.almasb.fxgl.profile.SaveLoadService, class com.almasb.fxgl.ui.FXGLUIFactoryServiceProvider, class com.almasb.fxgl.ui.FXGLDialogFactoryServiceProvider, class com.almasb.fxgl.audio.AudioPlayer, class com.almasb.fxgl.notification.impl.NotificationServiceProvider, class com.almasb.fxgl.achievement.AchievementService, class com.almasb.fxgl.cutscene.CutsceneService, class com.almasb.fxgl.minigames.MiniGameService, class com.almasb.fxgl.net.NetService, class com.almasb.fxgl.app.services.UpdaterService, class com.almasb.fxgl.dev.DevService]
18:36:19.177 [FXGL Background Thread 3 ] DEBUG Engine               - fontGame: Abel-Regular.ttf
18:36:19.177 [FXGL Background Thread 3 ] DEBUG Engine               - fontMono: TerminalLandMono-Regular.otf
18:36:19.177 [FXGL Background Thread 3 ] DEBUG Engine               - fontSizeScaleUI: 1.0
18:36:19.177 [FXGL Background Thread 3 ] DEBUG Engine               - fontText: Courier-Prime.ttf
18:36:19.177 [FXGL Background Thread 3 ] DEBUG Engine               - fontUI: VarelaRound-Regular.ttf
18:36:19.177 [FXGL Background Thread 3 ] DEBUG Engine               - fullScreen: BooleanProperty [value: false]
18:36:19.177 [FXGL Background Thread 3 ] DEBUG Engine               - gameDifficulty: MEDIUM
18:36:19.177 [FXGL Background Thread 3 ] DEBUG Engine               - gameDifficultyProperty: ObjectProperty [value: MEDIUM]
18:36:19.177 [FXGL Background Thread 3 ] DEBUG Engine               - globalMusicVolume: 0.5
18:36:19.177 [FXGL Background Thread 3 ] DEBUG Engine               - globalMusicVolumeProperty: DoubleProperty [value: 0.5]
18:36:19.177 [FXGL Background Thread 3 ] DEBUG Engine               - globalSoundVolume: 0.5
18:36:19.177 [FXGL Background Thread 3 ] DEBUG Engine               - globalSoundVolumeProperty: DoubleProperty [value: 0.5]
18:36:19.177 [FXGL Background Thread 3 ] DEBUG Engine               - height: 600
18:36:19.177 [FXGL Background Thread 3 ] DEBUG Engine               - is3D: false
18:36:19.177 [FXGL Background Thread 3 ] DEBUG Engine               - isAndroid: false
18:36:19.177 [FXGL Background Thread 3 ] DEBUG Engine               - isBrowser: false
18:36:19.177 [FXGL Background Thread 3 ] DEBUG Engine               - isClickFeedbackEnabled: false
18:36:19.179 [FXGL Background Thread 3 ] DEBUG Engine               - isCloseConfirmation: false
18:36:19.179 [FXGL Background Thread 3 ] DEBUG Engine               - isDesktop: true
18:36:19.179 [FXGL Background Thread 3 ] DEBUG Engine               - isDeveloperMenuEnabled: false
18:36:19.179 [FXGL Background Thread 3 ] DEBUG Engine               - isEmbedded: false
18:36:19.179 [FXGL Background Thread 3 ] DEBUG Engine               - isEntityPreloadEnabled: true
18:36:19.179 [FXGL Background Thread 3 ] DEBUG Engine               - isExperimentalTiledLargeMap: false
18:36:19.179 [FXGL Background Thread 3 ] DEBUG Engine               - isFileSystemWriteAllowed: true
18:36:19.179 [FXGL Background Thread 3 ] DEBUG Engine               - isFullScreenAllowed: false
18:36:19.179 [FXGL Background Thread 3 ] DEBUG Engine               - isFullScreenFromStart: false
18:36:19.179 [FXGL Background Thread 3 ] DEBUG Engine               - isGameMenuEnabled: true
18:36:19.179 [FXGL Background Thread 3 ] DEBUG Engine               - isIOS: false
18:36:19.179 [FXGL Background Thread 3 ] DEBUG Engine               - isIntroEnabled: false
18:36:19.179 [FXGL Background Thread 3 ] DEBUG Engine               - isLinux: false
18:36:19.179 [FXGL Background Thread 3 ] DEBUG Engine               - isMac: false
18:36:19.179 [FXGL Background Thread 3 ] DEBUG Engine               - isMainMenuEnabled: false
18:36:19.179 [FXGL Background Thread 3 ] DEBUG Engine               - isManualResizeEnabled: false
18:36:19.179 [FXGL Background Thread 3 ] DEBUG Engine               - isMobile: false
18:36:19.179 [FXGL Background Thread 3 ] DEBUG Engine               - isNative: false
18:36:19.179 [FXGL Background Thread 3 ] DEBUG Engine               - isPauseMusicWhenMinimized: true
18:36:19.179 [FXGL Background Thread 3 ] DEBUG Engine               - isPreserveResizeRatio: false
18:36:19.179 [FXGL Background Thread 3 ] DEBUG Engine               - isProfilingEnabled: false
18:36:19.179 [FXGL Background Thread 3 ] DEBUG Engine               - isScaleAffectedOnResize: true
18:36:19.179 [FXGL Background Thread 3 ] DEBUG Engine               - isSingleStep: false
18:36:19.179 [FXGL Background Thread 3 ] DEBUG Engine               - isUserProfileEnabled: false
18:36:19.179 [FXGL Background Thread 3 ] DEBUG Engine               - isWindows: true
18:36:19.179 [FXGL Background Thread 3 ] DEBUG Engine               - language: ObjectProperty [value: ENGLISH]
18:36:19.179 [FXGL Background Thread 3 ] DEBUG Engine               - menuKey: ESCAPE
18:36:19.179 [FXGL Background Thread 3 ] DEBUG Engine               - mouseSensitivity: 0.2
18:36:19.179 [FXGL Background Thread 3 ] DEBUG Engine               - notificationViewClass: class com.almasb.fxgl.notification.view.XboxNotificationView
18:36:19.179 [FXGL Background Thread 3 ] DEBUG Engine               - pixelsPerMeter: 50.0
18:36:19.179 [FXGL Background Thread 3 ] DEBUG Engine               - platform: WINDOWS
18:36:19.179 [FXGL Background Thread 3 ] DEBUG Engine               - prefHeightProperty: ReadOnlyDoubleProperty [value: 600.0]
18:36:19.179 [FXGL Background Thread 3 ] DEBUG Engine               - prefWidthProperty: ReadOnlyDoubleProperty [value: 800.0]
18:36:19.179 [FXGL Background Thread 3 ] DEBUG Engine               - profileDir: profiles/
18:36:19.179 [FXGL Background Thread 3 ] DEBUG Engine               - profileName: StringProperty [value: DEFAULT]
18:36:19.179 [FXGL Background Thread 3 ] DEBUG Engine               - randomSeed: -1
18:36:19.180 [FXGL Background Thread 3 ] DEBUG Engine               - runtimeInfo: RuntimeInfo(platform=WINDOWS, version=17.3, build=30.03.2023 11.49)
18:36:19.180 [FXGL Background Thread 3 ] DEBUG Engine               - saveFileExt: sav
18:36:19.180 [FXGL Background Thread 3 ] DEBUG Engine               - scaledHeightProp$fxgl: DoubleProperty [bound, value: 600.0]
18:36:19.180 [FXGL Background Thread 3 ] DEBUG Engine               - scaledWidthProp$fxgl: DoubleProperty [bound, value: 800.0]
18:36:19.180 [FXGL Background Thread 3 ] DEBUG Engine               - sceneFactory: com.almasb.fxgl.app.scene.SceneFactory@5a7905a9
18:36:19.180 [FXGL Background Thread 3 ] DEBUG Engine               - secondsIn24h: 60
18:36:19.180 [FXGL Background Thread 3 ] DEBUG Engine               - soundMenuBack: menu/back.wav
18:36:19.180 [FXGL Background Thread 3 ] DEBUG Engine               - soundMenuPress: menu/press.wav
18:36:19.180 [FXGL Background Thread 3 ] DEBUG Engine               - soundMenuSelect: menu/select.wav
18:36:19.180 [FXGL Background Thread 3 ] DEBUG Engine               - soundNotification: core/notification.wav
18:36:19.180 [FXGL Background Thread 3 ] DEBUG Engine               - stageStyle: DECORATED
18:36:19.180 [FXGL Background Thread 3 ] DEBUG Engine               - supportedLanguages: [ENGLISH, FRENCH, GERMAN, HUNGARIAN, RUSSIAN]
18:36:19.180 [FXGL Background Thread 3 ] DEBUG Engine               - ticksPerSecond: -1
18:36:19.180 [FXGL Background Thread 3 ] DEBUG Engine               - title: Untitled
18:36:19.180 [FXGL Background Thread 3 ] DEBUG Engine               - urlGithub: https://github.com/AlmasB/FXGL
18:36:19.180 [FXGL Background Thread 3 ] DEBUG Engine               - urlLeaderboard: http://fxgl-top.herokuapp.com/
18:36:19.180 [FXGL Background Thread 3 ] DEBUG Engine               - urlPOM: https://raw.githubusercontent.com/AlmasB/FXGL/release/README.md
18:36:19.180 [FXGL Background Thread 3 ] DEBUG Engine               - userAppClass: class com.xen.rzlgame.rzl.HelloApplication
18:36:19.180 [FXGL Background Thread 3 ] DEBUG Engine               - version: 0.0
18:36:19.180 [FXGL Background Thread 3 ] DEBUG Engine               - versionCheckDays: 7
18:36:19.180 [FXGL Background Thread 3 ] DEBUG Engine               - width: 800
18:36:19.180 [FXGL Background Thread 3 ] DEBUG Engine               - Logging services
18:36:19.180 [FXGL Background Thread 3 ] DEBUG Engine               - class com.almasb.fxgl.app.services.FXGLAssetLoaderService
18:36:19.180 [FXGL Background Thread 3 ] DEBUG Engine               - class com.almasb.fxgl.app.FXGLApplication$GameApplicationService
18:36:19.180 [FXGL Background Thread 3 ] DEBUG Engine               - class com.almasb.fxgl.app.services.FXGLDialogService
18:36:19.180 [FXGL Background Thread 3 ] DEBUG Engine               - class com.almasb.fxgl.app.services.IOTaskExecutorService
18:36:19.180 [FXGL Background Thread 3 ] DEBUG Engine               - class com.almasb.fxgl.io.FileSystemService
18:36:19.180 [FXGL Background Thread 3 ] DEBUG Engine               - class com.almasb.fxgl.localization.LocalizationService
18:36:19.180 [FXGL Background Thread 3 ] DEBUG Engine               - class com.almasb.fxgl.app.services.SystemBundleService
18:36:19.180 [FXGL Background Thread 3 ] DEBUG Engine               - class com.almasb.fxgl.profile.SaveLoadService
18:36:19.180 [FXGL Background Thread 3 ] DEBUG Engine               - class com.almasb.fxgl.ui.FXGLUIFactoryServiceProvider
18:36:19.180 [FXGL Background Thread 3 ] DEBUG Engine               - class com.almasb.fxgl.ui.FXGLDialogFactoryServiceProvider
18:36:19.180 [FXGL Background Thread 3 ] DEBUG Engine               - class com.almasb.fxgl.audio.AudioPlayer
18:36:19.180 [FXGL Background Thread 3 ] DEBUG Engine               - class com.almasb.fxgl.notification.impl.NotificationServiceProvider
18:36:19.180 [FXGL Background Thread 3 ] DEBUG Engine               - class com.almasb.fxgl.achievement.AchievementService
18:36:19.182 [FXGL Background Thread 3 ] DEBUG Engine               - class com.almasb.fxgl.cutscene.CutsceneService
18:36:19.182 [FXGL Background Thread 3 ] DEBUG Engine               - class com.almasb.fxgl.minigames.MiniGameService
18:36:19.182 [FXGL Background Thread 3 ] DEBUG Engine               - class com.almasb.fxgl.net.NetService
18:36:19.182 [FXGL Background Thread 3 ] DEBUG Engine               - class com.almasb.fxgl.app.services.UpdaterService
18:36:19.182 [FXGL Background Thread 3 ] DEBUG Engine               - class com.almasb.fxgl.dev.DevService
18:36:22.392 [JavaFX Application Thread] DEBUG FXGLApplication      - Exiting FXGL
18:36:22.392 [JavaFX Application Thread] DEBUG LoopRunner           - Stopping loop
18:36:22.392 [JavaFX Application Thread] DEBUG SystemBundleService  - Saving FXGL system data
18:36:22.394 [JavaFX Application Thread] DEBUG FileSystemAccess     - Writing to: C:\Users\acer\IdeaProjects\RZL\system\fxgl.bundle
18:36:22.396 [JavaFX Application Thread] DEBUG Async                - Shutting down background threads
18:36:22.396 [JavaFX Application Thread] DEBUG PrimaryStageWindow   - Closing main window
18:36:22.406 [JavaFX Application Thread] DEBUG Logger               - Closing Logger
