01:03:15.734 [main                     ] DEBUG Logger               - Configured Logger
01:03:15.762 [main                     ] DEBUG GameApplication      - Logging settings
Title: Untitled
Version: 0.0
Width: 800
Height: 600
Fullscreen: false
Intro: false
Profiling: false
Single step:false
App Mode: DEVELOPER
Menu Key: ESCAPE
Stage Style: DECORATED
Scene Factory: class com.almasb.fxgl.app.scene.SceneFactory

01:03:16.250 [JavaFX Application Thread] DEBUG FXGLApplication      - Initializing FXGL
01:03:16.254 [JavaFX Application Thread] INFO  Engine               - FXGL-21.1 (27.03.2024 07.52) on WINDOWS (J:21.0.3 FX:21)
01:03:16.254 [JavaFX Application Thread] DEBUG Engine               - JRE Vendor Name: Oracle Corporation
01:03:16.254 [JavaFX Application Thread] DEBUG Engine               - Running on OS: Windows 11 version 10.0
01:03:16.254 [JavaFX Application Thread] DEBUG Engine               - Architecture: amd64
01:03:16.254 [JavaFX Application Thread] INFO  Engine               - Source code and latest versions at: https://github.com/AlmasB/FXGL
01:03:16.255 [JavaFX Application Thread] INFO  Engine               -       Ask questions and discuss at: https://github.com/AlmasB/FXGL/discussions
01:03:16.255 [JavaFX Application Thread] INFO  Engine               -              Join the FXGL chat at: https://gitter.im/AlmasB/FXGL
01:03:16.338 [JavaFX Application Thread] DEBUG PrimaryStageWindow   - Creating a JavaFX scene
01:03:16.379 [JavaFX Application Thread] DEBUG PrimaryStageWindow   - Target settings size: 800.0 x 600.0
01:03:16.380 [JavaFX Application Thread] DEBUG PrimaryStageWindow   - Scaled scene size:    800.0 x 600.0
01:03:16.380 [JavaFX Application Thread] DEBUG PrimaryStageWindow   - Scaled ratio: (1.0, 1.0)
01:03:16.380 [JavaFX Application Thread] DEBUG PrimaryStageWindow   - Set initial scene to FXGLStartupScene
01:03:16.383 [JavaFX Application Thread] DEBUG PrimaryStageWindow   - Opening main window
01:03:16.450 [JavaFX Application Thread] DEBUG PrimaryStageWindow   - Window border size: (14.4000244140625, 37.5999755859375)
01:03:16.450 [JavaFX Application Thread] DEBUG PrimaryStageWindow   - Scaled size: 800.0 x 600.0
01:03:16.450 [JavaFX Application Thread] DEBUG PrimaryStageWindow   - Scaled ratio: (1.0, 1.0)
01:03:16.450 [JavaFX Application Thread] DEBUG PrimaryStageWindow   - Scene size: 800.0 x 600.0
01:03:16.451 [JavaFX Application Thread] DEBUG PrimaryStageWindow   - Stage size: 814.4000244140625 x 637.5999755859375
01:03:16.458 [FXGL Background Thread 1 ] DEBUG Engine               - Initializing environment variables
01:03:16.515 [FXGL Background Thread 1 ] DEBUG FXGLAssetLoaderServi - User app class for loading assets: class com.xen.rzlgame.rzl.HelloApplication
01:03:16.515 [FXGL Background Thread 1 ] DEBUG GameApplicationServi - Applying CSS: fxgl_dark.css
01:03:16.516 [FXGL Background Thread 1 ] DEBUG FXGLAssetLoaderServi - Loading from file system: jar:file:///C:/Users/acer/.m2/repository/com/github/almasb/fxgl/21.1/fxgl-21.1.jar!/fxglassets/ui/css/fxgl_dark.css
01:03:16.547 [FXGL Background Thread 1 ] DEBUG GameApplicationServi - Initializing application scenes
01:03:16.604 [FXGL Background Thread 1 ] DEBUG GameWorld            - Game world initialized
01:03:16.656 [FXGL Background Thread 1 ] DEBUG PhysicsWorld         - Physics world initialized: appHeight=600, physics.ppm=50.0
01:03:16.657 [FXGL Background Thread 1 ] DEBUG PhysicsWorld         - Using strategy: BRUTE_FORCE
01:03:16.660 [FXGL Background Thread 1 ] DEBUG GameScene            - Game scene initialized: 800x600
01:03:16.669 [FXGL Background Thread 1 ] DEBUG FXGL.DefaultMenu     - createMenuBodyGameMenu()
01:03:16.783 [FXGL Background Thread 1 ] DEBUG FXGL.DefaultMenu     - createOptionsMenu()
01:03:16.790 [FXGL Background Thread 1 ] DEBUG FXGLAssetLoaderServi - Loading from file system: jar:file:///C:/Users/acer/.m2/repository/com/github/almasb/fxgl/21.1/fxgl-21.1.jar!/fxglassets/textures/particles/smoke.png
01:03:16.880 [FXGL Background Thread 1 ] DEBUG FXGLAssetLoaderServi - Loading from file system: jar:file:///C:/Users/acer/.m2/repository/com/github/almasb/fxgl/21.1/fxgl-21.1.jar!/fxglassets/textures/particles/trace_horizontal.png
01:03:16.901 [FXGL Background Thread 1 ] DEBUG GameApplicationServi - Application scenes initialized
01:03:16.914 [FXGL Background Thread 1 ] DEBUG SystemBundleService  - Loading FXGL system data
01:03:16.920 [FXGL Background Thread 1 ] DEBUG FileSystemAccess     - Reading from: C:\Users\acer\IdeaProjects\RZL\system\fxgl.bundle
01:03:16.932 [FXGL Background Thread 1 ] DEBUG SystemBundleService  - Bundle FXGL: {}
01:03:16.932 [FXGL Background Thread 1 ] DEBUG UpdaterService       - Checking for updates
01:03:16.963 [FXGL Background Thread 4 ] DEBUG FXGLApplication      - Loading fonts
01:03:16.965 [FXGL Background Thread 4 ] DEBUG FXGLAssetLoaderServi - Loading from file system: jar:file:///C:/Users/acer/.m2/repository/com/github/almasb/fxgl/21.1/fxgl-21.1.jar!/fxglassets/ui/fonts/VarelaRound-Regular.ttf
01:03:16.965 [FXGL Background Thread 1 ] DEBUG FXGLApplication      - Loading default localization
01:03:16.966 [FXGL Background Thread 1 ] DEBUG FXGLAssetLoaderServi - Loading from file system: jar:file:///C:/Users/acer/.m2/repository/com/github/almasb/fxgl/21.1/fxgl-21.1.jar!/fxglassets/languages/english.lang
01:03:16.995 [FXGL Background Thread 1 ] INFO  FXGLApplication      - FXGL initialization took: 0.537 sec
01:03:16.996 [JavaFX Application Thread] DEBUG FXGLAssetLoaderServi - Loading from file system: jar:file:///C:/Users/acer/.m2/repository/com/github/almasb/fxgl/21.1/fxgl-21.1.jar!/fxglassets/textures/fxgl_icon.png
01:03:17.000 [FXGL Background Thread 4 ] DEBUG FXGLAssetLoaderServi - Loading from file system: jar:file:///C:/Users/acer/.m2/repository/com/github/almasb/fxgl/21.1/fxgl-21.1.jar!/fxglassets/ui/fonts/Abel-Regular.ttf
01:03:17.004 [FXGL Background Thread 4 ] DEBUG FXGLAssetLoaderServi - Loading from file system: jar:file:///C:/Users/acer/.m2/repository/com/github/almasb/fxgl/21.1/fxgl-21.1.jar!/fxglassets/ui/fonts/TerminalLandMono-Regular.otf
01:03:17.007 [FXGL Background Thread 4 ] DEBUG FXGLAssetLoaderServi - Loading from file system: jar:file:///C:/Users/acer/.m2/repository/com/github/almasb/fxgl/21.1/fxgl-21.1.jar!/fxglassets/ui/fonts/Courier-Prime.ttf
01:03:17.014 [JavaFX Application Thread] DEBUG FXGLAssetLoaderServi - Loading from file system: jar:file:///C:/Users/acer/.m2/repository/com/github/almasb/fxgl/21.1/fxgl-21.1.jar!/fxglassets/textures/fxgl_default_cursor.png
01:03:17.034 [JavaFX Application Thread] DEBUG Input                - Registered new binding: Screenshot - CTRL+8
01:03:17.035 [JavaFX Application Thread] DEBUG Input                - Registered new binding: Dev Options - 1
01:03:17.036 [JavaFX Application Thread] DEBUG Input                - Registered new binding: Dev Console - 2
01:03:17.037 [JavaFX Application Thread] DEBUG Input                - Registered new binding: System info dump - CTRL+9
01:03:17.038 [JavaFX Application Thread] DEBUG Input                - Registered new binding: Restart - CTRL+R
01:03:17.040 [JavaFX Application Thread] DEBUG Input                - Registered new binding: Toggle Debug Camera - CTRL+7
01:03:17.047 [JavaFX Application Thread] DEBUG LoopRunner           - Starting loop
01:03:17.062 [JavaFX Application Thread] DEBUG LoopRunner           - Initializing JavaFX AnimationTimerLoop
01:03:17.062 [JavaFX Application Thread] DEBUG GameApplicationServi - Starting new game
01:03:17.063 [JavaFX Application Thread] DEBUG Input                - Clearing active input actions
01:03:17.077 [JavaFX Application Thread] DEBUG GameApplicationServi - Removing overlay from FXGLStartupScene and adding to FXGLLoadingScene
01:03:17.082 [JavaFX Application Thread] DEBUG PrimaryStageWindow   - FXGLStartupScene -> FXGLLoadingScene
01:03:17.082 [JavaFX Application Thread] DEBUG GameApplicationServi - Clearing previous game
01:03:17.082 [JavaFX Application Thread] DEBUG GameScene            - Clearing game scene
01:03:17.083 [JavaFX Application Thread] DEBUG GameWorld            - Clearing game world
01:03:17.083 [JavaFX Application Thread] DEBUG PhysicsWorld         - Clearing physics world
01:03:17.086 [FXGL Background Thread 4 ] DEBUG FXGLApplication      - Initializing game
01:03:17.087 [JavaFX Application Thread] DEBUG FXGLApplication      - Registering font factories with UI factory
01:03:17.169 [FXGL Background Thread 4 ] WARN  TMXLevelLoader       - TiledMap generated from 1.11.2. Supported version: 1.9.0. Some features may not be parsed fully.
01:03:17.179 [FXGL Background Thread 4 ] DEBUG TMXLevelLoader       - Parsed TiledMap: file:/C:/Users/acer/IdeaProjects/RZL/target/classes/assets/levels/main_level.tmx
01:03:17.181 [FXGL Background Thread 4 ] DEBUG TMXLevelLoader       - Creating tile layer entities
01:03:17.183 [FXGL Background Thread 4 ] DEBUG TilesetLoader        - Loading view for layer Tile Layer 1
01:03:17.185 [FXGL Background Thread 4 ] DEBUG TilesetLoader        - Created buffer with size 2400.0x640.0
01:03:17.190 [FXGL Background Thread 4 ] DEBUG TMXLevelLoader       - Creating object layer entities
01:03:17.226 [FXGL Background Thread 4 ] WARN  Entity               - Entity already has component: com.almasb.fxgl.entity.components.CollidableComponent
01:03:17.234 [FXGL Background Thread 4 ] DEBUG GameWorld            - Clearing removable entities
01:03:17.235 [FXGL Background Thread 4 ] DEBUG GameWorld            - Setting level: com.almasb.fxgl.entity.level.Level@7cb05e53
01:03:17.242 [FXGL Background Thread 4 ] DEBUG FXGLAssetLoaderServi - Loading from file system: file:/C:/Users/acer/IdeaProjects/RZL/target/classes/assets/textures/playerWalk.png
01:03:17.245 [FXGL Background Thread 4 ] DEBUG FXGLAssetLoaderServi - Loading from file system: file:/C:/Users/acer/IdeaProjects/RZL/target/classes/assets/textures/playerJump.png
01:03:17.246 [FXGL Background Thread 4 ] DEBUG FXGLAssetLoaderServi - Loading from file system: file:/C:/Users/acer/IdeaProjects/RZL/target/classes/assets/textures/playerAttack.png
01:03:17.267 [FXGL Background Thread 4 ] WARN  GameWorld            - Entity is already attached to world
01:03:17.269 [FXGL Background Thread 4 ] WARN  GameWorld            - Entity is already attached to world
01:03:17.270 [FXGL Background Thread 4 ] WARN  GameWorld            - Entity is already attached to world
01:03:17.271 [FXGL Background Thread 4 ] WARN  Entity               - Entity already has component: com.almasb.fxgl.entity.components.CollidableComponent
01:03:17.271 [FXGL Background Thread 4 ] WARN  GameWorld            - Entity is already attached to world
01:03:17.284 [FXGL Background Thread 4 ] DEBUG Input                - Registered new binding: Move A - A
01:03:17.284 [FXGL Background Thread 4 ] DEBUG Input                - Registered new binding: Move D - D
01:03:17.289 [FXGL Background Thread 4 ] DEBUG Input                - Registered new binding: Player Attack - LMB
01:03:17.291 [FXGL Background Thread 4 ] DEBUG Input                - Registered new binding: Player Parry - RMB
01:03:17.292 [FXGL Background Thread 4 ] DEBUG Input                - Registered new binding: Jump - Space
01:03:17.296 [FXGL Background Thread 4 ] DEBUG Input                - Registered new binding: Interact - Z
01:03:17.297 [FXGL Background Thread 4 ] INFO  FXGLApplication      - Game initialization took: 0.211 sec
01:03:17.319 [JavaFX Application Thread] DEBUG Input                - Clearing active input actions
01:03:17.327 [JavaFX Application Thread] DEBUG GameApplicationServi - Removing overlay from FXGLLoadingScene and adding to GameScene
01:03:17.330 [JavaFX Application Thread] DEBUG PrimaryStageWindow   - FXGLLoadingScene -> GameScene
01:03:18.773 [JavaFX Application Thread] WARN  FXGLAssetLoaderServi - Asset "/assets/text/elias.txt" was not found!
01:03:18.773 [JavaFX Application Thread] WARN  FXGLAssetLoaderServi - Failed to load TEXT
01:03:18.816 [JavaFX Application Thread] DEBUG Input                - Registered new binding: Next RPG Line - Enter
01:03:18.817 [JavaFX Application Thread] DEBUG PrimaryStageWindow   - Push state: CutsceneScene
01:03:18.818 [JavaFX Application Thread] DEBUG Input                - Clearing active input actions
01:03:18.818 [JavaFX Application Thread] DEBUG GameApplicationServi - Removing overlay from GameScene and adding to CutsceneScene
01:03:18.821 [JavaFX Application Thread] DEBUG PrimaryStageWindow   - GameScene -> CutsceneScene
01:03:19.296 [JavaFX Application Thread] DEBUG PrimaryStageWindow   - Pop state: CutsceneScene
01:03:19.296 [JavaFX Application Thread] DEBUG Input                - Clearing active input actions
01:03:19.296 [JavaFX Application Thread] DEBUG GameApplicationServi - Removing overlay from CutsceneScene and adding to GameScene
01:03:19.297 [JavaFX Application Thread] DEBUG PrimaryStageWindow   - GameScene <- CutsceneScene
01:03:19.344 [JavaFX Application Thread] WARN  FXGLAssetLoaderServi - Asset "/assets/text/elias.txt" was not found!
01:03:19.344 [JavaFX Application Thread] WARN  FXGLAssetLoaderServi - Failed to load TEXT
01:03:19.344 [JavaFX Application Thread] DEBUG PrimaryStageWindow   - Push state: CutsceneScene
01:03:19.344 [JavaFX Application Thread] DEBUG Input                - Clearing active input actions
01:03:19.344 [JavaFX Application Thread] DEBUG GameApplicationServi - Removing overlay from GameScene and adding to CutsceneScene
01:03:19.345 [JavaFX Application Thread] DEBUG PrimaryStageWindow   - GameScene -> CutsceneScene
01:03:19.777 [JavaFX Application Thread] DEBUG PrimaryStageWindow   - Pop state: CutsceneScene
01:03:19.777 [JavaFX Application Thread] DEBUG Input                - Clearing active input actions
01:03:19.777 [JavaFX Application Thread] DEBUG GameApplicationServi - Removing overlay from CutsceneScene and adding to GameScene
01:03:19.778 [JavaFX Application Thread] DEBUG PrimaryStageWindow   - GameScene <- CutsceneScene
01:03:19.965 [FXGL Background Thread 3 ] DEBUG Engine               - Logging environment variables
01:03:19.965 [FXGL Background Thread 3 ] DEBUG Engine               - achievements: []
01:03:19.965 [FXGL Background Thread 3 ] DEBUG Engine               - actualHeight: 600.0
01:03:19.965 [FXGL Background Thread 3 ] DEBUG Engine               - actualHeightProperty: ReadOnlyDoubleProperty [value: 600.0]
01:03:19.965 [FXGL Background Thread 3 ] DEBUG Engine               - actualWidth: 800.0
01:03:19.965 [FXGL Background Thread 3 ] DEBUG Engine               - actualWidthProperty: ReadOnlyDoubleProperty [value: 800.0]
01:03:19.965 [FXGL Background Thread 3 ] DEBUG Engine               - appIcon: fxgl_icon.png
01:03:19.965 [FXGL Background Thread 3 ] DEBUG Engine               - applicationMode: DEVELOPER
01:03:19.965 [FXGL Background Thread 3 ] DEBUG Engine               - cSSList: [fxgl_dark.css]
01:03:19.965 [FXGL Background Thread 3 ] DEBUG Engine               - collisionDetectionStrategy: BRUTE_FORCE
01:03:19.966 [FXGL Background Thread 3 ] DEBUG Engine               - configClass: Optional.empty
01:03:19.966 [FXGL Background Thread 3 ] DEBUG Engine               - credits: []
01:03:19.966 [FXGL Background Thread 3 ] DEBUG Engine               - defaultCursor: CursorInfo(imageName=fxgl_default_cursor.png, hotspotX=7.0, hotspotY=6.0)
01:03:19.966 [FXGL Background Thread 3 ] DEBUG Engine               - devBBoxColorProperty: ObjectProperty [value: 0xff0000ff]
01:03:19.966 [FXGL Background Thread 3 ] DEBUG Engine               - devEnableDebugCameraProperty: BooleanProperty [value: false]
01:03:19.966 [FXGL Background Thread 3 ] DEBUG Engine               - devSensorColorProperty: ObjectProperty [value: 0xffff00ff]
01:03:19.966 [FXGL Background Thread 3 ] DEBUG Engine               - devShowBBoxProperty: BooleanProperty [value: false]
01:03:19.966 [FXGL Background Thread 3 ] DEBUG Engine               - devShowPositionProperty: BooleanProperty [value: false]
01:03:19.966 [FXGL Background Thread 3 ] DEBUG Engine               - enabledMenuItems: []
01:03:19.966 [FXGL Background Thread 3 ] DEBUG Engine               - engineServices: [class com.almasb.fxgl.app.services.FXGLAssetLoaderService, class com.almasb.fxgl.app.FXGLApplication$GameApplicationService, class com.almasb.fxgl.app.services.FXGLDialogService, class com.almasb.fxgl.app.services.IOTaskExecutorService, class com.almasb.fxgl.io.FileSystemService, class com.almasb.fxgl.localization.LocalizationService, class com.almasb.fxgl.app.services.SystemBundleService, class com.almasb.fxgl.profile.SaveLoadService, class com.almasb.fxgl.ui.FXGLUIFactoryServiceProvider, class com.almasb.fxgl.ui.FXGLDialogFactoryServiceProvider, class com.almasb.fxgl.audio.AudioPlayer, class com.almasb.fxgl.notification.impl.NotificationServiceProvider, class com.almasb.fxgl.achievement.AchievementService, class com.almasb.fxgl.cutscene.CutsceneService, class com.almasb.fxgl.minigames.MiniGameService, class com.almasb.fxgl.net.NetService, class com.almasb.fxgl.app.services.UpdaterService, class com.almasb.fxgl.dev.DevService]
01:03:19.966 [FXGL Background Thread 3 ] DEBUG Engine               - fontGame: Abel-Regular.ttf
01:03:19.966 [FXGL Background Thread 3 ] DEBUG Engine               - fontMono: TerminalLandMono-Regular.otf
01:03:19.966 [FXGL Background Thread 3 ] DEBUG Engine               - fontSizeScaleUI: 1.0
01:03:19.966 [FXGL Background Thread 3 ] DEBUG Engine               - fontText: Courier-Prime.ttf
01:03:19.966 [FXGL Background Thread 3 ] DEBUG Engine               - fontUI: VarelaRound-Regular.ttf
01:03:19.966 [FXGL Background Thread 3 ] DEBUG Engine               - fullScreen: BooleanProperty [value: false]
01:03:19.966 [FXGL Background Thread 3 ] DEBUG Engine               - gameDifficulty: MEDIUM
01:03:19.966 [FXGL Background Thread 3 ] DEBUG Engine               - gameDifficultyProperty: ObjectProperty [value: MEDIUM]
01:03:19.966 [FXGL Background Thread 3 ] DEBUG Engine               - globalMusicVolume: 0.5
01:03:19.966 [FXGL Background Thread 3 ] DEBUG Engine               - globalMusicVolumeProperty: DoubleProperty [value: 0.5]
01:03:19.966 [FXGL Background Thread 3 ] DEBUG Engine               - globalSoundVolume: 0.5
01:03:19.966 [FXGL Background Thread 3 ] DEBUG Engine               - globalSoundVolumeProperty: DoubleProperty [value: 0.5]
01:03:19.966 [FXGL Background Thread 3 ] DEBUG Engine               - height: 600
01:03:19.966 [FXGL Background Thread 3 ] DEBUG Engine               - is3D: false
01:03:19.966 [FXGL Background Thread 3 ] DEBUG Engine               - isAndroid: false
01:03:19.966 [FXGL Background Thread 3 ] DEBUG Engine               - isBrowser: false
01:03:19.966 [FXGL Background Thread 3 ] DEBUG Engine               - isClickFeedbackEnabled: false
01:03:19.966 [FXGL Background Thread 3 ] DEBUG Engine               - isCloseConfirmation: false
01:03:19.966 [FXGL Background Thread 3 ] DEBUG Engine               - isDesktop: true
01:03:19.966 [FXGL Background Thread 3 ] DEBUG Engine               - isDeveloperMenuEnabled: true
01:03:19.966 [FXGL Background Thread 3 ] DEBUG Engine               - isEmbedded: false
01:03:19.966 [FXGL Background Thread 3 ] DEBUG Engine               - isEntityPreloadEnabled: true
01:03:19.966 [FXGL Background Thread 3 ] DEBUG Engine               - isExperimentalTiledLargeMap: false
01:03:19.966 [FXGL Background Thread 3 ] DEBUG Engine               - isFileSystemWriteAllowed: true
01:03:19.966 [FXGL Background Thread 3 ] DEBUG Engine               - isFullScreenAllowed: false
01:03:19.966 [FXGL Background Thread 3 ] DEBUG Engine               - isFullScreenFromStart: false
01:03:19.966 [FXGL Background Thread 3 ] DEBUG Engine               - isGameMenuEnabled: true
01:03:19.966 [FXGL Background Thread 3 ] DEBUG Engine               - isIOS: false
01:03:19.966 [FXGL Background Thread 3 ] DEBUG Engine               - isIntroEnabled: false
01:03:19.966 [FXGL Background Thread 3 ] DEBUG Engine               - isLinux: false
01:03:19.966 [FXGL Background Thread 3 ] DEBUG Engine               - isMac: false
01:03:19.966 [FXGL Background Thread 3 ] DEBUG Engine               - isMainMenuEnabled: false
01:03:19.966 [FXGL Background Thread 3 ] DEBUG Engine               - isManualResizeEnabled: false
01:03:19.967 [FXGL Background Thread 3 ] DEBUG Engine               - isMobile: false
01:03:19.967 [FXGL Background Thread 3 ] DEBUG Engine               - isNative: false
01:03:19.967 [FXGL Background Thread 3 ] DEBUG Engine               - isPauseMusicWhenMinimized: true
01:03:19.967 [FXGL Background Thread 3 ] DEBUG Engine               - isPreserveResizeRatio: false
01:03:19.967 [FXGL Background Thread 3 ] DEBUG Engine               - isProfilingEnabled: false
01:03:19.967 [FXGL Background Thread 3 ] DEBUG Engine               - isScaleAffectedOnResize: true
01:03:19.967 [FXGL Background Thread 3 ] DEBUG Engine               - isSingleStep: false
01:03:19.967 [FXGL Background Thread 3 ] DEBUG Engine               - isUserProfileEnabled: false
01:03:19.967 [FXGL Background Thread 3 ] DEBUG Engine               - isWindows: true
01:03:19.967 [FXGL Background Thread 3 ] DEBUG Engine               - language: ObjectProperty [value: ENGLISH]
01:03:19.967 [FXGL Background Thread 3 ] DEBUG Engine               - menuKey: ESCAPE
01:03:19.967 [FXGL Background Thread 3 ] DEBUG Engine               - mouseSensitivity: 0.2
01:03:19.967 [FXGL Background Thread 3 ] DEBUG Engine               - notificationViewClass: class com.almasb.fxgl.notification.view.XboxNotificationView
01:03:19.967 [FXGL Background Thread 3 ] DEBUG Engine               - pixelsPerMeter: 50.0
01:03:19.967 [FXGL Background Thread 3 ] DEBUG Engine               - platform: WINDOWS
01:03:19.967 [FXGL Background Thread 3 ] DEBUG Engine               - prefHeightProperty: ReadOnlyDoubleProperty [value: 600.0]
01:03:19.967 [FXGL Background Thread 3 ] DEBUG Engine               - prefWidthProperty: ReadOnlyDoubleProperty [value: 800.0]
01:03:19.967 [FXGL Background Thread 3 ] DEBUG Engine               - profileDir: profiles/
01:03:19.967 [FXGL Background Thread 3 ] DEBUG Engine               - profileName: StringProperty [value: DEFAULT]
01:03:19.967 [FXGL Background Thread 3 ] DEBUG Engine               - randomSeed: -1
01:03:19.967 [FXGL Background Thread 3 ] DEBUG Engine               - runtimeInfo: RuntimeInfo(platform=WINDOWS, version=21.1, build=27.03.2024 07.52)
01:03:19.967 [FXGL Background Thread 3 ] DEBUG Engine               - saveFileExt: sav
01:03:19.967 [FXGL Background Thread 3 ] DEBUG Engine               - scaledHeightProp$fxgl: DoubleProperty [bound, value: 600.0]
01:03:19.967 [FXGL Background Thread 3 ] DEBUG Engine               - scaledWidthProp$fxgl: DoubleProperty [bound, value: 800.0]
01:03:19.967 [FXGL Background Thread 3 ] DEBUG Engine               - sceneFactory: com.almasb.fxgl.app.scene.SceneFactory@44c8682c
01:03:19.967 [FXGL Background Thread 3 ] DEBUG Engine               - secondsIn24h: 60
01:03:19.967 [FXGL Background Thread 3 ] DEBUG Engine               - soundMenuBack: menu/back.wav
01:03:19.967 [FXGL Background Thread 3 ] DEBUG Engine               - soundMenuPress: menu/press.wav
01:03:19.967 [FXGL Background Thread 3 ] DEBUG Engine               - soundMenuSelect: menu/select.wav
01:03:19.967 [FXGL Background Thread 3 ] DEBUG Engine               - soundNotification: core/notification.wav
01:03:19.967 [FXGL Background Thread 3 ] DEBUG Engine               - stageStyle: DECORATED
01:03:19.967 [FXGL Background Thread 3 ] DEBUG Engine               - supportedLanguages: [ENGLISH, FRENCH, GERMAN, HUNGARIAN, RUSSIAN]
01:03:19.967 [FXGL Background Thread 3 ] DEBUG Engine               - ticksPerSecond: -1
01:03:19.967 [FXGL Background Thread 3 ] DEBUG Engine               - title: Untitled
01:03:19.967 [FXGL Background Thread 3 ] DEBUG Engine               - urlGithub: https://github.com/AlmasB/FXGL
01:03:19.967 [FXGL Background Thread 3 ] DEBUG Engine               - urlLeaderboard: http://fxgl-top.herokuapp.com/
01:03:19.967 [FXGL Background Thread 3 ] DEBUG Engine               - urlPOM: https://raw.githubusercontent.com/AlmasB/FXGL/release/README.md
01:03:19.967 [FXGL Background Thread 3 ] DEBUG Engine               - userAppClass: class com.xen.rzlgame.rzl.HelloApplication
01:03:19.967 [FXGL Background Thread 3 ] DEBUG Engine               - version: 0.0
01:03:19.967 [FXGL Background Thread 3 ] DEBUG Engine               - versionCheckDays: 7
01:03:19.967 [FXGL Background Thread 3 ] DEBUG Engine               - width: 800
01:03:19.967 [FXGL Background Thread 3 ] DEBUG Engine               - Logging services
01:03:19.967 [FXGL Background Thread 3 ] DEBUG Engine               - class com.almasb.fxgl.app.services.FXGLAssetLoaderService
01:03:19.967 [FXGL Background Thread 3 ] DEBUG Engine               - class com.almasb.fxgl.app.FXGLApplication$GameApplicationService
01:03:19.967 [FXGL Background Thread 3 ] DEBUG Engine               - class com.almasb.fxgl.app.services.FXGLDialogService
01:03:19.967 [FXGL Background Thread 3 ] DEBUG Engine               - class com.almasb.fxgl.app.services.IOTaskExecutorService
01:03:19.967 [FXGL Background Thread 3 ] DEBUG Engine               - class com.almasb.fxgl.io.FileSystemService
01:03:19.967 [FXGL Background Thread 3 ] DEBUG Engine               - class com.almasb.fxgl.localization.LocalizationService
01:03:19.967 [FXGL Background Thread 3 ] DEBUG Engine               - class com.almasb.fxgl.app.services.SystemBundleService
01:03:19.967 [FXGL Background Thread 3 ] DEBUG Engine               - class com.almasb.fxgl.profile.SaveLoadService
01:03:19.967 [FXGL Background Thread 3 ] DEBUG Engine               - class com.almasb.fxgl.ui.FXGLUIFactoryServiceProvider
01:03:19.968 [FXGL Background Thread 3 ] DEBUG Engine               - class com.almasb.fxgl.ui.FXGLDialogFactoryServiceProvider
01:03:19.968 [FXGL Background Thread 3 ] DEBUG Engine               - class com.almasb.fxgl.audio.AudioPlayer
01:03:19.968 [FXGL Background Thread 3 ] DEBUG Engine               - class com.almasb.fxgl.notification.impl.NotificationServiceProvider
01:03:19.968 [FXGL Background Thread 3 ] DEBUG Engine               - class com.almasb.fxgl.achievement.AchievementService
01:03:19.968 [FXGL Background Thread 3 ] DEBUG Engine               - class com.almasb.fxgl.cutscene.CutsceneService
01:03:19.968 [FXGL Background Thread 3 ] DEBUG Engine               - class com.almasb.fxgl.minigames.MiniGameService
01:03:19.968 [FXGL Background Thread 3 ] DEBUG Engine               - class com.almasb.fxgl.net.NetService
01:03:19.968 [FXGL Background Thread 3 ] DEBUG Engine               - class com.almasb.fxgl.app.services.UpdaterService
01:03:19.968 [FXGL Background Thread 3 ] DEBUG Engine               - class com.almasb.fxgl.dev.DevService
01:03:21.139 [JavaFX Application Thread] DEBUG FXGLAssetLoaderServi - Loading from file system: file:/C:/Users/acer/IdeaProjects/RZL/target/classes/assets/textures/minionWalk.png
01:03:24.781 [JavaFX Application Thread] DEBUG FXGLApplication      - Exiting FXGL
01:03:24.781 [JavaFX Application Thread] DEBUG LoopRunner           - Stopping loop
01:03:24.781 [JavaFX Application Thread] DEBUG SystemBundleService  - Saving FXGL system data
01:03:24.783 [JavaFX Application Thread] DEBUG FileSystemAccess     - Writing to: C:\Users\acer\IdeaProjects\RZL\system\fxgl.bundle
01:03:24.784 [JavaFX Application Thread] DEBUG Async                - Shutting down background threads
01:03:24.784 [JavaFX Application Thread] DEBUG PrimaryStageWindow   - Closing main window
01:03:24.798 [JavaFX Application Thread] DEBUG Logger               - Closing Logger
