19:43:56.891 [main                     ] DEBUG Logger               - Configured Logger
19:43:56.919 [main                     ] DEBUG GameApplication      - Logging settings
Title: Untitled
Version: 0.0
Width: 800
Height: 600
Fullscreen: false
Intro: false
Profiling: false
Single step:false
App Mode: DEVELOPER
Menu Key: ESCAPE
Stage Style: DECORATED
Scene Factory: class com.almasb.fxgl.app.scene.SceneFactory

19:43:57.182 [JavaFX Application Thread] DEBUG FXGLApplication      - Initializing FXGL
19:43:57.185 [JavaFX Application Thread] INFO  Engine               - FXGL-17.3 (30.03.2023 11.49) on WINDOWS (J:21.0.3 FX:21)
19:43:57.186 [JavaFX Application Thread] DEBUG Engine               - JRE Vendor Name: Oracle Corporation
19:43:57.186 [JavaFX Application Thread] DEBUG Engine               - Running on OS: Windows 11 version 10.0
19:43:57.186 [JavaFX Application Thread] DEBUG Engine               - Architecture: amd64
19:43:57.186 [JavaFX Application Thread] INFO  Engine               - Source code and latest versions at: https://github.com/AlmasB/FXGL
19:43:57.186 [JavaFX Application Thread] INFO  Engine               -       Ask questions and discuss at: https://github.com/AlmasB/FXGL/discussions
19:43:57.186 [JavaFX Application Thread] INFO  Engine               -              Join the FXGL chat at: https://gitter.im/AlmasB/FXGL
19:43:57.242 [JavaFX Application Thread] DEBUG PrimaryStageWindow   - Creating a JavaFX scene
19:43:57.278 [JavaFX Application Thread] DEBUG PrimaryStageWindow   - Target settings size: 800.0 x 600.0
19:43:57.278 [JavaFX Application Thread] DEBUG PrimaryStageWindow   - Scaled scene size:    800.0 x 600.0
19:43:57.279 [JavaFX Application Thread] DEBUG PrimaryStageWindow   - Scaled ratio: (1.0, 1.0)
19:43:57.279 [JavaFX Application Thread] DEBUG PrimaryStageWindow   - Set initial scene to FXGLStartupScene
19:43:57.282 [JavaFX Application Thread] DEBUG PrimaryStageWindow   - Opening main window
19:43:57.346 [JavaFX Application Thread] DEBUG PrimaryStageWindow   - Window border size: (14.4000244140625, 37.5999755859375)
19:43:57.346 [JavaFX Application Thread] DEBUG PrimaryStageWindow   - Scaled size: 800.0 x 600.0
19:43:57.346 [JavaFX Application Thread] DEBUG PrimaryStageWindow   - Scaled ratio: (1.0, 1.0)
19:43:57.346 [JavaFX Application Thread] DEBUG PrimaryStageWindow   - Scene size: 800.0 x 600.0
19:43:57.347 [JavaFX Application Thread] DEBUG PrimaryStageWindow   - Stage size: 814.4000244140625 x 637.5999755859375
19:43:57.352 [FXGL Background Thread 1 ] DEBUG Engine               - Initializing environment variables
19:43:57.403 [FXGL Background Thread 1 ] DEBUG FXGLAssetLoaderServi - User app class for loading assets: class com.xen.rzlgame.rzl.HelloApplication
19:43:57.403 [FXGL Background Thread 1 ] DEBUG GameApplicationServi - Applying CSS: fxgl_dark.css
19:43:57.403 [FXGL Background Thread 1 ] DEBUG FXGLAssetLoaderServi - Loading from file system: jar:file:///C:/Users/acer/.m2/repository/com/github/almasb/fxgl/17.3/fxgl-17.3.jar!/fxglassets/ui/css/fxgl_dark.css
19:43:57.441 [FXGL Background Thread 1 ] DEBUG GameApplicationServi - Initializing application scenes
19:43:57.495 [FXGL Background Thread 1 ] DEBUG GameWorld            - Game world initialized
19:43:57.548 [FXGL Background Thread 1 ] DEBUG PhysicsWorld         - Physics world initialized: appHeight=600, physics.ppm=50.0
19:43:57.548 [FXGL Background Thread 1 ] DEBUG PhysicsWorld         - Using strategy: BRUTE_FORCE
19:43:57.551 [FXGL Background Thread 1 ] DEBUG GameScene            - Game scene initialized: 800x600
19:43:57.559 [FXGL Background Thread 1 ] DEBUG FXGL.DefaultMenu     - createMenuBodyGameMenu()
19:43:57.567 [FXGL Background Thread 1 ] DEBUG FXGL.DefaultMenu     - createOptionsMenu()
19:43:57.574 [FXGL Background Thread 1 ] DEBUG FXGLAssetLoaderServi - Loading from file system: jar:file:///C:/Users/acer/.m2/repository/com/github/almasb/fxgl/17.3/fxgl-17.3.jar!/fxglassets/textures/particles/smoke.png
19:43:57.666 [FXGL Background Thread 1 ] DEBUG FXGLAssetLoaderServi - Loading from file system: jar:file:///C:/Users/acer/.m2/repository/com/github/almasb/fxgl/17.3/fxgl-17.3.jar!/fxglassets/textures/particles/trace_horizontal.png
19:43:57.685 [FXGL Background Thread 1 ] DEBUG GameApplicationServi - Application scenes initialized
19:43:57.699 [FXGL Background Thread 1 ] DEBUG SystemBundleService  - Loading FXGL system data
19:43:57.702 [FXGL Background Thread 1 ] DEBUG FileSystemAccess     - Reading from: C:\Users\acer\IdeaProjects\RZL\system\fxgl.bundle
19:43:57.708 [FXGL Background Thread 1 ] DEBUG SystemBundleService  - Bundle FXGL: {}
19:43:57.708 [FXGL Background Thread 1 ] DEBUG UpdaterService       - Checking for updates
19:43:57.711 [FXGL Background Thread 4 ] DEBUG FXGLApplication      - Loading fonts
19:43:57.711 [FXGL Background Thread 4 ] DEBUG FXGLAssetLoaderServi - Loading from file system: jar:file:///C:/Users/acer/.m2/repository/com/github/almasb/fxgl/17.3/fxgl-17.3.jar!/fxglassets/ui/fonts/VarelaRound-Regular.ttf
19:43:57.711 [FXGL Background Thread 1 ] DEBUG FXGLApplication      - Loading default localization
19:43:57.712 [FXGL Background Thread 1 ] DEBUG FXGLAssetLoaderServi - Loading from file system: jar:file:///C:/Users/acer/.m2/repository/com/github/almasb/fxgl/17.3/fxgl-17.3.jar!/fxglassets/languages/english.lang
19:43:57.745 [FXGL Background Thread 4 ] DEBUG FXGLAssetLoaderServi - Loading from file system: jar:file:///C:/Users/acer/.m2/repository/com/github/almasb/fxgl/17.3/fxgl-17.3.jar!/fxglassets/ui/fonts/Abel-Regular.ttf
19:43:57.748 [FXGL Background Thread 4 ] DEBUG FXGLAssetLoaderServi - Loading from file system: jar:file:///C:/Users/acer/.m2/repository/com/github/almasb/fxgl/17.3/fxgl-17.3.jar!/fxglassets/ui/fonts/TerminalLandMono-Regular.otf
19:43:57.751 [FXGL Background Thread 4 ] DEBUG FXGLAssetLoaderServi - Loading from file system: jar:file:///C:/Users/acer/.m2/repository/com/github/almasb/fxgl/17.3/fxgl-17.3.jar!/fxglassets/ui/fonts/Courier-Prime.ttf
19:43:57.759 [JavaFX Application Thread] DEBUG FXGLApplication      - Registering font factories with UI factory
19:43:57.759 [FXGL Background Thread 1 ] INFO  FXGLApplication      - FXGL initialization took: 0.407 sec
19:43:57.761 [JavaFX Application Thread] DEBUG FXGLAssetLoaderServi - Loading from file system: jar:file:///C:/Users/acer/.m2/repository/com/github/almasb/fxgl/17.3/fxgl-17.3.jar!/fxglassets/textures/fxgl_icon.png
19:43:57.775 [JavaFX Application Thread] DEBUG FXGLAssetLoaderServi - Loading from file system: jar:file:///C:/Users/acer/.m2/repository/com/github/almasb/fxgl/17.3/fxgl-17.3.jar!/fxglassets/textures/fxgl_default_cursor.png
19:43:57.795 [JavaFX Application Thread] DEBUG Input                - Registered new binding: Screenshot - CTRL+8
19:43:57.796 [JavaFX Application Thread] DEBUG Input                - Registered new binding: System info dump - CTRL+9
19:43:57.797 [JavaFX Application Thread] DEBUG Input                - Registered new binding: Restart - CTRL+R
19:43:57.798 [JavaFX Application Thread] DEBUG Input                - Registered new binding: Toggle Debug Camera - CTRL+7
19:43:57.802 [JavaFX Application Thread] DEBUG LoopRunner           - Starting loop
19:43:57.802 [JavaFX Application Thread] DEBUG LoopRunner           - Initializing JavaFX AnimationTimerLoop
19:43:57.805 [JavaFX Application Thread] DEBUG GameApplicationServi - Starting new game
19:43:57.805 [JavaFX Application Thread] DEBUG Input                - Clearing active input actions
19:43:57.817 [JavaFX Application Thread] DEBUG GameApplicationServi - Removing overlay from FXGLStartupScene and adding to FXGLLoadingScene
19:43:57.817 [JavaFX Application Thread] DEBUG PrimaryStageWindow   - FXGLStartupScene -> FXGLLoadingScene
19:43:57.817 [JavaFX Application Thread] DEBUG GameApplicationServi - Clearing previous game
19:43:57.817 [JavaFX Application Thread] DEBUG GameScene            - Clearing game scene
19:43:57.817 [JavaFX Application Thread] DEBUG GameWorld            - Clearing game world
19:43:57.817 [JavaFX Application Thread] DEBUG PhysicsWorld         - Clearing physics world
19:43:57.820 [FXGL Background Thread 1 ] DEBUG FXGLApplication      - Initializing game
19:43:57.915 [FXGL Background Thread 1 ] WARN  GameWorld            - Entity is already attached to world
19:43:57.918 [FXGL Background Thread 1 ] WARN  GameWorld            - Entity is already attached to world
19:43:57.924 [FXGL Background Thread 1 ] WARN  GameWorld            - Entity is already attached to world
19:43:57.925 [FXGL Background Thread 1 ] WARN  GameWorld            - Entity is already attached to world
19:43:57.933 [FXGL Background Thread 1 ] DEBUG Input                - Registered new binding: Move W - W
19:43:57.933 [FXGL Background Thread 1 ] DEBUG Input                - Registered new binding: Move S - S
19:43:57.933 [FXGL Background Thread 1 ] DEBUG Input                - Registered new binding: Move A - A
19:43:57.933 [FXGL Background Thread 1 ] DEBUG Input                - Registered new binding: Move D - D
19:43:57.936 [FXGL Background Thread 1 ] DEBUG Input                - Registered new binding: Player Attack - LMB
19:43:57.937 [FXGL Background Thread 1 ] DEBUG Input                - Registered new binding: Player Parry - RMB
19:43:57.937 [FXGL Background Thread 1 ] DEBUG Input                - Registered new binding: Sprint - Space
19:43:57.939 [FXGL Background Thread 1 ] DEBUG Input                - Registered new binding: Interact - Z
19:43:57.939 [FXGL Background Thread 1 ] INFO  FXGLApplication      - Game initialization took: 0.118 sec
19:43:57.969 [JavaFX Application Thread] DEBUG Input                - Clearing active input actions
19:43:57.972 [JavaFX Application Thread] DEBUG GameApplicationServi - Removing overlay from FXGLLoadingScene and adding to GameScene
19:43:57.973 [JavaFX Application Thread] DEBUG PrimaryStageWindow   - FXGLLoadingScene -> GameScene
19:43:58.211 [FXGL Background Thread 2 ] INFO  UpdaterService       - Your current version:  17.3
19:43:58.212 [FXGL Background Thread 2 ] INFO  UpdaterService       - Latest stable version: 21.1
19:44:00.711 [FXGL Background Thread 3 ] DEBUG Engine               - Logging environment variables
19:44:00.712 [FXGL Background Thread 3 ] DEBUG Engine               - achievements: []
19:44:00.712 [FXGL Background Thread 3 ] DEBUG Engine               - actualHeight: 600.0
19:44:00.712 [FXGL Background Thread 3 ] DEBUG Engine               - actualHeightProperty: ReadOnlyDoubleProperty [value: 600.0]
19:44:00.712 [FXGL Background Thread 3 ] DEBUG Engine               - actualWidth: 800.0
19:44:00.712 [FXGL Background Thread 3 ] DEBUG Engine               - actualWidthProperty: ReadOnlyDoubleProperty [value: 800.0]
19:44:00.712 [FXGL Background Thread 3 ] DEBUG Engine               - appIcon: fxgl_icon.png
19:44:00.713 [FXGL Background Thread 3 ] DEBUG Engine               - applicationMode: DEVELOPER
19:44:00.713 [FXGL Background Thread 3 ] DEBUG Engine               - cSSList: [fxgl_dark.css]
19:44:00.713 [FXGL Background Thread 3 ] DEBUG Engine               - collisionDetectionStrategy: BRUTE_FORCE
19:44:00.713 [FXGL Background Thread 3 ] DEBUG Engine               - configClass: Optional.empty
19:44:00.713 [FXGL Background Thread 3 ] DEBUG Engine               - credits: []
19:44:00.714 [FXGL Background Thread 3 ] DEBUG Engine               - defaultCursor: CursorInfo(imageName=fxgl_default_cursor.png, hotspotX=7.0, hotspotY=6.0)
19:44:00.715 [FXGL Background Thread 3 ] DEBUG Engine               - devBBoxColorProperty: ObjectProperty [value: 0xff0000ff]
19:44:00.715 [FXGL Background Thread 3 ] DEBUG Engine               - devEnableDebugCameraProperty: BooleanProperty [value: false]
19:44:00.715 [FXGL Background Thread 3 ] DEBUG Engine               - devSensorColorProperty: ObjectProperty [value: 0xffff00ff]
19:44:00.715 [FXGL Background Thread 3 ] DEBUG Engine               - devShowBBoxProperty: BooleanProperty [value: false]
19:44:00.715 [FXGL Background Thread 3 ] DEBUG Engine               - devShowPositionProperty: BooleanProperty [value: false]
19:44:00.715 [FXGL Background Thread 3 ] DEBUG Engine               - enabledMenuItems: []
19:44:00.715 [FXGL Background Thread 3 ] DEBUG Engine               - engineServices: [class com.almasb.fxgl.app.services.FXGLAssetLoaderService, class com.almasb.fxgl.app.FXGLApplication$GameApplicationService, class com.almasb.fxgl.app.services.FXGLDialogService, class com.almasb.fxgl.app.services.IOTaskExecutorService, class com.almasb.fxgl.io.FileSystemService, class com.almasb.fxgl.localization.LocalizationService, class com.almasb.fxgl.app.services.SystemBundleService, class com.almasb.fxgl.profile.SaveLoadService, class com.almasb.fxgl.ui.FXGLUIFactoryServiceProvider, class com.almasb.fxgl.ui.FXGLDialogFactoryServiceProvider, class com.almasb.fxgl.audio.AudioPlayer, class com.almasb.fxgl.notification.impl.NotificationServiceProvider, class com.almasb.fxgl.achievement.AchievementService, class com.almasb.fxgl.cutscene.CutsceneService, class com.almasb.fxgl.minigames.MiniGameService, class com.almasb.fxgl.net.NetService, class com.almasb.fxgl.app.services.UpdaterService, class com.almasb.fxgl.dev.DevService]
19:44:00.715 [FXGL Background Thread 3 ] DEBUG Engine               - fontGame: Abel-Regular.ttf
19:44:00.715 [FXGL Background Thread 3 ] DEBUG Engine               - fontMono: TerminalLandMono-Regular.otf
19:44:00.715 [FXGL Background Thread 3 ] DEBUG Engine               - fontSizeScaleUI: 1.0
19:44:00.715 [FXGL Background Thread 3 ] DEBUG Engine               - fontText: Courier-Prime.ttf
19:44:00.715 [FXGL Background Thread 3 ] DEBUG Engine               - fontUI: VarelaRound-Regular.ttf
19:44:00.715 [FXGL Background Thread 3 ] DEBUG Engine               - fullScreen: BooleanProperty [value: false]
19:44:00.715 [FXGL Background Thread 3 ] DEBUG Engine               - gameDifficulty: MEDIUM
19:44:00.715 [FXGL Background Thread 3 ] DEBUG Engine               - gameDifficultyProperty: ObjectProperty [value: MEDIUM]
19:44:00.715 [FXGL Background Thread 3 ] DEBUG Engine               - globalMusicVolume: 0.5
19:44:00.715 [FXGL Background Thread 3 ] DEBUG Engine               - globalMusicVolumeProperty: DoubleProperty [value: 0.5]
19:44:00.715 [FXGL Background Thread 3 ] DEBUG Engine               - globalSoundVolume: 0.5
19:44:00.715 [FXGL Background Thread 3 ] DEBUG Engine               - globalSoundVolumeProperty: DoubleProperty [value: 0.5]
19:44:00.715 [FXGL Background Thread 3 ] DEBUG Engine               - height: 600
19:44:00.715 [FXGL Background Thread 3 ] DEBUG Engine               - is3D: false
19:44:00.715 [FXGL Background Thread 3 ] DEBUG Engine               - isAndroid: false
19:44:00.715 [FXGL Background Thread 3 ] DEBUG Engine               - isBrowser: false
19:44:00.715 [FXGL Background Thread 3 ] DEBUG Engine               - isClickFeedbackEnabled: false
19:44:00.715 [FXGL Background Thread 3 ] DEBUG Engine               - isCloseConfirmation: false
19:44:00.715 [FXGL Background Thread 3 ] DEBUG Engine               - isDesktop: true
19:44:00.715 [FXGL Background Thread 3 ] DEBUG Engine               - isDeveloperMenuEnabled: false
19:44:00.715 [FXGL Background Thread 3 ] DEBUG Engine               - isEmbedded: false
19:44:00.715 [FXGL Background Thread 3 ] DEBUG Engine               - isEntityPreloadEnabled: true
19:44:00.715 [FXGL Background Thread 3 ] DEBUG Engine               - isExperimentalTiledLargeMap: false
19:44:00.715 [FXGL Background Thread 3 ] DEBUG Engine               - isFileSystemWriteAllowed: true
19:44:00.715 [FXGL Background Thread 3 ] DEBUG Engine               - isFullScreenAllowed: false
19:44:00.715 [FXGL Background Thread 3 ] DEBUG Engine               - isFullScreenFromStart: false
19:44:00.715 [FXGL Background Thread 3 ] DEBUG Engine               - isGameMenuEnabled: true
19:44:00.715 [FXGL Background Thread 3 ] DEBUG Engine               - isIOS: false
19:44:00.715 [FXGL Background Thread 3 ] DEBUG Engine               - isIntroEnabled: false
19:44:00.715 [FXGL Background Thread 3 ] DEBUG Engine               - isLinux: false
19:44:00.715 [FXGL Background Thread 3 ] DEBUG Engine               - isMac: false
19:44:00.715 [FXGL Background Thread 3 ] DEBUG Engine               - isMainMenuEnabled: false
19:44:00.715 [FXGL Background Thread 3 ] DEBUG Engine               - isManualResizeEnabled: false
19:44:00.715 [FXGL Background Thread 3 ] DEBUG Engine               - isMobile: false
19:44:00.715 [FXGL Background Thread 3 ] DEBUG Engine               - isNative: false
19:44:00.715 [FXGL Background Thread 3 ] DEBUG Engine               - isPauseMusicWhenMinimized: true
19:44:00.715 [FXGL Background Thread 3 ] DEBUG Engine               - isPreserveResizeRatio: false
19:44:00.717 [FXGL Background Thread 3 ] DEBUG Engine               - isProfilingEnabled: false
19:44:00.717 [FXGL Background Thread 3 ] DEBUG Engine               - isScaleAffectedOnResize: true
19:44:00.717 [FXGL Background Thread 3 ] DEBUG Engine               - isSingleStep: false
19:44:00.717 [FXGL Background Thread 3 ] DEBUG Engine               - isUserProfileEnabled: false
19:44:00.717 [FXGL Background Thread 3 ] DEBUG Engine               - isWindows: true
19:44:00.717 [FXGL Background Thread 3 ] DEBUG Engine               - language: ObjectProperty [value: ENGLISH]
19:44:00.717 [FXGL Background Thread 3 ] DEBUG Engine               - menuKey: ESCAPE
19:44:00.717 [FXGL Background Thread 3 ] DEBUG Engine               - mouseSensitivity: 0.2
19:44:00.717 [FXGL Background Thread 3 ] DEBUG Engine               - notificationViewClass: class com.almasb.fxgl.notification.view.XboxNotificationView
19:44:00.717 [FXGL Background Thread 3 ] DEBUG Engine               - pixelsPerMeter: 50.0
19:44:00.717 [FXGL Background Thread 3 ] DEBUG Engine               - platform: WINDOWS
19:44:00.717 [FXGL Background Thread 3 ] DEBUG Engine               - prefHeightProperty: ReadOnlyDoubleProperty [value: 600.0]
19:44:00.717 [FXGL Background Thread 3 ] DEBUG Engine               - prefWidthProperty: ReadOnlyDoubleProperty [value: 800.0]
19:44:00.717 [FXGL Background Thread 3 ] DEBUG Engine               - profileDir: profiles/
19:44:00.717 [FXGL Background Thread 3 ] DEBUG Engine               - profileName: StringProperty [value: DEFAULT]
19:44:00.717 [FXGL Background Thread 3 ] DEBUG Engine               - randomSeed: -1
19:44:00.717 [FXGL Background Thread 3 ] DEBUG Engine               - runtimeInfo: RuntimeInfo(platform=WINDOWS, version=17.3, build=30.03.2023 11.49)
19:44:00.718 [FXGL Background Thread 3 ] DEBUG Engine               - saveFileExt: sav
19:44:00.718 [FXGL Background Thread 3 ] DEBUG Engine               - scaledHeightProp$fxgl: DoubleProperty [bound, value: 600.0]
19:44:00.718 [FXGL Background Thread 3 ] DEBUG Engine               - scaledWidthProp$fxgl: DoubleProperty [bound, value: 800.0]
19:44:00.718 [FXGL Background Thread 3 ] DEBUG Engine               - sceneFactory: com.almasb.fxgl.app.scene.SceneFactory@31e8e5a7
19:44:00.718 [FXGL Background Thread 3 ] DEBUG Engine               - secondsIn24h: 60
19:44:00.718 [FXGL Background Thread 3 ] DEBUG Engine               - soundMenuBack: menu/back.wav
19:44:00.718 [FXGL Background Thread 3 ] DEBUG Engine               - soundMenuPress: menu/press.wav
19:44:00.718 [FXGL Background Thread 3 ] DEBUG Engine               - soundMenuSelect: menu/select.wav
19:44:00.718 [FXGL Background Thread 3 ] DEBUG Engine               - soundNotification: core/notification.wav
19:44:00.718 [FXGL Background Thread 3 ] DEBUG Engine               - stageStyle: DECORATED
19:44:00.718 [FXGL Background Thread 3 ] DEBUG Engine               - supportedLanguages: [ENGLISH, FRENCH, GERMAN, HUNGARIAN, RUSSIAN]
19:44:00.718 [FXGL Background Thread 3 ] DEBUG Engine               - ticksPerSecond: -1
19:44:00.718 [FXGL Background Thread 3 ] DEBUG Engine               - title: Untitled
19:44:00.718 [FXGL Background Thread 3 ] DEBUG Engine               - urlGithub: https://github.com/AlmasB/FXGL
19:44:00.718 [FXGL Background Thread 3 ] DEBUG Engine               - urlLeaderboard: http://fxgl-top.herokuapp.com/
19:44:00.718 [FXGL Background Thread 3 ] DEBUG Engine               - urlPOM: https://raw.githubusercontent.com/AlmasB/FXGL/release/README.md
19:44:00.718 [FXGL Background Thread 3 ] DEBUG Engine               - userAppClass: class com.xen.rzlgame.rzl.HelloApplication
19:44:00.718 [FXGL Background Thread 3 ] DEBUG Engine               - version: 0.0
19:44:00.718 [FXGL Background Thread 3 ] DEBUG Engine               - versionCheckDays: 7
19:44:00.718 [FXGL Background Thread 3 ] DEBUG Engine               - width: 800
19:44:00.718 [FXGL Background Thread 3 ] DEBUG Engine               - Logging services
19:44:00.718 [FXGL Background Thread 3 ] DEBUG Engine               - class com.almasb.fxgl.app.services.FXGLAssetLoaderService
19:44:00.718 [FXGL Background Thread 3 ] DEBUG Engine               - class com.almasb.fxgl.app.FXGLApplication$GameApplicationService
19:44:00.718 [FXGL Background Thread 3 ] DEBUG Engine               - class com.almasb.fxgl.app.services.FXGLDialogService
19:44:00.718 [FXGL Background Thread 3 ] DEBUG Engine               - class com.almasb.fxgl.app.services.IOTaskExecutorService
19:44:00.718 [FXGL Background Thread 3 ] DEBUG Engine               - class com.almasb.fxgl.io.FileSystemService
19:44:00.718 [FXGL Background Thread 3 ] DEBUG Engine               - class com.almasb.fxgl.localization.LocalizationService
19:44:00.719 [FXGL Background Thread 3 ] DEBUG Engine               - class com.almasb.fxgl.app.services.SystemBundleService
19:44:00.719 [FXGL Background Thread 3 ] DEBUG Engine               - class com.almasb.fxgl.profile.SaveLoadService
19:44:00.719 [FXGL Background Thread 3 ] DEBUG Engine               - class com.almasb.fxgl.ui.FXGLUIFactoryServiceProvider
19:44:00.719 [FXGL Background Thread 3 ] DEBUG Engine               - class com.almasb.fxgl.ui.FXGLDialogFactoryServiceProvider
19:44:00.719 [FXGL Background Thread 3 ] DEBUG Engine               - class com.almasb.fxgl.audio.AudioPlayer
19:44:00.719 [FXGL Background Thread 3 ] DEBUG Engine               - class com.almasb.fxgl.notification.impl.NotificationServiceProvider
19:44:00.719 [FXGL Background Thread 3 ] DEBUG Engine               - class com.almasb.fxgl.achievement.AchievementService
19:44:00.719 [FXGL Background Thread 3 ] DEBUG Engine               - class com.almasb.fxgl.cutscene.CutsceneService
19:44:00.719 [FXGL Background Thread 3 ] DEBUG Engine               - class com.almasb.fxgl.minigames.MiniGameService
19:44:00.719 [FXGL Background Thread 3 ] DEBUG Engine               - class com.almasb.fxgl.net.NetService
19:44:00.719 [FXGL Background Thread 3 ] DEBUG Engine               - class com.almasb.fxgl.app.services.UpdaterService
19:44:00.719 [FXGL Background Thread 3 ] DEBUG Engine               - class com.almasb.fxgl.dev.DevService
19:44:15.074 [JavaFX Application Thread] DEBUG LoopRunner           - Stopping loop
19:44:15.077 [JavaFX Application Thread] FATAL FXGLApplication      - Uncaught Exception:
java.lang.IllegalArgumentException: Component PlayerComponent not found!
	at com.almasb.fxgl.entity@17.3/com.almasb.fxgl.entity.Entity.getComponent(Entity.java:366)
	at com.xen.rzlgame.rzl/com.xen.rzlgame.rzl.Handlers.InputHandler$3.onActionBegin(InputHandler.java:62)
	at com.almasb.fxgl.core@17.3/com.almasb.fxgl.input.UserAction.begin$fxgl_core(UserAction.kt:37)
	at com.almasb.fxgl.core@17.3/com.almasb.fxgl.input.Input.handlePressed(Input.kt:375)
	at com.almasb.fxgl.core@17.3/com.almasb.fxgl.input.Input.onMouseEvent(Input.kt:339)
	at com.almasb.fxgl.core@17.3/com.almasb.fxgl.input.Input.onMouseEvent(Input.kt:328)
	at com.almasb.fxgl.all@17.3/com.almasb.fxgl.app.PrimaryStageWindow$2$1.invoke(MainWindow.kt:313)
	at com.almasb.fxgl.all@17.3/com.almasb.fxgl.app.PrimaryStageWindow$2$1.invoke(MainWindow.kt:313)
	at com.almasb.fxgl.core@17.3/com.almasb.fxgl.core.fsm.StateMachine.runOnActiveStates(StateMachine.kt:69)
	at com.almasb.fxgl.all@17.3/com.almasb.fxgl.app.PrimaryStageWindow$2.invoke(MainWindow.kt:313)
	at com.almasb.fxgl.all@17.3/com.almasb.fxgl.app.PrimaryStageWindow$2.invoke(MainWindow.kt:311)
	at com.almasb.fxgl.all@17.3/com.almasb.fxgl.app.MainWindow.addMouseHandler$lambda$2(MainWindow.kt:237)
	at javafx.base@21/com.sun.javafx.event.CompositeEventHandler$NormalEventHandlerRecord.handleBubblingEvent(CompositeEventHandler.java:247)
	at javafx.base@21/com.sun.javafx.event.CompositeEventHandler.dispatchBubblingEvent(CompositeEventHandler.java:80)
	at javafx.base@21/com.sun.javafx.event.EventHandlerManager.dispatchBubblingEvent(EventHandlerManager.java:232)
	at javafx.base@21/com.sun.javafx.event.EventHandlerManager.dispatchBubblingEvent(EventHandlerManager.java:189)
	at javafx.base@21/com.sun.javafx.event.CompositeEventDispatcher.dispatchBubblingEvent(CompositeEventDispatcher.java:59)
	at javafx.base@21/com.sun.javafx.event.BasicEventDispatcher.dispatchEvent(BasicEventDispatcher.java:58)
	at javafx.base@21/com.sun.javafx.event.EventDispatchChainImpl.dispatchEvent(EventDispatchChainImpl.java:114)
	at javafx.base@21/com.sun.javafx.event.BasicEventDispatcher.dispatchEvent(BasicEventDispatcher.java:56)
	at javafx.base@21/com.sun.javafx.event.EventDispatchChainImpl.dispatchEvent(EventDispatchChainImpl.java:114)
	at javafx.base@21/com.sun.javafx.event.EventUtil.fireEventImpl(EventUtil.java:74)
	at javafx.base@21/com.sun.javafx.event.EventUtil.fireEvent(EventUtil.java:54)
	at javafx.base@21/javafx.event.Event.fireEvent(Event.java:198)
	at javafx.graphics@21/javafx.scene.Scene$MouseHandler.process(Scene.java:3984)
	at javafx.graphics@21/javafx.scene.Scene.processMouseEvent(Scene.java:1890)
	at javafx.graphics@21/javafx.scene.Scene$ScenePeerListener.mouseEvent(Scene.java:2708)
	at javafx.graphics@21/com.sun.javafx.tk.quantum.GlassViewEventHandler$MouseEventNotification.run(GlassViewEventHandler.java:411)
	at javafx.graphics@21/com.sun.javafx.tk.quantum.GlassViewEventHandler$MouseEventNotification.run(GlassViewEventHandler.java:301)
	at java.base/java.security.AccessController.doPrivileged(AccessController.java:400)
	at javafx.graphics@21/com.sun.javafx.tk.quantum.GlassViewEventHandler.lambda$handleMouseEvent$2(GlassViewEventHandler.java:450)
	at javafx.graphics@21/com.sun.javafx.tk.quantum.QuantumToolkit.runWithoutRenderLock(QuantumToolkit.java:424)
	at javafx.graphics@21/com.sun.javafx.tk.quantum.GlassViewEventHandler.handleMouseEvent(GlassViewEventHandler.java:449)
	at javafx.graphics@21/com.sun.glass.ui.View.handleMouseEvent(View.java:551)
	at javafx.graphics@21/com.sun.glass.ui.View.notifyMouse(View.java:937)
	at javafx.graphics@21/com.sun.glass.ui.win.WinApplication._runLoop(Native Method)
	at javafx.graphics@21/com.sun.glass.ui.win.WinApplication.lambda$runLoop$3(WinApplication.java:185)
	at java.base/java.lang.Thread.run(Thread.java:1583)

19:44:15.077 [JavaFX Application Thread] FATAL FXGLApplication      - Application will now exit
19:44:15.087 [JavaFX Application Thread] DEBUG PrimaryStageWindow   - Push state: ErrorSubScene
19:44:15.087 [JavaFX Application Thread] DEBUG Input                - Clearing active input actions
19:44:15.091 [JavaFX Application Thread] DEBUG GameApplicationServi - Removing overlay from GameScene and adding to ErrorSubScene
19:44:15.091 [JavaFX Application Thread] DEBUG PrimaryStageWindow   - GameScene -> ErrorSubScene
19:44:16.541 [JavaFX Application Thread] DEBUG FXGLApplication      - Exiting FXGL
19:44:16.541 [JavaFX Application Thread] DEBUG Async                - Shutting down background threads
19:44:16.541 [JavaFX Application Thread] DEBUG PrimaryStageWindow   - Closing main window
19:44:16.555 [JavaFX Application Thread] DEBUG Logger               - Closing Logger
