18:39:59.231 [main                     ] DEBUG Logger               - Configured Logger
18:39:59.261 [main                     ] DEBUG GameApplication      - Logging settings
Title: Rizal: Noli Me Tangere
Version: 0.0
Width: 800
Height: 600
Fullscreen: false
Intro: false
Profiling: false
Single step:false
App Mode: DEVELOPER
Menu Key: ESCAPE
Stage Style: DECORATED
Scene Factory: class com.almasb.fxgl.app.scene.SceneFactory

18:39:59.552 [JavaFX Application Thread] DEBUG FXGLApplication      - Initializing FXGL
18:39:59.555 [JavaFX Application Thread] INFO  Engine               - FXGL-21.1 (27.03.2024 07.52) on WINDOWS (J:21.0.3 FX:21)
18:39:59.556 [JavaFX Application Thread] DEBUG Engine               - JRE Vendor Name: Oracle Corporation
18:39:59.556 [JavaFX Application Thread] DEBUG Engine               - Running on OS: Windows 11 version 10.0
18:39:59.556 [JavaFX Application Thread] DEBUG Engine               - Architecture: amd64
18:39:59.556 [JavaFX Application Thread] INFO  Engine               - Source code and latest versions at: https://github.com/AlmasB/FXGL
18:39:59.556 [JavaFX Application Thread] INFO  Engine               -       Ask questions and discuss at: https://github.com/AlmasB/FXGL/discussions
18:39:59.556 [JavaFX Application Thread] INFO  Engine               -              Join the FXGL chat at: https://gitter.im/AlmasB/FXGL
18:39:59.614 [JavaFX Application Thread] DEBUG PrimaryStageWindow   - Creating a JavaFX scene
18:39:59.648 [JavaFX Application Thread] DEBUG PrimaryStageWindow   - Target settings size: 800.0 x 600.0
18:39:59.648 [JavaFX Application Thread] DEBUG PrimaryStageWindow   - Scaled scene size:    800.0 x 600.0
18:39:59.648 [JavaFX Application Thread] DEBUG PrimaryStageWindow   - Scaled ratio: (1.0, 1.0)
18:39:59.649 [JavaFX Application Thread] DEBUG PrimaryStageWindow   - Set initial scene to FXGLStartupScene
18:39:59.651 [JavaFX Application Thread] DEBUG PrimaryStageWindow   - Opening main window
18:39:59.717 [JavaFX Application Thread] DEBUG PrimaryStageWindow   - Window border size: (14.4000244140625, 37.5999755859375)
18:39:59.718 [JavaFX Application Thread] DEBUG PrimaryStageWindow   - Scaled size: 800.0 x 600.0
18:39:59.718 [JavaFX Application Thread] DEBUG PrimaryStageWindow   - Scaled ratio: (1.0, 1.0)
18:39:59.718 [JavaFX Application Thread] DEBUG PrimaryStageWindow   - Scene size: 800.0 x 600.0
18:39:59.718 [JavaFX Application Thread] DEBUG PrimaryStageWindow   - Stage size: 814.4000244140625 x 637.5999755859375
18:39:59.723 [FXGL Background Thread 1 ] DEBUG Engine               - Initializing environment variables
18:39:59.760 [FXGL Background Thread 1 ] DEBUG FXGLAssetLoaderServi - User app class for loading assets: class com.xen.rzlgame.rzl.HelloApplication
18:39:59.761 [FXGL Background Thread 1 ] DEBUG GameApplicationServi - Applying CSS: fxgl_dark.css
18:39:59.761 [FXGL Background Thread 1 ] DEBUG FXGLAssetLoaderServi - Loading from file system: jar:file:///C:/Users/acer/.m2/repository/com/github/almasb/fxgl/21.1/fxgl-21.1.jar!/fxglassets/ui/css/fxgl_dark.css
18:39:59.801 [FXGL Background Thread 1 ] DEBUG GameApplicationServi - Initializing application scenes
18:39:59.863 [FXGL Background Thread 1 ] DEBUG GameWorld            - Game world initialized
18:39:59.918 [FXGL Background Thread 1 ] DEBUG PhysicsWorld         - Physics world initialized: appHeight=600, physics.ppm=50.0
18:39:59.918 [FXGL Background Thread 1 ] DEBUG PhysicsWorld         - Using strategy: BRUTE_FORCE
18:39:59.921 [FXGL Background Thread 1 ] DEBUG GameScene            - Game scene initialized: 800x600
18:39:59.929 [FXGL Background Thread 1 ] DEBUG FXGL.DefaultMenu     - createMenuBodyGameMenu()
18:39:59.937 [FXGL Background Thread 1 ] DEBUG FXGL.DefaultMenu     - createOptionsMenu()
18:39:59.945 [FXGL Background Thread 1 ] DEBUG FXGLAssetLoaderServi - Loading from file system: jar:file:///C:/Users/acer/.m2/repository/com/github/almasb/fxgl/21.1/fxgl-21.1.jar!/fxglassets/textures/particles/smoke.png
18:40:00.037 [FXGL Background Thread 1 ] DEBUG FXGLAssetLoaderServi - Loading from file system: jar:file:///C:/Users/acer/.m2/repository/com/github/almasb/fxgl/21.1/fxgl-21.1.jar!/fxglassets/textures/particles/trace_horizontal.png
18:40:00.057 [FXGL Background Thread 1 ] DEBUG GameApplicationServi - Application scenes initialized
18:40:00.073 [FXGL Background Thread 1 ] DEBUG SystemBundleService  - Loading FXGL system data
18:40:00.078 [FXGL Background Thread 1 ] DEBUG FileSystemAccess     - Reading from: C:\Users\acer\IdeaProjects\RZL\system\fxgl.bundle
18:40:00.086 [FXGL Background Thread 1 ] DEBUG SystemBundleService  - Bundle FXGL: {}
18:40:00.086 [FXGL Background Thread 1 ] DEBUG UpdaterService       - Checking for updates
18:40:00.114 [FXGL Background Thread 4 ] DEBUG FXGLApplication      - Loading fonts
18:40:00.114 [FXGL Background Thread 4 ] DEBUG FXGLAssetLoaderServi - Loading from file system: jar:file:///C:/Users/acer/.m2/repository/com/github/almasb/fxgl/21.1/fxgl-21.1.jar!/fxglassets/ui/fonts/VarelaRound-Regular.ttf
18:40:00.116 [FXGL Background Thread 1 ] DEBUG FXGLApplication      - Loading default localization
18:40:00.117 [FXGL Background Thread 1 ] DEBUG FXGLAssetLoaderServi - Loading from file system: jar:file:///C:/Users/acer/.m2/repository/com/github/almasb/fxgl/21.1/fxgl-21.1.jar!/fxglassets/languages/english.lang
18:40:00.151 [FXGL Background Thread 4 ] DEBUG FXGLAssetLoaderServi - Loading from file system: jar:file:///C:/Users/acer/.m2/repository/com/github/almasb/fxgl/21.1/fxgl-21.1.jar!/fxglassets/ui/fonts/Abel-Regular.ttf
18:40:00.154 [FXGL Background Thread 1 ] INFO  FXGLApplication      - FXGL initialization took: 0.431 sec
18:40:00.155 [FXGL Background Thread 4 ] DEBUG FXGLAssetLoaderServi - Loading from file system: jar:file:///C:/Users/acer/.m2/repository/com/github/almasb/fxgl/21.1/fxgl-21.1.jar!/fxglassets/ui/fonts/TerminalLandMono-Regular.otf
18:40:00.155 [JavaFX Application Thread] DEBUG FXGLAssetLoaderServi - Loading from file system: jar:file:///C:/Users/acer/.m2/repository/com/github/almasb/fxgl/21.1/fxgl-21.1.jar!/fxglassets/textures/fxgl_icon.png
18:40:00.158 [FXGL Background Thread 4 ] DEBUG FXGLAssetLoaderServi - Loading from file system: jar:file:///C:/Users/acer/.m2/repository/com/github/almasb/fxgl/21.1/fxgl-21.1.jar!/fxglassets/ui/fonts/Courier-Prime.ttf
18:40:00.178 [JavaFX Application Thread] DEBUG FXGLAssetLoaderServi - Loading from file system: jar:file:///C:/Users/acer/.m2/repository/com/github/almasb/fxgl/21.1/fxgl-21.1.jar!/fxglassets/textures/fxgl_default_cursor.png
18:40:00.195 [JavaFX Application Thread] DEBUG Input                - Registered new binding: Screenshot - CTRL+8
18:40:00.196 [JavaFX Application Thread] DEBUG Input                - Registered new binding: Dev Options - 1
18:40:00.197 [JavaFX Application Thread] DEBUG Input                - Registered new binding: Dev Console - 2
18:40:00.198 [JavaFX Application Thread] DEBUG Input                - Registered new binding: System info dump - CTRL+9
18:40:00.198 [JavaFX Application Thread] DEBUG Input                - Registered new binding: Restart - CTRL+R
18:40:00.199 [JavaFX Application Thread] DEBUG Input                - Registered new binding: Toggle Debug Camera - CTRL+7
18:40:00.204 [JavaFX Application Thread] DEBUG LoopRunner           - Starting loop
18:40:00.237 [JavaFX Application Thread] DEBUG LoopRunner           - Initializing JavaFX AnimationTimerLoop
18:40:00.239 [JavaFX Application Thread] DEBUG GameApplicationServi - Starting new game
18:40:00.240 [JavaFX Application Thread] DEBUG Input                - Clearing active input actions
18:40:00.252 [JavaFX Application Thread] DEBUG GameApplicationServi - Removing overlay from FXGLStartupScene and adding to FXGLLoadingScene
18:40:00.257 [JavaFX Application Thread] DEBUG PrimaryStageWindow   - FXGLStartupScene -> FXGLLoadingScene
18:40:00.257 [JavaFX Application Thread] DEBUG GameApplicationServi - Clearing previous game
18:40:00.257 [JavaFX Application Thread] DEBUG GameScene            - Clearing game scene
18:40:00.257 [JavaFX Application Thread] DEBUG GameWorld            - Clearing game world
18:40:00.258 [JavaFX Application Thread] DEBUG PhysicsWorld         - Clearing physics world
18:40:00.260 [JavaFX Application Thread] DEBUG FXGLApplication      - Registering font factories with UI factory
18:40:00.260 [FXGL Background Thread 4 ] DEBUG FXGLApplication      - Initializing game
18:40:00.281 [FXGL Background Thread 4 ] DEBUG FXGLAssetLoaderServi - Loading from file system: file:/C:/Users/acer/IdeaProjects/RZL/target/classes/assets/music/bgm1.mp3
18:40:00.455 [FXGL Background Thread 4 ] DEBUG AudioPlayer          - Playing music com.almasb.fxgl.audio.Music@74283f01
18:40:00.551 [FXGL Background Thread 4 ] WARN  TMXLevelLoader       - TiledMap generated from 1.11.2. Supported version: 1.9.0. Some features may not be parsed fully.
18:40:00.581 [FXGL Background Thread 4 ] DEBUG TMXLevelLoader       - Parsed TiledMap: file:/C:/Users/acer/IdeaProjects/RZL/target/classes/assets/levels/main_level.tmx
18:40:00.584 [FXGL Background Thread 4 ] DEBUG TMXLevelLoader       - Creating tile layer entities
18:40:00.587 [FXGL Background Thread 4 ] DEBUG TilesetLoader        - Loading view for layer Tile Layer 2
18:40:00.589 [FXGL Background Thread 4 ] DEBUG TilesetLoader        - Created buffer with size 2400.0x640.0
18:40:00.598 [FXGL Background Thread 4 ] DEBUG TilesetLoader        - Loading view for layer Tile Layer 3
18:40:00.600 [FXGL Background Thread 4 ] DEBUG TilesetLoader        - Created buffer with size 2400.0x640.0
18:40:00.603 [FXGL Background Thread 4 ] DEBUG TilesetLoader        - Loading view for layer Tile Layer 4
18:40:00.606 [FXGL Background Thread 4 ] DEBUG TilesetLoader        - Created buffer with size 2400.0x640.0
18:40:00.617 [FXGL Background Thread 4 ] DEBUG TilesetLoader        - Loading view for layer Tile Layer 1
18:40:00.618 [FXGL Background Thread 4 ] DEBUG TilesetLoader        - Created buffer with size 2400.0x640.0
18:40:00.620 [FXGL Background Thread 4 ] DEBUG TMXLevelLoader       - Creating object layer entities
18:40:00.669 [FXGL Background Thread 4 ] WARN  Entity               - Entity already has component: com.almasb.fxgl.entity.components.CollidableComponent
18:40:00.681 [FXGL Background Thread 4 ] DEBUG GameWorld            - Clearing removable entities
18:40:00.684 [FXGL Background Thread 4 ] DEBUG GameWorld            - Setting level: com.almasb.fxgl.entity.level.Level@25917244
18:40:00.690 [FXGL Background Thread 4 ] DEBUG FXGLAssetLoaderServi - Loading from file system: file:/C:/Users/acer/IdeaProjects/RZL/target/classes/assets/textures/playerWalk.png
18:40:00.695 [FXGL Background Thread 4 ] DEBUG FXGLAssetLoaderServi - Loading from file system: file:/C:/Users/acer/IdeaProjects/RZL/target/classes/assets/textures/playerJump.png
18:40:00.697 [FXGL Background Thread 4 ] DEBUG FXGLAssetLoaderServi - Loading from file system: file:/C:/Users/acer/IdeaProjects/RZL/target/classes/assets/textures/playerAttack.png
18:40:00.710 [FXGL Background Thread 4 ] WARN  GameWorld            - Entity is already attached to world
18:40:00.713 [FXGL Background Thread 4 ] WARN  GameWorld            - Entity is already attached to world
18:40:00.714 [FXGL Background Thread 4 ] WARN  GameWorld            - Entity is already attached to world
18:40:00.715 [FXGL Background Thread 4 ] WARN  Entity               - Entity already has component: com.almasb.fxgl.entity.components.CollidableComponent
18:40:00.715 [FXGL Background Thread 4 ] WARN  GameWorld            - Entity is already attached to world
18:40:00.720 [FXGL Background Thread 4 ] DEBUG Input                - Registered new binding: Move A - A
18:40:00.720 [FXGL Background Thread 4 ] DEBUG Input                - Registered new binding: Move D - D
18:40:00.721 [FXGL Background Thread 4 ] DEBUG Input                - Registered new binding: Player Attack - LMB
18:40:00.721 [FXGL Background Thread 4 ] DEBUG Input                - Registered new binding: Player Parry - RMB
18:40:00.721 [FXGL Background Thread 4 ] DEBUG Input                - Registered new binding: Jump - Space
18:40:00.723 [FXGL Background Thread 4 ] DEBUG Input                - Registered new binding: Interact - Z
18:40:00.723 [FXGL Background Thread 4 ] INFO  FXGLApplication      - Game initialization took: 0.463 sec
18:40:01.704 [JavaFX Application Thread] DEBUG Input                - Clearing active input actions
18:40:01.712 [JavaFX Application Thread] DEBUG GameApplicationServi - Removing overlay from FXGLLoadingScene and adding to GameScene
18:40:01.715 [JavaFX Application Thread] DEBUG PrimaryStageWindow   - FXGLLoadingScene -> GameScene
18:40:01.717 [JavaFX Application Thread] DEBUG FXGLAssetLoaderServi - Loading from file system: file:/C:/Users/acer/IdeaProjects/RZL/target/classes/assets/textures/mariaIdle.png
18:40:01.720 [JavaFX Application Thread] DEBUG FXGLAssetLoaderServi - Loading from file system: file:/C:/Users/acer/IdeaProjects/RZL/target/classes/assets/textures/eliasIdle.png
18:40:02.704 [JavaFX Application Thread] DEBUG FXGLApplication      - Exiting FXGL
18:40:02.704 [JavaFX Application Thread] DEBUG LoopRunner           - Stopping loop
18:40:02.704 [JavaFX Application Thread] DEBUG SystemBundleService  - Saving FXGL system data
18:40:02.705 [JavaFX Application Thread] DEBUG FileSystemAccess     - Writing to: C:\Users\acer\IdeaProjects\RZL\system\fxgl.bundle
18:40:02.707 [JavaFX Application Thread] DEBUG Async                - Shutting down background threads
18:40:02.707 [JavaFX Application Thread] DEBUG PrimaryStageWindow   - Closing main window
18:40:02.722 [JavaFX Application Thread] DEBUG Logger               - Closing Logger
