19:52:57.506 [main                     ] DEBUG Logger               - Configured Logger
19:52:57.537 [main                     ] DEBUG GameApplication      - Logging settings
Title: Untitled
Version: 0.0
Width: 800
Height: 600
Fullscreen: false
Intro: false
Profiling: false
Single step:false
App Mode: DEVELOPER
Menu Key: ESCAPE
Stage Style: DECORATED
Scene Factory: class com.almasb.fxgl.app.scene.SceneFactory

19:52:57.850 [JavaFX Application Thread] DEBUG FXGLApplication      - Initializing FXGL
19:52:57.852 [JavaFX Application Thread] INFO  Engine               - FXGL-21.1 (27.03.2024 07.52) on WINDOWS (J:21.0.3 FX:21)
19:52:57.853 [JavaFX Application Thread] DEBUG Engine               - JRE Vendor Name: Oracle Corporation
19:52:57.853 [JavaFX Application Thread] DEBUG Engine               - Running on OS: Windows 11 version 10.0
19:52:57.853 [JavaFX Application Thread] DEBUG Engine               - Architecture: amd64
19:52:57.853 [JavaFX Application Thread] INFO  Engine               - Source code and latest versions at: https://github.com/AlmasB/FXGL
19:52:57.853 [JavaFX Application Thread] INFO  Engine               -       Ask questions and discuss at: https://github.com/AlmasB/FXGL/discussions
19:52:57.853 [JavaFX Application Thread] INFO  Engine               -              Join the FXGL chat at: https://gitter.im/AlmasB/FXGL
19:52:57.924 [JavaFX Application Thread] DEBUG PrimaryStageWindow   - Creating a JavaFX scene
19:52:57.962 [JavaFX Application Thread] DEBUG PrimaryStageWindow   - Target settings size: 800.0 x 600.0
19:52:57.962 [JavaFX Application Thread] DEBUG PrimaryStageWindow   - Scaled scene size:    800.0 x 600.0
19:52:57.962 [JavaFX Application Thread] DEBUG PrimaryStageWindow   - Scaled ratio: (1.0, 1.0)
19:52:57.963 [JavaFX Application Thread] DEBUG PrimaryStageWindow   - Set initial scene to FXGLStartupScene
19:52:57.965 [JavaFX Application Thread] DEBUG PrimaryStageWindow   - Opening main window
19:52:58.023 [JavaFX Application Thread] DEBUG PrimaryStageWindow   - Window border size: (14.4000244140625, 37.5999755859375)
19:52:58.023 [JavaFX Application Thread] DEBUG PrimaryStageWindow   - Scaled size: 800.0 x 600.0
19:52:58.024 [JavaFX Application Thread] DEBUG PrimaryStageWindow   - Scaled ratio: (1.0, 1.0)
19:52:58.024 [JavaFX Application Thread] DEBUG PrimaryStageWindow   - Scene size: 800.0 x 600.0
19:52:58.024 [JavaFX Application Thread] DEBUG PrimaryStageWindow   - Stage size: 814.4000244140625 x 637.5999755859375
19:52:58.031 [FXGL Background Thread 1 ] DEBUG Engine               - Initializing environment variables
19:52:58.087 [FXGL Background Thread 1 ] DEBUG FXGLAssetLoaderServi - User app class for loading assets: class com.xen.rzlgame.rzl.HelloApplication
19:52:58.087 [FXGL Background Thread 1 ] DEBUG GameApplicationServi - Applying CSS: fxgl_dark.css
19:52:58.087 [FXGL Background Thread 1 ] DEBUG FXGLAssetLoaderServi - Loading from file system: jar:file:///C:/Users/acer/.m2/repository/com/github/almasb/fxgl/21.1/fxgl-21.1.jar!/fxglassets/ui/css/fxgl_dark.css
19:52:58.132 [FXGL Background Thread 1 ] DEBUG GameApplicationServi - Initializing application scenes
19:52:58.197 [FXGL Background Thread 1 ] DEBUG GameWorld            - Game world initialized
19:52:58.257 [FXGL Background Thread 1 ] DEBUG PhysicsWorld         - Physics world initialized: appHeight=600, physics.ppm=50.0
19:52:58.258 [FXGL Background Thread 1 ] DEBUG PhysicsWorld         - Using strategy: BRUTE_FORCE
19:52:58.261 [FXGL Background Thread 1 ] DEBUG GameScene            - Game scene initialized: 800x600
19:52:58.269 [FXGL Background Thread 1 ] DEBUG FXGL.DefaultMenu     - createMenuBodyGameMenu()
19:52:58.278 [FXGL Background Thread 1 ] DEBUG FXGL.DefaultMenu     - createOptionsMenu()
19:52:58.284 [FXGL Background Thread 1 ] DEBUG FXGLAssetLoaderServi - Loading from file system: jar:file:///C:/Users/acer/.m2/repository/com/github/almasb/fxgl/21.1/fxgl-21.1.jar!/fxglassets/textures/particles/smoke.png
19:52:58.388 [FXGL Background Thread 1 ] DEBUG FXGLAssetLoaderServi - Loading from file system: jar:file:///C:/Users/acer/.m2/repository/com/github/almasb/fxgl/21.1/fxgl-21.1.jar!/fxglassets/textures/particles/trace_horizontal.png
19:52:58.413 [FXGL Background Thread 1 ] DEBUG GameApplicationServi - Application scenes initialized
19:52:58.424 [FXGL Background Thread 1 ] DEBUG SystemBundleService  - Loading FXGL system data
19:52:58.428 [FXGL Background Thread 1 ] DEBUG FileSystemAccess     - Reading from: C:\Users\acer\IdeaProjects\RZL\system\fxgl.bundle
19:52:58.436 [FXGL Background Thread 1 ] DEBUG SystemBundleService  - Bundle FXGL: {}
19:52:58.436 [FXGL Background Thread 1 ] DEBUG UpdaterService       - Checking for updates
19:52:58.470 [FXGL Background Thread 4 ] DEBUG FXGLApplication      - Loading fonts
19:52:58.470 [FXGL Background Thread 4 ] DEBUG FXGLAssetLoaderServi - Loading from file system: jar:file:///C:/Users/acer/.m2/repository/com/github/almasb/fxgl/21.1/fxgl-21.1.jar!/fxglassets/ui/fonts/VarelaRound-Regular.ttf
19:52:58.472 [FXGL Background Thread 1 ] DEBUG FXGLApplication      - Loading default localization
19:52:58.473 [FXGL Background Thread 1 ] DEBUG FXGLAssetLoaderServi - Loading from file system: jar:file:///C:/Users/acer/.m2/repository/com/github/almasb/fxgl/21.1/fxgl-21.1.jar!/fxglassets/languages/english.lang
19:52:58.512 [FXGL Background Thread 4 ] DEBUG FXGLAssetLoaderServi - Loading from file system: jar:file:///C:/Users/acer/.m2/repository/com/github/almasb/fxgl/21.1/fxgl-21.1.jar!/fxglassets/ui/fonts/Abel-Regular.ttf
19:52:58.516 [FXGL Background Thread 4 ] DEBUG FXGLAssetLoaderServi - Loading from file system: jar:file:///C:/Users/acer/.m2/repository/com/github/almasb/fxgl/21.1/fxgl-21.1.jar!/fxglassets/ui/fonts/TerminalLandMono-Regular.otf
19:52:58.517 [FXGL Background Thread 1 ] INFO  FXGLApplication      - FXGL initialization took: 0.486 sec
19:52:58.519 [JavaFX Application Thread] DEBUG FXGLAssetLoaderServi - Loading from file system: jar:file:///C:/Users/acer/.m2/repository/com/github/almasb/fxgl/21.1/fxgl-21.1.jar!/fxglassets/textures/fxgl_icon.png
19:52:58.520 [FXGL Background Thread 4 ] DEBUG FXGLAssetLoaderServi - Loading from file system: jar:file:///C:/Users/acer/.m2/repository/com/github/almasb/fxgl/21.1/fxgl-21.1.jar!/fxglassets/ui/fonts/Courier-Prime.ttf
19:52:58.537 [JavaFX Application Thread] DEBUG FXGLAssetLoaderServi - Loading from file system: jar:file:///C:/Users/acer/.m2/repository/com/github/almasb/fxgl/21.1/fxgl-21.1.jar!/fxglassets/textures/fxgl_default_cursor.png
19:52:58.553 [JavaFX Application Thread] DEBUG Input                - Registered new binding: Screenshot - CTRL+8
19:52:58.553 [JavaFX Application Thread] DEBUG Input                - Registered new binding: Dev Options - 1
19:52:58.555 [JavaFX Application Thread] DEBUG Input                - Registered new binding: Dev Console - 2
19:52:58.556 [JavaFX Application Thread] DEBUG Input                - Registered new binding: System info dump - CTRL+9
19:52:58.556 [JavaFX Application Thread] DEBUG Input                - Registered new binding: Restart - CTRL+R
19:52:58.558 [JavaFX Application Thread] DEBUG Input                - Registered new binding: Toggle Debug Camera - CTRL+7
19:52:58.569 [JavaFX Application Thread] DEBUG LoopRunner           - Starting loop
19:52:58.598 [JavaFX Application Thread] DEBUG LoopRunner           - Initializing JavaFX AnimationTimerLoop
19:52:58.600 [JavaFX Application Thread] DEBUG GameApplicationServi - Starting new game
19:52:58.600 [JavaFX Application Thread] DEBUG Input                - Clearing active input actions
19:52:58.623 [JavaFX Application Thread] DEBUG GameApplicationServi - Removing overlay from FXGLStartupScene and adding to FXGLLoadingScene
19:52:58.629 [JavaFX Application Thread] DEBUG PrimaryStageWindow   - FXGLStartupScene -> FXGLLoadingScene
19:52:58.629 [JavaFX Application Thread] DEBUG GameApplicationServi - Clearing previous game
19:52:58.629 [JavaFX Application Thread] DEBUG GameScene            - Clearing game scene
19:52:58.629 [JavaFX Application Thread] DEBUG GameWorld            - Clearing game world
19:52:58.630 [JavaFX Application Thread] DEBUG PhysicsWorld         - Clearing physics world
19:52:58.633 [FXGL Background Thread 4 ] DEBUG FXGLApplication      - Initializing game
19:52:58.633 [JavaFX Application Thread] DEBUG FXGLApplication      - Registering font factories with UI factory
19:52:58.672 [FXGL Background Thread 4 ] DEBUG FXGLAssetLoaderServi - Loading from file system: file:/C:/Users/acer/IdeaProjects/RZL/target/classes/assets/textures/playerWalk.png
19:52:58.677 [FXGL Background Thread 4 ] DEBUG FXGLAssetLoaderServi - Loading from file system: file:/C:/Users/acer/IdeaProjects/RZL/target/classes/assets/textures/playerJump.png
19:52:58.678 [FXGL Background Thread 4 ] DEBUG FXGLAssetLoaderServi - Loading from file system: file:/C:/Users/acer/IdeaProjects/RZL/target/classes/assets/textures/playerAttack.png
19:52:58.732 [FXGL Background Thread 4 ] WARN  GameWorld            - Entity is already attached to world
19:52:58.735 [FXGL Background Thread 4 ] WARN  GameWorld            - Entity is already attached to world
19:52:58.737 [FXGL Background Thread 4 ] WARN  GameWorld            - Entity is already attached to world
19:52:58.737 [FXGL Background Thread 4 ] WARN  Entity               - Entity already has component: com.almasb.fxgl.entity.components.CollidableComponent
19:52:58.738 [FXGL Background Thread 4 ] WARN  GameWorld            - Entity is already attached to world
19:52:58.745 [FXGL Background Thread 4 ] DEBUG Input                - Registered new binding: Move A - A
19:52:58.746 [FXGL Background Thread 4 ] DEBUG Input                - Registered new binding: Move D - D
19:52:58.749 [FXGL Background Thread 4 ] DEBUG Input                - Registered new binding: Player Attack - LMB
19:52:58.749 [FXGL Background Thread 4 ] DEBUG Input                - Registered new binding: Player Parry - RMB
19:52:58.750 [FXGL Background Thread 4 ] DEBUG Input                - Registered new binding: Jump - Space
19:52:58.752 [FXGL Background Thread 4 ] DEBUG Input                - Registered new binding: Interact - Z
19:52:58.753 [FXGL Background Thread 4 ] INFO  FXGLApplication      - Game initialization took: 0.121 sec
19:52:58.936 [JavaFX Application Thread] DEBUG Input                - Clearing active input actions
19:52:58.951 [JavaFX Application Thread] DEBUG GameApplicationServi - Removing overlay from FXGLLoadingScene and adding to GameScene
19:52:58.955 [JavaFX Application Thread] DEBUG PrimaryStageWindow   - FXGLLoadingScene -> GameScene
19:53:01.469 [FXGL Background Thread 3 ] DEBUG Engine               - Logging environment variables
19:53:01.469 [FXGL Background Thread 3 ] DEBUG Engine               - achievements: []
19:53:01.470 [FXGL Background Thread 3 ] DEBUG Engine               - actualHeight: 600.0
19:53:01.470 [FXGL Background Thread 3 ] DEBUG Engine               - actualHeightProperty: ReadOnlyDoubleProperty [value: 600.0]
19:53:01.470 [FXGL Background Thread 3 ] DEBUG Engine               - actualWidth: 800.0
19:53:01.470 [FXGL Background Thread 3 ] DEBUG Engine               - actualWidthProperty: ReadOnlyDoubleProperty [value: 800.0]
19:53:01.470 [FXGL Background Thread 3 ] DEBUG Engine               - appIcon: fxgl_icon.png
19:53:01.470 [FXGL Background Thread 3 ] DEBUG Engine               - applicationMode: DEVELOPER
19:53:01.470 [FXGL Background Thread 3 ] DEBUG Engine               - cSSList: [fxgl_dark.css]
19:53:01.470 [FXGL Background Thread 3 ] DEBUG Engine               - collisionDetectionStrategy: BRUTE_FORCE
19:53:01.470 [FXGL Background Thread 3 ] DEBUG Engine               - configClass: Optional.empty
19:53:01.470 [FXGL Background Thread 3 ] DEBUG Engine               - credits: []
19:53:01.470 [FXGL Background Thread 3 ] DEBUG Engine               - defaultCursor: CursorInfo(imageName=fxgl_default_cursor.png, hotspotX=7.0, hotspotY=6.0)
19:53:01.470 [FXGL Background Thread 3 ] DEBUG Engine               - devBBoxColorProperty: ObjectProperty [value: 0xff0000ff]
19:53:01.470 [FXGL Background Thread 3 ] DEBUG Engine               - devEnableDebugCameraProperty: BooleanProperty [value: false]
19:53:01.471 [FXGL Background Thread 3 ] DEBUG Engine               - devSensorColorProperty: ObjectProperty [value: 0xffff00ff]
19:53:01.471 [FXGL Background Thread 3 ] DEBUG Engine               - devShowBBoxProperty: BooleanProperty [value: false]
19:53:01.471 [FXGL Background Thread 3 ] DEBUG Engine               - devShowPositionProperty: BooleanProperty [value: false]
19:53:01.471 [FXGL Background Thread 3 ] DEBUG Engine               - enabledMenuItems: []
19:53:01.471 [FXGL Background Thread 3 ] DEBUG Engine               - engineServices: [class com.almasb.fxgl.app.services.FXGLAssetLoaderService, class com.almasb.fxgl.app.FXGLApplication$GameApplicationService, class com.almasb.fxgl.app.services.FXGLDialogService, class com.almasb.fxgl.app.services.IOTaskExecutorService, class com.almasb.fxgl.io.FileSystemService, class com.almasb.fxgl.localization.LocalizationService, class com.almasb.fxgl.app.services.SystemBundleService, class com.almasb.fxgl.profile.SaveLoadService, class com.almasb.fxgl.ui.FXGLUIFactoryServiceProvider, class com.almasb.fxgl.ui.FXGLDialogFactoryServiceProvider, class com.almasb.fxgl.audio.AudioPlayer, class com.almasb.fxgl.notification.impl.NotificationServiceProvider, class com.almasb.fxgl.achievement.AchievementService, class com.almasb.fxgl.cutscene.CutsceneService, class com.almasb.fxgl.minigames.MiniGameService, class com.almasb.fxgl.net.NetService, class com.almasb.fxgl.app.services.UpdaterService, class com.almasb.fxgl.dev.DevService]
19:53:01.471 [FXGL Background Thread 3 ] DEBUG Engine               - fontGame: Abel-Regular.ttf
19:53:01.471 [FXGL Background Thread 3 ] DEBUG Engine               - fontMono: TerminalLandMono-Regular.otf
19:53:01.471 [FXGL Background Thread 3 ] DEBUG Engine               - fontSizeScaleUI: 1.0
19:53:01.471 [FXGL Background Thread 3 ] DEBUG Engine               - fontText: Courier-Prime.ttf
19:53:01.471 [FXGL Background Thread 3 ] DEBUG Engine               - fontUI: VarelaRound-Regular.ttf
19:53:01.471 [FXGL Background Thread 3 ] DEBUG Engine               - fullScreen: BooleanProperty [value: false]
19:53:01.471 [FXGL Background Thread 3 ] DEBUG Engine               - gameDifficulty: MEDIUM
19:53:01.471 [FXGL Background Thread 3 ] DEBUG Engine               - gameDifficultyProperty: ObjectProperty [value: MEDIUM]
19:53:01.471 [FXGL Background Thread 3 ] DEBUG Engine               - globalMusicVolume: 0.5
19:53:01.472 [FXGL Background Thread 3 ] DEBUG Engine               - globalMusicVolumeProperty: DoubleProperty [value: 0.5]
19:53:01.472 [FXGL Background Thread 3 ] DEBUG Engine               - globalSoundVolume: 0.5
19:53:01.472 [FXGL Background Thread 3 ] DEBUG Engine               - globalSoundVolumeProperty: DoubleProperty [value: 0.5]
19:53:01.472 [FXGL Background Thread 3 ] DEBUG Engine               - height: 600
19:53:01.472 [FXGL Background Thread 3 ] DEBUG Engine               - is3D: false
19:53:01.472 [FXGL Background Thread 3 ] DEBUG Engine               - isAndroid: false
19:53:01.472 [FXGL Background Thread 3 ] DEBUG Engine               - isBrowser: false
19:53:01.472 [FXGL Background Thread 3 ] DEBUG Engine               - isClickFeedbackEnabled: false
19:53:01.472 [FXGL Background Thread 3 ] DEBUG Engine               - isCloseConfirmation: false
19:53:01.472 [FXGL Background Thread 3 ] DEBUG Engine               - isDesktop: true
19:53:01.472 [FXGL Background Thread 3 ] DEBUG Engine               - isDeveloperMenuEnabled: true
19:53:01.472 [FXGL Background Thread 3 ] DEBUG Engine               - isEmbedded: false
19:53:01.472 [FXGL Background Thread 3 ] DEBUG Engine               - isEntityPreloadEnabled: true
19:53:01.472 [FXGL Background Thread 3 ] DEBUG Engine               - isExperimentalTiledLargeMap: false
19:53:01.472 [FXGL Background Thread 3 ] DEBUG Engine               - isFileSystemWriteAllowed: true
19:53:01.472 [FXGL Background Thread 3 ] DEBUG Engine               - isFullScreenAllowed: false
19:53:01.472 [FXGL Background Thread 3 ] DEBUG Engine               - isFullScreenFromStart: false
19:53:01.472 [FXGL Background Thread 3 ] DEBUG Engine               - isGameMenuEnabled: true
19:53:01.472 [FXGL Background Thread 3 ] DEBUG Engine               - isIOS: false
19:53:01.472 [FXGL Background Thread 3 ] DEBUG Engine               - isIntroEnabled: false
19:53:01.472 [FXGL Background Thread 3 ] DEBUG Engine               - isLinux: false
19:53:01.473 [FXGL Background Thread 3 ] DEBUG Engine               - isMac: false
19:53:01.473 [FXGL Background Thread 3 ] DEBUG Engine               - isMainMenuEnabled: false
19:53:01.473 [FXGL Background Thread 3 ] DEBUG Engine               - isManualResizeEnabled: false
19:53:01.473 [FXGL Background Thread 3 ] DEBUG Engine               - isMobile: false
19:53:01.473 [FXGL Background Thread 3 ] DEBUG Engine               - isNative: false
19:53:01.473 [FXGL Background Thread 3 ] DEBUG Engine               - isPauseMusicWhenMinimized: true
19:53:01.473 [FXGL Background Thread 3 ] DEBUG Engine               - isPreserveResizeRatio: false
19:53:01.473 [FXGL Background Thread 3 ] DEBUG Engine               - isProfilingEnabled: false
19:53:01.473 [FXGL Background Thread 3 ] DEBUG Engine               - isScaleAffectedOnResize: true
19:53:01.473 [FXGL Background Thread 3 ] DEBUG Engine               - isSingleStep: false
19:53:01.473 [FXGL Background Thread 3 ] DEBUG Engine               - isUserProfileEnabled: false
19:53:01.473 [FXGL Background Thread 3 ] DEBUG Engine               - isWindows: true
19:53:01.473 [FXGL Background Thread 3 ] DEBUG Engine               - language: ObjectProperty [value: ENGLISH]
19:53:01.473 [FXGL Background Thread 3 ] DEBUG Engine               - menuKey: ESCAPE
19:53:01.473 [FXGL Background Thread 3 ] DEBUG Engine               - mouseSensitivity: 0.2
19:53:01.473 [FXGL Background Thread 3 ] DEBUG Engine               - notificationViewClass: class com.almasb.fxgl.notification.view.XboxNotificationView
19:53:01.474 [FXGL Background Thread 3 ] DEBUG Engine               - pixelsPerMeter: 50.0
19:53:01.474 [FXGL Background Thread 3 ] DEBUG Engine               - platform: WINDOWS
19:53:01.474 [FXGL Background Thread 3 ] DEBUG Engine               - prefHeightProperty: ReadOnlyDoubleProperty [value: 600.0]
19:53:01.474 [FXGL Background Thread 3 ] DEBUG Engine               - prefWidthProperty: ReadOnlyDoubleProperty [value: 800.0]
19:53:01.474 [FXGL Background Thread 3 ] DEBUG Engine               - profileDir: profiles/
19:53:01.474 [FXGL Background Thread 3 ] DEBUG Engine               - profileName: StringProperty [value: DEFAULT]
19:53:01.474 [FXGL Background Thread 3 ] DEBUG Engine               - randomSeed: -1
19:53:01.474 [FXGL Background Thread 3 ] DEBUG Engine               - runtimeInfo: RuntimeInfo(platform=WINDOWS, version=21.1, build=27.03.2024 07.52)
19:53:01.474 [FXGL Background Thread 3 ] DEBUG Engine               - saveFileExt: sav
19:53:01.474 [FXGL Background Thread 3 ] DEBUG Engine               - scaledHeightProp$fxgl: DoubleProperty [bound, value: 600.0]
19:53:01.474 [FXGL Background Thread 3 ] DEBUG Engine               - scaledWidthProp$fxgl: DoubleProperty [bound, value: 800.0]
19:53:01.474 [FXGL Background Thread 3 ] DEBUG Engine               - sceneFactory: com.almasb.fxgl.app.scene.SceneFactory@14554867
19:53:01.474 [FXGL Background Thread 3 ] DEBUG Engine               - secondsIn24h: 60
19:53:01.474 [FXGL Background Thread 3 ] DEBUG Engine               - soundMenuBack: menu/back.wav
19:53:01.474 [FXGL Background Thread 3 ] DEBUG Engine               - soundMenuPress: menu/press.wav
19:53:01.474 [FXGL Background Thread 3 ] DEBUG Engine               - soundMenuSelect: menu/select.wav
19:53:01.474 [FXGL Background Thread 3 ] DEBUG Engine               - soundNotification: core/notification.wav
19:53:01.475 [FXGL Background Thread 3 ] DEBUG Engine               - stageStyle: DECORATED
19:53:01.475 [FXGL Background Thread 3 ] DEBUG Engine               - supportedLanguages: [ENGLISH, FRENCH, GERMAN, HUNGARIAN, RUSSIAN]
19:53:01.475 [FXGL Background Thread 3 ] DEBUG Engine               - ticksPerSecond: -1
19:53:01.475 [FXGL Background Thread 3 ] DEBUG Engine               - title: Untitled
19:53:01.475 [FXGL Background Thread 3 ] DEBUG Engine               - urlGithub: https://github.com/AlmasB/FXGL
19:53:01.475 [FXGL Background Thread 3 ] DEBUG Engine               - urlLeaderboard: http://fxgl-top.herokuapp.com/
19:53:01.475 [FXGL Background Thread 3 ] DEBUG Engine               - urlPOM: https://raw.githubusercontent.com/AlmasB/FXGL/release/README.md
19:53:01.475 [FXGL Background Thread 3 ] DEBUG Engine               - userAppClass: class com.xen.rzlgame.rzl.HelloApplication
19:53:01.475 [FXGL Background Thread 3 ] DEBUG Engine               - version: 0.0
19:53:01.475 [FXGL Background Thread 3 ] DEBUG Engine               - versionCheckDays: 7
19:53:01.475 [FXGL Background Thread 3 ] DEBUG Engine               - width: 800
19:53:01.475 [FXGL Background Thread 3 ] DEBUG Engine               - Logging services
19:53:01.475 [FXGL Background Thread 3 ] DEBUG Engine               - class com.almasb.fxgl.app.services.FXGLAssetLoaderService
19:53:01.475 [FXGL Background Thread 3 ] DEBUG Engine               - class com.almasb.fxgl.app.FXGLApplication$GameApplicationService
19:53:01.475 [FXGL Background Thread 3 ] DEBUG Engine               - class com.almasb.fxgl.app.services.FXGLDialogService
19:53:01.475 [FXGL Background Thread 3 ] DEBUG Engine               - class com.almasb.fxgl.app.services.IOTaskExecutorService
19:53:01.475 [FXGL Background Thread 3 ] DEBUG Engine               - class com.almasb.fxgl.io.FileSystemService
19:53:01.475 [FXGL Background Thread 3 ] DEBUG Engine               - class com.almasb.fxgl.localization.LocalizationService
19:53:01.475 [FXGL Background Thread 3 ] DEBUG Engine               - class com.almasb.fxgl.app.services.SystemBundleService
19:53:01.475 [FXGL Background Thread 3 ] DEBUG Engine               - class com.almasb.fxgl.profile.SaveLoadService
19:53:01.475 [FXGL Background Thread 3 ] DEBUG Engine               - class com.almasb.fxgl.ui.FXGLUIFactoryServiceProvider
19:53:01.475 [FXGL Background Thread 3 ] DEBUG Engine               - class com.almasb.fxgl.ui.FXGLDialogFactoryServiceProvider
19:53:01.475 [FXGL Background Thread 3 ] DEBUG Engine               - class com.almasb.fxgl.audio.AudioPlayer
19:53:01.475 [FXGL Background Thread 3 ] DEBUG Engine               - class com.almasb.fxgl.notification.impl.NotificationServiceProvider
19:53:01.475 [FXGL Background Thread 3 ] DEBUG Engine               - class com.almasb.fxgl.achievement.AchievementService
19:53:01.475 [FXGL Background Thread 3 ] DEBUG Engine               - class com.almasb.fxgl.cutscene.CutsceneService
19:53:01.475 [FXGL Background Thread 3 ] DEBUG Engine               - class com.almasb.fxgl.minigames.MiniGameService
19:53:01.476 [FXGL Background Thread 3 ] DEBUG Engine               - class com.almasb.fxgl.net.NetService
19:53:01.476 [FXGL Background Thread 3 ] DEBUG Engine               - class com.almasb.fxgl.app.services.UpdaterService
19:53:01.476 [FXGL Background Thread 3 ] DEBUG Engine               - class com.almasb.fxgl.dev.DevService
19:53:15.217 [JavaFX Application Thread] DEBUG FXGLApplication      - Exiting FXGL
19:53:15.218 [JavaFX Application Thread] DEBUG LoopRunner           - Stopping loop
19:53:15.218 [JavaFX Application Thread] DEBUG SystemBundleService  - Saving FXGL system data
19:53:15.220 [JavaFX Application Thread] DEBUG FileSystemAccess     - Writing to: C:\Users\acer\IdeaProjects\RZL\system\fxgl.bundle
19:53:15.222 [JavaFX Application Thread] DEBUG Async                - Shutting down background threads
19:53:15.222 [JavaFX Application Thread] DEBUG PrimaryStageWindow   - Closing main window
19:53:15.234 [JavaFX Application Thread] DEBUG Logger               - Closing Logger
