19:44:39.877 [main                     ] DEBUG Logger               - Configured Logger
19:44:39.910 [main                     ] DEBUG GameApplication      - Logging settings
Title: Untitled
Version: 0.0
Width: 800
Height: 600
Fullscreen: false
Intro: false
Profiling: false
Single step:false
App Mode: DEVELOPER
Menu Key: ESCAPE
Stage Style: DECORATED
Scene Factory: class com.almasb.fxgl.app.scene.SceneFactory

19:44:40.176 [JavaFX Application Thread] DEBUG FXGLApplication      - Initializing FXGL
19:44:40.179 [JavaFX Application Thread] INFO  Engine               - FXGL-17.3 (30.03.2023 11.49) on WINDOWS (J:21.0.3 FX:21)
19:44:40.179 [JavaFX Application Thread] DEBUG Engine               - JRE Vendor Name: Oracle Corporation
19:44:40.179 [JavaFX Application Thread] DEBUG Engine               - Running on OS: Windows 11 version 10.0
19:44:40.179 [JavaFX Application Thread] DEBUG Engine               - Architecture: amd64
19:44:40.179 [JavaFX Application Thread] INFO  Engine               - Source code and latest versions at: https://github.com/AlmasB/FXGL
19:44:40.179 [JavaFX Application Thread] INFO  Engine               -       Ask questions and discuss at: https://github.com/AlmasB/FXGL/discussions
19:44:40.179 [JavaFX Application Thread] INFO  Engine               -              Join the FXGL chat at: https://gitter.im/AlmasB/FXGL
19:44:40.238 [JavaFX Application Thread] DEBUG PrimaryStageWindow   - Creating a JavaFX scene
19:44:40.272 [JavaFX Application Thread] DEBUG PrimaryStageWindow   - Target settings size: 800.0 x 600.0
19:44:40.273 [JavaFX Application Thread] DEBUG PrimaryStageWindow   - Scaled scene size:    800.0 x 600.0
19:44:40.273 [JavaFX Application Thread] DEBUG PrimaryStageWindow   - Scaled ratio: (1.0, 1.0)
19:44:40.274 [JavaFX Application Thread] DEBUG PrimaryStageWindow   - Set initial scene to FXGLStartupScene
19:44:40.276 [JavaFX Application Thread] DEBUG PrimaryStageWindow   - Opening main window
19:44:40.329 [JavaFX Application Thread] DEBUG PrimaryStageWindow   - Window border size: (14.4000244140625, 37.5999755859375)
19:44:40.329 [JavaFX Application Thread] DEBUG PrimaryStageWindow   - Scaled size: 800.0 x 600.0
19:44:40.330 [JavaFX Application Thread] DEBUG PrimaryStageWindow   - Scaled ratio: (1.0, 1.0)
19:44:40.330 [JavaFX Application Thread] DEBUG PrimaryStageWindow   - Scene size: 800.0 x 600.0
19:44:40.330 [JavaFX Application Thread] DEBUG PrimaryStageWindow   - Stage size: 814.4000244140625 x 637.5999755859375
19:44:40.336 [FXGL Background Thread 1 ] DEBUG Engine               - Initializing environment variables
19:44:40.382 [FXGL Background Thread 1 ] DEBUG FXGLAssetLoaderServi - User app class for loading assets: class com.xen.rzlgame.rzl.HelloApplication
19:44:40.384 [FXGL Background Thread 1 ] DEBUG GameApplicationServi - Applying CSS: fxgl_dark.css
19:44:40.384 [FXGL Background Thread 1 ] DEBUG FXGLAssetLoaderServi - Loading from file system: jar:file:///C:/Users/acer/.m2/repository/com/github/almasb/fxgl/17.3/fxgl-17.3.jar!/fxglassets/ui/css/fxgl_dark.css
19:44:40.425 [FXGL Background Thread 1 ] DEBUG GameApplicationServi - Initializing application scenes
19:44:40.476 [FXGL Background Thread 1 ] DEBUG GameWorld            - Game world initialized
19:44:40.533 [FXGL Background Thread 1 ] DEBUG PhysicsWorld         - Physics world initialized: appHeight=600, physics.ppm=50.0
19:44:40.534 [FXGL Background Thread 1 ] DEBUG PhysicsWorld         - Using strategy: BRUTE_FORCE
19:44:40.536 [FXGL Background Thread 1 ] DEBUG GameScene            - Game scene initialized: 800x600
19:44:40.543 [FXGL Background Thread 1 ] DEBUG FXGL.DefaultMenu     - createMenuBodyGameMenu()
19:44:40.552 [FXGL Background Thread 1 ] DEBUG FXGL.DefaultMenu     - createOptionsMenu()
19:44:40.558 [FXGL Background Thread 1 ] DEBUG FXGLAssetLoaderServi - Loading from file system: jar:file:///C:/Users/acer/.m2/repository/com/github/almasb/fxgl/17.3/fxgl-17.3.jar!/fxglassets/textures/particles/smoke.png
19:44:40.648 [FXGL Background Thread 1 ] DEBUG FXGLAssetLoaderServi - Loading from file system: jar:file:///C:/Users/acer/.m2/repository/com/github/almasb/fxgl/17.3/fxgl-17.3.jar!/fxglassets/textures/particles/trace_horizontal.png
19:44:40.668 [FXGL Background Thread 1 ] DEBUG GameApplicationServi - Application scenes initialized
19:44:40.679 [FXGL Background Thread 1 ] DEBUG SystemBundleService  - Loading FXGL system data
19:44:40.683 [FXGL Background Thread 1 ] DEBUG FileSystemAccess     - Reading from: C:\Users\acer\IdeaProjects\RZL\system\fxgl.bundle
19:44:40.690 [FXGL Background Thread 1 ] DEBUG SystemBundleService  - Bundle FXGL: {}
19:44:40.690 [FXGL Background Thread 1 ] DEBUG UpdaterService       - Checking for updates
19:44:40.693 [FXGL Background Thread 4 ] DEBUG FXGLApplication      - Loading fonts
19:44:40.693 [FXGL Background Thread 4 ] DEBUG FXGLAssetLoaderServi - Loading from file system: jar:file:///C:/Users/acer/.m2/repository/com/github/almasb/fxgl/17.3/fxgl-17.3.jar!/fxglassets/ui/fonts/VarelaRound-Regular.ttf
19:44:40.693 [FXGL Background Thread 1 ] DEBUG FXGLApplication      - Loading default localization
19:44:40.694 [FXGL Background Thread 1 ] DEBUG FXGLAssetLoaderServi - Loading from file system: jar:file:///C:/Users/acer/.m2/repository/com/github/almasb/fxgl/17.3/fxgl-17.3.jar!/fxglassets/languages/english.lang
19:44:40.746 [FXGL Background Thread 4 ] DEBUG FXGLAssetLoaderServi - Loading from file system: jar:file:///C:/Users/acer/.m2/repository/com/github/almasb/fxgl/17.3/fxgl-17.3.jar!/fxglassets/ui/fonts/Abel-Regular.ttf
19:44:40.747 [FXGL Background Thread 1 ] INFO  FXGLApplication      - FXGL initialization took: 0.411 sec
19:44:40.748 [JavaFX Application Thread] DEBUG FXGLAssetLoaderServi - Loading from file system: jar:file:///C:/Users/acer/.m2/repository/com/github/almasb/fxgl/17.3/fxgl-17.3.jar!/fxglassets/textures/fxgl_icon.png
19:44:40.749 [FXGL Background Thread 4 ] DEBUG FXGLAssetLoaderServi - Loading from file system: jar:file:///C:/Users/acer/.m2/repository/com/github/almasb/fxgl/17.3/fxgl-17.3.jar!/fxglassets/ui/fonts/TerminalLandMono-Regular.otf
19:44:40.752 [FXGL Background Thread 4 ] DEBUG FXGLAssetLoaderServi - Loading from file system: jar:file:///C:/Users/acer/.m2/repository/com/github/almasb/fxgl/17.3/fxgl-17.3.jar!/fxglassets/ui/fonts/Courier-Prime.ttf
19:44:40.764 [JavaFX Application Thread] DEBUG FXGLAssetLoaderServi - Loading from file system: jar:file:///C:/Users/acer/.m2/repository/com/github/almasb/fxgl/17.3/fxgl-17.3.jar!/fxglassets/textures/fxgl_default_cursor.png
19:44:40.781 [JavaFX Application Thread] DEBUG Input                - Registered new binding: Screenshot - CTRL+8
19:44:40.782 [JavaFX Application Thread] DEBUG Input                - Registered new binding: System info dump - CTRL+9
19:44:40.783 [JavaFX Application Thread] DEBUG Input                - Registered new binding: Restart - CTRL+R
19:44:40.784 [JavaFX Application Thread] DEBUG Input                - Registered new binding: Toggle Debug Camera - CTRL+7
19:44:40.788 [JavaFX Application Thread] DEBUG LoopRunner           - Starting loop
19:44:40.788 [JavaFX Application Thread] DEBUG LoopRunner           - Initializing JavaFX AnimationTimerLoop
19:44:40.790 [JavaFX Application Thread] DEBUG GameApplicationServi - Starting new game
19:44:40.791 [JavaFX Application Thread] DEBUG Input                - Clearing active input actions
19:44:40.803 [JavaFX Application Thread] DEBUG GameApplicationServi - Removing overlay from FXGLStartupScene and adding to FXGLLoadingScene
19:44:40.803 [JavaFX Application Thread] DEBUG PrimaryStageWindow   - FXGLStartupScene -> FXGLLoadingScene
19:44:40.803 [JavaFX Application Thread] DEBUG GameApplicationServi - Clearing previous game
19:44:40.803 [JavaFX Application Thread] DEBUG GameScene            - Clearing game scene
19:44:40.803 [JavaFX Application Thread] DEBUG GameWorld            - Clearing game world
19:44:40.803 [JavaFX Application Thread] DEBUG PhysicsWorld         - Clearing physics world
19:44:40.806 [FXGL Background Thread 4 ] DEBUG FXGLApplication      - Initializing game
19:44:40.807 [JavaFX Application Thread] DEBUG FXGLApplication      - Registering font factories with UI factory
19:44:40.886 [FXGL Background Thread 4 ] WARN  GameWorld            - Entity is already attached to world
19:44:40.889 [FXGL Background Thread 4 ] WARN  GameWorld            - Entity is already attached to world
19:44:40.895 [FXGL Background Thread 4 ] WARN  GameWorld            - Entity is already attached to world
19:44:40.896 [FXGL Background Thread 4 ] WARN  GameWorld            - Entity is already attached to world
19:44:40.903 [FXGL Background Thread 4 ] DEBUG Input                - Registered new binding: Move A - A
19:44:40.904 [FXGL Background Thread 4 ] DEBUG Input                - Registered new binding: Move D - D
19:44:40.904 [FXGL Background Thread 4 ] DEBUG Input                - Registered new binding: Move W - W
19:44:40.904 [FXGL Background Thread 4 ] DEBUG Input                - Registered new binding: Move S - S
19:44:40.906 [FXGL Background Thread 4 ] DEBUG Input                - Registered new binding: Player Attack - LMB
19:44:40.907 [FXGL Background Thread 4 ] DEBUG Input                - Registered new binding: Player Parry - RMB
19:44:40.907 [FXGL Background Thread 4 ] DEBUG Input                - Registered new binding: Sprint - Space
19:44:40.909 [FXGL Background Thread 4 ] DEBUG Input                - Registered new binding: Interact - Z
19:44:40.909 [FXGL Background Thread 4 ] INFO  FXGLApplication      - Game initialization took: 0.103 sec
19:44:40.942 [JavaFX Application Thread] DEBUG Input                - Clearing active input actions
19:44:40.947 [JavaFX Application Thread] DEBUG GameApplicationServi - Removing overlay from FXGLLoadingScene and adding to GameScene
19:44:40.947 [JavaFX Application Thread] DEBUG PrimaryStageWindow   - FXGLLoadingScene -> GameScene
19:44:41.154 [FXGL Background Thread 2 ] INFO  UpdaterService       - Your current version:  17.3
19:44:41.154 [FXGL Background Thread 2 ] INFO  UpdaterService       - Latest stable version: 21.1
19:44:43.693 [FXGL Background Thread 3 ] DEBUG Engine               - Logging environment variables
19:44:43.694 [FXGL Background Thread 3 ] DEBUG Engine               - achievements: []
19:44:43.694 [FXGL Background Thread 3 ] DEBUG Engine               - actualHeight: 600.0
19:44:43.694 [FXGL Background Thread 3 ] DEBUG Engine               - actualHeightProperty: ReadOnlyDoubleProperty [value: 600.0]
19:44:43.694 [FXGL Background Thread 3 ] DEBUG Engine               - actualWidth: 800.0
19:44:43.694 [FXGL Background Thread 3 ] DEBUG Engine               - actualWidthProperty: ReadOnlyDoubleProperty [value: 800.0]
19:44:43.694 [FXGL Background Thread 3 ] DEBUG Engine               - appIcon: fxgl_icon.png
19:44:43.694 [FXGL Background Thread 3 ] DEBUG Engine               - applicationMode: DEVELOPER
19:44:43.695 [FXGL Background Thread 3 ] DEBUG Engine               - cSSList: [fxgl_dark.css]
19:44:43.695 [FXGL Background Thread 3 ] DEBUG Engine               - collisionDetectionStrategy: BRUTE_FORCE
19:44:43.695 [FXGL Background Thread 3 ] DEBUG Engine               - configClass: Optional.empty
19:44:43.695 [FXGL Background Thread 3 ] DEBUG Engine               - credits: []
19:44:43.695 [FXGL Background Thread 3 ] DEBUG Engine               - defaultCursor: CursorInfo(imageName=fxgl_default_cursor.png, hotspotX=7.0, hotspotY=6.0)
19:44:43.696 [FXGL Background Thread 3 ] DEBUG Engine               - devBBoxColorProperty: ObjectProperty [value: 0xff0000ff]
19:44:43.696 [FXGL Background Thread 3 ] DEBUG Engine               - devEnableDebugCameraProperty: BooleanProperty [value: false]
19:44:43.696 [FXGL Background Thread 3 ] DEBUG Engine               - devSensorColorProperty: ObjectProperty [value: 0xffff00ff]
19:44:43.696 [FXGL Background Thread 3 ] DEBUG Engine               - devShowBBoxProperty: BooleanProperty [value: false]
19:44:43.696 [FXGL Background Thread 3 ] DEBUG Engine               - devShowPositionProperty: BooleanProperty [value: false]
19:44:43.696 [FXGL Background Thread 3 ] DEBUG Engine               - enabledMenuItems: []
19:44:43.697 [FXGL Background Thread 3 ] DEBUG Engine               - engineServices: [class com.almasb.fxgl.app.services.FXGLAssetLoaderService, class com.almasb.fxgl.app.FXGLApplication$GameApplicationService, class com.almasb.fxgl.app.services.FXGLDialogService, class com.almasb.fxgl.app.services.IOTaskExecutorService, class com.almasb.fxgl.io.FileSystemService, class com.almasb.fxgl.localization.LocalizationService, class com.almasb.fxgl.app.services.SystemBundleService, class com.almasb.fxgl.profile.SaveLoadService, class com.almasb.fxgl.ui.FXGLUIFactoryServiceProvider, class com.almasb.fxgl.ui.FXGLDialogFactoryServiceProvider, class com.almasb.fxgl.audio.AudioPlayer, class com.almasb.fxgl.notification.impl.NotificationServiceProvider, class com.almasb.fxgl.achievement.AchievementService, class com.almasb.fxgl.cutscene.CutsceneService, class com.almasb.fxgl.minigames.MiniGameService, class com.almasb.fxgl.net.NetService, class com.almasb.fxgl.app.services.UpdaterService, class com.almasb.fxgl.dev.DevService]
19:44:43.697 [FXGL Background Thread 3 ] DEBUG Engine               - fontGame: Abel-Regular.ttf
19:44:43.697 [FXGL Background Thread 3 ] DEBUG Engine               - fontMono: TerminalLandMono-Regular.otf
19:44:43.697 [FXGL Background Thread 3 ] DEBUG Engine               - fontSizeScaleUI: 1.0
19:44:43.697 [FXGL Background Thread 3 ] DEBUG Engine               - fontText: Courier-Prime.ttf
19:44:43.697 [FXGL Background Thread 3 ] DEBUG Engine               - fontUI: VarelaRound-Regular.ttf
19:44:43.697 [FXGL Background Thread 3 ] DEBUG Engine               - fullScreen: BooleanProperty [value: false]
19:44:43.697 [FXGL Background Thread 3 ] DEBUG Engine               - gameDifficulty: MEDIUM
19:44:43.697 [FXGL Background Thread 3 ] DEBUG Engine               - gameDifficultyProperty: ObjectProperty [value: MEDIUM]
19:44:43.697 [FXGL Background Thread 3 ] DEBUG Engine               - globalMusicVolume: 0.5
19:44:43.697 [FXGL Background Thread 3 ] DEBUG Engine               - globalMusicVolumeProperty: DoubleProperty [value: 0.5]
19:44:43.697 [FXGL Background Thread 3 ] DEBUG Engine               - globalSoundVolume: 0.5
19:44:43.697 [FXGL Background Thread 3 ] DEBUG Engine               - globalSoundVolumeProperty: DoubleProperty [value: 0.5]
19:44:43.697 [FXGL Background Thread 3 ] DEBUG Engine               - height: 600
19:44:43.697 [FXGL Background Thread 3 ] DEBUG Engine               - is3D: false
19:44:43.697 [FXGL Background Thread 3 ] DEBUG Engine               - isAndroid: false
19:44:43.698 [FXGL Background Thread 3 ] DEBUG Engine               - isBrowser: false
19:44:43.698 [FXGL Background Thread 3 ] DEBUG Engine               - isClickFeedbackEnabled: false
19:44:43.698 [FXGL Background Thread 3 ] DEBUG Engine               - isCloseConfirmation: false
19:44:43.698 [FXGL Background Thread 3 ] DEBUG Engine               - isDesktop: true
19:44:43.698 [FXGL Background Thread 3 ] DEBUG Engine               - isDeveloperMenuEnabled: false
19:44:43.698 [FXGL Background Thread 3 ] DEBUG Engine               - isEmbedded: false
19:44:43.698 [FXGL Background Thread 3 ] DEBUG Engine               - isEntityPreloadEnabled: true
19:44:43.698 [FXGL Background Thread 3 ] DEBUG Engine               - isExperimentalTiledLargeMap: false
19:44:43.698 [FXGL Background Thread 3 ] DEBUG Engine               - isFileSystemWriteAllowed: true
19:44:43.698 [FXGL Background Thread 3 ] DEBUG Engine               - isFullScreenAllowed: false
19:44:43.698 [FXGL Background Thread 3 ] DEBUG Engine               - isFullScreenFromStart: false
19:44:43.698 [FXGL Background Thread 3 ] DEBUG Engine               - isGameMenuEnabled: true
19:44:43.698 [FXGL Background Thread 3 ] DEBUG Engine               - isIOS: false
19:44:43.698 [FXGL Background Thread 3 ] DEBUG Engine               - isIntroEnabled: false
19:44:43.698 [FXGL Background Thread 3 ] DEBUG Engine               - isLinux: false
19:44:43.698 [FXGL Background Thread 3 ] DEBUG Engine               - isMac: false
19:44:43.698 [FXGL Background Thread 3 ] DEBUG Engine               - isMainMenuEnabled: false
19:44:43.698 [FXGL Background Thread 3 ] DEBUG Engine               - isManualResizeEnabled: false
19:44:43.698 [FXGL Background Thread 3 ] DEBUG Engine               - isMobile: false
19:44:43.698 [FXGL Background Thread 3 ] DEBUG Engine               - isNative: false
19:44:43.698 [FXGL Background Thread 3 ] DEBUG Engine               - isPauseMusicWhenMinimized: true
19:44:43.698 [FXGL Background Thread 3 ] DEBUG Engine               - isPreserveResizeRatio: false
19:44:43.698 [FXGL Background Thread 3 ] DEBUG Engine               - isProfilingEnabled: false
19:44:43.698 [FXGL Background Thread 3 ] DEBUG Engine               - isScaleAffectedOnResize: true
19:44:43.698 [FXGL Background Thread 3 ] DEBUG Engine               - isSingleStep: false
19:44:43.698 [FXGL Background Thread 3 ] DEBUG Engine               - isUserProfileEnabled: false
19:44:43.698 [FXGL Background Thread 3 ] DEBUG Engine               - isWindows: true
19:44:43.699 [FXGL Background Thread 3 ] DEBUG Engine               - language: ObjectProperty [value: ENGLISH]
19:44:43.699 [FXGL Background Thread 3 ] DEBUG Engine               - menuKey: ESCAPE
19:44:43.699 [FXGL Background Thread 3 ] DEBUG Engine               - mouseSensitivity: 0.2
19:44:43.699 [FXGL Background Thread 3 ] DEBUG Engine               - notificationViewClass: class com.almasb.fxgl.notification.view.XboxNotificationView
19:44:43.699 [FXGL Background Thread 3 ] DEBUG Engine               - pixelsPerMeter: 50.0
19:44:43.699 [FXGL Background Thread 3 ] DEBUG Engine               - platform: WINDOWS
19:44:43.699 [FXGL Background Thread 3 ] DEBUG Engine               - prefHeightProperty: ReadOnlyDoubleProperty [value: 600.0]
19:44:43.699 [FXGL Background Thread 3 ] DEBUG Engine               - prefWidthProperty: ReadOnlyDoubleProperty [value: 800.0]
19:44:43.699 [FXGL Background Thread 3 ] DEBUG Engine               - profileDir: profiles/
19:44:43.699 [FXGL Background Thread 3 ] DEBUG Engine               - profileName: StringProperty [value: DEFAULT]
19:44:43.699 [FXGL Background Thread 3 ] DEBUG Engine               - randomSeed: -1
19:44:43.699 [FXGL Background Thread 3 ] DEBUG Engine               - runtimeInfo: RuntimeInfo(platform=WINDOWS, version=17.3, build=30.03.2023 11.49)
19:44:43.699 [FXGL Background Thread 3 ] DEBUG Engine               - saveFileExt: sav
19:44:43.699 [FXGL Background Thread 3 ] DEBUG Engine               - scaledHeightProp$fxgl: DoubleProperty [bound, value: 600.0]
19:44:43.699 [FXGL Background Thread 3 ] DEBUG Engine               - scaledWidthProp$fxgl: DoubleProperty [bound, value: 800.0]
19:44:43.699 [FXGL Background Thread 3 ] DEBUG Engine               - sceneFactory: com.almasb.fxgl.app.scene.SceneFactory@4d55b5e3
19:44:43.699 [FXGL Background Thread 3 ] DEBUG Engine               - secondsIn24h: 60
19:44:43.699 [FXGL Background Thread 3 ] DEBUG Engine               - soundMenuBack: menu/back.wav
19:44:43.699 [FXGL Background Thread 3 ] DEBUG Engine               - soundMenuPress: menu/press.wav
19:44:43.699 [FXGL Background Thread 3 ] DEBUG Engine               - soundMenuSelect: menu/select.wav
19:44:43.699 [FXGL Background Thread 3 ] DEBUG Engine               - soundNotification: core/notification.wav
19:44:43.699 [FXGL Background Thread 3 ] DEBUG Engine               - stageStyle: DECORATED
19:44:43.699 [FXGL Background Thread 3 ] DEBUG Engine               - supportedLanguages: [ENGLISH, FRENCH, GERMAN, HUNGARIAN, RUSSIAN]
19:44:43.699 [FXGL Background Thread 3 ] DEBUG Engine               - ticksPerSecond: -1
19:44:43.699 [FXGL Background Thread 3 ] DEBUG Engine               - title: Untitled
19:44:43.699 [FXGL Background Thread 3 ] DEBUG Engine               - urlGithub: https://github.com/AlmasB/FXGL
19:44:43.700 [FXGL Background Thread 3 ] DEBUG Engine               - urlLeaderboard: http://fxgl-top.herokuapp.com/
19:44:43.700 [FXGL Background Thread 3 ] DEBUG Engine               - urlPOM: https://raw.githubusercontent.com/AlmasB/FXGL/release/README.md
19:44:43.700 [FXGL Background Thread 3 ] DEBUG Engine               - userAppClass: class com.xen.rzlgame.rzl.HelloApplication
19:44:43.700 [FXGL Background Thread 3 ] DEBUG Engine               - version: 0.0
19:44:43.700 [FXGL Background Thread 3 ] DEBUG Engine               - versionCheckDays: 7
19:44:43.700 [FXGL Background Thread 3 ] DEBUG Engine               - width: 800
19:44:43.700 [FXGL Background Thread 3 ] DEBUG Engine               - Logging services
19:44:43.700 [FXGL Background Thread 3 ] DEBUG Engine               - class com.almasb.fxgl.app.services.FXGLAssetLoaderService
19:44:43.700 [FXGL Background Thread 3 ] DEBUG Engine               - class com.almasb.fxgl.app.FXGLApplication$GameApplicationService
19:44:43.700 [FXGL Background Thread 3 ] DEBUG Engine               - class com.almasb.fxgl.app.services.FXGLDialogService
19:44:43.700 [FXGL Background Thread 3 ] DEBUG Engine               - class com.almasb.fxgl.app.services.IOTaskExecutorService
19:44:43.700 [FXGL Background Thread 3 ] DEBUG Engine               - class com.almasb.fxgl.io.FileSystemService
19:44:43.700 [FXGL Background Thread 3 ] DEBUG Engine               - class com.almasb.fxgl.localization.LocalizationService
19:44:43.700 [FXGL Background Thread 3 ] DEBUG Engine               - class com.almasb.fxgl.app.services.SystemBundleService
19:44:43.700 [FXGL Background Thread 3 ] DEBUG Engine               - class com.almasb.fxgl.profile.SaveLoadService
19:44:43.700 [FXGL Background Thread 3 ] DEBUG Engine               - class com.almasb.fxgl.ui.FXGLUIFactoryServiceProvider
19:44:43.700 [FXGL Background Thread 3 ] DEBUG Engine               - class com.almasb.fxgl.ui.FXGLDialogFactoryServiceProvider
19:44:43.700 [FXGL Background Thread 3 ] DEBUG Engine               - class com.almasb.fxgl.audio.AudioPlayer
19:44:43.700 [FXGL Background Thread 3 ] DEBUG Engine               - class com.almasb.fxgl.notification.impl.NotificationServiceProvider
19:44:43.700 [FXGL Background Thread 3 ] DEBUG Engine               - class com.almasb.fxgl.achievement.AchievementService
19:44:43.700 [FXGL Background Thread 3 ] DEBUG Engine               - class com.almasb.fxgl.cutscene.CutsceneService
19:44:43.700 [FXGL Background Thread 3 ] DEBUG Engine               - class com.almasb.fxgl.minigames.MiniGameService
19:44:43.700 [FXGL Background Thread 3 ] DEBUG Engine               - class com.almasb.fxgl.net.NetService
19:44:43.700 [FXGL Background Thread 3 ] DEBUG Engine               - class com.almasb.fxgl.app.services.UpdaterService
19:44:43.700 [FXGL Background Thread 3 ] DEBUG Engine               - class com.almasb.fxgl.dev.DevService
19:45:00.056 [JavaFX Application Thread] DEBUG FXGLApplication      - Exiting FXGL
19:45:00.058 [JavaFX Application Thread] DEBUG LoopRunner           - Stopping loop
19:45:00.058 [JavaFX Application Thread] DEBUG SystemBundleService  - Saving FXGL system data
19:45:00.059 [JavaFX Application Thread] DEBUG FileSystemAccess     - Writing to: C:\Users\acer\IdeaProjects\RZL\system\fxgl.bundle
19:45:00.061 [JavaFX Application Thread] DEBUG Async                - Shutting down background threads
19:45:00.061 [JavaFX Application Thread] DEBUG PrimaryStageWindow   - Closing main window
19:45:00.073 [JavaFX Application Thread] DEBUG Logger               - Closing Logger
