17:48:30.591 [main                     ] DEBUG Logger               - Configured Logger
17:48:30.624 [main                     ] DEBUG GameApplication      - Logging settings
Title: Untitled
Version: 0.0
Width: 800
Height: 600
Fullscreen: false
Intro: false
Profiling: false
Single step:false
App Mode: DEVELOPER
Menu Key: ESCAPE
Stage Style: DECORATED
Scene Factory: class com.almasb.fxgl.app.scene.SceneFactory

17:48:30.954 [JavaFX Application Thread] DEBUG FXGLApplication      - Initializing FXGL
17:48:30.958 [JavaFX Application Thread] INFO  Engine               - FXGL-17.3 (30.03.2023 11.49) on WINDOWS (J:21.0.3 FX:21)
17:48:30.958 [JavaFX Application Thread] DEBUG Engine               - JRE Vendor Name: Oracle Corporation
17:48:30.958 [JavaFX Application Thread] DEBUG Engine               - Running on OS: Windows 11 version 10.0
17:48:30.958 [JavaFX Application Thread] DEBUG Engine               - Architecture: amd64
17:48:30.958 [JavaFX Application Thread] INFO  Engine               - Source code and latest versions at: https://github.com/AlmasB/FXGL
17:48:30.958 [JavaFX Application Thread] INFO  Engine               -       Ask questions and discuss at: https://github.com/AlmasB/FXGL/discussions
17:48:30.959 [JavaFX Application Thread] INFO  Engine               -              Join the FXGL chat at: https://gitter.im/AlmasB/FXGL
17:48:31.024 [JavaFX Application Thread] DEBUG PrimaryStageWindow   - Creating a JavaFX scene
17:48:31.062 [JavaFX Application Thread] DEBUG PrimaryStageWindow   - Target settings size: 800.0 x 600.0
17:48:31.062 [JavaFX Application Thread] DEBUG PrimaryStageWindow   - Scaled scene size:    800.0 x 600.0
17:48:31.062 [JavaFX Application Thread] DEBUG PrimaryStageWindow   - Scaled ratio: (1.0, 1.0)
17:48:31.063 [JavaFX Application Thread] DEBUG PrimaryStageWindow   - Set initial scene to FXGLStartupScene
17:48:31.065 [JavaFX Application Thread] DEBUG PrimaryStageWindow   - Opening main window
17:48:31.128 [JavaFX Application Thread] DEBUG PrimaryStageWindow   - Window border size: (14.4000244140625, 37.5999755859375)
17:48:31.128 [JavaFX Application Thread] DEBUG PrimaryStageWindow   - Scaled size: 800.0 x 600.0
17:48:31.128 [JavaFX Application Thread] DEBUG PrimaryStageWindow   - Scaled ratio: (1.0, 1.0)
17:48:31.128 [JavaFX Application Thread] DEBUG PrimaryStageWindow   - Scene size: 800.0 x 600.0
17:48:31.128 [JavaFX Application Thread] DEBUG PrimaryStageWindow   - Stage size: 814.4000244140625 x 637.5999755859375
17:48:31.134 [FXGL Background Thread 1 ] DEBUG Engine               - Initializing environment variables
17:48:31.183 [FXGL Background Thread 1 ] DEBUG FXGLAssetLoaderServi - User app class for loading assets: class com.xen.rzlgame.rzl.HelloApplication
17:48:31.183 [FXGL Background Thread 1 ] DEBUG GameApplicationServi - Applying CSS: fxgl_dark.css
17:48:31.184 [FXGL Background Thread 1 ] DEBUG FXGLAssetLoaderServi - Loading from file system: jar:file:///C:/Users/acer/.m2/repository/com/github/almasb/fxgl/17.3/fxgl-17.3.jar!/fxglassets/ui/css/fxgl_dark.css
17:48:31.233 [FXGL Background Thread 1 ] DEBUG GameApplicationServi - Initializing application scenes
17:48:31.306 [FXGL Background Thread 1 ] DEBUG GameWorld            - Game world initialized
17:48:31.379 [FXGL Background Thread 1 ] DEBUG PhysicsWorld         - Physics world initialized: appHeight=600, physics.ppm=50.0
17:48:31.380 [FXGL Background Thread 1 ] DEBUG PhysicsWorld         - Using strategy: BRUTE_FORCE
17:48:31.385 [FXGL Background Thread 1 ] DEBUG GameScene            - Game scene initialized: 800x600
17:48:31.393 [FXGL Background Thread 1 ] DEBUG FXGL.DefaultMenu     - createMenuBodyGameMenu()
17:48:31.402 [FXGL Background Thread 1 ] DEBUG FXGL.DefaultMenu     - createOptionsMenu()
17:48:31.411 [FXGL Background Thread 1 ] DEBUG FXGLAssetLoaderServi - Loading from file system: jar:file:///C:/Users/acer/.m2/repository/com/github/almasb/fxgl/17.3/fxgl-17.3.jar!/fxglassets/textures/particles/smoke.png
17:48:31.509 [FXGL Background Thread 1 ] DEBUG FXGLAssetLoaderServi - Loading from file system: jar:file:///C:/Users/acer/.m2/repository/com/github/almasb/fxgl/17.3/fxgl-17.3.jar!/fxglassets/textures/particles/trace_horizontal.png
17:48:31.527 [FXGL Background Thread 1 ] DEBUG GameApplicationServi - Application scenes initialized
17:48:31.540 [FXGL Background Thread 1 ] DEBUG SystemBundleService  - Loading FXGL system data
17:48:31.543 [FXGL Background Thread 1 ] DEBUG FileSystemAccess     - Reading from: C:\Users\acer\IdeaProjects\RZL\system\fxgl.bundle
17:48:31.550 [FXGL Background Thread 1 ] DEBUG SystemBundleService  - Bundle FXGL: {}
17:48:31.550 [FXGL Background Thread 1 ] DEBUG UpdaterService       - Checking for updates
17:48:31.553 [FXGL Background Thread 4 ] DEBUG FXGLApplication      - Loading fonts
17:48:31.554 [FXGL Background Thread 4 ] DEBUG FXGLAssetLoaderServi - Loading from file system: jar:file:///C:/Users/acer/.m2/repository/com/github/almasb/fxgl/17.3/fxgl-17.3.jar!/fxglassets/ui/fonts/VarelaRound-Regular.ttf
17:48:31.554 [FXGL Background Thread 1 ] DEBUG FXGLApplication      - Loading default localization
17:48:31.554 [FXGL Background Thread 1 ] DEBUG FXGLAssetLoaderServi - Loading from file system: jar:file:///C:/Users/acer/.m2/repository/com/github/almasb/fxgl/17.3/fxgl-17.3.jar!/fxglassets/languages/english.lang
17:48:31.582 [FXGL Background Thread 1 ] INFO  FXGLApplication      - FXGL initialization took: 0.448 sec
17:48:31.583 [JavaFX Application Thread] DEBUG FXGLAssetLoaderServi - Loading from file system: jar:file:///C:/Users/acer/.m2/repository/com/github/almasb/fxgl/17.3/fxgl-17.3.jar!/fxglassets/textures/fxgl_icon.png
17:48:31.599 [JavaFX Application Thread] DEBUG FXGLAssetLoaderServi - Loading from file system: jar:file:///C:/Users/acer/.m2/repository/com/github/almasb/fxgl/17.3/fxgl-17.3.jar!/fxglassets/textures/fxgl_default_cursor.png
17:48:31.612 [JavaFX Application Thread] DEBUG Input                - Registered new binding: Screenshot - CTRL+8
17:48:31.613 [JavaFX Application Thread] DEBUG Input                - Registered new binding: System info dump - CTRL+9
17:48:31.613 [JavaFX Application Thread] DEBUG Input                - Registered new binding: Restart - CTRL+R
17:48:31.614 [JavaFX Application Thread] DEBUG Input                - Registered new binding: Toggle Debug Camera - CTRL+7
17:48:31.615 [JavaFX Application Thread] DEBUG LoopRunner           - Starting loop
17:48:31.615 [JavaFX Application Thread] DEBUG LoopRunner           - Initializing JavaFX AnimationTimerLoop
17:48:31.619 [JavaFX Application Thread] DEBUG GameApplicationServi - Starting new game
17:48:31.619 [JavaFX Application Thread] DEBUG Input                - Clearing active input actions
17:48:31.626 [FXGL Background Thread 4 ] DEBUG FXGLAssetLoaderServi - Loading from file system: jar:file:///C:/Users/acer/.m2/repository/com/github/almasb/fxgl/17.3/fxgl-17.3.jar!/fxglassets/ui/fonts/Abel-Regular.ttf
17:48:31.629 [FXGL Background Thread 4 ] DEBUG FXGLAssetLoaderServi - Loading from file system: jar:file:///C:/Users/acer/.m2/repository/com/github/almasb/fxgl/17.3/fxgl-17.3.jar!/fxglassets/ui/fonts/TerminalLandMono-Regular.otf
17:48:31.632 [FXGL Background Thread 4 ] DEBUG FXGLAssetLoaderServi - Loading from file system: jar:file:///C:/Users/acer/.m2/repository/com/github/almasb/fxgl/17.3/fxgl-17.3.jar!/fxglassets/ui/fonts/Courier-Prime.ttf
17:48:31.635 [JavaFX Application Thread] DEBUG GameApplicationServi - Removing overlay from FXGLStartupScene and adding to FXGLLoadingScene
17:48:31.635 [JavaFX Application Thread] DEBUG PrimaryStageWindow   - FXGLStartupScene -> FXGLLoadingScene
17:48:31.635 [JavaFX Application Thread] DEBUG GameApplicationServi - Clearing previous game
17:48:31.635 [JavaFX Application Thread] DEBUG GameScene            - Clearing game scene
17:48:31.635 [JavaFX Application Thread] DEBUG GameWorld            - Clearing game world
17:48:31.635 [JavaFX Application Thread] DEBUG PhysicsWorld         - Clearing physics world
17:48:31.639 [FXGL Background Thread 1 ] DEBUG FXGLApplication      - Initializing game
17:48:31.699 [JavaFX Application Thread] DEBUG FXGLApplication      - Registering font factories with UI factory
17:48:31.749 [FXGL Background Thread 1 ] WARN  GameWorld            - Entity is already attached to world
17:48:31.750 [FXGL Background Thread 1 ] WARN  Entity               - Entity already has component: com.almasb.fxgl.entity.components.CollidableComponent
17:48:31.751 [FXGL Background Thread 1 ] WARN  GameWorld            - Entity is already attached to world
17:48:31.792 [JavaFX Application Thread] DEBUG LoopRunner           - Stopping loop
17:48:31.797 [JavaFX Application Thread] FATAL FXGLApplication      - Uncaught Exception:
java.lang.RuntimeException: Initialization failed
	at com.almasb.fxgl.all@17.3/com.almasb.fxgl.app.FXGLApplication$InitAppTask.failed(FXGLApplication.kt:343)
	at javafx.graphics@21/javafx.concurrent.Task.setState(Task.java:710)
	at javafx.graphics@21/javafx.concurrent.Task$TaskCallable.lambda$call$2(Task.java:1429)
	at javafx.graphics@21/com.sun.javafx.application.PlatformImpl.lambda$runLater$10(PlatformImpl.java:456)
	at java.base/java.security.AccessController.doPrivileged(AccessController.java:400)
	at javafx.graphics@21/com.sun.javafx.application.PlatformImpl.lambda$runLater$11(PlatformImpl.java:455)
	at javafx.graphics@21/com.sun.glass.ui.InvokeLaterDispatcher$Future.run(InvokeLaterDispatcher.java:95)
	at javafx.graphics@21/com.sun.glass.ui.win.WinApplication._runLoop(Native Method)
	at javafx.graphics@21/com.sun.glass.ui.win.WinApplication.lambda$runLoop$3(WinApplication.java:185)
	at java.base/java.lang.Thread.run(Thread.java:1583)
Caused by: java.lang.NullPointerException: Cannot invoke "com.almasb.fxgl.entity.Entity.getComponent(java.lang.Class)" because "boss" is null
	at com.xen.rzlgame.rzl/com.xen.rzlgame.rzl.Handlers.ComponentHandler.linkComponents(ComponentHandler.java:30)
	at com.xen.rzlgame.rzl/com.xen.rzlgame.rzl.HelloApplication.initGame(HelloApplication.java:54)
	at com.almasb.fxgl.all@17.3/com.almasb.fxgl.app.FXGLApplication$InitAppTask.initGame(FXGLApplication.kt:339)
	at com.almasb.fxgl.all@17.3/com.almasb.fxgl.app.FXGLApplication$InitAppTask.call(FXGLApplication.kt:319)
	at com.almasb.fxgl.all@17.3/com.almasb.fxgl.app.FXGLApplication$InitAppTask.call(FXGLApplication.kt:311)
	at javafx.graphics@21/javafx.concurrent.Task$TaskCallable.call(Task.java:1399)
	at java.base/java.util.concurrent.FutureTask.run(FutureTask.java:317)
	at java.base/java.util.concurrent.Executors$RunnableAdapter.call(Executors.java:572)
	at java.base/java.util.concurrent.FutureTask.run(FutureTask.java:317)
	at java.base/java.util.concurrent.ThreadPoolExecutor.runWorker(ThreadPoolExecutor.java:1144)
	at java.base/java.util.concurrent.ThreadPoolExecutor$Worker.run(ThreadPoolExecutor.java:642)
	... 1 more

17:48:31.797 [JavaFX Application Thread] FATAL FXGLApplication      - Application will now exit
17:48:31.815 [JavaFX Application Thread] DEBUG PrimaryStageWindow   - Push state: ErrorSubScene
17:48:31.816 [JavaFX Application Thread] DEBUG Input                - Clearing active input actions
17:48:31.821 [JavaFX Application Thread] DEBUG GameApplicationServi - Removing overlay from FXGLLoadingScene and adding to ErrorSubScene
17:48:31.822 [JavaFX Application Thread] DEBUG PrimaryStageWindow   - FXGLLoadingScene -> ErrorSubScene
17:48:32.544 [FXGL Background Thread 2 ] INFO  UpdaterService       - Your current version:  17.3
17:48:32.544 [FXGL Background Thread 2 ] INFO  UpdaterService       - Latest stable version: 21.1
17:48:34.553 [FXGL Background Thread 3 ] DEBUG Engine               - Logging environment variables
17:48:34.553 [FXGL Background Thread 3 ] DEBUG Engine               - achievements: []
17:48:34.553 [FXGL Background Thread 3 ] DEBUG Engine               - actualHeight: 600.0
17:48:34.553 [FXGL Background Thread 3 ] DEBUG Engine               - actualHeightProperty: ReadOnlyDoubleProperty [value: 600.0]
17:48:34.554 [FXGL Background Thread 3 ] DEBUG Engine               - actualWidth: 800.0
17:48:34.554 [FXGL Background Thread 3 ] DEBUG Engine               - actualWidthProperty: ReadOnlyDoubleProperty [value: 800.0]
17:48:34.554 [FXGL Background Thread 3 ] DEBUG Engine               - appIcon: fxgl_icon.png
17:48:34.554 [FXGL Background Thread 3 ] DEBUG Engine               - applicationMode: DEVELOPER
17:48:34.554 [FXGL Background Thread 3 ] DEBUG Engine               - cSSList: [fxgl_dark.css]
17:48:34.554 [FXGL Background Thread 3 ] DEBUG Engine               - collisionDetectionStrategy: BRUTE_FORCE
17:48:34.554 [FXGL Background Thread 3 ] DEBUG Engine               - configClass: Optional.empty
17:48:34.554 [FXGL Background Thread 3 ] DEBUG Engine               - credits: []
17:48:34.554 [FXGL Background Thread 3 ] DEBUG Engine               - defaultCursor: CursorInfo(imageName=fxgl_default_cursor.png, hotspotX=7.0, hotspotY=6.0)
17:48:34.555 [FXGL Background Thread 3 ] DEBUG Engine               - devBBoxColorProperty: ObjectProperty [value: 0xff0000ff]
17:48:34.555 [FXGL Background Thread 3 ] DEBUG Engine               - devEnableDebugCameraProperty: BooleanProperty [value: false]
17:48:34.555 [FXGL Background Thread 3 ] DEBUG Engine               - devSensorColorProperty: ObjectProperty [value: 0xffff00ff]
17:48:34.555 [FXGL Background Thread 3 ] DEBUG Engine               - devShowBBoxProperty: BooleanProperty [value: false]
17:48:34.555 [FXGL Background Thread 3 ] DEBUG Engine               - devShowPositionProperty: BooleanProperty [value: false]
17:48:34.555 [FXGL Background Thread 3 ] DEBUG Engine               - enabledMenuItems: []
17:48:34.555 [FXGL Background Thread 3 ] DEBUG Engine               - engineServices: [class com.almasb.fxgl.app.services.FXGLAssetLoaderService, class com.almasb.fxgl.app.FXGLApplication$GameApplicationService, class com.almasb.fxgl.app.services.FXGLDialogService, class com.almasb.fxgl.app.services.IOTaskExecutorService, class com.almasb.fxgl.io.FileSystemService, class com.almasb.fxgl.localization.LocalizationService, class com.almasb.fxgl.app.services.SystemBundleService, class com.almasb.fxgl.profile.SaveLoadService, class com.almasb.fxgl.ui.FXGLUIFactoryServiceProvider, class com.almasb.fxgl.ui.FXGLDialogFactoryServiceProvider, class com.almasb.fxgl.audio.AudioPlayer, class com.almasb.fxgl.notification.impl.NotificationServiceProvider, class com.almasb.fxgl.achievement.AchievementService, class com.almasb.fxgl.cutscene.CutsceneService, class com.almasb.fxgl.minigames.MiniGameService, class com.almasb.fxgl.net.NetService, class com.almasb.fxgl.app.services.UpdaterService, class com.almasb.fxgl.dev.DevService]
17:48:34.555 [FXGL Background Thread 3 ] DEBUG Engine               - fontGame: Abel-Regular.ttf
17:48:34.555 [FXGL Background Thread 3 ] DEBUG Engine               - fontMono: TerminalLandMono-Regular.otf
17:48:34.555 [FXGL Background Thread 3 ] DEBUG Engine               - fontSizeScaleUI: 1.0
17:48:34.555 [FXGL Background Thread 3 ] DEBUG Engine               - fontText: Courier-Prime.ttf
17:48:34.555 [FXGL Background Thread 3 ] DEBUG Engine               - fontUI: VarelaRound-Regular.ttf
17:48:34.555 [FXGL Background Thread 3 ] DEBUG Engine               - fullScreen: BooleanProperty [value: false]
17:48:34.555 [FXGL Background Thread 3 ] DEBUG Engine               - gameDifficulty: MEDIUM
17:48:34.555 [FXGL Background Thread 3 ] DEBUG Engine               - gameDifficultyProperty: ObjectProperty [value: MEDIUM]
17:48:34.555 [FXGL Background Thread 3 ] DEBUG Engine               - globalMusicVolume: 0.5
17:48:34.555 [FXGL Background Thread 3 ] DEBUG Engine               - globalMusicVolumeProperty: DoubleProperty [value: 0.5]
17:48:34.555 [FXGL Background Thread 3 ] DEBUG Engine               - globalSoundVolume: 0.5
17:48:34.555 [FXGL Background Thread 3 ] DEBUG Engine               - globalSoundVolumeProperty: DoubleProperty [value: 0.5]
17:48:34.555 [FXGL Background Thread 3 ] DEBUG Engine               - height: 600
17:48:34.555 [FXGL Background Thread 3 ] DEBUG Engine               - is3D: false
17:48:34.557 [FXGL Background Thread 3 ] DEBUG Engine               - isAndroid: false
17:48:34.557 [FXGL Background Thread 3 ] DEBUG Engine               - isBrowser: false
17:48:34.557 [FXGL Background Thread 3 ] DEBUG Engine               - isClickFeedbackEnabled: false
17:48:34.557 [FXGL Background Thread 3 ] DEBUG Engine               - isCloseConfirmation: false
17:48:34.557 [FXGL Background Thread 3 ] DEBUG Engine               - isDesktop: true
17:48:34.557 [FXGL Background Thread 3 ] DEBUG Engine               - isDeveloperMenuEnabled: false
17:48:34.557 [FXGL Background Thread 3 ] DEBUG Engine               - isEmbedded: false
17:48:34.557 [FXGL Background Thread 3 ] DEBUG Engine               - isEntityPreloadEnabled: true
17:48:34.557 [FXGL Background Thread 3 ] DEBUG Engine               - isExperimentalTiledLargeMap: false
17:48:34.557 [FXGL Background Thread 3 ] DEBUG Engine               - isFileSystemWriteAllowed: true
17:48:34.557 [FXGL Background Thread 3 ] DEBUG Engine               - isFullScreenAllowed: false
17:48:34.557 [FXGL Background Thread 3 ] DEBUG Engine               - isFullScreenFromStart: false
17:48:34.557 [FXGL Background Thread 3 ] DEBUG Engine               - isGameMenuEnabled: true
17:48:34.557 [FXGL Background Thread 3 ] DEBUG Engine               - isIOS: false
17:48:34.557 [FXGL Background Thread 3 ] DEBUG Engine               - isIntroEnabled: false
17:48:34.557 [FXGL Background Thread 3 ] DEBUG Engine               - isLinux: false
17:48:34.557 [FXGL Background Thread 3 ] DEBUG Engine               - isMac: false
17:48:34.557 [FXGL Background Thread 3 ] DEBUG Engine               - isMainMenuEnabled: false
17:48:34.557 [FXGL Background Thread 3 ] DEBUG Engine               - isManualResizeEnabled: false
17:48:34.557 [FXGL Background Thread 3 ] DEBUG Engine               - isMobile: false
17:48:34.557 [FXGL Background Thread 3 ] DEBUG Engine               - isNative: false
17:48:34.557 [FXGL Background Thread 3 ] DEBUG Engine               - isPauseMusicWhenMinimized: true
17:48:34.557 [FXGL Background Thread 3 ] DEBUG Engine               - isPreserveResizeRatio: false
17:48:34.557 [FXGL Background Thread 3 ] DEBUG Engine               - isProfilingEnabled: false
17:48:34.557 [FXGL Background Thread 3 ] DEBUG Engine               - isScaleAffectedOnResize: true
17:48:34.557 [FXGL Background Thread 3 ] DEBUG Engine               - isSingleStep: false
17:48:34.557 [FXGL Background Thread 3 ] DEBUG Engine               - isUserProfileEnabled: false
17:48:34.557 [FXGL Background Thread 3 ] DEBUG Engine               - isWindows: true
17:48:34.558 [FXGL Background Thread 3 ] DEBUG Engine               - language: ObjectProperty [value: ENGLISH]
17:48:34.558 [FXGL Background Thread 3 ] DEBUG Engine               - menuKey: ESCAPE
17:48:34.558 [FXGL Background Thread 3 ] DEBUG Engine               - mouseSensitivity: 0.2
17:48:34.558 [FXGL Background Thread 3 ] DEBUG Engine               - notificationViewClass: class com.almasb.fxgl.notification.view.XboxNotificationView
17:48:34.558 [FXGL Background Thread 3 ] DEBUG Engine               - pixelsPerMeter: 50.0
17:48:34.558 [FXGL Background Thread 3 ] DEBUG Engine               - platform: WINDOWS
17:48:34.558 [FXGL Background Thread 3 ] DEBUG Engine               - prefHeightProperty: ReadOnlyDoubleProperty [value: 600.0]
17:48:34.558 [FXGL Background Thread 3 ] DEBUG Engine               - prefWidthProperty: ReadOnlyDoubleProperty [value: 800.0]
17:48:34.558 [FXGL Background Thread 3 ] DEBUG Engine               - profileDir: profiles/
17:48:34.558 [FXGL Background Thread 3 ] DEBUG Engine               - profileName: StringProperty [value: DEFAULT]
17:48:34.558 [FXGL Background Thread 3 ] DEBUG Engine               - randomSeed: -1
17:48:34.558 [FXGL Background Thread 3 ] DEBUG Engine               - runtimeInfo: RuntimeInfo(platform=WINDOWS, version=17.3, build=30.03.2023 11.49)
17:48:34.558 [FXGL Background Thread 3 ] DEBUG Engine               - saveFileExt: sav
17:48:34.558 [FXGL Background Thread 3 ] DEBUG Engine               - scaledHeightProp$fxgl: DoubleProperty [bound, value: 600.0]
17:48:34.558 [FXGL Background Thread 3 ] DEBUG Engine               - scaledWidthProp$fxgl: DoubleProperty [bound, value: 800.0]
17:48:34.558 [FXGL Background Thread 3 ] DEBUG Engine               - sceneFactory: com.almasb.fxgl.app.scene.SceneFactory@41460ad6
17:48:34.558 [FXGL Background Thread 3 ] DEBUG Engine               - secondsIn24h: 60
17:48:34.558 [FXGL Background Thread 3 ] DEBUG Engine               - soundMenuBack: menu/back.wav
17:48:34.558 [FXGL Background Thread 3 ] DEBUG Engine               - soundMenuPress: menu/press.wav
17:48:34.558 [FXGL Background Thread 3 ] DEBUG Engine               - soundMenuSelect: menu/select.wav
17:48:34.558 [FXGL Background Thread 3 ] DEBUG Engine               - soundNotification: core/notification.wav
17:48:34.558 [FXGL Background Thread 3 ] DEBUG Engine               - stageStyle: DECORATED
17:48:34.558 [FXGL Background Thread 3 ] DEBUG Engine               - supportedLanguages: [ENGLISH, FRENCH, GERMAN, HUNGARIAN, RUSSIAN]
17:48:34.558 [FXGL Background Thread 3 ] DEBUG Engine               - ticksPerSecond: -1
17:48:34.558 [FXGL Background Thread 3 ] DEBUG Engine               - title: Untitled
17:48:34.558 [FXGL Background Thread 3 ] DEBUG Engine               - urlGithub: https://github.com/AlmasB/FXGL
17:48:34.558 [FXGL Background Thread 3 ] DEBUG Engine               - urlLeaderboard: http://fxgl-top.herokuapp.com/
17:48:34.558 [FXGL Background Thread 3 ] DEBUG Engine               - urlPOM: https://raw.githubusercontent.com/AlmasB/FXGL/release/README.md
17:48:34.558 [FXGL Background Thread 3 ] DEBUG Engine               - userAppClass: class com.xen.rzlgame.rzl.HelloApplication
17:48:34.558 [FXGL Background Thread 3 ] DEBUG Engine               - version: 0.0
17:48:34.558 [FXGL Background Thread 3 ] DEBUG Engine               - versionCheckDays: 7
17:48:34.558 [FXGL Background Thread 3 ] DEBUG Engine               - width: 800
17:48:34.558 [FXGL Background Thread 3 ] DEBUG Engine               - Logging services
17:48:34.559 [FXGL Background Thread 3 ] DEBUG Engine               - class com.almasb.fxgl.app.services.FXGLAssetLoaderService
17:48:34.559 [FXGL Background Thread 3 ] DEBUG Engine               - class com.almasb.fxgl.app.FXGLApplication$GameApplicationService
17:48:34.559 [FXGL Background Thread 3 ] DEBUG Engine               - class com.almasb.fxgl.app.services.FXGLDialogService
17:48:34.559 [FXGL Background Thread 3 ] DEBUG Engine               - class com.almasb.fxgl.app.services.IOTaskExecutorService
17:48:34.559 [FXGL Background Thread 3 ] DEBUG Engine               - class com.almasb.fxgl.io.FileSystemService
17:48:34.559 [FXGL Background Thread 3 ] DEBUG Engine               - class com.almasb.fxgl.localization.LocalizationService
17:48:34.559 [FXGL Background Thread 3 ] DEBUG Engine               - class com.almasb.fxgl.app.services.SystemBundleService
17:48:34.559 [FXGL Background Thread 3 ] DEBUG Engine               - class com.almasb.fxgl.profile.SaveLoadService
17:48:34.559 [FXGL Background Thread 3 ] DEBUG Engine               - class com.almasb.fxgl.ui.FXGLUIFactoryServiceProvider
17:48:34.559 [FXGL Background Thread 3 ] DEBUG Engine               - class com.almasb.fxgl.ui.FXGLDialogFactoryServiceProvider
17:48:34.559 [FXGL Background Thread 3 ] DEBUG Engine               - class com.almasb.fxgl.audio.AudioPlayer
17:48:34.559 [FXGL Background Thread 3 ] DEBUG Engine               - class com.almasb.fxgl.notification.impl.NotificationServiceProvider
17:48:34.559 [FXGL Background Thread 3 ] DEBUG Engine               - class com.almasb.fxgl.achievement.AchievementService
17:48:34.559 [FXGL Background Thread 3 ] DEBUG Engine               - class com.almasb.fxgl.cutscene.CutsceneService
17:48:34.559 [FXGL Background Thread 3 ] DEBUG Engine               - class com.almasb.fxgl.minigames.MiniGameService
17:48:34.559 [FXGL Background Thread 3 ] DEBUG Engine               - class com.almasb.fxgl.net.NetService
17:48:34.559 [FXGL Background Thread 3 ] DEBUG Engine               - class com.almasb.fxgl.app.services.UpdaterService
17:48:34.559 [FXGL Background Thread 3 ] DEBUG Engine               - class com.almasb.fxgl.dev.DevService
17:48:36.235 [JavaFX Application Thread] DEBUG FXGLApplication      - Exiting FXGL
17:48:36.235 [JavaFX Application Thread] DEBUG Async                - Shutting down background threads
17:48:36.235 [JavaFX Application Thread] DEBUG PrimaryStageWindow   - Closing main window
17:48:36.247 [JavaFX Application Thread] DEBUG Logger               - Closing Logger
