12:48:52.182 [main                     ] DEBUG Logger               - Configured Logger
12:48:52.212 [main                     ] DEBUG GameApplication      - Logging settings
Title: Untitled
Version: 0.0
Width: 800
Height: 600
Fullscreen: false
Intro: false
Profiling: false
Single step:false
App Mode: DEVELOPER
Menu Key: ESCAPE
Stage Style: DECORATED
Scene Factory: class com.almasb.fxgl.app.scene.SceneFactory

12:48:52.508 [JavaFX Application Thread] DEBUG FXGLApplication      - Initializing FXGL
12:48:52.512 [JavaFX Application Thread] INFO  Engine               - FXGL-21.1 (27.03.2024 07.52) on WINDOWS (J:21.0.3 FX:21)
12:48:52.512 [JavaFX Application Thread] DEBUG Engine               - JRE Vendor Name: Oracle Corporation
12:48:52.512 [JavaFX Application Thread] DEBUG Engine               - Running on OS: Windows 11 version 10.0
12:48:52.512 [JavaFX Application Thread] DEBUG Engine               - Architecture: amd64
12:48:52.512 [JavaFX Application Thread] INFO  Engine               - Source code and latest versions at: https://github.com/AlmasB/FXGL
12:48:52.512 [JavaFX Application Thread] INFO  Engine               -       Ask questions and discuss at: https://github.com/AlmasB/FXGL/discussions
12:48:52.512 [JavaFX Application Thread] INFO  Engine               -              Join the FXGL chat at: https://gitter.im/AlmasB/FXGL
12:48:52.572 [JavaFX Application Thread] DEBUG PrimaryStageWindow   - Creating a JavaFX scene
12:48:52.607 [JavaFX Application Thread] DEBUG PrimaryStageWindow   - Target settings size: 800.0 x 600.0
12:48:52.607 [JavaFX Application Thread] DEBUG PrimaryStageWindow   - Scaled scene size:    800.0 x 600.0
12:48:52.607 [JavaFX Application Thread] DEBUG PrimaryStageWindow   - Scaled ratio: (1.0, 1.0)
12:48:52.608 [JavaFX Application Thread] DEBUG PrimaryStageWindow   - Set initial scene to FXGLStartupScene
12:48:52.610 [JavaFX Application Thread] DEBUG PrimaryStageWindow   - Opening main window
12:48:52.676 [JavaFX Application Thread] DEBUG PrimaryStageWindow   - Window border size: (14.4000244140625, 37.5999755859375)
12:48:52.676 [JavaFX Application Thread] DEBUG PrimaryStageWindow   - Scaled size: 800.0 x 600.0
12:48:52.676 [JavaFX Application Thread] DEBUG PrimaryStageWindow   - Scaled ratio: (1.0, 1.0)
12:48:52.677 [JavaFX Application Thread] DEBUG PrimaryStageWindow   - Scene size: 800.0 x 600.0
12:48:52.677 [JavaFX Application Thread] DEBUG PrimaryStageWindow   - Stage size: 814.4000244140625 x 637.5999755859375
12:48:52.684 [FXGL Background Thread 1 ] DEBUG Engine               - Initializing environment variables
12:48:52.729 [FXGL Background Thread 1 ] DEBUG FXGLAssetLoaderServi - User app class for loading assets: class com.xen.rzlgame.rzl.HelloApplication
12:48:52.729 [FXGL Background Thread 1 ] DEBUG GameApplicationServi - Applying CSS: fxgl_dark.css
12:48:52.730 [FXGL Background Thread 1 ] DEBUG FXGLAssetLoaderServi - Loading from file system: jar:file:///C:/Users/acer/.m2/repository/com/github/almasb/fxgl/21.1/fxgl-21.1.jar!/fxglassets/ui/css/fxgl_dark.css
12:48:52.772 [FXGL Background Thread 1 ] DEBUG GameApplicationServi - Initializing application scenes
12:48:52.833 [FXGL Background Thread 1 ] DEBUG GameWorld            - Game world initialized
12:48:52.886 [FXGL Background Thread 1 ] DEBUG PhysicsWorld         - Physics world initialized: appHeight=600, physics.ppm=50.0
12:48:52.886 [FXGL Background Thread 1 ] DEBUG PhysicsWorld         - Using strategy: BRUTE_FORCE
12:48:52.890 [FXGL Background Thread 1 ] DEBUG GameScene            - Game scene initialized: 800x600
12:48:52.897 [FXGL Background Thread 1 ] DEBUG FXGL.DefaultMenu     - createMenuBodyGameMenu()
12:48:52.906 [FXGL Background Thread 1 ] DEBUG FXGL.DefaultMenu     - createOptionsMenu()
12:48:52.913 [FXGL Background Thread 1 ] DEBUG FXGLAssetLoaderServi - Loading from file system: jar:file:///C:/Users/acer/.m2/repository/com/github/almasb/fxgl/21.1/fxgl-21.1.jar!/fxglassets/textures/particles/smoke.png
12:48:53.020 [FXGL Background Thread 1 ] DEBUG FXGLAssetLoaderServi - Loading from file system: jar:file:///C:/Users/acer/.m2/repository/com/github/almasb/fxgl/21.1/fxgl-21.1.jar!/fxglassets/textures/particles/trace_horizontal.png
12:48:53.041 [FXGL Background Thread 1 ] DEBUG GameApplicationServi - Application scenes initialized
12:48:53.052 [FXGL Background Thread 1 ] DEBUG SystemBundleService  - Loading FXGL system data
12:48:53.056 [FXGL Background Thread 1 ] DEBUG FileSystemAccess     - Reading from: C:\Users\acer\IdeaProjects\RZL\system\fxgl.bundle
12:48:53.063 [FXGL Background Thread 1 ] DEBUG SystemBundleService  - Bundle FXGL: {}
12:48:53.063 [FXGL Background Thread 1 ] DEBUG UpdaterService       - Checking for updates
12:48:53.067 [FXGL Background Thread 4 ] DEBUG FXGLApplication      - Loading fonts
12:48:53.067 [FXGL Background Thread 4 ] DEBUG FXGLAssetLoaderServi - Loading from file system: jar:file:///C:/Users/acer/.m2/repository/com/github/almasb/fxgl/21.1/fxgl-21.1.jar!/fxglassets/ui/fonts/VarelaRound-Regular.ttf
12:48:53.068 [FXGL Background Thread 1 ] DEBUG FXGLApplication      - Loading default localization
12:48:53.068 [FXGL Background Thread 1 ] DEBUG FXGLAssetLoaderServi - Loading from file system: jar:file:///C:/Users/acer/.m2/repository/com/github/almasb/fxgl/21.1/fxgl-21.1.jar!/fxglassets/languages/english.lang
12:48:53.100 [FXGL Background Thread 4 ] DEBUG FXGLAssetLoaderServi - Loading from file system: jar:file:///C:/Users/acer/.m2/repository/com/github/almasb/fxgl/21.1/fxgl-21.1.jar!/fxglassets/ui/fonts/Abel-Regular.ttf
12:48:53.103 [FXGL Background Thread 4 ] DEBUG FXGLAssetLoaderServi - Loading from file system: jar:file:///C:/Users/acer/.m2/repository/com/github/almasb/fxgl/21.1/fxgl-21.1.jar!/fxglassets/ui/fonts/TerminalLandMono-Regular.otf
12:48:53.112 [FXGL Background Thread 1 ] INFO  FXGLApplication      - FXGL initialization took: 0.429 sec
12:48:53.113 [JavaFX Application Thread] DEBUG FXGLAssetLoaderServi - Loading from file system: jar:file:///C:/Users/acer/.m2/repository/com/github/almasb/fxgl/21.1/fxgl-21.1.jar!/fxglassets/textures/fxgl_icon.png
12:48:53.123 [FXGL Background Thread 4 ] DEBUG FXGLAssetLoaderServi - Loading from file system: jar:file:///C:/Users/acer/.m2/repository/com/github/almasb/fxgl/21.1/fxgl-21.1.jar!/fxglassets/ui/fonts/Courier-Prime.ttf
12:48:53.136 [JavaFX Application Thread] DEBUG FXGLAssetLoaderServi - Loading from file system: jar:file:///C:/Users/acer/.m2/repository/com/github/almasb/fxgl/21.1/fxgl-21.1.jar!/fxglassets/textures/fxgl_default_cursor.png
12:48:53.145 [JavaFX Application Thread] DEBUG Input                - Registered new binding: Screenshot - CTRL+8
12:48:53.145 [JavaFX Application Thread] DEBUG Input                - Registered new binding: System info dump - CTRL+9
12:48:53.146 [JavaFX Application Thread] DEBUG Input                - Registered new binding: Restart - CTRL+R
12:48:53.148 [JavaFX Application Thread] DEBUG Input                - Registered new binding: Toggle Debug Camera - CTRL+7
12:48:53.152 [JavaFX Application Thread] DEBUG LoopRunner           - Starting loop
12:48:53.152 [JavaFX Application Thread] DEBUG LoopRunner           - Initializing JavaFX AnimationTimerLoop
12:48:53.156 [JavaFX Application Thread] DEBUG GameApplicationServi - Starting new game
12:48:53.156 [JavaFX Application Thread] DEBUG Input                - Clearing active input actions
12:48:53.168 [JavaFX Application Thread] DEBUG GameApplicationServi - Removing overlay from FXGLStartupScene and adding to FXGLLoadingScene
12:48:53.168 [JavaFX Application Thread] DEBUG PrimaryStageWindow   - FXGLStartupScene -> FXGLLoadingScene
12:48:53.168 [JavaFX Application Thread] DEBUG GameApplicationServi - Clearing previous game
12:48:53.168 [JavaFX Application Thread] DEBUG GameScene            - Clearing game scene
12:48:53.168 [JavaFX Application Thread] DEBUG GameWorld            - Clearing game world
12:48:53.168 [JavaFX Application Thread] DEBUG PhysicsWorld         - Clearing physics world
12:48:53.171 [FXGL Background Thread 4 ] DEBUG FXGLApplication      - Initializing game
12:48:53.171 [JavaFX Application Thread] DEBUG FXGLApplication      - Registering font factories with UI factory
12:48:53.260 [FXGL Background Thread 4 ] WARN  GameWorld            - Entity is already attached to world
12:48:53.262 [FXGL Background Thread 4 ] WARN  GameWorld            - Entity is already attached to world
12:48:53.263 [FXGL Background Thread 4 ] WARN  GameWorld            - Entity is already attached to world
12:48:53.265 [FXGL Background Thread 4 ] WARN  Entity               - Entity already has component: com.almasb.fxgl.entity.components.CollidableComponent
12:48:53.266 [FXGL Background Thread 4 ] WARN  GameWorld            - Entity is already attached to world
12:48:53.275 [FXGL Background Thread 4 ] DEBUG Input                - Registered new binding: Move A - A
12:48:53.275 [FXGL Background Thread 4 ] DEBUG Input                - Registered new binding: Move D - D
12:48:53.277 [FXGL Background Thread 4 ] DEBUG Input                - Registered new binding: Player Attack - LMB
12:48:53.278 [FXGL Background Thread 4 ] DEBUG Input                - Registered new binding: Player Parry - RMB
12:48:53.278 [FXGL Background Thread 4 ] DEBUG Input                - Registered new binding: Jump - Space
12:48:53.281 [FXGL Background Thread 4 ] DEBUG Input                - Registered new binding: Interact - Z
12:48:53.281 [FXGL Background Thread 4 ] INFO  FXGLApplication      - Game initialization took: 0.110 sec
12:48:53.315 [JavaFX Application Thread] DEBUG Input                - Clearing active input actions
12:48:53.321 [JavaFX Application Thread] DEBUG GameApplicationServi - Removing overlay from FXGLLoadingScene and adding to GameScene
12:48:53.322 [JavaFX Application Thread] DEBUG PrimaryStageWindow   - FXGLLoadingScene -> GameScene
12:48:55.399 [JavaFX Application Thread] DEBUG FXGLApplication      - Exiting FXGL
12:48:55.399 [JavaFX Application Thread] DEBUG LoopRunner           - Stopping loop
12:48:55.399 [JavaFX Application Thread] DEBUG SystemBundleService  - Saving FXGL system data
12:48:55.401 [JavaFX Application Thread] DEBUG FileSystemAccess     - Writing to: C:\Users\acer\IdeaProjects\RZL\system\fxgl.bundle
12:48:55.404 [JavaFX Application Thread] DEBUG Async                - Shutting down background threads
12:48:55.404 [JavaFX Application Thread] DEBUG PrimaryStageWindow   - Closing main window
12:48:55.416 [JavaFX Application Thread] DEBUG Logger               - Closing Logger
