23:51:34.609 [main                     ] DEBUG Logger               - Configured Logger
23:51:34.632 [main                     ] DEBUG GameApplication      - Logging settings
Title: Untitled
Version: 0.0
Width: 800
Height: 600
Fullscreen: false
Intro: false
Profiling: false
Single step:false
App Mode: DEVELOPER
Menu Key: ESCAPE
Stage Style: DECORATED
Scene Factory: class com.almasb.fxgl.app.scene.SceneFactory

23:51:34.937 [JavaFX Application Thread] DEBUG FXGLApplication      - Initializing FXGL
23:51:34.941 [JavaFX Application Thread] INFO  Engine               - FXGL-21.1 (27.03.2024 07.52) on WINDOWS (J:21.0.3 FX:21)
23:51:34.942 [JavaFX Application Thread] DEBUG Engine               - JRE Vendor Name: Oracle Corporation
23:51:34.942 [JavaFX Application Thread] DEBUG Engine               - Running on OS: Windows 11 version 10.0
23:51:34.942 [JavaFX Application Thread] DEBUG Engine               - Architecture: amd64
23:51:34.942 [JavaFX Application Thread] INFO  Engine               - Source code and latest versions at: https://github.com/AlmasB/FXGL
23:51:34.942 [JavaFX Application Thread] INFO  Engine               -       Ask questions and discuss at: https://github.com/AlmasB/FXGL/discussions
23:51:34.942 [JavaFX Application Thread] INFO  Engine               -              Join the FXGL chat at: https://gitter.im/AlmasB/FXGL
23:51:35.002 [JavaFX Application Thread] DEBUG PrimaryStageWindow   - Creating a JavaFX scene
23:51:35.040 [JavaFX Application Thread] DEBUG PrimaryStageWindow   - Target settings size: 800.0 x 600.0
23:51:35.040 [JavaFX Application Thread] DEBUG PrimaryStageWindow   - Scaled scene size:    800.0 x 600.0
23:51:35.040 [JavaFX Application Thread] DEBUG PrimaryStageWindow   - Scaled ratio: (1.0, 1.0)
23:51:35.041 [JavaFX Application Thread] DEBUG PrimaryStageWindow   - Set initial scene to FXGLStartupScene
23:51:35.043 [JavaFX Application Thread] DEBUG PrimaryStageWindow   - Opening main window
23:51:35.102 [JavaFX Application Thread] DEBUG PrimaryStageWindow   - Window border size: (14.4000244140625, 37.5999755859375)
23:51:35.102 [JavaFX Application Thread] DEBUG PrimaryStageWindow   - Scaled size: 800.0 x 600.0
23:51:35.102 [JavaFX Application Thread] DEBUG PrimaryStageWindow   - Scaled ratio: (1.0, 1.0)
23:51:35.102 [JavaFX Application Thread] DEBUG PrimaryStageWindow   - Scene size: 800.0 x 600.0
23:51:35.102 [JavaFX Application Thread] DEBUG PrimaryStageWindow   - Stage size: 814.4000244140625 x 637.5999755859375
23:51:35.108 [FXGL Background Thread 1 ] DEBUG Engine               - Initializing environment variables
23:51:35.152 [FXGL Background Thread 1 ] DEBUG FXGLAssetLoaderServi - User app class for loading assets: class com.xen.rzlgame.rzl.HelloApplication
23:51:35.152 [FXGL Background Thread 1 ] DEBUG GameApplicationServi - Applying CSS: fxgl_dark.css
23:51:35.153 [FXGL Background Thread 1 ] DEBUG FXGLAssetLoaderServi - Loading from file system: jar:file:///C:/Users/acer/.m2/repository/com/github/almasb/fxgl/21.1/fxgl-21.1.jar!/fxglassets/ui/css/fxgl_dark.css
23:51:35.196 [FXGL Background Thread 1 ] DEBUG GameApplicationServi - Initializing application scenes
23:51:35.248 [FXGL Background Thread 1 ] DEBUG GameWorld            - Game world initialized
23:51:35.310 [FXGL Background Thread 1 ] DEBUG PhysicsWorld         - Physics world initialized: appHeight=600, physics.ppm=50.0
23:51:35.312 [FXGL Background Thread 1 ] DEBUG PhysicsWorld         - Using strategy: BRUTE_FORCE
23:51:35.316 [FXGL Background Thread 1 ] DEBUG GameScene            - Game scene initialized: 800x600
23:51:35.325 [FXGL Background Thread 1 ] DEBUG FXGL.DefaultMenu     - createMenuBodyGameMenu()
23:51:35.333 [FXGL Background Thread 1 ] DEBUG FXGL.DefaultMenu     - createOptionsMenu()
23:51:35.342 [FXGL Background Thread 1 ] DEBUG FXGLAssetLoaderServi - Loading from file system: jar:file:///C:/Users/acer/.m2/repository/com/github/almasb/fxgl/21.1/fxgl-21.1.jar!/fxglassets/textures/particles/smoke.png
23:51:35.435 [FXGL Background Thread 1 ] DEBUG FXGLAssetLoaderServi - Loading from file system: jar:file:///C:/Users/acer/.m2/repository/com/github/almasb/fxgl/21.1/fxgl-21.1.jar!/fxglassets/textures/particles/trace_horizontal.png
23:51:35.459 [FXGL Background Thread 1 ] DEBUG GameApplicationServi - Application scenes initialized
23:51:35.469 [FXGL Background Thread 1 ] DEBUG SystemBundleService  - Loading FXGL system data
23:51:35.474 [FXGL Background Thread 1 ] DEBUG FileSystemAccess     - Reading from: C:\Users\acer\IdeaProjects\RZL\system\fxgl.bundle
23:51:35.482 [FXGL Background Thread 1 ] DEBUG SystemBundleService  - Bundle FXGL: {}
23:51:35.482 [FXGL Background Thread 1 ] DEBUG UpdaterService       - Checking for updates
23:51:35.510 [FXGL Background Thread 4 ] DEBUG FXGLApplication      - Loading fonts
23:51:35.510 [FXGL Background Thread 4 ] DEBUG FXGLAssetLoaderServi - Loading from file system: jar:file:///C:/Users/acer/.m2/repository/com/github/almasb/fxgl/21.1/fxgl-21.1.jar!/fxglassets/ui/fonts/VarelaRound-Regular.ttf
23:51:35.512 [FXGL Background Thread 1 ] DEBUG FXGLApplication      - Loading default localization
23:51:35.513 [FXGL Background Thread 1 ] DEBUG FXGLAssetLoaderServi - Loading from file system: jar:file:///C:/Users/acer/.m2/repository/com/github/almasb/fxgl/21.1/fxgl-21.1.jar!/fxglassets/languages/english.lang
23:51:35.552 [FXGL Background Thread 1 ] INFO  FXGLApplication      - FXGL initialization took: 0.443 sec
23:51:35.553 [JavaFX Application Thread] DEBUG FXGLAssetLoaderServi - Loading from file system: jar:file:///C:/Users/acer/.m2/repository/com/github/almasb/fxgl/21.1/fxgl-21.1.jar!/fxglassets/textures/fxgl_icon.png
23:51:35.576 [JavaFX Application Thread] DEBUG FXGLAssetLoaderServi - Loading from file system: jar:file:///C:/Users/acer/.m2/repository/com/github/almasb/fxgl/21.1/fxgl-21.1.jar!/fxglassets/textures/fxgl_default_cursor.png
23:51:35.596 [JavaFX Application Thread] DEBUG Input                - Registered new binding: Screenshot - CTRL+8
23:51:35.597 [JavaFX Application Thread] DEBUG Input                - Registered new binding: Dev Options - 1
23:51:35.597 [JavaFX Application Thread] DEBUG Input                - Registered new binding: Dev Console - 2
23:51:35.598 [JavaFX Application Thread] DEBUG Input                - Registered new binding: System info dump - CTRL+9
23:51:35.599 [JavaFX Application Thread] DEBUG Input                - Registered new binding: Restart - CTRL+R
23:51:35.601 [JavaFX Application Thread] DEBUG Input                - Registered new binding: Toggle Debug Camera - CTRL+7
23:51:35.608 [JavaFX Application Thread] DEBUG LoopRunner           - Starting loop
23:51:35.649 [JavaFX Application Thread] DEBUG LoopRunner           - Initializing JavaFX AnimationTimerLoop
23:51:35.652 [JavaFX Application Thread] DEBUG GameApplicationServi - Starting new game
23:51:35.652 [JavaFX Application Thread] DEBUG Input                - Clearing active input actions
23:51:35.669 [JavaFX Application Thread] DEBUG GameApplicationServi - Removing overlay from FXGLStartupScene and adding to FXGLLoadingScene
23:51:35.681 [JavaFX Application Thread] DEBUG PrimaryStageWindow   - FXGLStartupScene -> FXGLLoadingScene
23:51:35.681 [JavaFX Application Thread] DEBUG GameApplicationServi - Clearing previous game
23:51:35.681 [JavaFX Application Thread] DEBUG GameScene            - Clearing game scene
23:51:35.681 [JavaFX Application Thread] DEBUG GameWorld            - Clearing game world
23:51:35.681 [JavaFX Application Thread] DEBUG PhysicsWorld         - Clearing physics world
23:51:35.686 [FXGL Background Thread 1 ] DEBUG FXGLApplication      - Initializing game
23:51:35.746 [FXGL Background Thread 1 ] WARN  TMXLevelLoader       - TiledMap generated from 1.11.2. Supported version: 1.9.0. Some features may not be parsed fully.
23:51:35.757 [FXGL Background Thread 1 ] DEBUG TMXLevelLoader       - Parsed TiledMap: file:/C:/Users/acer/IdeaProjects/RZL/target/classes/assets/levels/main_level.tmx
23:51:35.758 [FXGL Background Thread 1 ] DEBUG TMXLevelLoader       - Creating tile layer entities
23:51:35.760 [FXGL Background Thread 1 ] DEBUG TilesetLoader        - Loading view for layer Tile Layer 1
23:51:35.763 [FXGL Background Thread 1 ] DEBUG TilesetLoader        - Created buffer with size 2400.0x640.0
23:51:35.769 [FXGL Background Thread 1 ] DEBUG TMXLevelLoader       - Creating object layer entities
23:51:35.807 [FXGL Background Thread 1 ] WARN  Entity               - Entity already has component: com.almasb.fxgl.entity.components.CollidableComponent
23:51:35.820 [FXGL Background Thread 1 ] DEBUG GameWorld            - Clearing removable entities
23:51:35.826 [FXGL Background Thread 1 ] DEBUG GameWorld            - Setting level: com.almasb.fxgl.entity.level.Level@1770f455
23:51:35.842 [FXGL Background Thread 1 ] DEBUG FXGLAssetLoaderServi - Loading from file system: file:/C:/Users/acer/IdeaProjects/RZL/target/classes/assets/textures/playerWalk.png
23:51:35.847 [FXGL Background Thread 1 ] DEBUG FXGLAssetLoaderServi - Loading from file system: file:/C:/Users/acer/IdeaProjects/RZL/target/classes/assets/textures/playerJump.png
23:51:35.848 [FXGL Background Thread 1 ] DEBUG FXGLAssetLoaderServi - Loading from file system: file:/C:/Users/acer/IdeaProjects/RZL/target/classes/assets/textures/playerAttack.png
23:51:35.873 [FXGL Background Thread 1 ] WARN  GameWorld            - Entity is already attached to world
23:51:35.877 [FXGL Background Thread 1 ] WARN  GameWorld            - Entity is already attached to world
23:51:35.878 [FXGL Background Thread 1 ] WARN  GameWorld            - Entity is already attached to world
23:51:35.878 [FXGL Background Thread 1 ] WARN  Entity               - Entity already has component: com.almasb.fxgl.entity.components.CollidableComponent
23:51:35.878 [FXGL Background Thread 1 ] WARN  GameWorld            - Entity is already attached to world
23:51:35.898 [FXGL Background Thread 1 ] DEBUG Input                - Registered new binding: Move D - D
23:51:35.898 [FXGL Background Thread 1 ] DEBUG Input                - Registered new binding: Move A - A
23:51:35.907 [FXGL Background Thread 1 ] DEBUG Input                - Registered new binding: Player Attack - LMB
23:51:35.907 [FXGL Background Thread 1 ] DEBUG Input                - Registered new binding: Player Parry - RMB
23:51:35.908 [FXGL Background Thread 1 ] DEBUG Input                - Registered new binding: Jump - Space
23:51:35.913 [FXGL Background Thread 1 ] DEBUG Input                - Registered new binding: Interact - Z
23:51:35.914 [FXGL Background Thread 1 ] INFO  FXGLApplication      - Game initialization took: 0.227 sec
23:51:35.999 [JavaFX Application Thread] DEBUG Input                - Clearing active input actions
23:51:36.010 [JavaFX Application Thread] DEBUG GameApplicationServi - Removing overlay from FXGLLoadingScene and adding to GameScene
23:51:36.016 [JavaFX Application Thread] DEBUG PrimaryStageWindow   - FXGLLoadingScene -> GameScene
23:51:38.328 [FXGL Background Thread 4 ] DEBUG FXGLAssetLoaderServi - Loading from file system: jar:file:///C:/Users/acer/.m2/repository/com/github/almasb/fxgl/21.1/fxgl-21.1.jar!/fxglassets/ui/fonts/Abel-Regular.ttf
23:51:38.397 [FXGL Background Thread 4 ] DEBUG FXGLAssetLoaderServi - Loading from file system: jar:file:///C:/Users/acer/.m2/repository/com/github/almasb/fxgl/21.1/fxgl-21.1.jar!/fxglassets/ui/fonts/TerminalLandMono-Regular.otf
23:51:38.402 [FXGL Background Thread 4 ] DEBUG FXGLAssetLoaderServi - Loading from file system: jar:file:///C:/Users/acer/.m2/repository/com/github/almasb/fxgl/21.1/fxgl-21.1.jar!/fxglassets/ui/fonts/Courier-Prime.ttf
23:51:38.415 [JavaFX Application Thread] DEBUG FXGLApplication      - Registering font factories with UI factory
23:51:38.506 [FXGL Background Thread 3 ] DEBUG Engine               - Logging environment variables
23:51:38.506 [FXGL Background Thread 3 ] DEBUG Engine               - achievements: []
23:51:38.506 [FXGL Background Thread 3 ] DEBUG Engine               - actualHeight: 600.0
23:51:38.507 [FXGL Background Thread 3 ] DEBUG Engine               - actualHeightProperty: ReadOnlyDoubleProperty [value: 600.0]
23:51:38.507 [FXGL Background Thread 3 ] DEBUG Engine               - actualWidth: 800.0
23:51:38.507 [FXGL Background Thread 3 ] DEBUG Engine               - actualWidthProperty: ReadOnlyDoubleProperty [value: 800.0]
23:51:38.507 [FXGL Background Thread 3 ] DEBUG Engine               - appIcon: fxgl_icon.png
23:51:38.507 [FXGL Background Thread 3 ] DEBUG Engine               - applicationMode: DEVELOPER
23:51:38.507 [FXGL Background Thread 3 ] DEBUG Engine               - cSSList: [fxgl_dark.css]
23:51:38.507 [FXGL Background Thread 3 ] DEBUG Engine               - collisionDetectionStrategy: BRUTE_FORCE
23:51:38.507 [FXGL Background Thread 3 ] DEBUG Engine               - configClass: Optional.empty
23:51:38.507 [FXGL Background Thread 3 ] DEBUG Engine               - credits: []
23:51:38.507 [FXGL Background Thread 3 ] DEBUG Engine               - defaultCursor: CursorInfo(imageName=fxgl_default_cursor.png, hotspotX=7.0, hotspotY=6.0)
23:51:38.507 [FXGL Background Thread 3 ] DEBUG Engine               - devBBoxColorProperty: ObjectProperty [value: 0xff0000ff]
23:51:38.507 [FXGL Background Thread 3 ] DEBUG Engine               - devEnableDebugCameraProperty: BooleanProperty [value: false]
23:51:38.507 [FXGL Background Thread 3 ] DEBUG Engine               - devSensorColorProperty: ObjectProperty [value: 0xffff00ff]
23:51:38.508 [FXGL Background Thread 3 ] DEBUG Engine               - devShowBBoxProperty: BooleanProperty [value: false]
23:51:38.508 [FXGL Background Thread 3 ] DEBUG Engine               - devShowPositionProperty: BooleanProperty [value: false]
23:51:38.508 [FXGL Background Thread 3 ] DEBUG Engine               - enabledMenuItems: []
23:51:38.508 [FXGL Background Thread 3 ] DEBUG Engine               - engineServices: [class com.almasb.fxgl.app.services.FXGLAssetLoaderService, class com.almasb.fxgl.app.FXGLApplication$GameApplicationService, class com.almasb.fxgl.app.services.FXGLDialogService, class com.almasb.fxgl.app.services.IOTaskExecutorService, class com.almasb.fxgl.io.FileSystemService, class com.almasb.fxgl.localization.LocalizationService, class com.almasb.fxgl.app.services.SystemBundleService, class com.almasb.fxgl.profile.SaveLoadService, class com.almasb.fxgl.ui.FXGLUIFactoryServiceProvider, class com.almasb.fxgl.ui.FXGLDialogFactoryServiceProvider, class com.almasb.fxgl.audio.AudioPlayer, class com.almasb.fxgl.notification.impl.NotificationServiceProvider, class com.almasb.fxgl.achievement.AchievementService, class com.almasb.fxgl.cutscene.CutsceneService, class com.almasb.fxgl.minigames.MiniGameService, class com.almasb.fxgl.net.NetService, class com.almasb.fxgl.app.services.UpdaterService, class com.almasb.fxgl.dev.DevService]
23:51:38.508 [FXGL Background Thread 3 ] DEBUG Engine               - fontGame: Abel-Regular.ttf
23:51:38.508 [FXGL Background Thread 3 ] DEBUG Engine               - fontMono: TerminalLandMono-Regular.otf
23:51:38.508 [FXGL Background Thread 3 ] DEBUG Engine               - fontSizeScaleUI: 1.0
23:51:38.508 [FXGL Background Thread 3 ] DEBUG Engine               - fontText: Courier-Prime.ttf
23:51:38.508 [FXGL Background Thread 3 ] DEBUG Engine               - fontUI: VarelaRound-Regular.ttf
23:51:38.508 [FXGL Background Thread 3 ] DEBUG Engine               - fullScreen: BooleanProperty [value: false]
23:51:38.508 [FXGL Background Thread 3 ] DEBUG Engine               - gameDifficulty: MEDIUM
23:51:38.508 [FXGL Background Thread 3 ] DEBUG Engine               - gameDifficultyProperty: ObjectProperty [value: MEDIUM]
23:51:38.508 [FXGL Background Thread 3 ] DEBUG Engine               - globalMusicVolume: 0.5
23:51:38.508 [FXGL Background Thread 3 ] DEBUG Engine               - globalMusicVolumeProperty: DoubleProperty [value: 0.5]
23:51:38.508 [FXGL Background Thread 3 ] DEBUG Engine               - globalSoundVolume: 0.5
23:51:38.508 [FXGL Background Thread 3 ] DEBUG Engine               - globalSoundVolumeProperty: DoubleProperty [value: 0.5]
23:51:38.508 [FXGL Background Thread 3 ] DEBUG Engine               - height: 600
23:51:38.508 [FXGL Background Thread 3 ] DEBUG Engine               - is3D: false
23:51:38.508 [FXGL Background Thread 3 ] DEBUG Engine               - isAndroid: false
23:51:38.508 [FXGL Background Thread 3 ] DEBUG Engine               - isBrowser: false
23:51:38.508 [FXGL Background Thread 3 ] DEBUG Engine               - isClickFeedbackEnabled: false
23:51:38.508 [FXGL Background Thread 3 ] DEBUG Engine               - isCloseConfirmation: false
23:51:38.508 [FXGL Background Thread 3 ] DEBUG Engine               - isDesktop: true
23:51:38.508 [FXGL Background Thread 3 ] DEBUG Engine               - isDeveloperMenuEnabled: true
23:51:38.508 [FXGL Background Thread 3 ] DEBUG Engine               - isEmbedded: false
23:51:38.508 [FXGL Background Thread 3 ] DEBUG Engine               - isEntityPreloadEnabled: true
23:51:38.508 [FXGL Background Thread 3 ] DEBUG Engine               - isExperimentalTiledLargeMap: false
23:51:38.508 [FXGL Background Thread 3 ] DEBUG Engine               - isFileSystemWriteAllowed: true
23:51:38.508 [FXGL Background Thread 3 ] DEBUG Engine               - isFullScreenAllowed: false
23:51:38.508 [FXGL Background Thread 3 ] DEBUG Engine               - isFullScreenFromStart: false
23:51:38.508 [FXGL Background Thread 3 ] DEBUG Engine               - isGameMenuEnabled: true
23:51:38.508 [FXGL Background Thread 3 ] DEBUG Engine               - isIOS: false
23:51:38.508 [FXGL Background Thread 3 ] DEBUG Engine               - isIntroEnabled: false
23:51:38.508 [FXGL Background Thread 3 ] DEBUG Engine               - isLinux: false
23:51:38.508 [FXGL Background Thread 3 ] DEBUG Engine               - isMac: false
23:51:38.508 [FXGL Background Thread 3 ] DEBUG Engine               - isMainMenuEnabled: false
23:51:38.508 [FXGL Background Thread 3 ] DEBUG Engine               - isManualResizeEnabled: false
23:51:38.508 [FXGL Background Thread 3 ] DEBUG Engine               - isMobile: false
23:51:38.508 [FXGL Background Thread 3 ] DEBUG Engine               - isNative: false
23:51:38.508 [FXGL Background Thread 3 ] DEBUG Engine               - isPauseMusicWhenMinimized: true
23:51:38.508 [FXGL Background Thread 3 ] DEBUG Engine               - isPreserveResizeRatio: false
23:51:38.508 [FXGL Background Thread 3 ] DEBUG Engine               - isProfilingEnabled: false
23:51:38.508 [FXGL Background Thread 3 ] DEBUG Engine               - isScaleAffectedOnResize: true
23:51:38.508 [FXGL Background Thread 3 ] DEBUG Engine               - isSingleStep: false
23:51:38.508 [FXGL Background Thread 3 ] DEBUG Engine               - isUserProfileEnabled: false
23:51:38.508 [FXGL Background Thread 3 ] DEBUG Engine               - isWindows: true
23:51:38.508 [FXGL Background Thread 3 ] DEBUG Engine               - language: ObjectProperty [value: ENGLISH]
23:51:38.508 [FXGL Background Thread 3 ] DEBUG Engine               - menuKey: ESCAPE
23:51:38.508 [FXGL Background Thread 3 ] DEBUG Engine               - mouseSensitivity: 0.2
23:51:38.508 [FXGL Background Thread 3 ] DEBUG Engine               - notificationViewClass: class com.almasb.fxgl.notification.view.XboxNotificationView
23:51:38.508 [FXGL Background Thread 3 ] DEBUG Engine               - pixelsPerMeter: 50.0
23:51:38.510 [FXGL Background Thread 3 ] DEBUG Engine               - platform: WINDOWS
23:51:38.510 [FXGL Background Thread 3 ] DEBUG Engine               - prefHeightProperty: ReadOnlyDoubleProperty [value: 600.0]
23:51:38.510 [FXGL Background Thread 3 ] DEBUG Engine               - prefWidthProperty: ReadOnlyDoubleProperty [value: 800.0]
23:51:38.510 [FXGL Background Thread 3 ] DEBUG Engine               - profileDir: profiles/
23:51:38.510 [FXGL Background Thread 3 ] DEBUG Engine               - profileName: StringProperty [value: DEFAULT]
23:51:38.510 [FXGL Background Thread 3 ] DEBUG Engine               - randomSeed: -1
23:51:38.510 [FXGL Background Thread 3 ] DEBUG Engine               - runtimeInfo: RuntimeInfo(platform=WINDOWS, version=21.1, build=27.03.2024 07.52)
23:51:38.510 [FXGL Background Thread 3 ] DEBUG Engine               - saveFileExt: sav
23:51:38.510 [FXGL Background Thread 3 ] DEBUG Engine               - scaledHeightProp$fxgl: DoubleProperty [bound, value: 600.0]
23:51:38.510 [FXGL Background Thread 3 ] DEBUG Engine               - scaledWidthProp$fxgl: DoubleProperty [bound, value: 800.0]
23:51:38.510 [FXGL Background Thread 3 ] DEBUG Engine               - sceneFactory: com.almasb.fxgl.app.scene.SceneFactory@15f6ebaa
23:51:38.510 [FXGL Background Thread 3 ] DEBUG Engine               - secondsIn24h: 60
23:51:38.510 [FXGL Background Thread 3 ] DEBUG Engine               - soundMenuBack: menu/back.wav
23:51:38.510 [FXGL Background Thread 3 ] DEBUG Engine               - soundMenuPress: menu/press.wav
23:51:38.510 [FXGL Background Thread 3 ] DEBUG Engine               - soundMenuSelect: menu/select.wav
23:51:38.510 [FXGL Background Thread 3 ] DEBUG Engine               - soundNotification: core/notification.wav
23:51:38.510 [FXGL Background Thread 3 ] DEBUG Engine               - stageStyle: DECORATED
23:51:38.510 [FXGL Background Thread 3 ] DEBUG Engine               - supportedLanguages: [ENGLISH, FRENCH, GERMAN, HUNGARIAN, RUSSIAN]
23:51:38.510 [FXGL Background Thread 3 ] DEBUG Engine               - ticksPerSecond: -1
23:51:38.510 [FXGL Background Thread 3 ] DEBUG Engine               - title: Untitled
23:51:38.510 [FXGL Background Thread 3 ] DEBUG Engine               - urlGithub: https://github.com/AlmasB/FXGL
23:51:38.510 [FXGL Background Thread 3 ] DEBUG Engine               - urlLeaderboard: http://fxgl-top.herokuapp.com/
23:51:38.510 [FXGL Background Thread 3 ] DEBUG Engine               - urlPOM: https://raw.githubusercontent.com/AlmasB/FXGL/release/README.md
23:51:38.510 [FXGL Background Thread 3 ] DEBUG Engine               - userAppClass: class com.xen.rzlgame.rzl.HelloApplication
23:51:38.510 [FXGL Background Thread 3 ] DEBUG Engine               - version: 0.0
23:51:38.510 [FXGL Background Thread 3 ] DEBUG Engine               - versionCheckDays: 7
23:51:38.510 [FXGL Background Thread 3 ] DEBUG Engine               - width: 800
23:51:38.510 [FXGL Background Thread 3 ] DEBUG Engine               - Logging services
23:51:38.510 [FXGL Background Thread 3 ] DEBUG Engine               - class com.almasb.fxgl.app.services.FXGLAssetLoaderService
23:51:38.510 [FXGL Background Thread 3 ] DEBUG Engine               - class com.almasb.fxgl.app.FXGLApplication$GameApplicationService
23:51:38.510 [FXGL Background Thread 3 ] DEBUG Engine               - class com.almasb.fxgl.app.services.FXGLDialogService
23:51:38.510 [FXGL Background Thread 3 ] DEBUG Engine               - class com.almasb.fxgl.app.services.IOTaskExecutorService
23:51:38.510 [FXGL Background Thread 3 ] DEBUG Engine               - class com.almasb.fxgl.io.FileSystemService
23:51:38.510 [FXGL Background Thread 3 ] DEBUG Engine               - class com.almasb.fxgl.localization.LocalizationService
23:51:38.510 [FXGL Background Thread 3 ] DEBUG Engine               - class com.almasb.fxgl.app.services.SystemBundleService
23:51:38.510 [FXGL Background Thread 3 ] DEBUG Engine               - class com.almasb.fxgl.profile.SaveLoadService
23:51:38.510 [FXGL Background Thread 3 ] DEBUG Engine               - class com.almasb.fxgl.ui.FXGLUIFactoryServiceProvider
23:51:38.510 [FXGL Background Thread 3 ] DEBUG Engine               - class com.almasb.fxgl.ui.FXGLDialogFactoryServiceProvider
23:51:38.510 [FXGL Background Thread 3 ] DEBUG Engine               - class com.almasb.fxgl.audio.AudioPlayer
23:51:38.510 [FXGL Background Thread 3 ] DEBUG Engine               - class com.almasb.fxgl.notification.impl.NotificationServiceProvider
23:51:38.510 [FXGL Background Thread 3 ] DEBUG Engine               - class com.almasb.fxgl.achievement.AchievementService
23:51:38.510 [FXGL Background Thread 3 ] DEBUG Engine               - class com.almasb.fxgl.cutscene.CutsceneService
23:51:38.510 [FXGL Background Thread 3 ] DEBUG Engine               - class com.almasb.fxgl.minigames.MiniGameService
23:51:38.510 [FXGL Background Thread 3 ] DEBUG Engine               - class com.almasb.fxgl.net.NetService
23:51:38.510 [FXGL Background Thread 3 ] DEBUG Engine               - class com.almasb.fxgl.app.services.UpdaterService
23:51:38.510 [FXGL Background Thread 3 ] DEBUG Engine               - class com.almasb.fxgl.dev.DevService
23:51:39.062 [JavaFX Application Thread] WARN  FXGLAssetLoaderServi - Asset "/assets/text/elias.txt" was not found!
23:51:39.062 [JavaFX Application Thread] WARN  FXGLAssetLoaderServi - Failed to load TEXT
23:51:39.066 [JavaFX Application Thread] DEBUG Input                - Registered new binding: Next RPG Line - Enter
23:51:39.067 [JavaFX Application Thread] DEBUG PrimaryStageWindow   - Push state: CutsceneScene
23:51:39.067 [JavaFX Application Thread] DEBUG Input                - Clearing active input actions
23:51:39.068 [JavaFX Application Thread] DEBUG GameApplicationServi - Removing overlay from GameScene and adding to CutsceneScene
23:51:39.070 [JavaFX Application Thread] DEBUG PrimaryStageWindow   - GameScene -> CutsceneScene
23:51:39.676 [JavaFX Application Thread] DEBUG PrimaryStageWindow   - Pop state: CutsceneScene
23:51:39.676 [JavaFX Application Thread] DEBUG Input                - Clearing active input actions
23:51:39.677 [JavaFX Application Thread] DEBUG GameApplicationServi - Removing overlay from CutsceneScene and adding to GameScene
23:51:39.678 [JavaFX Application Thread] DEBUG PrimaryStageWindow   - GameScene <- CutsceneScene
23:51:39.892 [JavaFX Application Thread] WARN  FXGLAssetLoaderServi - Asset "/assets/text/elias.txt" was not found!
23:51:39.893 [JavaFX Application Thread] WARN  FXGLAssetLoaderServi - Failed to load TEXT
23:51:39.893 [JavaFX Application Thread] DEBUG PrimaryStageWindow   - Push state: CutsceneScene
23:51:39.893 [JavaFX Application Thread] DEBUG Input                - Clearing active input actions
23:51:39.893 [JavaFX Application Thread] DEBUG GameApplicationServi - Removing overlay from GameScene and adding to CutsceneScene
23:51:39.894 [JavaFX Application Thread] DEBUG PrimaryStageWindow   - GameScene -> CutsceneScene
23:51:40.396 [JavaFX Application Thread] DEBUG PrimaryStageWindow   - Pop state: CutsceneScene
23:51:40.396 [JavaFX Application Thread] DEBUG Input                - Clearing active input actions
23:51:40.396 [JavaFX Application Thread] DEBUG GameApplicationServi - Removing overlay from CutsceneScene and adding to GameScene
23:51:40.397 [JavaFX Application Thread] DEBUG PrimaryStageWindow   - GameScene <- CutsceneScene
23:51:41.249 [JavaFX Application Thread] DEBUG FXGLAssetLoaderServi - Loading from file system: file:/C:/Users/acer/IdeaProjects/RZL/target/classes/assets/textures/bossAttack.png
23:51:41.260 [JavaFX Application Thread] DEBUG FXGLAssetLoaderServi - Loading from file system: file:/C:/Users/acer/IdeaProjects/RZL/target/classes/assets/textures/bossWalk.png
23:51:41.264 [JavaFX Application Thread] WARN  GameWorld            - Entity is already attached to world
23:51:47.712 [JavaFX Application Thread] DEBUG FXGLApplication      - Exiting FXGL
23:51:47.712 [JavaFX Application Thread] DEBUG LoopRunner           - Stopping loop
23:51:47.712 [JavaFX Application Thread] DEBUG SystemBundleService  - Saving FXGL system data
23:51:53.556 [JavaFX Application Thread] DEBUG FileSystemAccess     - Writing to: C:\Users\acer\IdeaProjects\RZL\system\fxgl.bundle
23:51:53.641 [JavaFX Application Thread] DEBUG Async                - Shutting down background threads
23:51:53.641 [JavaFX Application Thread] DEBUG PrimaryStageWindow   - Closing main window
23:51:53.651 [JavaFX Application Thread] DEBUG Logger               - Closing Logger
