22:51:26.451 [main                     ] DEBUG Logger               - Configured Logger
22:51:26.479 [main                     ] DEBUG GameApplication      - Logging settings
Title: Untitled
Version: 0.0
Width: 800
Height: 600
Fullscreen: false
Intro: false
Profiling: false
Single step:false
App Mode: DEVELOPER
Menu Key: ESCAPE
Stage Style: DECORATED
Scene Factory: class com.almasb.fxgl.app.scene.SceneFactory

22:51:26.751 [JavaFX Application Thread] DEBUG FXGLApplication      - Initializing FXGL
22:51:26.755 [JavaFX Application Thread] INFO  Engine               - FXGL-17.3 (30.03.2023 11.49) on WINDOWS (J:21.0.3 FX:21)
22:51:26.755 [JavaFX Application Thread] DEBUG Engine               - JRE Vendor Name: Oracle Corporation
22:51:26.756 [JavaFX Application Thread] DEBUG Engine               - Running on OS: Windows 11 version 10.0
22:51:26.756 [JavaFX Application Thread] DEBUG Engine               - Architecture: amd64
22:51:26.756 [JavaFX Application Thread] INFO  Engine               - Source code and latest versions at: https://github.com/AlmasB/FXGL
22:51:26.756 [JavaFX Application Thread] INFO  Engine               -       Ask questions and discuss at: https://github.com/AlmasB/FXGL/discussions
22:51:26.756 [JavaFX Application Thread] INFO  Engine               -              Join the FXGL chat at: https://gitter.im/AlmasB/FXGL
22:51:26.818 [JavaFX Application Thread] DEBUG PrimaryStageWindow   - Creating a JavaFX scene
22:51:26.856 [JavaFX Application Thread] DEBUG PrimaryStageWindow   - Target settings size: 800.0 x 600.0
22:51:26.856 [JavaFX Application Thread] DEBUG PrimaryStageWindow   - Scaled scene size:    800.0 x 600.0
22:51:26.856 [JavaFX Application Thread] DEBUG PrimaryStageWindow   - Scaled ratio: (1.0, 1.0)
22:51:26.857 [JavaFX Application Thread] DEBUG PrimaryStageWindow   - Set initial scene to FXGLStartupScene
22:51:26.860 [JavaFX Application Thread] DEBUG PrimaryStageWindow   - Opening main window
22:51:26.935 [JavaFX Application Thread] DEBUG PrimaryStageWindow   - Window border size: (14.4000244140625, 37.5999755859375)
22:51:26.935 [JavaFX Application Thread] DEBUG PrimaryStageWindow   - Scaled size: 800.0 x 600.0
22:51:26.935 [JavaFX Application Thread] DEBUG PrimaryStageWindow   - Scaled ratio: (1.0, 1.0)
22:51:26.935 [JavaFX Application Thread] DEBUG PrimaryStageWindow   - Scene size: 800.0 x 600.0
22:51:26.936 [JavaFX Application Thread] DEBUG PrimaryStageWindow   - Stage size: 814.4000244140625 x 637.5999755859375
22:51:26.942 [FXGL Background Thread 1 ] DEBUG Engine               - Initializing environment variables
22:51:26.989 [FXGL Background Thread 1 ] DEBUG FXGLAssetLoaderServi - User app class for loading assets: class com.xen.rzlgame.rzl.HelloApplication
22:51:26.990 [FXGL Background Thread 1 ] DEBUG GameApplicationServi - Applying CSS: fxgl_dark.css
22:51:26.990 [FXGL Background Thread 1 ] DEBUG FXGLAssetLoaderServi - Loading from file system: jar:file:///C:/Users/acer/.m2/repository/com/github/almasb/fxgl/17.3/fxgl-17.3.jar!/fxglassets/ui/css/fxgl_dark.css
22:51:27.045 [FXGL Background Thread 1 ] DEBUG GameApplicationServi - Initializing application scenes
22:51:27.110 [FXGL Background Thread 1 ] DEBUG GameWorld            - Game world initialized
22:51:27.168 [FXGL Background Thread 1 ] DEBUG PhysicsWorld         - Physics world initialized: appHeight=600, physics.ppm=50.0
22:51:27.168 [FXGL Background Thread 1 ] DEBUG PhysicsWorld         - Using strategy: BRUTE_FORCE
22:51:27.172 [FXGL Background Thread 1 ] DEBUG GameScene            - Game scene initialized: 800x600
22:51:27.181 [FXGL Background Thread 1 ] DEBUG FXGL.DefaultMenu     - createMenuBodyGameMenu()
22:51:27.189 [FXGL Background Thread 1 ] DEBUG FXGL.DefaultMenu     - createOptionsMenu()
22:51:27.196 [FXGL Background Thread 1 ] DEBUG FXGLAssetLoaderServi - Loading from file system: jar:file:///C:/Users/acer/.m2/repository/com/github/almasb/fxgl/17.3/fxgl-17.3.jar!/fxglassets/textures/particles/smoke.png
22:51:27.288 [FXGL Background Thread 1 ] DEBUG FXGLAssetLoaderServi - Loading from file system: jar:file:///C:/Users/acer/.m2/repository/com/github/almasb/fxgl/17.3/fxgl-17.3.jar!/fxglassets/textures/particles/trace_horizontal.png
22:51:27.308 [FXGL Background Thread 1 ] DEBUG GameApplicationServi - Application scenes initialized
22:51:27.319 [FXGL Background Thread 1 ] DEBUG SystemBundleService  - Loading FXGL system data
22:51:27.323 [FXGL Background Thread 1 ] DEBUG FileSystemAccess     - Reading from: C:\Users\acer\IdeaProjects\RZL\system\fxgl.bundle
22:51:27.329 [FXGL Background Thread 1 ] DEBUG SystemBundleService  - Bundle FXGL: {}
22:51:27.330 [FXGL Background Thread 1 ] DEBUG UpdaterService       - Checking for updates
22:51:27.333 [FXGL Background Thread 4 ] DEBUG FXGLApplication      - Loading fonts
22:51:27.333 [FXGL Background Thread 4 ] DEBUG FXGLAssetLoaderServi - Loading from file system: jar:file:///C:/Users/acer/.m2/repository/com/github/almasb/fxgl/17.3/fxgl-17.3.jar!/fxglassets/ui/fonts/VarelaRound-Regular.ttf
22:51:27.334 [FXGL Background Thread 1 ] DEBUG FXGLApplication      - Loading default localization
22:51:27.334 [FXGL Background Thread 1 ] DEBUG FXGLAssetLoaderServi - Loading from file system: jar:file:///C:/Users/acer/.m2/repository/com/github/almasb/fxgl/17.3/fxgl-17.3.jar!/fxglassets/languages/english.lang
22:51:27.367 [FXGL Background Thread 4 ] DEBUG FXGLAssetLoaderServi - Loading from file system: jar:file:///C:/Users/acer/.m2/repository/com/github/almasb/fxgl/17.3/fxgl-17.3.jar!/fxglassets/ui/fonts/Abel-Regular.ttf
22:51:27.370 [FXGL Background Thread 4 ] DEBUG FXGLAssetLoaderServi - Loading from file system: jar:file:///C:/Users/acer/.m2/repository/com/github/almasb/fxgl/17.3/fxgl-17.3.jar!/fxglassets/ui/fonts/TerminalLandMono-Regular.otf
22:51:27.373 [FXGL Background Thread 4 ] DEBUG FXGLAssetLoaderServi - Loading from file system: jar:file:///C:/Users/acer/.m2/repository/com/github/almasb/fxgl/17.3/fxgl-17.3.jar!/fxglassets/ui/fonts/Courier-Prime.ttf
22:51:27.374 [FXGL Background Thread 1 ] INFO  FXGLApplication      - FXGL initialization took: 0.433 sec
22:51:27.375 [JavaFX Application Thread] DEBUG FXGLAssetLoaderServi - Loading from file system: jar:file:///C:/Users/acer/.m2/repository/com/github/almasb/fxgl/17.3/fxgl-17.3.jar!/fxglassets/textures/fxgl_icon.png
22:51:27.395 [JavaFX Application Thread] DEBUG FXGLAssetLoaderServi - Loading from file system: jar:file:///C:/Users/acer/.m2/repository/com/github/almasb/fxgl/17.3/fxgl-17.3.jar!/fxglassets/textures/fxgl_default_cursor.png
22:51:27.402 [JavaFX Application Thread] DEBUG Input                - Registered new binding: Screenshot - CTRL+8
22:51:27.402 [JavaFX Application Thread] DEBUG Input                - Registered new binding: System info dump - CTRL+9
22:51:27.403 [JavaFX Application Thread] DEBUG Input                - Registered new binding: Restart - CTRL+R
22:51:27.404 [JavaFX Application Thread] DEBUG Input                - Registered new binding: Toggle Debug Camera - CTRL+7
22:51:27.405 [JavaFX Application Thread] DEBUG LoopRunner           - Starting loop
22:51:27.405 [JavaFX Application Thread] DEBUG LoopRunner           - Initializing JavaFX AnimationTimerLoop
22:51:27.407 [JavaFX Application Thread] DEBUG GameApplicationServi - Starting new game
22:51:27.408 [JavaFX Application Thread] DEBUG Input                - Clearing active input actions
22:51:27.420 [JavaFX Application Thread] DEBUG GameApplicationServi - Removing overlay from FXGLStartupScene and adding to FXGLLoadingScene
22:51:27.421 [JavaFX Application Thread] DEBUG PrimaryStageWindow   - FXGLStartupScene -> FXGLLoadingScene
22:51:27.421 [JavaFX Application Thread] DEBUG GameApplicationServi - Clearing previous game
22:51:27.421 [JavaFX Application Thread] DEBUG GameScene            - Clearing game scene
22:51:27.421 [JavaFX Application Thread] DEBUG GameWorld            - Clearing game world
22:51:27.421 [JavaFX Application Thread] DEBUG PhysicsWorld         - Clearing physics world
22:51:27.424 [FXGL Background Thread 4 ] DEBUG FXGLApplication      - Initializing game
22:51:27.424 [JavaFX Application Thread] DEBUG FXGLApplication      - Registering font factories with UI factory
22:51:27.496 [FXGL Background Thread 4 ] WARN  GameWorld            - Entity is already attached to world
22:51:27.498 [FXGL Background Thread 4 ] WARN  GameWorld            - Entity is already attached to world
22:51:27.529 [FXGL Background Thread 4 ] WARN  GameWorld            - Entity is already attached to world
22:51:27.529 [FXGL Background Thread 4 ] WARN  GameWorld            - Entity is already attached to world
22:51:27.536 [FXGL Background Thread 4 ] DEBUG Input                - Registered new binding: Move D - D
22:51:27.536 [FXGL Background Thread 4 ] DEBUG Input                - Registered new binding: Move A - A
22:51:27.536 [FXGL Background Thread 4 ] DEBUG Input                - Registered new binding: Move S - S
22:51:27.536 [FXGL Background Thread 4 ] DEBUG Input                - Registered new binding: Move W - W
22:51:27.539 [FXGL Background Thread 4 ] DEBUG Input                - Registered new binding: Player Attack - LMB
22:51:27.539 [FXGL Background Thread 4 ] DEBUG Input                - Registered new binding: Player Parry - RMB
22:51:27.539 [FXGL Background Thread 4 ] DEBUG Input                - Registered new binding: Sprint - Space
22:51:27.541 [FXGL Background Thread 4 ] DEBUG Input                - Registered new binding: Interact - Z
22:51:27.541 [FXGL Background Thread 4 ] INFO  FXGLApplication      - Game initialization took: 0.117 sec
22:51:27.557 [JavaFX Application Thread] DEBUG Input                - Clearing active input actions
22:51:27.562 [JavaFX Application Thread] DEBUG GameApplicationServi - Removing overlay from FXGLLoadingScene and adding to GameScene
22:51:27.562 [JavaFX Application Thread] DEBUG PrimaryStageWindow   - FXGLLoadingScene -> GameScene
22:51:27.574 [JavaFX Application Thread] DEBUG LoopRunner           - Stopping loop
22:51:27.575 [JavaFX Application Thread] FATAL FXGLApplication      - Uncaught Exception:
java.lang.NullPointerException: Cannot invoke "com.almasb.fxgl.physics.SensorCollisionHandler.onCollisionBegin(com.almasb.fxgl.entity.Entity)" because "handler" is null
	at com.almasb.fxgl.entity@17.3/com.almasb.fxgl.physics.PhysicsWorld.notifySensorCollisionBegin(PhysicsWorld.java:325)
	at com.almasb.fxgl.entity@17.3/com.almasb.fxgl.physics.PhysicsWorld.beginContact(PhysicsWorld.java:218)
	at com.almasb.fxgl.entity@17.3/com.almasb.fxgl.physics.box2d.dynamics.contacts.Contact.update(Contact.java:269)
	at com.almasb.fxgl.entity@17.3/com.almasb.fxgl.physics.box2d.dynamics.ContactManager.collide(ContactManager.java:303)
	at com.almasb.fxgl.entity@17.3/com.almasb.fxgl.physics.box2d.dynamics.World.step(World.java:272)
	at com.almasb.fxgl.entity@17.3/com.almasb.fxgl.physics.PhysicsWorld.onUpdate(PhysicsWorld.java:176)
	at com.almasb.fxgl.all@17.3/com.almasb.fxgl.app.scene.GameScene.step(GameScene.kt:229)
	at com.almasb.fxgl.all@17.3/com.almasb.fxgl.app.scene.GameScene.onUpdate(GameScene.kt:224)
	at com.almasb.fxgl.scene@17.3/com.almasb.fxgl.scene.Scene.update(Scene.kt:105)
	at com.almasb.fxgl.all@17.3/com.almasb.fxgl.app.MainWindow$update$1.invoke(MainWindow.kt:115)
	at com.almasb.fxgl.all@17.3/com.almasb.fxgl.app.MainWindow$update$1.invoke(MainWindow.kt:115)
	at com.almasb.fxgl.core@17.3/com.almasb.fxgl.core.fsm.StateMachine.runOnActiveStates(StateMachine.kt:69)
	at com.almasb.fxgl.all@17.3/com.almasb.fxgl.app.MainWindow.update(MainWindow.kt:115)
	at com.almasb.fxgl.all@17.3/com.almasb.fxgl.app.FXGLApplication$GameApplicationService.onUpdate(FXGLApplication.kt:426)
	at com.almasb.fxgl.all@17.3/com.almasb.fxgl.app.Engine.loop(Engine.kt:134)
	at com.almasb.fxgl.all@17.3/com.almasb.fxgl.app.Engine.access$loop(Engine.kt:24)
	at com.almasb.fxgl.all@17.3/com.almasb.fxgl.app.Engine$loop$1.invoke(Engine.kt:28)
	at com.almasb.fxgl.all@17.3/com.almasb.fxgl.app.Engine$loop$1.invoke(Engine.kt:28)
	at com.almasb.fxgl.all@17.3/com.almasb.fxgl.app.LoopRunner.frame(LoopRunner.kt:103)
	at com.almasb.fxgl.all@17.3/com.almasb.fxgl.app.LoopRunner.access$frame(LoopRunner.kt:23)
	at com.almasb.fxgl.all@17.3/com.almasb.fxgl.app.LoopRunner$impl$2$1.onTick(LoopRunner.kt:57)
	at com.almasb.fxgl.all@17.3/com.almasb.fxgl.app.AnimationTimerLoop$timer$1.handle(LoopRunner.kt:137)
	at javafx.graphics@21/javafx.animation.AnimationTimer$AnimationTimerReceiver.lambda$handle$0(AnimationTimer.java:58)
	at java.base/java.security.AccessController.doPrivileged(AccessController.java:400)
	at javafx.graphics@21/javafx.animation.AnimationTimer$AnimationTimerReceiver.handle(AnimationTimer.java:57)
	at javafx.graphics@21/com.sun.scenario.animation.AbstractPrimaryTimer.timePulseImpl(AbstractPrimaryTimer.java:356)
	at javafx.graphics@21/com.sun.scenario.animation.AbstractPrimaryTimer$MainLoop.run(AbstractPrimaryTimer.java:266)
	at javafx.graphics@21/com.sun.javafx.tk.quantum.QuantumToolkit.pulse(QuantumToolkit.java:588)
	at javafx.graphics@21/com.sun.javafx.tk.quantum.QuantumToolkit.pulse(QuantumToolkit.java:572)
	at javafx.graphics@21/com.sun.javafx.tk.quantum.QuantumToolkit.pulseFromQueue(QuantumToolkit.java:565)
	at javafx.graphics@21/com.sun.javafx.tk.quantum.QuantumToolkit.lambda$runToolkit$11(QuantumToolkit.java:352)
	at javafx.graphics@21/com.sun.glass.ui.InvokeLaterDispatcher$Future.run(InvokeLaterDispatcher.java:95)
	at javafx.graphics@21/com.sun.glass.ui.win.WinApplication._runLoop(Native Method)
	at javafx.graphics@21/com.sun.glass.ui.win.WinApplication.lambda$runLoop$3(WinApplication.java:185)
	at java.base/java.lang.Thread.run(Thread.java:1583)

22:51:27.575 [JavaFX Application Thread] FATAL FXGLApplication      - Application will now exit
22:51:27.592 [JavaFX Application Thread] DEBUG PrimaryStageWindow   - Push state: ErrorSubScene
22:51:27.592 [JavaFX Application Thread] DEBUG Input                - Clearing active input actions
22:51:27.599 [JavaFX Application Thread] DEBUG GameApplicationServi - Removing overlay from GameScene and adding to ErrorSubScene
22:51:27.599 [JavaFX Application Thread] DEBUG PrimaryStageWindow   - GameScene -> ErrorSubScene
22:51:27.902 [FXGL Background Thread 2 ] INFO  UpdaterService       - Your current version:  17.3
22:51:27.902 [FXGL Background Thread 2 ] INFO  UpdaterService       - Latest stable version: 21.1
22:51:30.332 [FXGL Background Thread 3 ] DEBUG Engine               - Logging environment variables
22:51:30.332 [FXGL Background Thread 3 ] DEBUG Engine               - achievements: []
22:51:30.332 [FXGL Background Thread 3 ] DEBUG Engine               - actualHeight: 600.0
22:51:30.332 [FXGL Background Thread 3 ] DEBUG Engine               - actualHeightProperty: ReadOnlyDoubleProperty [value: 600.0]
22:51:30.332 [FXGL Background Thread 3 ] DEBUG Engine               - actualWidth: 800.0
22:51:30.332 [FXGL Background Thread 3 ] DEBUG Engine               - actualWidthProperty: ReadOnlyDoubleProperty [value: 800.0]
22:51:30.333 [FXGL Background Thread 3 ] DEBUG Engine               - appIcon: fxgl_icon.png
22:51:30.333 [FXGL Background Thread 3 ] DEBUG Engine               - applicationMode: DEVELOPER
22:51:30.333 [FXGL Background Thread 3 ] DEBUG Engine               - cSSList: [fxgl_dark.css]
22:51:30.333 [FXGL Background Thread 3 ] DEBUG Engine               - collisionDetectionStrategy: BRUTE_FORCE
22:51:30.333 [FXGL Background Thread 3 ] DEBUG Engine               - configClass: Optional.empty
22:51:30.333 [FXGL Background Thread 3 ] DEBUG Engine               - credits: []
22:51:30.333 [FXGL Background Thread 3 ] DEBUG Engine               - defaultCursor: CursorInfo(imageName=fxgl_default_cursor.png, hotspotX=7.0, hotspotY=6.0)
22:51:30.334 [FXGL Background Thread 3 ] DEBUG Engine               - devBBoxColorProperty: ObjectProperty [value: 0xff0000ff]
22:51:30.334 [FXGL Background Thread 3 ] DEBUG Engine               - devEnableDebugCameraProperty: BooleanProperty [value: false]
22:51:30.334 [FXGL Background Thread 3 ] DEBUG Engine               - devSensorColorProperty: ObjectProperty [value: 0xffff00ff]
22:51:30.334 [FXGL Background Thread 3 ] DEBUG Engine               - devShowBBoxProperty: BooleanProperty [value: false]
22:51:30.334 [FXGL Background Thread 3 ] DEBUG Engine               - devShowPositionProperty: BooleanProperty [value: false]
22:51:30.334 [FXGL Background Thread 3 ] DEBUG Engine               - enabledMenuItems: []
22:51:30.334 [FXGL Background Thread 3 ] DEBUG Engine               - engineServices: [class com.almasb.fxgl.app.services.FXGLAssetLoaderService, class com.almasb.fxgl.app.FXGLApplication$GameApplicationService, class com.almasb.fxgl.app.services.FXGLDialogService, class com.almasb.fxgl.app.services.IOTaskExecutorService, class com.almasb.fxgl.io.FileSystemService, class com.almasb.fxgl.localization.LocalizationService, class com.almasb.fxgl.app.services.SystemBundleService, class com.almasb.fxgl.profile.SaveLoadService, class com.almasb.fxgl.ui.FXGLUIFactoryServiceProvider, class com.almasb.fxgl.ui.FXGLDialogFactoryServiceProvider, class com.almasb.fxgl.audio.AudioPlayer, class com.almasb.fxgl.notification.impl.NotificationServiceProvider, class com.almasb.fxgl.achievement.AchievementService, class com.almasb.fxgl.cutscene.CutsceneService, class com.almasb.fxgl.minigames.MiniGameService, class com.almasb.fxgl.net.NetService, class com.almasb.fxgl.app.services.UpdaterService, class com.almasb.fxgl.dev.DevService]
22:51:30.334 [FXGL Background Thread 3 ] DEBUG Engine               - fontGame: Abel-Regular.ttf
22:51:30.334 [FXGL Background Thread 3 ] DEBUG Engine               - fontMono: TerminalLandMono-Regular.otf
22:51:30.334 [FXGL Background Thread 3 ] DEBUG Engine               - fontSizeScaleUI: 1.0
22:51:30.334 [FXGL Background Thread 3 ] DEBUG Engine               - fontText: Courier-Prime.ttf
22:51:30.334 [FXGL Background Thread 3 ] DEBUG Engine               - fontUI: VarelaRound-Regular.ttf
22:51:30.334 [FXGL Background Thread 3 ] DEBUG Engine               - fullScreen: BooleanProperty [value: false]
22:51:30.334 [FXGL Background Thread 3 ] DEBUG Engine               - gameDifficulty: MEDIUM
22:51:30.334 [FXGL Background Thread 3 ] DEBUG Engine               - gameDifficultyProperty: ObjectProperty [value: MEDIUM]
22:51:30.334 [FXGL Background Thread 3 ] DEBUG Engine               - globalMusicVolume: 0.5
22:51:30.334 [FXGL Background Thread 3 ] DEBUG Engine               - globalMusicVolumeProperty: DoubleProperty [value: 0.5]
22:51:30.334 [FXGL Background Thread 3 ] DEBUG Engine               - globalSoundVolume: 0.5
22:51:30.334 [FXGL Background Thread 3 ] DEBUG Engine               - globalSoundVolumeProperty: DoubleProperty [value: 0.5]
22:51:30.334 [FXGL Background Thread 3 ] DEBUG Engine               - height: 600
22:51:30.334 [FXGL Background Thread 3 ] DEBUG Engine               - is3D: false
22:51:30.334 [FXGL Background Thread 3 ] DEBUG Engine               - isAndroid: false
22:51:30.334 [FXGL Background Thread 3 ] DEBUG Engine               - isBrowser: false
22:51:30.334 [FXGL Background Thread 3 ] DEBUG Engine               - isClickFeedbackEnabled: false
22:51:30.334 [FXGL Background Thread 3 ] DEBUG Engine               - isCloseConfirmation: false
22:51:30.334 [FXGL Background Thread 3 ] DEBUG Engine               - isDesktop: true
22:51:30.334 [FXGL Background Thread 3 ] DEBUG Engine               - isDeveloperMenuEnabled: false
22:51:30.334 [FXGL Background Thread 3 ] DEBUG Engine               - isEmbedded: false
22:51:30.334 [FXGL Background Thread 3 ] DEBUG Engine               - isEntityPreloadEnabled: true
22:51:30.334 [FXGL Background Thread 3 ] DEBUG Engine               - isExperimentalTiledLargeMap: false
22:51:30.334 [FXGL Background Thread 3 ] DEBUG Engine               - isFileSystemWriteAllowed: true
22:51:30.334 [FXGL Background Thread 3 ] DEBUG Engine               - isFullScreenAllowed: false
22:51:30.334 [FXGL Background Thread 3 ] DEBUG Engine               - isFullScreenFromStart: false
22:51:30.334 [FXGL Background Thread 3 ] DEBUG Engine               - isGameMenuEnabled: true
22:51:30.335 [FXGL Background Thread 3 ] DEBUG Engine               - isIOS: false
22:51:30.335 [FXGL Background Thread 3 ] DEBUG Engine               - isIntroEnabled: false
22:51:30.335 [FXGL Background Thread 3 ] DEBUG Engine               - isLinux: false
22:51:30.335 [FXGL Background Thread 3 ] DEBUG Engine               - isMac: false
22:51:30.335 [FXGL Background Thread 3 ] DEBUG Engine               - isMainMenuEnabled: false
22:51:30.335 [FXGL Background Thread 3 ] DEBUG Engine               - isManualResizeEnabled: false
22:51:30.335 [FXGL Background Thread 3 ] DEBUG Engine               - isMobile: false
22:51:30.335 [FXGL Background Thread 3 ] DEBUG Engine               - isNative: false
22:51:30.335 [FXGL Background Thread 3 ] DEBUG Engine               - isPauseMusicWhenMinimized: true
22:51:30.335 [FXGL Background Thread 3 ] DEBUG Engine               - isPreserveResizeRatio: false
22:51:30.335 [FXGL Background Thread 3 ] DEBUG Engine               - isProfilingEnabled: false
22:51:30.335 [FXGL Background Thread 3 ] DEBUG Engine               - isScaleAffectedOnResize: true
22:51:30.335 [FXGL Background Thread 3 ] DEBUG Engine               - isSingleStep: false
22:51:30.335 [FXGL Background Thread 3 ] DEBUG Engine               - isUserProfileEnabled: false
22:51:30.335 [FXGL Background Thread 3 ] DEBUG Engine               - isWindows: true
22:51:30.335 [FXGL Background Thread 3 ] DEBUG Engine               - language: ObjectProperty [value: ENGLISH]
22:51:30.335 [FXGL Background Thread 3 ] DEBUG Engine               - menuKey: ESCAPE
22:51:30.335 [FXGL Background Thread 3 ] DEBUG Engine               - mouseSensitivity: 0.2
22:51:30.335 [FXGL Background Thread 3 ] DEBUG Engine               - notificationViewClass: class com.almasb.fxgl.notification.view.XboxNotificationView
22:51:30.335 [FXGL Background Thread 3 ] DEBUG Engine               - pixelsPerMeter: 50.0
22:51:30.335 [FXGL Background Thread 3 ] DEBUG Engine               - platform: WINDOWS
22:51:30.337 [FXGL Background Thread 3 ] DEBUG Engine               - prefHeightProperty: ReadOnlyDoubleProperty [value: 600.0]
22:51:30.337 [FXGL Background Thread 3 ] DEBUG Engine               - prefWidthProperty: ReadOnlyDoubleProperty [value: 800.0]
22:51:30.337 [FXGL Background Thread 3 ] DEBUG Engine               - profileDir: profiles/
22:51:30.337 [FXGL Background Thread 3 ] DEBUG Engine               - profileName: StringProperty [value: DEFAULT]
22:51:30.337 [FXGL Background Thread 3 ] DEBUG Engine               - randomSeed: -1
22:51:30.337 [FXGL Background Thread 3 ] DEBUG Engine               - runtimeInfo: RuntimeInfo(platform=WINDOWS, version=17.3, build=30.03.2023 11.49)
22:51:30.337 [FXGL Background Thread 3 ] DEBUG Engine               - saveFileExt: sav
22:51:30.337 [FXGL Background Thread 3 ] DEBUG Engine               - scaledHeightProp$fxgl: DoubleProperty [bound, value: 600.0]
22:51:30.337 [FXGL Background Thread 3 ] DEBUG Engine               - scaledWidthProp$fxgl: DoubleProperty [bound, value: 800.0]
22:51:30.337 [FXGL Background Thread 3 ] DEBUG Engine               - sceneFactory: com.almasb.fxgl.app.scene.SceneFactory@309c7fa0
22:51:30.338 [FXGL Background Thread 3 ] DEBUG Engine               - secondsIn24h: 60
22:51:30.338 [FXGL Background Thread 3 ] DEBUG Engine               - soundMenuBack: menu/back.wav
22:51:30.338 [FXGL Background Thread 3 ] DEBUG Engine               - soundMenuPress: menu/press.wav
22:51:30.338 [FXGL Background Thread 3 ] DEBUG Engine               - soundMenuSelect: menu/select.wav
22:51:30.338 [FXGL Background Thread 3 ] DEBUG Engine               - soundNotification: core/notification.wav
22:51:30.338 [FXGL Background Thread 3 ] DEBUG Engine               - stageStyle: DECORATED
22:51:30.338 [FXGL Background Thread 3 ] DEBUG Engine               - supportedLanguages: [ENGLISH, FRENCH, GERMAN, HUNGARIAN, RUSSIAN]
22:51:30.338 [FXGL Background Thread 3 ] DEBUG Engine               - ticksPerSecond: -1
22:51:30.338 [FXGL Background Thread 3 ] DEBUG Engine               - title: Untitled
22:51:30.338 [FXGL Background Thread 3 ] DEBUG Engine               - urlGithub: https://github.com/AlmasB/FXGL
22:51:30.338 [FXGL Background Thread 3 ] DEBUG Engine               - urlLeaderboard: http://fxgl-top.herokuapp.com/
22:51:30.338 [FXGL Background Thread 3 ] DEBUG Engine               - urlPOM: https://raw.githubusercontent.com/AlmasB/FXGL/release/README.md
22:51:30.338 [FXGL Background Thread 3 ] DEBUG Engine               - userAppClass: class com.xen.rzlgame.rzl.HelloApplication
22:51:30.338 [FXGL Background Thread 3 ] DEBUG Engine               - version: 0.0
22:51:30.338 [FXGL Background Thread 3 ] DEBUG Engine               - versionCheckDays: 7
22:51:30.338 [FXGL Background Thread 3 ] DEBUG Engine               - width: 800
22:51:30.338 [FXGL Background Thread 3 ] DEBUG Engine               - Logging services
22:51:30.338 [FXGL Background Thread 3 ] DEBUG Engine               - class com.almasb.fxgl.app.services.FXGLAssetLoaderService
22:51:30.338 [FXGL Background Thread 3 ] DEBUG Engine               - class com.almasb.fxgl.app.FXGLApplication$GameApplicationService
22:51:30.339 [FXGL Background Thread 3 ] DEBUG Engine               - class com.almasb.fxgl.app.services.FXGLDialogService
22:51:30.339 [FXGL Background Thread 3 ] DEBUG Engine               - class com.almasb.fxgl.app.services.IOTaskExecutorService
22:51:30.339 [FXGL Background Thread 3 ] DEBUG Engine               - class com.almasb.fxgl.io.FileSystemService
22:51:30.339 [FXGL Background Thread 3 ] DEBUG Engine               - class com.almasb.fxgl.localization.LocalizationService
22:51:30.339 [FXGL Background Thread 3 ] DEBUG Engine               - class com.almasb.fxgl.app.services.SystemBundleService
22:51:30.339 [FXGL Background Thread 3 ] DEBUG Engine               - class com.almasb.fxgl.profile.SaveLoadService
22:51:30.339 [FXGL Background Thread 3 ] DEBUG Engine               - class com.almasb.fxgl.ui.FXGLUIFactoryServiceProvider
22:51:30.339 [FXGL Background Thread 3 ] DEBUG Engine               - class com.almasb.fxgl.ui.FXGLDialogFactoryServiceProvider
22:51:30.339 [FXGL Background Thread 3 ] DEBUG Engine               - class com.almasb.fxgl.audio.AudioPlayer
22:51:30.339 [FXGL Background Thread 3 ] DEBUG Engine               - class com.almasb.fxgl.notification.impl.NotificationServiceProvider
22:51:30.339 [FXGL Background Thread 3 ] DEBUG Engine               - class com.almasb.fxgl.achievement.AchievementService
22:51:30.339 [FXGL Background Thread 3 ] DEBUG Engine               - class com.almasb.fxgl.cutscene.CutsceneService
22:51:30.339 [FXGL Background Thread 3 ] DEBUG Engine               - class com.almasb.fxgl.minigames.MiniGameService
22:51:30.339 [FXGL Background Thread 3 ] DEBUG Engine               - class com.almasb.fxgl.net.NetService
22:51:30.339 [FXGL Background Thread 3 ] DEBUG Engine               - class com.almasb.fxgl.app.services.UpdaterService
22:51:30.339 [FXGL Background Thread 3 ] DEBUG Engine               - class com.almasb.fxgl.dev.DevService
22:51:34.056 [JavaFX Application Thread] DEBUG FXGLApplication      - Exiting FXGL
22:51:34.056 [JavaFX Application Thread] DEBUG Async                - Shutting down background threads
22:51:34.057 [JavaFX Application Thread] DEBUG PrimaryStageWindow   - Closing main window
22:51:34.069 [JavaFX Application Thread] DEBUG Logger               - Closing Logger
