00:21:08.011 [main                     ] DEBUG Logger               - Configured Logger
00:21:08.042 [main                     ] DEBUG GameApplication      - Logging settings
Title: Untitled
Version: 0.0
Width: 800
Height: 600
Fullscreen: false
Intro: false
Profiling: false
Single step:false
App Mode: DEVELOPER
Menu Key: ESCAPE
Stage Style: DECORATED
Scene Factory: class com.almasb.fxgl.app.scene.SceneFactory

00:21:08.324 [JavaFX Application Thread] DEBUG FXGLApplication      - Initializing FXGL
00:21:08.328 [JavaFX Application Thread] INFO  Engine               - FXGL-17.3 (30.03.2023 11.49) on WINDOWS (J:21.0.3 FX:21)
00:21:08.328 [JavaFX Application Thread] DEBUG Engine               - JRE Vendor Name: Oracle Corporation
00:21:08.328 [JavaFX Application Thread] DEBUG Engine               - Running on OS: Windows 11 version 10.0
00:21:08.329 [JavaFX Application Thread] DEBUG Engine               - Architecture: amd64
00:21:08.329 [JavaFX Application Thread] INFO  Engine               - Source code and latest versions at: https://github.com/AlmasB/FXGL
00:21:08.329 [JavaFX Application Thread] INFO  Engine               -       Ask questions and discuss at: https://github.com/AlmasB/FXGL/discussions
00:21:08.329 [JavaFX Application Thread] INFO  Engine               -              Join the FXGL chat at: https://gitter.im/AlmasB/FXGL
00:21:08.392 [JavaFX Application Thread] DEBUG PrimaryStageWindow   - Creating a JavaFX scene
00:21:08.427 [JavaFX Application Thread] DEBUG PrimaryStageWindow   - Target settings size: 800.0 x 600.0
00:21:08.428 [JavaFX Application Thread] DEBUG PrimaryStageWindow   - Scaled scene size:    800.0 x 600.0
00:21:08.428 [JavaFX Application Thread] DEBUG PrimaryStageWindow   - Scaled ratio: (1.0, 1.0)
00:21:08.428 [JavaFX Application Thread] DEBUG PrimaryStageWindow   - Set initial scene to FXGLStartupScene
00:21:08.430 [JavaFX Application Thread] DEBUG PrimaryStageWindow   - Opening main window
00:21:08.498 [JavaFX Application Thread] DEBUG PrimaryStageWindow   - Window border size: (14.4000244140625, 37.5999755859375)
00:21:08.498 [JavaFX Application Thread] DEBUG PrimaryStageWindow   - Scaled size: 800.0 x 600.0
00:21:08.498 [JavaFX Application Thread] DEBUG PrimaryStageWindow   - Scaled ratio: (1.0, 1.0)
00:21:08.498 [JavaFX Application Thread] DEBUG PrimaryStageWindow   - Scene size: 800.0 x 600.0
00:21:08.498 [JavaFX Application Thread] DEBUG PrimaryStageWindow   - Stage size: 814.4000244140625 x 637.5999755859375
00:21:08.503 [FXGL Background Thread 1 ] DEBUG Engine               - Initializing environment variables
00:21:08.556 [FXGL Background Thread 1 ] DEBUG FXGLAssetLoaderServi - User app class for loading assets: class com.xen.rzlgame.rzl.HelloApplication
00:21:08.557 [FXGL Background Thread 1 ] DEBUG GameApplicationServi - Applying CSS: fxgl_dark.css
00:21:08.557 [FXGL Background Thread 1 ] DEBUG FXGLAssetLoaderServi - Loading from file system: jar:file:///C:/Users/acer/.m2/repository/com/github/almasb/fxgl/17.3/fxgl-17.3.jar!/fxglassets/ui/css/fxgl_dark.css
00:21:08.598 [FXGL Background Thread 1 ] DEBUG GameApplicationServi - Initializing application scenes
00:21:08.653 [FXGL Background Thread 1 ] DEBUG GameWorld            - Game world initialized
00:21:08.708 [FXGL Background Thread 1 ] DEBUG PhysicsWorld         - Physics world initialized: appHeight=600, physics.ppm=50.0
00:21:08.708 [FXGL Background Thread 1 ] DEBUG PhysicsWorld         - Using strategy: BRUTE_FORCE
00:21:08.711 [FXGL Background Thread 1 ] DEBUG GameScene            - Game scene initialized: 800x600
00:21:08.719 [FXGL Background Thread 1 ] DEBUG FXGL.DefaultMenu     - createMenuBodyGameMenu()
00:21:08.727 [FXGL Background Thread 1 ] DEBUG FXGL.DefaultMenu     - createOptionsMenu()
00:21:08.735 [FXGL Background Thread 1 ] DEBUG FXGLAssetLoaderServi - Loading from file system: jar:file:///C:/Users/acer/.m2/repository/com/github/almasb/fxgl/17.3/fxgl-17.3.jar!/fxglassets/textures/particles/smoke.png
00:21:08.835 [FXGL Background Thread 1 ] DEBUG FXGLAssetLoaderServi - Loading from file system: jar:file:///C:/Users/acer/.m2/repository/com/github/almasb/fxgl/17.3/fxgl-17.3.jar!/fxglassets/textures/particles/trace_horizontal.png
00:21:08.870 [FXGL Background Thread 1 ] DEBUG GameApplicationServi - Application scenes initialized
00:21:08.879 [FXGL Background Thread 1 ] DEBUG SystemBundleService  - Loading FXGL system data
00:21:08.883 [FXGL Background Thread 1 ] DEBUG FileSystemAccess     - Reading from: C:\Users\acer\IdeaProjects\RZL\system\fxgl.bundle
00:21:08.889 [FXGL Background Thread 1 ] DEBUG SystemBundleService  - Bundle FXGL: {}
00:21:08.889 [FXGL Background Thread 1 ] DEBUG UpdaterService       - Checking for updates
00:21:08.891 [FXGL Background Thread 4 ] DEBUG FXGLApplication      - Loading fonts
00:21:08.892 [FXGL Background Thread 1 ] DEBUG FXGLApplication      - Loading default localization
00:21:08.892 [FXGL Background Thread 4 ] DEBUG FXGLAssetLoaderServi - Loading from file system: jar:file:///C:/Users/acer/.m2/repository/com/github/almasb/fxgl/17.3/fxgl-17.3.jar!/fxglassets/ui/fonts/VarelaRound-Regular.ttf
00:21:08.892 [FXGL Background Thread 1 ] DEBUG FXGLAssetLoaderServi - Loading from file system: jar:file:///C:/Users/acer/.m2/repository/com/github/almasb/fxgl/17.3/fxgl-17.3.jar!/fxglassets/languages/english.lang
00:21:08.928 [FXGL Background Thread 1 ] INFO  FXGLApplication      - FXGL initialization took: 0.424 sec
00:21:08.929 [FXGL Background Thread 4 ] DEBUG FXGLAssetLoaderServi - Loading from file system: jar:file:///C:/Users/acer/.m2/repository/com/github/almasb/fxgl/17.3/fxgl-17.3.jar!/fxglassets/ui/fonts/Abel-Regular.ttf
00:21:08.929 [JavaFX Application Thread] DEBUG FXGLAssetLoaderServi - Loading from file system: jar:file:///C:/Users/acer/.m2/repository/com/github/almasb/fxgl/17.3/fxgl-17.3.jar!/fxglassets/textures/fxgl_icon.png
00:21:08.932 [FXGL Background Thread 4 ] DEBUG FXGLAssetLoaderServi - Loading from file system: jar:file:///C:/Users/acer/.m2/repository/com/github/almasb/fxgl/17.3/fxgl-17.3.jar!/fxglassets/ui/fonts/TerminalLandMono-Regular.otf
00:21:08.935 [FXGL Background Thread 4 ] DEBUG FXGLAssetLoaderServi - Loading from file system: jar:file:///C:/Users/acer/.m2/repository/com/github/almasb/fxgl/17.3/fxgl-17.3.jar!/fxglassets/ui/fonts/Courier-Prime.ttf
00:21:08.949 [JavaFX Application Thread] DEBUG FXGLAssetLoaderServi - Loading from file system: jar:file:///C:/Users/acer/.m2/repository/com/github/almasb/fxgl/17.3/fxgl-17.3.jar!/fxglassets/textures/fxgl_default_cursor.png
00:21:08.960 [JavaFX Application Thread] DEBUG Input                - Registered new binding: Screenshot - CTRL+8
00:21:08.960 [JavaFX Application Thread] DEBUG Input                - Registered new binding: System info dump - CTRL+9
00:21:08.961 [JavaFX Application Thread] DEBUG Input                - Registered new binding: Restart - CTRL+R
00:21:08.962 [JavaFX Application Thread] DEBUG Input                - Registered new binding: Toggle Debug Camera - CTRL+7
00:21:08.966 [JavaFX Application Thread] DEBUG LoopRunner           - Starting loop
00:21:08.966 [JavaFX Application Thread] DEBUG LoopRunner           - Initializing JavaFX AnimationTimerLoop
00:21:08.966 [JavaFX Application Thread] DEBUG GameApplicationServi - Starting new game
00:21:08.966 [JavaFX Application Thread] DEBUG Input                - Clearing active input actions
00:21:08.979 [JavaFX Application Thread] DEBUG GameApplicationServi - Removing overlay from FXGLStartupScene and adding to FXGLLoadingScene
00:21:08.979 [JavaFX Application Thread] DEBUG PrimaryStageWindow   - FXGLStartupScene -> FXGLLoadingScene
00:21:08.979 [JavaFX Application Thread] DEBUG GameApplicationServi - Clearing previous game
00:21:08.979 [JavaFX Application Thread] DEBUG GameScene            - Clearing game scene
00:21:08.979 [JavaFX Application Thread] DEBUG GameWorld            - Clearing game world
00:21:08.980 [JavaFX Application Thread] DEBUG PhysicsWorld         - Clearing physics world
00:21:08.982 [FXGL Background Thread 4 ] DEBUG FXGLApplication      - Initializing game
00:21:08.982 [JavaFX Application Thread] DEBUG FXGLApplication      - Registering font factories with UI factory
00:21:09.067 [FXGL Background Thread 4 ] WARN  GameWorld            - Entity is already attached to world
00:21:09.072 [FXGL Background Thread 4 ] WARN  GameWorld            - Entity is already attached to world
00:21:09.078 [FXGL Background Thread 4 ] WARN  GameWorld            - Entity is already attached to world
00:21:09.079 [FXGL Background Thread 4 ] WARN  GameWorld            - Entity is already attached to world
00:21:09.085 [FXGL Background Thread 4 ] DEBUG Input                - Registered new binding: Move DOWN - Down
00:21:09.085 [FXGL Background Thread 4 ] DEBUG Input                - Registered new binding: Move RIGHT - Right
00:21:09.085 [FXGL Background Thread 4 ] DEBUG Input                - Registered new binding: Move UP - Up
00:21:09.085 [FXGL Background Thread 4 ] DEBUG Input                - Registered new binding: Move LEFT - Left
00:21:09.085 [FXGL Background Thread 4 ] DEBUG Input                - Registered new binding: Player Attack - X
00:21:09.087 [FXGL Background Thread 4 ] DEBUG Input                - Registered new binding: Interact - Z
00:21:09.087 [FXGL Background Thread 4 ] INFO  FXGLApplication      - Game initialization took: 0.105 sec
00:21:09.138 [JavaFX Application Thread] DEBUG Input                - Clearing active input actions
00:21:09.142 [JavaFX Application Thread] DEBUG GameApplicationServi - Removing overlay from FXGLLoadingScene and adding to GameScene
00:21:09.142 [JavaFX Application Thread] DEBUG PrimaryStageWindow   - FXGLLoadingScene -> GameScene
00:21:09.431 [FXGL Background Thread 2 ] INFO  UpdaterService       - Your current version:  17.3
00:21:09.431 [FXGL Background Thread 2 ] INFO  UpdaterService       - Latest stable version: 21.1
00:21:10.769 [JavaFX Application Thread] DEBUG FXGLApplication      - Exiting FXGL
00:21:10.769 [JavaFX Application Thread] DEBUG LoopRunner           - Stopping loop
00:21:10.769 [JavaFX Application Thread] DEBUG SystemBundleService  - Saving FXGL system data
00:21:10.770 [JavaFX Application Thread] DEBUG FileSystemAccess     - Writing to: C:\Users\acer\IdeaProjects\RZL\system\fxgl.bundle
00:21:10.773 [JavaFX Application Thread] DEBUG Async                - Shutting down background threads
00:21:10.773 [JavaFX Application Thread] DEBUG PrimaryStageWindow   - Closing main window
00:21:10.784 [JavaFX Application Thread] DEBUG Logger               - Closing Logger
