19:42:55.014 [main                     ] DEBUG Logger               - Configured Logger
19:42:55.048 [main                     ] DEBUG GameApplication      - Logging settings
Title: Untitled
Version: 0.0
Width: 800
Height: 600
Fullscreen: false
Intro: false
Profiling: false
Single step:false
App Mode: DEVELOPER
Menu Key: ESCAPE
Stage Style: DECORATED
Scene Factory: class com.almasb.fxgl.app.scene.SceneFactory

19:42:55.326 [JavaFX Application Thread] DEBUG FXGLApplication      - Initializing FXGL
19:42:55.329 [JavaFX Application Thread] INFO  Engine               - FXGL-17.3 (30.03.2023 11.49) on WINDOWS (J:21.0.3 FX:21)
19:42:55.329 [JavaFX Application Thread] DEBUG Engine               - JRE Vendor Name: Oracle Corporation
19:42:55.330 [JavaFX Application Thread] DEBUG Engine               - Running on OS: Windows 11 version 10.0
19:42:55.330 [JavaFX Application Thread] DEBUG Engine               - Architecture: amd64
19:42:55.330 [JavaFX Application Thread] INFO  Engine               - Source code and latest versions at: https://github.com/AlmasB/FXGL
19:42:55.330 [JavaFX Application Thread] INFO  Engine               -       Ask questions and discuss at: https://github.com/AlmasB/FXGL/discussions
19:42:55.330 [JavaFX Application Thread] INFO  Engine               -              Join the FXGL chat at: https://gitter.im/AlmasB/FXGL
19:42:55.389 [JavaFX Application Thread] DEBUG PrimaryStageWindow   - Creating a JavaFX scene
19:42:55.424 [JavaFX Application Thread] DEBUG PrimaryStageWindow   - Target settings size: 800.0 x 600.0
19:42:55.425 [JavaFX Application Thread] DEBUG PrimaryStageWindow   - Scaled scene size:    800.0 x 600.0
19:42:55.425 [JavaFX Application Thread] DEBUG PrimaryStageWindow   - Scaled ratio: (1.0, 1.0)
19:42:55.426 [JavaFX Application Thread] DEBUG PrimaryStageWindow   - Set initial scene to FXGLStartupScene
19:42:55.428 [JavaFX Application Thread] DEBUG PrimaryStageWindow   - Opening main window
19:42:55.487 [JavaFX Application Thread] DEBUG PrimaryStageWindow   - Window border size: (14.4000244140625, 37.5999755859375)
19:42:55.488 [JavaFX Application Thread] DEBUG PrimaryStageWindow   - Scaled size: 800.0 x 600.0
19:42:55.488 [JavaFX Application Thread] DEBUG PrimaryStageWindow   - Scaled ratio: (1.0, 1.0)
19:42:55.488 [JavaFX Application Thread] DEBUG PrimaryStageWindow   - Scene size: 800.0 x 600.0
19:42:55.488 [JavaFX Application Thread] DEBUG PrimaryStageWindow   - Stage size: 814.4000244140625 x 637.5999755859375
19:42:55.494 [FXGL Background Thread 1 ] DEBUG Engine               - Initializing environment variables
19:42:55.539 [FXGL Background Thread 1 ] DEBUG FXGLAssetLoaderServi - User app class for loading assets: class com.xen.rzlgame.rzl.HelloApplication
19:42:55.540 [FXGL Background Thread 1 ] DEBUG GameApplicationServi - Applying CSS: fxgl_dark.css
19:42:55.540 [FXGL Background Thread 1 ] DEBUG FXGLAssetLoaderServi - Loading from file system: jar:file:///C:/Users/acer/.m2/repository/com/github/almasb/fxgl/17.3/fxgl-17.3.jar!/fxglassets/ui/css/fxgl_dark.css
19:42:55.587 [FXGL Background Thread 1 ] DEBUG GameApplicationServi - Initializing application scenes
19:42:55.639 [FXGL Background Thread 1 ] DEBUG GameWorld            - Game world initialized
19:42:55.691 [FXGL Background Thread 1 ] DEBUG PhysicsWorld         - Physics world initialized: appHeight=600, physics.ppm=50.0
19:42:55.691 [FXGL Background Thread 1 ] DEBUG PhysicsWorld         - Using strategy: BRUTE_FORCE
19:42:55.695 [FXGL Background Thread 1 ] DEBUG GameScene            - Game scene initialized: 800x600
19:42:55.703 [FXGL Background Thread 1 ] DEBUG FXGL.DefaultMenu     - createMenuBodyGameMenu()
19:42:55.710 [FXGL Background Thread 1 ] DEBUG FXGL.DefaultMenu     - createOptionsMenu()
19:42:55.716 [FXGL Background Thread 1 ] DEBUG FXGLAssetLoaderServi - Loading from file system: jar:file:///C:/Users/acer/.m2/repository/com/github/almasb/fxgl/17.3/fxgl-17.3.jar!/fxglassets/textures/particles/smoke.png
19:42:55.799 [FXGL Background Thread 1 ] DEBUG FXGLAssetLoaderServi - Loading from file system: jar:file:///C:/Users/acer/.m2/repository/com/github/almasb/fxgl/17.3/fxgl-17.3.jar!/fxglassets/textures/particles/trace_horizontal.png
19:42:55.817 [FXGL Background Thread 1 ] DEBUG GameApplicationServi - Application scenes initialized
19:42:55.827 [FXGL Background Thread 1 ] DEBUG SystemBundleService  - Loading FXGL system data
19:42:55.830 [FXGL Background Thread 1 ] DEBUG FileSystemAccess     - Reading from: C:\Users\acer\IdeaProjects\RZL\system\fxgl.bundle
19:42:55.837 [FXGL Background Thread 1 ] DEBUG SystemBundleService  - Bundle FXGL: {}
19:42:55.837 [FXGL Background Thread 1 ] DEBUG UpdaterService       - Checking for updates
19:42:55.839 [FXGL Background Thread 4 ] DEBUG FXGLApplication      - Loading fonts
19:42:55.840 [FXGL Background Thread 1 ] DEBUG FXGLApplication      - Loading default localization
19:42:55.840 [FXGL Background Thread 4 ] DEBUG FXGLAssetLoaderServi - Loading from file system: jar:file:///C:/Users/acer/.m2/repository/com/github/almasb/fxgl/17.3/fxgl-17.3.jar!/fxglassets/ui/fonts/VarelaRound-Regular.ttf
19:42:55.840 [FXGL Background Thread 1 ] DEBUG FXGLAssetLoaderServi - Loading from file system: jar:file:///C:/Users/acer/.m2/repository/com/github/almasb/fxgl/17.3/fxgl-17.3.jar!/fxglassets/languages/english.lang
19:42:55.866 [FXGL Background Thread 4 ] DEBUG FXGLAssetLoaderServi - Loading from file system: jar:file:///C:/Users/acer/.m2/repository/com/github/almasb/fxgl/17.3/fxgl-17.3.jar!/fxglassets/ui/fonts/Abel-Regular.ttf
19:42:55.869 [FXGL Background Thread 4 ] DEBUG FXGLAssetLoaderServi - Loading from file system: jar:file:///C:/Users/acer/.m2/repository/com/github/almasb/fxgl/17.3/fxgl-17.3.jar!/fxglassets/ui/fonts/TerminalLandMono-Regular.otf
19:42:55.872 [FXGL Background Thread 4 ] DEBUG FXGLAssetLoaderServi - Loading from file system: jar:file:///C:/Users/acer/.m2/repository/com/github/almasb/fxgl/17.3/fxgl-17.3.jar!/fxglassets/ui/fonts/Courier-Prime.ttf
19:42:55.874 [FXGL Background Thread 1 ] INFO  FXGLApplication      - FXGL initialization took: 0.381 sec
19:42:55.875 [JavaFX Application Thread] DEBUG FXGLAssetLoaderServi - Loading from file system: jar:file:///C:/Users/acer/.m2/repository/com/github/almasb/fxgl/17.3/fxgl-17.3.jar!/fxglassets/textures/fxgl_icon.png
19:42:55.890 [JavaFX Application Thread] DEBUG FXGLAssetLoaderServi - Loading from file system: jar:file:///C:/Users/acer/.m2/repository/com/github/almasb/fxgl/17.3/fxgl-17.3.jar!/fxglassets/textures/fxgl_default_cursor.png
19:42:55.899 [JavaFX Application Thread] DEBUG Input                - Registered new binding: Screenshot - CTRL+8
19:42:55.900 [JavaFX Application Thread] DEBUG Input                - Registered new binding: System info dump - CTRL+9
19:42:55.900 [JavaFX Application Thread] DEBUG Input                - Registered new binding: Restart - CTRL+R
19:42:55.901 [JavaFX Application Thread] DEBUG Input                - Registered new binding: Toggle Debug Camera - CTRL+7
19:42:55.903 [JavaFX Application Thread] DEBUG LoopRunner           - Starting loop
19:42:55.903 [JavaFX Application Thread] DEBUG LoopRunner           - Initializing JavaFX AnimationTimerLoop
19:42:55.903 [JavaFX Application Thread] DEBUG GameApplicationServi - Starting new game
19:42:55.904 [JavaFX Application Thread] DEBUG Input                - Clearing active input actions
19:42:55.915 [JavaFX Application Thread] DEBUG GameApplicationServi - Removing overlay from FXGLStartupScene and adding to FXGLLoadingScene
19:42:55.915 [JavaFX Application Thread] DEBUG PrimaryStageWindow   - FXGLStartupScene -> FXGLLoadingScene
19:42:55.915 [JavaFX Application Thread] DEBUG GameApplicationServi - Clearing previous game
19:42:55.915 [JavaFX Application Thread] DEBUG GameScene            - Clearing game scene
19:42:55.915 [JavaFX Application Thread] DEBUG GameWorld            - Clearing game world
19:42:55.915 [JavaFX Application Thread] DEBUG PhysicsWorld         - Clearing physics world
19:42:55.918 [FXGL Background Thread 4 ] DEBUG FXGLApplication      - Initializing game
19:42:55.918 [JavaFX Application Thread] DEBUG FXGLApplication      - Registering font factories with UI factory
19:42:55.973 [FXGL Background Thread 4 ] WARN  GameWorld            - Entity is already attached to world
19:42:55.977 [FXGL Background Thread 4 ] WARN  GameWorld            - Entity is already attached to world
19:42:55.983 [FXGL Background Thread 4 ] WARN  GameWorld            - Entity is already attached to world
19:42:55.984 [FXGL Background Thread 4 ] WARN  GameWorld            - Entity is already attached to world
19:42:56.000 [FXGL Background Thread 4 ] DEBUG Input                - Registered new binding: Move S - S
19:42:56.000 [FXGL Background Thread 4 ] DEBUG Input                - Registered new binding: Move D - D
19:42:56.001 [FXGL Background Thread 4 ] DEBUG Input                - Registered new binding: Move A - A
19:42:56.001 [FXGL Background Thread 4 ] DEBUG Input                - Registered new binding: Move W - W
19:42:56.003 [FXGL Background Thread 4 ] DEBUG Input                - Registered new binding: Player Attack - LMB
19:42:56.003 [FXGL Background Thread 4 ] DEBUG Input                - Registered new binding: Player Parry - RMB
19:42:56.003 [FXGL Background Thread 4 ] DEBUG Input                - Registered new binding: Sprint - Space
19:42:56.005 [FXGL Background Thread 4 ] DEBUG Input                - Registered new binding: Interact - Z
19:42:56.005 [FXGL Background Thread 4 ] INFO  FXGLApplication      - Game initialization took: 0.088 sec
19:42:56.035 [JavaFX Application Thread] DEBUG Input                - Clearing active input actions
19:42:56.040 [JavaFX Application Thread] DEBUG GameApplicationServi - Removing overlay from FXGLLoadingScene and adding to GameScene
19:42:56.040 [JavaFX Application Thread] DEBUG PrimaryStageWindow   - FXGLLoadingScene -> GameScene
19:42:56.290 [FXGL Background Thread 2 ] INFO  UpdaterService       - Your current version:  17.3
19:42:56.290 [FXGL Background Thread 2 ] INFO  UpdaterService       - Latest stable version: 21.1
19:42:58.402 [JavaFX Application Thread] DEBUG FXGLApplication      - Exiting FXGL
19:42:58.402 [JavaFX Application Thread] DEBUG LoopRunner           - Stopping loop
19:42:58.402 [JavaFX Application Thread] DEBUG SystemBundleService  - Saving FXGL system data
19:42:58.407 [JavaFX Application Thread] DEBUG FileSystemAccess     - Writing to: C:\Users\acer\IdeaProjects\RZL\system\fxgl.bundle
19:42:58.409 [JavaFX Application Thread] DEBUG Async                - Shutting down background threads
19:42:58.409 [JavaFX Application Thread] DEBUG PrimaryStageWindow   - Closing main window
19:42:58.420 [JavaFX Application Thread] DEBUG Logger               - Closing Logger
