01:07:48.288 [main                     ] DEBUG Logger               - Configured Logger
01:07:48.315 [main                     ] DEBUG GameApplication      - Logging settings
Title: Untitled
Version: 0.0
Width: 800
Height: 600
Fullscreen: false
Intro: false
Profiling: false
Single step:false
App Mode: DEVELOPER
Menu Key: ESCAPE
Stage Style: DECORATED
Scene Factory: class com.almasb.fxgl.app.scene.SceneFactory

01:07:48.588 [JavaFX Application Thread] DEBUG FXGLApplication      - Initializing FXGL
01:07:48.591 [JavaFX Application Thread] INFO  Engine               - FXGL-17.3 (30.03.2023 11.49) on WINDOWS (J:21.0.3 FX:21)
01:07:48.591 [JavaFX Application Thread] DEBUG Engine               - JRE Vendor Name: Oracle Corporation
01:07:48.591 [JavaFX Application Thread] DEBUG Engine               - Running on OS: Windows 11 version 10.0
01:07:48.591 [JavaFX Application Thread] DEBUG Engine               - Architecture: amd64
01:07:48.592 [JavaFX Application Thread] INFO  Engine               - Source code and latest versions at: https://github.com/AlmasB/FXGL
01:07:48.592 [JavaFX Application Thread] INFO  Engine               -       Ask questions and discuss at: https://github.com/AlmasB/FXGL/discussions
01:07:48.592 [JavaFX Application Thread] INFO  Engine               -              Join the FXGL chat at: https://gitter.im/AlmasB/FXGL
01:07:48.652 [JavaFX Application Thread] DEBUG PrimaryStageWindow   - Creating a JavaFX scene
01:07:48.688 [JavaFX Application Thread] DEBUG PrimaryStageWindow   - Target settings size: 800.0 x 600.0
01:07:48.688 [JavaFX Application Thread] DEBUG PrimaryStageWindow   - Scaled scene size:    800.0 x 600.0
01:07:48.688 [JavaFX Application Thread] DEBUG PrimaryStageWindow   - Scaled ratio: (1.0, 1.0)
01:07:48.690 [JavaFX Application Thread] DEBUG PrimaryStageWindow   - Set initial scene to FXGLStartupScene
01:07:48.693 [JavaFX Application Thread] DEBUG PrimaryStageWindow   - Opening main window
01:07:48.754 [JavaFX Application Thread] DEBUG PrimaryStageWindow   - Window border size: (14.4000244140625, 37.5999755859375)
01:07:48.755 [JavaFX Application Thread] DEBUG PrimaryStageWindow   - Scaled size: 800.0 x 600.0
01:07:48.755 [JavaFX Application Thread] DEBUG PrimaryStageWindow   - Scaled ratio: (1.0, 1.0)
01:07:48.755 [JavaFX Application Thread] DEBUG PrimaryStageWindow   - Scene size: 800.0 x 600.0
01:07:48.755 [JavaFX Application Thread] DEBUG PrimaryStageWindow   - Stage size: 814.4000244140625 x 637.5999755859375
01:07:48.761 [FXGL Background Thread 1 ] DEBUG Engine               - Initializing environment variables
01:07:48.816 [FXGL Background Thread 1 ] DEBUG FXGLAssetLoaderServi - User app class for loading assets: class com.xen.rzlgame.rzl.HelloApplication
01:07:48.816 [FXGL Background Thread 1 ] DEBUG GameApplicationServi - Applying CSS: fxgl_dark.css
01:07:48.817 [FXGL Background Thread 1 ] DEBUG FXGLAssetLoaderServi - Loading from file system: jar:file:///C:/Users/acer/.m2/repository/com/github/almasb/fxgl/17.3/fxgl-17.3.jar!/fxglassets/ui/css/fxgl_dark.css
01:07:48.861 [FXGL Background Thread 1 ] DEBUG GameApplicationServi - Initializing application scenes
01:07:48.914 [FXGL Background Thread 1 ] DEBUG GameWorld            - Game world initialized
01:07:48.969 [FXGL Background Thread 1 ] DEBUG PhysicsWorld         - Physics world initialized: appHeight=600, physics.ppm=50.0
01:07:48.969 [FXGL Background Thread 1 ] DEBUG PhysicsWorld         - Using strategy: BRUTE_FORCE
01:07:48.972 [FXGL Background Thread 1 ] DEBUG GameScene            - Game scene initialized: 800x600
01:07:48.980 [FXGL Background Thread 1 ] DEBUG FXGL.DefaultMenu     - createMenuBodyGameMenu()
01:07:48.987 [FXGL Background Thread 1 ] DEBUG FXGL.DefaultMenu     - createOptionsMenu()
01:07:48.994 [FXGL Background Thread 1 ] DEBUG FXGLAssetLoaderServi - Loading from file system: jar:file:///C:/Users/acer/.m2/repository/com/github/almasb/fxgl/17.3/fxgl-17.3.jar!/fxglassets/textures/particles/smoke.png
01:07:49.076 [FXGL Background Thread 1 ] DEBUG FXGLAssetLoaderServi - Loading from file system: jar:file:///C:/Users/acer/.m2/repository/com/github/almasb/fxgl/17.3/fxgl-17.3.jar!/fxglassets/textures/particles/trace_horizontal.png
01:07:49.095 [FXGL Background Thread 1 ] DEBUG GameApplicationServi - Application scenes initialized
01:07:49.106 [FXGL Background Thread 1 ] DEBUG SystemBundleService  - Loading FXGL system data
01:07:49.108 [FXGL Background Thread 1 ] DEBUG FileSystemAccess     - Reading from: C:\Users\acer\IdeaProjects\RZL\system\fxgl.bundle
01:07:49.117 [FXGL Background Thread 1 ] DEBUG SystemBundleService  - Bundle FXGL: {}
01:07:49.117 [FXGL Background Thread 1 ] DEBUG UpdaterService       - Checking for updates
01:07:49.120 [FXGL Background Thread 4 ] DEBUG FXGLApplication      - Loading fonts
01:07:49.120 [FXGL Background Thread 1 ] DEBUG FXGLApplication      - Loading default localization
01:07:49.120 [FXGL Background Thread 4 ] DEBUG FXGLAssetLoaderServi - Loading from file system: jar:file:///C:/Users/acer/.m2/repository/com/github/almasb/fxgl/17.3/fxgl-17.3.jar!/fxglassets/ui/fonts/VarelaRound-Regular.ttf
01:07:49.121 [FXGL Background Thread 1 ] DEBUG FXGLAssetLoaderServi - Loading from file system: jar:file:///C:/Users/acer/.m2/repository/com/github/almasb/fxgl/17.3/fxgl-17.3.jar!/fxglassets/languages/english.lang
01:07:49.156 [FXGL Background Thread 4 ] DEBUG FXGLAssetLoaderServi - Loading from file system: jar:file:///C:/Users/acer/.m2/repository/com/github/almasb/fxgl/17.3/fxgl-17.3.jar!/fxglassets/ui/fonts/Abel-Regular.ttf
01:07:49.158 [FXGL Background Thread 4 ] DEBUG FXGLAssetLoaderServi - Loading from file system: jar:file:///C:/Users/acer/.m2/repository/com/github/almasb/fxgl/17.3/fxgl-17.3.jar!/fxglassets/ui/fonts/TerminalLandMono-Regular.otf
01:07:49.162 [FXGL Background Thread 4 ] DEBUG FXGLAssetLoaderServi - Loading from file system: jar:file:///C:/Users/acer/.m2/repository/com/github/almasb/fxgl/17.3/fxgl-17.3.jar!/fxglassets/ui/fonts/Courier-Prime.ttf
01:07:49.169 [JavaFX Application Thread] DEBUG FXGLApplication      - Registering font factories with UI factory
01:07:49.173 [FXGL Background Thread 1 ] INFO  FXGLApplication      - FXGL initialization took: 0.412 sec
01:07:49.173 [JavaFX Application Thread] DEBUG FXGLAssetLoaderServi - Loading from file system: jar:file:///C:/Users/acer/.m2/repository/com/github/almasb/fxgl/17.3/fxgl-17.3.jar!/fxglassets/textures/fxgl_icon.png
01:07:49.191 [JavaFX Application Thread] DEBUG FXGLAssetLoaderServi - Loading from file system: jar:file:///C:/Users/acer/.m2/repository/com/github/almasb/fxgl/17.3/fxgl-17.3.jar!/fxglassets/textures/fxgl_default_cursor.png
01:07:49.206 [JavaFX Application Thread] DEBUG Input                - Registered new binding: Screenshot - CTRL+8
01:07:49.206 [JavaFX Application Thread] DEBUG Input                - Registered new binding: System info dump - CTRL+9
01:07:49.208 [JavaFX Application Thread] DEBUG Input                - Registered new binding: Restart - CTRL+R
01:07:49.210 [JavaFX Application Thread] DEBUG Input                - Registered new binding: Toggle Debug Camera - CTRL+7
01:07:49.214 [JavaFX Application Thread] DEBUG LoopRunner           - Starting loop
01:07:49.214 [JavaFX Application Thread] DEBUG LoopRunner           - Initializing JavaFX AnimationTimerLoop
01:07:49.216 [JavaFX Application Thread] DEBUG GameApplicationServi - Starting new game
01:07:49.216 [JavaFX Application Thread] DEBUG Input                - Clearing active input actions
01:07:49.229 [JavaFX Application Thread] DEBUG GameApplicationServi - Removing overlay from FXGLStartupScene and adding to FXGLLoadingScene
01:07:49.229 [JavaFX Application Thread] DEBUG PrimaryStageWindow   - FXGLStartupScene -> FXGLLoadingScene
01:07:49.229 [JavaFX Application Thread] DEBUG GameApplicationServi - Clearing previous game
01:07:49.229 [JavaFX Application Thread] DEBUG GameScene            - Clearing game scene
01:07:49.229 [JavaFX Application Thread] DEBUG GameWorld            - Clearing game world
01:07:49.229 [JavaFX Application Thread] DEBUG PhysicsWorld         - Clearing physics world
01:07:49.232 [FXGL Background Thread 1 ] DEBUG FXGLApplication      - Initializing game
01:07:49.315 [FXGL Background Thread 1 ] WARN  GameWorld            - Entity is already attached to world
01:07:49.321 [FXGL Background Thread 1 ] WARN  GameWorld            - Entity is already attached to world
01:07:49.322 [FXGL Background Thread 1 ] WARN  Entity               - Entity already has component: com.almasb.fxgl.entity.components.CollidableComponent
01:07:49.322 [FXGL Background Thread 1 ] WARN  GameWorld            - Entity is already attached to world
01:07:49.330 [FXGL Background Thread 1 ] DEBUG Input                - Registered new binding: Move D - D
01:07:49.330 [FXGL Background Thread 1 ] DEBUG Input                - Registered new binding: Move A - A
01:07:49.334 [FXGL Background Thread 1 ] DEBUG Input                - Registered new binding: Player Attack - LMB
01:07:49.334 [FXGL Background Thread 1 ] DEBUG Input                - Registered new binding: Player Parry - RMB
01:07:49.336 [FXGL Background Thread 1 ] DEBUG Input                - Registered new binding: Jump - Space
01:07:49.338 [FXGL Background Thread 1 ] DEBUG Input                - Registered new binding: Interact - Z
01:07:49.338 [FXGL Background Thread 1 ] INFO  FXGLApplication      - Game initialization took: 0.106 sec
01:07:49.373 [JavaFX Application Thread] DEBUG Input                - Clearing active input actions
01:07:49.378 [JavaFX Application Thread] DEBUG GameApplicationServi - Removing overlay from FXGLLoadingScene and adding to GameScene
01:07:49.379 [JavaFX Application Thread] DEBUG PrimaryStageWindow   - FXGLLoadingScene -> GameScene
01:07:49.752 [FXGL Background Thread 2 ] INFO  UpdaterService       - Your current version:  17.3
01:07:49.752 [FXGL Background Thread 2 ] INFO  UpdaterService       - Latest stable version: 21.1
01:07:52.119 [FXGL Background Thread 3 ] DEBUG Engine               - Logging environment variables
01:07:52.119 [FXGL Background Thread 3 ] DEBUG Engine               - achievements: []
01:07:52.119 [FXGL Background Thread 3 ] DEBUG Engine               - actualHeight: 600.0
01:07:52.119 [FXGL Background Thread 3 ] DEBUG Engine               - actualHeightProperty: ReadOnlyDoubleProperty [value: 600.0]
01:07:52.120 [FXGL Background Thread 3 ] DEBUG Engine               - actualWidth: 800.0
01:07:52.120 [FXGL Background Thread 3 ] DEBUG Engine               - actualWidthProperty: ReadOnlyDoubleProperty [value: 800.0]
01:07:52.120 [FXGL Background Thread 3 ] DEBUG Engine               - appIcon: fxgl_icon.png
01:07:52.120 [FXGL Background Thread 3 ] DEBUG Engine               - applicationMode: DEVELOPER
01:07:52.120 [FXGL Background Thread 3 ] DEBUG Engine               - cSSList: [fxgl_dark.css]
01:07:52.120 [FXGL Background Thread 3 ] DEBUG Engine               - collisionDetectionStrategy: BRUTE_FORCE
01:07:52.120 [FXGL Background Thread 3 ] DEBUG Engine               - configClass: Optional.empty
01:07:52.120 [FXGL Background Thread 3 ] DEBUG Engine               - credits: []
01:07:52.120 [FXGL Background Thread 3 ] DEBUG Engine               - defaultCursor: CursorInfo(imageName=fxgl_default_cursor.png, hotspotX=7.0, hotspotY=6.0)
01:07:52.120 [FXGL Background Thread 3 ] DEBUG Engine               - devBBoxColorProperty: ObjectProperty [value: 0xff0000ff]
01:07:52.120 [FXGL Background Thread 3 ] DEBUG Engine               - devEnableDebugCameraProperty: BooleanProperty [value: false]
01:07:52.121 [FXGL Background Thread 3 ] DEBUG Engine               - devSensorColorProperty: ObjectProperty [value: 0xffff00ff]
01:07:52.121 [FXGL Background Thread 3 ] DEBUG Engine               - devShowBBoxProperty: BooleanProperty [value: false]
01:07:52.121 [FXGL Background Thread 3 ] DEBUG Engine               - devShowPositionProperty: BooleanProperty [value: false]
01:07:52.121 [FXGL Background Thread 3 ] DEBUG Engine               - enabledMenuItems: []
01:07:52.121 [FXGL Background Thread 3 ] DEBUG Engine               - engineServices: [class com.almasb.fxgl.app.services.FXGLAssetLoaderService, class com.almasb.fxgl.app.FXGLApplication$GameApplicationService, class com.almasb.fxgl.app.services.FXGLDialogService, class com.almasb.fxgl.app.services.IOTaskExecutorService, class com.almasb.fxgl.io.FileSystemService, class com.almasb.fxgl.localization.LocalizationService, class com.almasb.fxgl.app.services.SystemBundleService, class com.almasb.fxgl.profile.SaveLoadService, class com.almasb.fxgl.ui.FXGLUIFactoryServiceProvider, class com.almasb.fxgl.ui.FXGLDialogFactoryServiceProvider, class com.almasb.fxgl.audio.AudioPlayer, class com.almasb.fxgl.notification.impl.NotificationServiceProvider, class com.almasb.fxgl.achievement.AchievementService, class com.almasb.fxgl.cutscene.CutsceneService, class com.almasb.fxgl.minigames.MiniGameService, class com.almasb.fxgl.net.NetService, class com.almasb.fxgl.app.services.UpdaterService, class com.almasb.fxgl.dev.DevService]
01:07:52.121 [FXGL Background Thread 3 ] DEBUG Engine               - fontGame: Abel-Regular.ttf
01:07:52.121 [FXGL Background Thread 3 ] DEBUG Engine               - fontMono: TerminalLandMono-Regular.otf
01:07:52.121 [FXGL Background Thread 3 ] DEBUG Engine               - fontSizeScaleUI: 1.0
01:07:52.121 [FXGL Background Thread 3 ] DEBUG Engine               - fontText: Courier-Prime.ttf
01:07:52.121 [FXGL Background Thread 3 ] DEBUG Engine               - fontUI: VarelaRound-Regular.ttf
01:07:52.121 [FXGL Background Thread 3 ] DEBUG Engine               - fullScreen: BooleanProperty [value: false]
01:07:52.121 [FXGL Background Thread 3 ] DEBUG Engine               - gameDifficulty: MEDIUM
01:07:52.121 [FXGL Background Thread 3 ] DEBUG Engine               - gameDifficultyProperty: ObjectProperty [value: MEDIUM]
01:07:52.121 [FXGL Background Thread 3 ] DEBUG Engine               - globalMusicVolume: 0.5
01:07:52.121 [FXGL Background Thread 3 ] DEBUG Engine               - globalMusicVolumeProperty: DoubleProperty [value: 0.5]
01:07:52.121 [FXGL Background Thread 3 ] DEBUG Engine               - globalSoundVolume: 0.5
01:07:52.121 [FXGL Background Thread 3 ] DEBUG Engine               - globalSoundVolumeProperty: DoubleProperty [value: 0.5]
01:07:52.121 [FXGL Background Thread 3 ] DEBUG Engine               - height: 600
01:07:52.121 [FXGL Background Thread 3 ] DEBUG Engine               - is3D: false
01:07:52.121 [FXGL Background Thread 3 ] DEBUG Engine               - isAndroid: false
01:07:52.121 [FXGL Background Thread 3 ] DEBUG Engine               - isBrowser: false
01:07:52.121 [FXGL Background Thread 3 ] DEBUG Engine               - isClickFeedbackEnabled: false
01:07:52.121 [FXGL Background Thread 3 ] DEBUG Engine               - isCloseConfirmation: false
01:07:52.122 [FXGL Background Thread 3 ] DEBUG Engine               - isDesktop: true
01:07:52.122 [FXGL Background Thread 3 ] DEBUG Engine               - isDeveloperMenuEnabled: false
01:07:52.122 [FXGL Background Thread 3 ] DEBUG Engine               - isEmbedded: false
01:07:52.122 [FXGL Background Thread 3 ] DEBUG Engine               - isEntityPreloadEnabled: true
01:07:52.122 [FXGL Background Thread 3 ] DEBUG Engine               - isExperimentalTiledLargeMap: false
01:07:52.122 [FXGL Background Thread 3 ] DEBUG Engine               - isFileSystemWriteAllowed: true
01:07:52.122 [FXGL Background Thread 3 ] DEBUG Engine               - isFullScreenAllowed: false
01:07:52.122 [FXGL Background Thread 3 ] DEBUG Engine               - isFullScreenFromStart: false
01:07:52.122 [FXGL Background Thread 3 ] DEBUG Engine               - isGameMenuEnabled: true
01:07:52.122 [FXGL Background Thread 3 ] DEBUG Engine               - isIOS: false
01:07:52.122 [FXGL Background Thread 3 ] DEBUG Engine               - isIntroEnabled: false
01:07:52.122 [FXGL Background Thread 3 ] DEBUG Engine               - isLinux: false
01:07:52.122 [FXGL Background Thread 3 ] DEBUG Engine               - isMac: false
01:07:52.122 [FXGL Background Thread 3 ] DEBUG Engine               - isMainMenuEnabled: false
01:07:52.122 [FXGL Background Thread 3 ] DEBUG Engine               - isManualResizeEnabled: false
01:07:52.122 [FXGL Background Thread 3 ] DEBUG Engine               - isMobile: false
01:07:52.122 [FXGL Background Thread 3 ] DEBUG Engine               - isNative: false
01:07:52.122 [FXGL Background Thread 3 ] DEBUG Engine               - isPauseMusicWhenMinimized: true
01:07:52.122 [FXGL Background Thread 3 ] DEBUG Engine               - isPreserveResizeRatio: false
01:07:52.122 [FXGL Background Thread 3 ] DEBUG Engine               - isProfilingEnabled: false
01:07:52.122 [FXGL Background Thread 3 ] DEBUG Engine               - isScaleAffectedOnResize: true
01:07:52.122 [FXGL Background Thread 3 ] DEBUG Engine               - isSingleStep: false
01:07:52.122 [FXGL Background Thread 3 ] DEBUG Engine               - isUserProfileEnabled: false
01:07:52.122 [FXGL Background Thread 3 ] DEBUG Engine               - isWindows: true
01:07:52.122 [FXGL Background Thread 3 ] DEBUG Engine               - language: ObjectProperty [value: ENGLISH]
01:07:52.123 [FXGL Background Thread 3 ] DEBUG Engine               - menuKey: ESCAPE
01:07:52.123 [FXGL Background Thread 3 ] DEBUG Engine               - mouseSensitivity: 0.2
01:07:52.123 [FXGL Background Thread 3 ] DEBUG Engine               - notificationViewClass: class com.almasb.fxgl.notification.view.XboxNotificationView
01:07:52.123 [FXGL Background Thread 3 ] DEBUG Engine               - pixelsPerMeter: 50.0
01:07:52.123 [FXGL Background Thread 3 ] DEBUG Engine               - platform: WINDOWS
01:07:52.123 [FXGL Background Thread 3 ] DEBUG Engine               - prefHeightProperty: ReadOnlyDoubleProperty [value: 600.0]
01:07:52.123 [FXGL Background Thread 3 ] DEBUG Engine               - prefWidthProperty: ReadOnlyDoubleProperty [value: 800.0]
01:07:52.123 [FXGL Background Thread 3 ] DEBUG Engine               - profileDir: profiles/
01:07:52.123 [FXGL Background Thread 3 ] DEBUG Engine               - profileName: StringProperty [value: DEFAULT]
01:07:52.123 [FXGL Background Thread 3 ] DEBUG Engine               - randomSeed: -1
01:07:52.123 [FXGL Background Thread 3 ] DEBUG Engine               - runtimeInfo: RuntimeInfo(platform=WINDOWS, version=17.3, build=30.03.2023 11.49)
01:07:52.123 [FXGL Background Thread 3 ] DEBUG Engine               - saveFileExt: sav
01:07:52.123 [FXGL Background Thread 3 ] DEBUG Engine               - scaledHeightProp$fxgl: DoubleProperty [bound, value: 600.0]
01:07:52.123 [FXGL Background Thread 3 ] DEBUG Engine               - scaledWidthProp$fxgl: DoubleProperty [bound, value: 800.0]
01:07:52.123 [FXGL Background Thread 3 ] DEBUG Engine               - sceneFactory: com.almasb.fxgl.app.scene.SceneFactory@4a23a71d
01:07:52.123 [FXGL Background Thread 3 ] DEBUG Engine               - secondsIn24h: 60
01:07:52.123 [FXGL Background Thread 3 ] DEBUG Engine               - soundMenuBack: menu/back.wav
01:07:52.123 [FXGL Background Thread 3 ] DEBUG Engine               - soundMenuPress: menu/press.wav
01:07:52.123 [FXGL Background Thread 3 ] DEBUG Engine               - soundMenuSelect: menu/select.wav
01:07:52.123 [FXGL Background Thread 3 ] DEBUG Engine               - soundNotification: core/notification.wav
01:07:52.124 [FXGL Background Thread 3 ] DEBUG Engine               - stageStyle: DECORATED
01:07:52.124 [FXGL Background Thread 3 ] DEBUG Engine               - supportedLanguages: [ENGLISH, FRENCH, GERMAN, HUNGARIAN, RUSSIAN]
01:07:52.124 [FXGL Background Thread 3 ] DEBUG Engine               - ticksPerSecond: -1
01:07:52.124 [FXGL Background Thread 3 ] DEBUG Engine               - title: Untitled
01:07:52.124 [FXGL Background Thread 3 ] DEBUG Engine               - urlGithub: https://github.com/AlmasB/FXGL
01:07:52.124 [FXGL Background Thread 3 ] DEBUG Engine               - urlLeaderboard: http://fxgl-top.herokuapp.com/
01:07:52.124 [FXGL Background Thread 3 ] DEBUG Engine               - urlPOM: https://raw.githubusercontent.com/AlmasB/FXGL/release/README.md
01:07:52.124 [FXGL Background Thread 3 ] DEBUG Engine               - userAppClass: class com.xen.rzlgame.rzl.HelloApplication
01:07:52.124 [FXGL Background Thread 3 ] DEBUG Engine               - version: 0.0
01:07:52.124 [FXGL Background Thread 3 ] DEBUG Engine               - versionCheckDays: 7
01:07:52.124 [FXGL Background Thread 3 ] DEBUG Engine               - width: 800
01:07:52.124 [FXGL Background Thread 3 ] DEBUG Engine               - Logging services
01:07:52.124 [FXGL Background Thread 3 ] DEBUG Engine               - class com.almasb.fxgl.app.services.FXGLAssetLoaderService
01:07:52.124 [FXGL Background Thread 3 ] DEBUG Engine               - class com.almasb.fxgl.app.FXGLApplication$GameApplicationService
01:07:52.124 [FXGL Background Thread 3 ] DEBUG Engine               - class com.almasb.fxgl.app.services.FXGLDialogService
01:07:52.124 [FXGL Background Thread 3 ] DEBUG Engine               - class com.almasb.fxgl.app.services.IOTaskExecutorService
01:07:52.124 [FXGL Background Thread 3 ] DEBUG Engine               - class com.almasb.fxgl.io.FileSystemService
01:07:52.124 [FXGL Background Thread 3 ] DEBUG Engine               - class com.almasb.fxgl.localization.LocalizationService
01:07:52.124 [FXGL Background Thread 3 ] DEBUG Engine               - class com.almasb.fxgl.app.services.SystemBundleService
01:07:52.124 [FXGL Background Thread 3 ] DEBUG Engine               - class com.almasb.fxgl.profile.SaveLoadService
01:07:52.124 [FXGL Background Thread 3 ] DEBUG Engine               - class com.almasb.fxgl.ui.FXGLUIFactoryServiceProvider
01:07:52.124 [FXGL Background Thread 3 ] DEBUG Engine               - class com.almasb.fxgl.ui.FXGLDialogFactoryServiceProvider
01:07:52.124 [FXGL Background Thread 3 ] DEBUG Engine               - class com.almasb.fxgl.audio.AudioPlayer
01:07:52.124 [FXGL Background Thread 3 ] DEBUG Engine               - class com.almasb.fxgl.notification.impl.NotificationServiceProvider
01:07:52.124 [FXGL Background Thread 3 ] DEBUG Engine               - class com.almasb.fxgl.achievement.AchievementService
01:07:52.124 [FXGL Background Thread 3 ] DEBUG Engine               - class com.almasb.fxgl.cutscene.CutsceneService
01:07:52.124 [FXGL Background Thread 3 ] DEBUG Engine               - class com.almasb.fxgl.minigames.MiniGameService
01:07:52.124 [FXGL Background Thread 3 ] DEBUG Engine               - class com.almasb.fxgl.net.NetService
01:07:52.124 [FXGL Background Thread 3 ] DEBUG Engine               - class com.almasb.fxgl.app.services.UpdaterService
01:07:52.124 [FXGL Background Thread 3 ] DEBUG Engine               - class com.almasb.fxgl.dev.DevService
01:07:57.203 [JavaFX Application Thread] DEBUG FXGLApplication      - Exiting FXGL
01:07:57.204 [JavaFX Application Thread] DEBUG LoopRunner           - Stopping loop
01:07:57.204 [JavaFX Application Thread] DEBUG SystemBundleService  - Saving FXGL system data
01:07:57.205 [JavaFX Application Thread] DEBUG FileSystemAccess     - Writing to: C:\Users\acer\IdeaProjects\RZL\system\fxgl.bundle
01:07:57.207 [JavaFX Application Thread] DEBUG Async                - Shutting down background threads
01:07:57.207 [JavaFX Application Thread] DEBUG PrimaryStageWindow   - Closing main window
01:07:57.221 [JavaFX Application Thread] DEBUG Logger               - Closing Logger
