12:39:47.332 [main                     ] DEBUG Logger               - Configured Logger
12:39:47.370 [main                     ] DEBUG GameApplication      - Logging settings
Title: Untitled
Version: 0.0
Width: 800
Height: 600
Fullscreen: false
Intro: false
Profiling: false
Single step:false
App Mode: DEVELOPER
Menu Key: ESCAPE
Stage Style: DECORATED
Scene Factory: class com.almasb.fxgl.app.scene.SceneFactory

12:39:47.645 [JavaFX Application Thread] DEBUG FXGLApplication      - Initializing FXGL
12:39:47.648 [JavaFX Application Thread] INFO  Engine               - FXGL-21.1 (27.03.2024 07.52) on WINDOWS (J:21.0.3 FX:21)
12:39:47.648 [JavaFX Application Thread] DEBUG Engine               - JRE Vendor Name: Oracle Corporation
12:39:47.648 [JavaFX Application Thread] DEBUG Engine               - Running on OS: Windows 11 version 10.0
12:39:47.650 [JavaFX Application Thread] DEBUG Engine               - Architecture: amd64
12:39:47.650 [JavaFX Application Thread] INFO  Engine               - Source code and latest versions at: https://github.com/AlmasB/FXGL
12:39:47.650 [JavaFX Application Thread] INFO  Engine               -       Ask questions and discuss at: https://github.com/AlmasB/FXGL/discussions
12:39:47.650 [JavaFX Application Thread] INFO  Engine               -              Join the FXGL chat at: https://gitter.im/AlmasB/FXGL
12:39:47.718 [JavaFX Application Thread] DEBUG PrimaryStageWindow   - Creating a JavaFX scene
12:39:47.778 [JavaFX Application Thread] DEBUG PrimaryStageWindow   - Target settings size: 800.0 x 600.0
12:39:47.779 [JavaFX Application Thread] DEBUG PrimaryStageWindow   - Scaled scene size:    800.0 x 600.0
12:39:47.779 [JavaFX Application Thread] DEBUG PrimaryStageWindow   - Scaled ratio: (1.0, 1.0)
12:39:47.780 [JavaFX Application Thread] DEBUG PrimaryStageWindow   - Set initial scene to FXGLStartupScene
12:39:47.782 [JavaFX Application Thread] DEBUG PrimaryStageWindow   - Opening main window
12:39:47.851 [JavaFX Application Thread] DEBUG PrimaryStageWindow   - Window border size: (14.4000244140625, 37.5999755859375)
12:39:47.851 [JavaFX Application Thread] DEBUG PrimaryStageWindow   - Scaled size: 800.0 x 600.0
12:39:47.853 [JavaFX Application Thread] DEBUG PrimaryStageWindow   - Scaled ratio: (1.0, 1.0)
12:39:47.853 [JavaFX Application Thread] DEBUG PrimaryStageWindow   - Scene size: 800.0 x 600.0
12:39:47.853 [JavaFX Application Thread] DEBUG PrimaryStageWindow   - Stage size: 814.4000244140625 x 637.5999755859375
12:39:47.861 [FXGL Background Thread 1 ] DEBUG Engine               - Initializing environment variables
12:39:47.915 [FXGL Background Thread 1 ] DEBUG FXGLAssetLoaderServi - User app class for loading assets: class com.xen.rzlgame.rzl.HelloApplication
12:39:47.915 [FXGL Background Thread 1 ] DEBUG GameApplicationServi - Applying CSS: fxgl_dark.css
12:39:47.916 [FXGL Background Thread 1 ] DEBUG FXGLAssetLoaderServi - Loading from file system: jar:file:///C:/Users/acer/.m2/repository/com/github/almasb/fxgl/21.1/fxgl-21.1.jar!/fxglassets/ui/css/fxgl_dark.css
12:39:47.960 [FXGL Background Thread 1 ] DEBUG GameApplicationServi - Initializing application scenes
12:39:48.013 [FXGL Background Thread 1 ] DEBUG GameWorld            - Game world initialized
12:39:48.093 [FXGL Background Thread 1 ] DEBUG PhysicsWorld         - Physics world initialized: appHeight=600, physics.ppm=50.0
12:39:48.093 [FXGL Background Thread 1 ] DEBUG PhysicsWorld         - Using strategy: BRUTE_FORCE
12:39:48.097 [FXGL Background Thread 1 ] DEBUG GameScene            - Game scene initialized: 800x600
12:39:48.107 [FXGL Background Thread 1 ] DEBUG FXGL.DefaultMenu     - createMenuBodyGameMenu()
12:39:48.118 [FXGL Background Thread 1 ] DEBUG FXGL.DefaultMenu     - createOptionsMenu()
12:39:48.127 [FXGL Background Thread 1 ] DEBUG FXGLAssetLoaderServi - Loading from file system: jar:file:///C:/Users/acer/.m2/repository/com/github/almasb/fxgl/21.1/fxgl-21.1.jar!/fxglassets/textures/particles/smoke.png
12:39:48.229 [FXGL Background Thread 1 ] DEBUG FXGLAssetLoaderServi - Loading from file system: jar:file:///C:/Users/acer/.m2/repository/com/github/almasb/fxgl/21.1/fxgl-21.1.jar!/fxglassets/textures/particles/trace_horizontal.png
12:39:48.253 [FXGL Background Thread 1 ] DEBUG GameApplicationServi - Application scenes initialized
12:39:48.264 [FXGL Background Thread 1 ] DEBUG SystemBundleService  - Loading FXGL system data
12:39:48.268 [FXGL Background Thread 1 ] DEBUG FileSystemAccess     - Reading from: C:\Users\acer\IdeaProjects\RZL\system\fxgl.bundle
12:39:48.277 [FXGL Background Thread 1 ] DEBUG SystemBundleService  - Bundle FXGL: {}
12:39:48.277 [FXGL Background Thread 1 ] DEBUG UpdaterService       - Checking for updates
12:39:48.281 [FXGL Background Thread 4 ] DEBUG FXGLApplication      - Loading fonts
12:39:48.283 [FXGL Background Thread 1 ] DEBUG FXGLApplication      - Loading default localization
12:39:48.283 [FXGL Background Thread 4 ] DEBUG FXGLAssetLoaderServi - Loading from file system: jar:file:///C:/Users/acer/.m2/repository/com/github/almasb/fxgl/21.1/fxgl-21.1.jar!/fxglassets/ui/fonts/VarelaRound-Regular.ttf
12:39:48.283 [FXGL Background Thread 1 ] DEBUG FXGLAssetLoaderServi - Loading from file system: jar:file:///C:/Users/acer/.m2/repository/com/github/almasb/fxgl/21.1/fxgl-21.1.jar!/fxglassets/languages/english.lang
12:39:48.314 [FXGL Background Thread 1 ] INFO  FXGLApplication      - FXGL initialization took: 0.453 sec
12:39:48.324 [JavaFX Application Thread] DEBUG FXGLAssetLoaderServi - Loading from file system: jar:file:///C:/Users/acer/.m2/repository/com/github/almasb/fxgl/21.1/fxgl-21.1.jar!/fxglassets/textures/fxgl_icon.png
12:39:48.354 [JavaFX Application Thread] DEBUG FXGLAssetLoaderServi - Loading from file system: jar:file:///C:/Users/acer/.m2/repository/com/github/almasb/fxgl/21.1/fxgl-21.1.jar!/fxglassets/textures/fxgl_default_cursor.png
12:39:48.361 [FXGL Background Thread 4 ] DEBUG FXGLAssetLoaderServi - Loading from file system: jar:file:///C:/Users/acer/.m2/repository/com/github/almasb/fxgl/21.1/fxgl-21.1.jar!/fxglassets/ui/fonts/Abel-Regular.ttf
12:39:48.365 [FXGL Background Thread 4 ] DEBUG FXGLAssetLoaderServi - Loading from file system: jar:file:///C:/Users/acer/.m2/repository/com/github/almasb/fxgl/21.1/fxgl-21.1.jar!/fxglassets/ui/fonts/TerminalLandMono-Regular.otf
12:39:48.369 [FXGL Background Thread 4 ] DEBUG FXGLAssetLoaderServi - Loading from file system: jar:file:///C:/Users/acer/.m2/repository/com/github/almasb/fxgl/21.1/fxgl-21.1.jar!/fxglassets/ui/fonts/Courier-Prime.ttf
12:39:48.375 [JavaFX Application Thread] DEBUG Input                - Registered new binding: Screenshot - CTRL+8
12:39:48.377 [JavaFX Application Thread] DEBUG Input                - Registered new binding: System info dump - CTRL+9
12:39:48.378 [JavaFX Application Thread] DEBUG Input                - Registered new binding: Restart - CTRL+R
12:39:48.379 [JavaFX Application Thread] DEBUG Input                - Registered new binding: Toggle Debug Camera - CTRL+7
12:39:48.387 [JavaFX Application Thread] DEBUG LoopRunner           - Starting loop
12:39:48.387 [JavaFX Application Thread] DEBUG LoopRunner           - Initializing JavaFX AnimationTimerLoop
12:39:48.389 [JavaFX Application Thread] DEBUG GameApplicationServi - Starting new game
12:39:48.390 [JavaFX Application Thread] DEBUG Input                - Clearing active input actions
12:39:48.410 [JavaFX Application Thread] DEBUG GameApplicationServi - Removing overlay from FXGLStartupScene and adding to FXGLLoadingScene
12:39:48.411 [JavaFX Application Thread] DEBUG PrimaryStageWindow   - FXGLStartupScene -> FXGLLoadingScene
12:39:48.411 [JavaFX Application Thread] DEBUG GameApplicationServi - Clearing previous game
12:39:48.411 [JavaFX Application Thread] DEBUG GameScene            - Clearing game scene
12:39:48.411 [JavaFX Application Thread] DEBUG GameWorld            - Clearing game world
12:39:48.411 [JavaFX Application Thread] DEBUG PhysicsWorld         - Clearing physics world
12:39:48.414 [JavaFX Application Thread] DEBUG FXGLApplication      - Registering font factories with UI factory
12:39:48.414 [FXGL Background Thread 4 ] DEBUG FXGLApplication      - Initializing game
12:39:48.485 [FXGL Background Thread 4 ] WARN  GameWorld            - Entity is already attached to world
12:39:48.489 [FXGL Background Thread 4 ] WARN  GameWorld            - Entity is already attached to world
12:39:48.490 [FXGL Background Thread 4 ] WARN  Entity               - Entity already has component: com.almasb.fxgl.entity.components.CollidableComponent
12:39:48.491 [FXGL Background Thread 4 ] WARN  GameWorld            - Entity is already attached to world
12:39:48.507 [FXGL Background Thread 4 ] DEBUG Input                - Registered new binding: Move D - D
12:39:48.507 [FXGL Background Thread 4 ] DEBUG Input                - Registered new binding: Move A - A
12:39:48.509 [FXGL Background Thread 4 ] DEBUG Input                - Registered new binding: Player Attack - LMB
12:39:48.510 [FXGL Background Thread 4 ] DEBUG Input                - Registered new binding: Player Parry - RMB
12:39:48.511 [FXGL Background Thread 4 ] DEBUG Input                - Registered new binding: Jump - Space
12:39:48.513 [FXGL Background Thread 4 ] DEBUG Input                - Registered new binding: Interact - Z
12:39:48.514 [FXGL Background Thread 4 ] INFO  FXGLApplication      - Game initialization took: 0.099 sec
12:39:48.590 [JavaFX Application Thread] DEBUG Input                - Clearing active input actions
12:39:48.594 [JavaFX Application Thread] DEBUG GameApplicationServi - Removing overlay from FXGLLoadingScene and adding to GameScene
12:39:48.595 [JavaFX Application Thread] DEBUG PrimaryStageWindow   - FXGLLoadingScene -> GameScene
12:39:48.883 [JavaFX Application Thread] DEBUG FXGLAssetLoaderServi - Loading from file system: file:/C:/Users/acer/IdeaProjects/RZL/target/classes/assets/text/test.txt
12:39:48.892 [JavaFX Application Thread] DEBUG Input                - Registered new binding: Next RPG Line - Enter
12:39:48.892 [JavaFX Application Thread] DEBUG PrimaryStageWindow   - Push state: CutsceneScene
12:39:48.894 [JavaFX Application Thread] DEBUG Input                - Clearing active input actions
12:39:48.897 [JavaFX Application Thread] DEBUG GameApplicationServi - Removing overlay from GameScene and adding to CutsceneScene
12:39:48.897 [JavaFX Application Thread] DEBUG PrimaryStageWindow   - GameScene -> CutsceneScene
12:39:51.281 [FXGL Background Thread 3 ] DEBUG Engine               - Logging environment variables
12:39:51.281 [FXGL Background Thread 3 ] DEBUG Engine               - achievements: []
12:39:51.281 [FXGL Background Thread 3 ] DEBUG Engine               - actualHeight: 600.0
12:39:51.281 [FXGL Background Thread 3 ] DEBUG Engine               - actualHeightProperty: ReadOnlyDoubleProperty [value: 600.0]
12:39:51.281 [FXGL Background Thread 3 ] DEBUG Engine               - actualWidth: 800.0
12:39:51.281 [FXGL Background Thread 3 ] DEBUG Engine               - actualWidthProperty: ReadOnlyDoubleProperty [value: 800.0]
12:39:51.281 [FXGL Background Thread 3 ] DEBUG Engine               - appIcon: fxgl_icon.png
12:39:51.281 [FXGL Background Thread 3 ] DEBUG Engine               - applicationMode: DEVELOPER
12:39:51.281 [FXGL Background Thread 3 ] DEBUG Engine               - cSSList: [fxgl_dark.css]
12:39:51.281 [FXGL Background Thread 3 ] DEBUG Engine               - collisionDetectionStrategy: BRUTE_FORCE
12:39:51.281 [FXGL Background Thread 3 ] DEBUG Engine               - configClass: Optional.empty
12:39:51.283 [FXGL Background Thread 3 ] DEBUG Engine               - credits: []
12:39:51.283 [FXGL Background Thread 3 ] DEBUG Engine               - defaultCursor: CursorInfo(imageName=fxgl_default_cursor.png, hotspotX=7.0, hotspotY=6.0)
12:39:51.283 [FXGL Background Thread 3 ] DEBUG Engine               - devBBoxColorProperty: ObjectProperty [value: 0xff0000ff]
12:39:51.283 [FXGL Background Thread 3 ] DEBUG Engine               - devEnableDebugCameraProperty: BooleanProperty [value: false]
12:39:51.283 [FXGL Background Thread 3 ] DEBUG Engine               - devSensorColorProperty: ObjectProperty [value: 0xffff00ff]
12:39:51.283 [FXGL Background Thread 3 ] DEBUG Engine               - devShowBBoxProperty: BooleanProperty [value: false]
12:39:51.283 [FXGL Background Thread 3 ] DEBUG Engine               - devShowPositionProperty: BooleanProperty [value: false]
12:39:51.283 [FXGL Background Thread 3 ] DEBUG Engine               - enabledMenuItems: []
12:39:51.283 [FXGL Background Thread 3 ] DEBUG Engine               - engineServices: [class com.almasb.fxgl.app.services.FXGLAssetLoaderService, class com.almasb.fxgl.app.FXGLApplication$GameApplicationService, class com.almasb.fxgl.app.services.FXGLDialogService, class com.almasb.fxgl.app.services.IOTaskExecutorService, class com.almasb.fxgl.io.FileSystemService, class com.almasb.fxgl.localization.LocalizationService, class com.almasb.fxgl.app.services.SystemBundleService, class com.almasb.fxgl.profile.SaveLoadService, class com.almasb.fxgl.ui.FXGLUIFactoryServiceProvider, class com.almasb.fxgl.ui.FXGLDialogFactoryServiceProvider, class com.almasb.fxgl.audio.AudioPlayer, class com.almasb.fxgl.notification.impl.NotificationServiceProvider, class com.almasb.fxgl.achievement.AchievementService, class com.almasb.fxgl.cutscene.CutsceneService, class com.almasb.fxgl.minigames.MiniGameService, class com.almasb.fxgl.net.NetService, class com.almasb.fxgl.app.services.UpdaterService, class com.almasb.fxgl.dev.DevService]
12:39:51.283 [FXGL Background Thread 3 ] DEBUG Engine               - fontGame: Abel-Regular.ttf
12:39:51.283 [FXGL Background Thread 3 ] DEBUG Engine               - fontMono: TerminalLandMono-Regular.otf
12:39:51.283 [FXGL Background Thread 3 ] DEBUG Engine               - fontSizeScaleUI: 1.0
12:39:51.283 [FXGL Background Thread 3 ] DEBUG Engine               - fontText: Courier-Prime.ttf
12:39:51.283 [FXGL Background Thread 3 ] DEBUG Engine               - fontUI: VarelaRound-Regular.ttf
12:39:51.283 [FXGL Background Thread 3 ] DEBUG Engine               - fullScreen: BooleanProperty [value: false]
12:39:51.284 [FXGL Background Thread 3 ] DEBUG Engine               - gameDifficulty: MEDIUM
12:39:51.284 [FXGL Background Thread 3 ] DEBUG Engine               - gameDifficultyProperty: ObjectProperty [value: MEDIUM]
12:39:51.284 [FXGL Background Thread 3 ] DEBUG Engine               - globalMusicVolume: 0.5
12:39:51.284 [FXGL Background Thread 3 ] DEBUG Engine               - globalMusicVolumeProperty: DoubleProperty [value: 0.5]
12:39:51.284 [FXGL Background Thread 3 ] DEBUG Engine               - globalSoundVolume: 0.5
12:39:51.284 [FXGL Background Thread 3 ] DEBUG Engine               - globalSoundVolumeProperty: DoubleProperty [value: 0.5]
12:39:51.284 [FXGL Background Thread 3 ] DEBUG Engine               - height: 600
12:39:51.284 [FXGL Background Thread 3 ] DEBUG Engine               - is3D: false
12:39:51.284 [FXGL Background Thread 3 ] DEBUG Engine               - isAndroid: false
12:39:51.284 [FXGL Background Thread 3 ] DEBUG Engine               - isBrowser: false
12:39:51.284 [FXGL Background Thread 3 ] DEBUG Engine               - isClickFeedbackEnabled: false
12:39:51.284 [FXGL Background Thread 3 ] DEBUG Engine               - isCloseConfirmation: false
12:39:51.284 [FXGL Background Thread 3 ] DEBUG Engine               - isDesktop: true
12:39:51.284 [FXGL Background Thread 3 ] DEBUG Engine               - isDeveloperMenuEnabled: false
12:39:51.284 [FXGL Background Thread 3 ] DEBUG Engine               - isEmbedded: false
12:39:51.284 [FXGL Background Thread 3 ] DEBUG Engine               - isEntityPreloadEnabled: true
12:39:51.284 [FXGL Background Thread 3 ] DEBUG Engine               - isExperimentalTiledLargeMap: false
12:39:51.284 [FXGL Background Thread 3 ] DEBUG Engine               - isFileSystemWriteAllowed: true
12:39:51.284 [FXGL Background Thread 3 ] DEBUG Engine               - isFullScreenAllowed: false
12:39:51.284 [FXGL Background Thread 3 ] DEBUG Engine               - isFullScreenFromStart: false
12:39:51.284 [FXGL Background Thread 3 ] DEBUG Engine               - isGameMenuEnabled: true
12:39:51.284 [FXGL Background Thread 3 ] DEBUG Engine               - isIOS: false
12:39:51.284 [FXGL Background Thread 3 ] DEBUG Engine               - isIntroEnabled: false
12:39:51.284 [FXGL Background Thread 3 ] DEBUG Engine               - isLinux: false
12:39:51.284 [FXGL Background Thread 3 ] DEBUG Engine               - isMac: false
12:39:51.285 [FXGL Background Thread 3 ] DEBUG Engine               - isMainMenuEnabled: false
12:39:51.285 [FXGL Background Thread 3 ] DEBUG Engine               - isManualResizeEnabled: false
12:39:51.285 [FXGL Background Thread 3 ] DEBUG Engine               - isMobile: false
12:39:51.285 [FXGL Background Thread 3 ] DEBUG Engine               - isNative: false
12:39:51.285 [FXGL Background Thread 3 ] DEBUG Engine               - isPauseMusicWhenMinimized: true
12:39:51.285 [FXGL Background Thread 3 ] DEBUG Engine               - isPreserveResizeRatio: false
12:39:51.285 [FXGL Background Thread 3 ] DEBUG Engine               - isProfilingEnabled: false
12:39:51.285 [FXGL Background Thread 3 ] DEBUG Engine               - isScaleAffectedOnResize: true
12:39:51.285 [FXGL Background Thread 3 ] DEBUG Engine               - isSingleStep: false
12:39:51.285 [FXGL Background Thread 3 ] DEBUG Engine               - isUserProfileEnabled: false
12:39:51.285 [FXGL Background Thread 3 ] DEBUG Engine               - isWindows: true
12:39:51.285 [FXGL Background Thread 3 ] DEBUG Engine               - language: ObjectProperty [value: ENGLISH]
12:39:51.285 [FXGL Background Thread 3 ] DEBUG Engine               - menuKey: ESCAPE
12:39:51.285 [FXGL Background Thread 3 ] DEBUG Engine               - mouseSensitivity: 0.2
12:39:51.285 [FXGL Background Thread 3 ] DEBUG Engine               - notificationViewClass: class com.almasb.fxgl.notification.view.XboxNotificationView
12:39:51.285 [FXGL Background Thread 3 ] DEBUG Engine               - pixelsPerMeter: 50.0
12:39:51.285 [FXGL Background Thread 3 ] DEBUG Engine               - platform: WINDOWS
12:39:51.285 [FXGL Background Thread 3 ] DEBUG Engine               - prefHeightProperty: ReadOnlyDoubleProperty [value: 600.0]
12:39:51.285 [FXGL Background Thread 3 ] DEBUG Engine               - prefWidthProperty: ReadOnlyDoubleProperty [value: 800.0]
12:39:51.285 [FXGL Background Thread 3 ] DEBUG Engine               - profileDir: profiles/
12:39:51.285 [FXGL Background Thread 3 ] DEBUG Engine               - profileName: StringProperty [value: DEFAULT]
12:39:51.285 [FXGL Background Thread 3 ] DEBUG Engine               - randomSeed: -1
12:39:51.285 [FXGL Background Thread 3 ] DEBUG Engine               - runtimeInfo: RuntimeInfo(platform=WINDOWS, version=21.1, build=27.03.2024 07.52)
12:39:51.285 [FXGL Background Thread 3 ] DEBUG Engine               - saveFileExt: sav
12:39:51.285 [FXGL Background Thread 3 ] DEBUG Engine               - scaledHeightProp$fxgl: DoubleProperty [bound, value: 600.0]
12:39:51.285 [FXGL Background Thread 3 ] DEBUG Engine               - scaledWidthProp$fxgl: DoubleProperty [bound, value: 800.0]
12:39:51.285 [FXGL Background Thread 3 ] DEBUG Engine               - sceneFactory: com.almasb.fxgl.app.scene.SceneFactory@531333fe
12:39:51.286 [FXGL Background Thread 3 ] DEBUG Engine               - secondsIn24h: 60
12:39:51.286 [FXGL Background Thread 3 ] DEBUG Engine               - soundMenuBack: menu/back.wav
12:39:51.286 [FXGL Background Thread 3 ] DEBUG Engine               - soundMenuPress: menu/press.wav
12:39:51.286 [FXGL Background Thread 3 ] DEBUG Engine               - soundMenuSelect: menu/select.wav
12:39:51.286 [FXGL Background Thread 3 ] DEBUG Engine               - soundNotification: core/notification.wav
12:39:51.286 [FXGL Background Thread 3 ] DEBUG Engine               - stageStyle: DECORATED
12:39:51.286 [FXGL Background Thread 3 ] DEBUG Engine               - supportedLanguages: [ENGLISH, FRENCH, GERMAN, HUNGARIAN, RUSSIAN]
12:39:51.286 [FXGL Background Thread 3 ] DEBUG Engine               - ticksPerSecond: -1
12:39:51.286 [FXGL Background Thread 3 ] DEBUG Engine               - title: Untitled
12:39:51.286 [FXGL Background Thread 3 ] DEBUG Engine               - urlGithub: https://github.com/AlmasB/FXGL
12:39:51.286 [FXGL Background Thread 3 ] DEBUG Engine               - urlLeaderboard: http://fxgl-top.herokuapp.com/
12:39:51.286 [FXGL Background Thread 3 ] DEBUG Engine               - urlPOM: https://raw.githubusercontent.com/AlmasB/FXGL/release/README.md
12:39:51.286 [FXGL Background Thread 3 ] DEBUG Engine               - userAppClass: class com.xen.rzlgame.rzl.HelloApplication
12:39:51.286 [FXGL Background Thread 3 ] DEBUG Engine               - version: 0.0
12:39:51.286 [FXGL Background Thread 3 ] DEBUG Engine               - versionCheckDays: 7
12:39:51.286 [FXGL Background Thread 3 ] DEBUG Engine               - width: 800
12:39:51.286 [FXGL Background Thread 3 ] DEBUG Engine               - Logging services
12:39:51.286 [FXGL Background Thread 3 ] DEBUG Engine               - class com.almasb.fxgl.app.services.FXGLAssetLoaderService
12:39:51.286 [FXGL Background Thread 3 ] DEBUG Engine               - class com.almasb.fxgl.app.FXGLApplication$GameApplicationService
12:39:51.286 [FXGL Background Thread 3 ] DEBUG Engine               - class com.almasb.fxgl.app.services.FXGLDialogService
12:39:51.286 [FXGL Background Thread 3 ] DEBUG Engine               - class com.almasb.fxgl.app.services.IOTaskExecutorService
12:39:51.286 [FXGL Background Thread 3 ] DEBUG Engine               - class com.almasb.fxgl.io.FileSystemService
12:39:51.286 [FXGL Background Thread 3 ] DEBUG Engine               - class com.almasb.fxgl.localization.LocalizationService
12:39:51.286 [FXGL Background Thread 3 ] DEBUG Engine               - class com.almasb.fxgl.app.services.SystemBundleService
12:39:51.286 [FXGL Background Thread 3 ] DEBUG Engine               - class com.almasb.fxgl.profile.SaveLoadService
12:39:51.286 [FXGL Background Thread 3 ] DEBUG Engine               - class com.almasb.fxgl.ui.FXGLUIFactoryServiceProvider
12:39:51.286 [FXGL Background Thread 3 ] DEBUG Engine               - class com.almasb.fxgl.ui.FXGLDialogFactoryServiceProvider
12:39:51.291 [FXGL Background Thread 3 ] DEBUG Engine               - class com.almasb.fxgl.audio.AudioPlayer
12:39:51.291 [FXGL Background Thread 3 ] DEBUG Engine               - class com.almasb.fxgl.notification.impl.NotificationServiceProvider
12:39:51.291 [FXGL Background Thread 3 ] DEBUG Engine               - class com.almasb.fxgl.achievement.AchievementService
12:39:51.291 [FXGL Background Thread 3 ] DEBUG Engine               - class com.almasb.fxgl.cutscene.CutsceneService
12:39:51.291 [FXGL Background Thread 3 ] DEBUG Engine               - class com.almasb.fxgl.minigames.MiniGameService
12:39:51.291 [FXGL Background Thread 3 ] DEBUG Engine               - class com.almasb.fxgl.net.NetService
12:39:51.291 [FXGL Background Thread 3 ] DEBUG Engine               - class com.almasb.fxgl.app.services.UpdaterService
12:39:51.291 [FXGL Background Thread 3 ] DEBUG Engine               - class com.almasb.fxgl.dev.DevService
12:39:51.542 [JavaFX Application Thread] DEBUG PrimaryStageWindow   - Pop state: CutsceneScene
12:39:51.542 [JavaFX Application Thread] DEBUG Input                - Clearing active input actions
12:39:51.543 [JavaFX Application Thread] DEBUG GameApplicationServi - Removing overlay from CutsceneScene and adding to GameScene
12:39:51.544 [JavaFX Application Thread] DEBUG PrimaryStageWindow   - GameScene <- CutsceneScene
12:39:52.230 [JavaFX Application Thread] DEBUG FXGLApplication      - Exiting FXGL
12:39:52.231 [JavaFX Application Thread] DEBUG LoopRunner           - Stopping loop
12:39:52.231 [JavaFX Application Thread] DEBUG SystemBundleService  - Saving FXGL system data
12:39:52.234 [JavaFX Application Thread] DEBUG FileSystemAccess     - Writing to: C:\Users\acer\IdeaProjects\RZL\system\fxgl.bundle
12:39:52.235 [JavaFX Application Thread] DEBUG Async                - Shutting down background threads
12:39:52.235 [JavaFX Application Thread] DEBUG PrimaryStageWindow   - Closing main window
12:39:52.249 [JavaFX Application Thread] DEBUG Logger               - Closing Logger
