01:15:02.936 [main                     ] DEBUG Logger               - Configured Logger
01:15:02.971 [main                     ] DEBUG GameApplication      - Logging settings
Title: Untitled
Version: 0.0
Width: 800
Height: 600
Fullscreen: false
Intro: false
Profiling: false
Single step:false
App Mode: DEVELOPER
Menu Key: ESCAPE
Stage Style: DECORATED
Scene Factory: class com.almasb.fxgl.app.scene.SceneFactory

01:15:03.266 [JavaFX Application Thread] DEBUG FXGLApplication      - Initializing FXGL
01:15:03.270 [JavaFX Application Thread] INFO  Engine               - FXGL-17.3 (30.03.2023 11.49) on WINDOWS (J:21.0.3 FX:21)
01:15:03.271 [JavaFX Application Thread] DEBUG Engine               - JRE Vendor Name: Oracle Corporation
01:15:03.271 [JavaFX Application Thread] DEBUG Engine               - Running on OS: Windows 11 version 10.0
01:15:03.271 [JavaFX Application Thread] DEBUG Engine               - Architecture: amd64
01:15:03.271 [JavaFX Application Thread] INFO  Engine               - Source code and latest versions at: https://github.com/AlmasB/FXGL
01:15:03.271 [JavaFX Application Thread] INFO  Engine               -       Ask questions and discuss at: https://github.com/AlmasB/FXGL/discussions
01:15:03.271 [JavaFX Application Thread] INFO  Engine               -              Join the FXGL chat at: https://gitter.im/AlmasB/FXGL
01:15:03.334 [JavaFX Application Thread] DEBUG PrimaryStageWindow   - Creating a JavaFX scene
01:15:03.371 [JavaFX Application Thread] DEBUG PrimaryStageWindow   - Target settings size: 800.0 x 600.0
01:15:03.372 [JavaFX Application Thread] DEBUG PrimaryStageWindow   - Scaled scene size:    800.0 x 600.0
01:15:03.372 [JavaFX Application Thread] DEBUG PrimaryStageWindow   - Scaled ratio: (1.0, 1.0)
01:15:03.373 [JavaFX Application Thread] DEBUG PrimaryStageWindow   - Set initial scene to FXGLStartupScene
01:15:03.375 [JavaFX Application Thread] DEBUG PrimaryStageWindow   - Opening main window
01:15:03.442 [JavaFX Application Thread] DEBUG PrimaryStageWindow   - Window border size: (14.4000244140625, 37.5999755859375)
01:15:03.442 [JavaFX Application Thread] DEBUG PrimaryStageWindow   - Scaled size: 800.0 x 600.0
01:15:03.442 [JavaFX Application Thread] DEBUG PrimaryStageWindow   - Scaled ratio: (1.0, 1.0)
01:15:03.442 [JavaFX Application Thread] DEBUG PrimaryStageWindow   - Scene size: 800.0 x 600.0
01:15:03.442 [JavaFX Application Thread] DEBUG PrimaryStageWindow   - Stage size: 814.4000244140625 x 637.5999755859375
01:15:03.448 [FXGL Background Thread 1 ] DEBUG Engine               - Initializing environment variables
01:15:03.504 [FXGL Background Thread 1 ] DEBUG FXGLAssetLoaderServi - User app class for loading assets: class com.xen.rzlgame.rzl.HelloApplication
01:15:03.504 [FXGL Background Thread 1 ] DEBUG GameApplicationServi - Applying CSS: fxgl_dark.css
01:15:03.505 [FXGL Background Thread 1 ] DEBUG FXGLAssetLoaderServi - Loading from file system: jar:file:///C:/Users/acer/.m2/repository/com/github/almasb/fxgl/17.3/fxgl-17.3.jar!/fxglassets/ui/css/fxgl_dark.css
01:15:03.551 [FXGL Background Thread 1 ] DEBUG GameApplicationServi - Initializing application scenes
01:15:03.610 [FXGL Background Thread 1 ] DEBUG GameWorld            - Game world initialized
01:15:03.670 [FXGL Background Thread 1 ] DEBUG PhysicsWorld         - Physics world initialized: appHeight=600, physics.ppm=50.0
01:15:03.670 [FXGL Background Thread 1 ] DEBUG PhysicsWorld         - Using strategy: BRUTE_FORCE
01:15:03.673 [FXGL Background Thread 1 ] DEBUG GameScene            - Game scene initialized: 800x600
01:15:03.682 [FXGL Background Thread 1 ] DEBUG FXGL.DefaultMenu     - createMenuBodyGameMenu()
01:15:03.690 [FXGL Background Thread 1 ] DEBUG FXGL.DefaultMenu     - createOptionsMenu()
01:15:03.698 [FXGL Background Thread 1 ] DEBUG FXGLAssetLoaderServi - Loading from file system: jar:file:///C:/Users/acer/.m2/repository/com/github/almasb/fxgl/17.3/fxgl-17.3.jar!/fxglassets/textures/particles/smoke.png
01:15:03.802 [FXGL Background Thread 1 ] DEBUG FXGLAssetLoaderServi - Loading from file system: jar:file:///C:/Users/acer/.m2/repository/com/github/almasb/fxgl/17.3/fxgl-17.3.jar!/fxglassets/textures/particles/trace_horizontal.png
01:15:03.824 [FXGL Background Thread 1 ] DEBUG GameApplicationServi - Application scenes initialized
01:15:03.838 [FXGL Background Thread 1 ] DEBUG SystemBundleService  - Loading FXGL system data
01:15:03.842 [FXGL Background Thread 1 ] DEBUG FileSystemAccess     - Reading from: C:\Users\acer\IdeaProjects\RZL\system\fxgl.bundle
01:15:03.850 [FXGL Background Thread 1 ] DEBUG SystemBundleService  - Bundle FXGL: {}
01:15:03.850 [FXGL Background Thread 1 ] DEBUG UpdaterService       - Checking for updates
01:15:03.852 [FXGL Background Thread 4 ] DEBUG FXGLApplication      - Loading fonts
01:15:03.853 [FXGL Background Thread 4 ] DEBUG FXGLAssetLoaderServi - Loading from file system: jar:file:///C:/Users/acer/.m2/repository/com/github/almasb/fxgl/17.3/fxgl-17.3.jar!/fxglassets/ui/fonts/VarelaRound-Regular.ttf
01:15:03.853 [FXGL Background Thread 1 ] DEBUG FXGLApplication      - Loading default localization
01:15:03.854 [FXGL Background Thread 1 ] DEBUG FXGLAssetLoaderServi - Loading from file system: jar:file:///C:/Users/acer/.m2/repository/com/github/almasb/fxgl/17.3/fxgl-17.3.jar!/fxglassets/languages/english.lang
01:15:03.893 [FXGL Background Thread 4 ] DEBUG FXGLAssetLoaderServi - Loading from file system: jar:file:///C:/Users/acer/.m2/repository/com/github/almasb/fxgl/17.3/fxgl-17.3.jar!/fxglassets/ui/fonts/Abel-Regular.ttf
01:15:03.896 [FXGL Background Thread 4 ] DEBUG FXGLAssetLoaderServi - Loading from file system: jar:file:///C:/Users/acer/.m2/repository/com/github/almasb/fxgl/17.3/fxgl-17.3.jar!/fxglassets/ui/fonts/TerminalLandMono-Regular.otf
01:15:03.900 [FXGL Background Thread 4 ] DEBUG FXGLAssetLoaderServi - Loading from file system: jar:file:///C:/Users/acer/.m2/repository/com/github/almasb/fxgl/17.3/fxgl-17.3.jar!/fxglassets/ui/fonts/Courier-Prime.ttf
01:15:03.906 [JavaFX Application Thread] DEBUG FXGLApplication      - Registering font factories with UI factory
01:15:03.915 [FXGL Background Thread 1 ] INFO  FXGLApplication      - FXGL initialization took: 0.468 sec
01:15:03.916 [JavaFX Application Thread] DEBUG FXGLAssetLoaderServi - Loading from file system: jar:file:///C:/Users/acer/.m2/repository/com/github/almasb/fxgl/17.3/fxgl-17.3.jar!/fxglassets/textures/fxgl_icon.png
01:15:03.933 [JavaFX Application Thread] DEBUG FXGLAssetLoaderServi - Loading from file system: jar:file:///C:/Users/acer/.m2/repository/com/github/almasb/fxgl/17.3/fxgl-17.3.jar!/fxglassets/textures/fxgl_default_cursor.png
01:15:03.952 [JavaFX Application Thread] DEBUG Input                - Registered new binding: Screenshot - CTRL+8
01:15:03.953 [JavaFX Application Thread] DEBUG Input                - Registered new binding: System info dump - CTRL+9
01:15:03.954 [JavaFX Application Thread] DEBUG Input                - Registered new binding: Restart - CTRL+R
01:15:03.956 [JavaFX Application Thread] DEBUG Input                - Registered new binding: Toggle Debug Camera - CTRL+7
01:15:03.961 [JavaFX Application Thread] DEBUG LoopRunner           - Starting loop
01:15:03.961 [JavaFX Application Thread] DEBUG LoopRunner           - Initializing JavaFX AnimationTimerLoop
01:15:03.963 [JavaFX Application Thread] DEBUG GameApplicationServi - Starting new game
01:15:03.964 [JavaFX Application Thread] DEBUG Input                - Clearing active input actions
01:15:03.976 [JavaFX Application Thread] DEBUG GameApplicationServi - Removing overlay from FXGLStartupScene and adding to FXGLLoadingScene
01:15:03.976 [JavaFX Application Thread] DEBUG PrimaryStageWindow   - FXGLStartupScene -> FXGLLoadingScene
01:15:03.976 [JavaFX Application Thread] DEBUG GameApplicationServi - Clearing previous game
01:15:03.976 [JavaFX Application Thread] DEBUG GameScene            - Clearing game scene
01:15:03.977 [JavaFX Application Thread] DEBUG GameWorld            - Clearing game world
01:15:03.977 [JavaFX Application Thread] DEBUG PhysicsWorld         - Clearing physics world
01:15:03.980 [FXGL Background Thread 1 ] DEBUG FXGLApplication      - Initializing game
01:15:04.066 [FXGL Background Thread 1 ] WARN  GameWorld            - Entity is already attached to world
01:15:04.072 [FXGL Background Thread 1 ] WARN  GameWorld            - Entity is already attached to world
01:15:04.073 [FXGL Background Thread 1 ] WARN  Entity               - Entity already has component: com.almasb.fxgl.entity.components.CollidableComponent
01:15:04.073 [FXGL Background Thread 1 ] WARN  GameWorld            - Entity is already attached to world
01:15:04.082 [FXGL Background Thread 1 ] DEBUG Input                - Registered new binding: Move D - D
01:15:04.082 [FXGL Background Thread 1 ] DEBUG Input                - Registered new binding: Move A - A
01:15:04.086 [FXGL Background Thread 1 ] DEBUG Input                - Registered new binding: Player Attack - LMB
01:15:04.086 [FXGL Background Thread 1 ] DEBUG Input                - Registered new binding: Player Parry - RMB
01:15:04.087 [FXGL Background Thread 1 ] DEBUG Input                - Registered new binding: Jump - Space
01:15:04.089 [FXGL Background Thread 1 ] DEBUG Input                - Registered new binding: Interact - Z
01:15:04.089 [FXGL Background Thread 1 ] INFO  FXGLApplication      - Game initialization took: 0.109 sec
01:15:04.126 [JavaFX Application Thread] DEBUG Input                - Clearing active input actions
01:15:04.132 [JavaFX Application Thread] DEBUG GameApplicationServi - Removing overlay from FXGLLoadingScene and adding to GameScene
01:15:04.133 [JavaFX Application Thread] DEBUG PrimaryStageWindow   - FXGLLoadingScene -> GameScene
01:15:04.354 [FXGL Background Thread 2 ] INFO  UpdaterService       - Your current version:  17.3
01:15:04.355 [FXGL Background Thread 2 ] INFO  UpdaterService       - Latest stable version: 21.1
01:15:06.852 [FXGL Background Thread 3 ] DEBUG Engine               - Logging environment variables
01:15:06.852 [FXGL Background Thread 3 ] DEBUG Engine               - achievements: []
01:15:06.852 [FXGL Background Thread 3 ] DEBUG Engine               - actualHeight: 600.0
01:15:06.852 [FXGL Background Thread 3 ] DEBUG Engine               - actualHeightProperty: ReadOnlyDoubleProperty [value: 600.0]
01:15:06.852 [FXGL Background Thread 3 ] DEBUG Engine               - actualWidth: 800.0
01:15:06.853 [FXGL Background Thread 3 ] DEBUG Engine               - actualWidthProperty: ReadOnlyDoubleProperty [value: 800.0]
01:15:06.853 [FXGL Background Thread 3 ] DEBUG Engine               - appIcon: fxgl_icon.png
01:15:06.853 [FXGL Background Thread 3 ] DEBUG Engine               - applicationMode: DEVELOPER
01:15:06.853 [FXGL Background Thread 3 ] DEBUG Engine               - cSSList: [fxgl_dark.css]
01:15:06.853 [FXGL Background Thread 3 ] DEBUG Engine               - collisionDetectionStrategy: BRUTE_FORCE
01:15:06.853 [FXGL Background Thread 3 ] DEBUG Engine               - configClass: Optional.empty
01:15:06.853 [FXGL Background Thread 3 ] DEBUG Engine               - credits: []
01:15:06.853 [FXGL Background Thread 3 ] DEBUG Engine               - defaultCursor: CursorInfo(imageName=fxgl_default_cursor.png, hotspotX=7.0, hotspotY=6.0)
01:15:06.853 [FXGL Background Thread 3 ] DEBUG Engine               - devBBoxColorProperty: ObjectProperty [value: 0xff0000ff]
01:15:06.853 [FXGL Background Thread 3 ] DEBUG Engine               - devEnableDebugCameraProperty: BooleanProperty [value: false]
01:15:06.853 [FXGL Background Thread 3 ] DEBUG Engine               - devSensorColorProperty: ObjectProperty [value: 0xffff00ff]
01:15:06.853 [FXGL Background Thread 3 ] DEBUG Engine               - devShowBBoxProperty: BooleanProperty [value: false]
01:15:06.853 [FXGL Background Thread 3 ] DEBUG Engine               - devShowPositionProperty: BooleanProperty [value: false]
01:15:06.854 [FXGL Background Thread 3 ] DEBUG Engine               - enabledMenuItems: []
01:15:06.854 [FXGL Background Thread 3 ] DEBUG Engine               - engineServices: [class com.almasb.fxgl.app.services.FXGLAssetLoaderService, class com.almasb.fxgl.app.FXGLApplication$GameApplicationService, class com.almasb.fxgl.app.services.FXGLDialogService, class com.almasb.fxgl.app.services.IOTaskExecutorService, class com.almasb.fxgl.io.FileSystemService, class com.almasb.fxgl.localization.LocalizationService, class com.almasb.fxgl.app.services.SystemBundleService, class com.almasb.fxgl.profile.SaveLoadService, class com.almasb.fxgl.ui.FXGLUIFactoryServiceProvider, class com.almasb.fxgl.ui.FXGLDialogFactoryServiceProvider, class com.almasb.fxgl.audio.AudioPlayer, class com.almasb.fxgl.notification.impl.NotificationServiceProvider, class com.almasb.fxgl.achievement.AchievementService, class com.almasb.fxgl.cutscene.CutsceneService, class com.almasb.fxgl.minigames.MiniGameService, class com.almasb.fxgl.net.NetService, class com.almasb.fxgl.app.services.UpdaterService, class com.almasb.fxgl.dev.DevService]
01:15:06.854 [FXGL Background Thread 3 ] DEBUG Engine               - fontGame: Abel-Regular.ttf
01:15:06.854 [FXGL Background Thread 3 ] DEBUG Engine               - fontMono: TerminalLandMono-Regular.otf
01:15:06.854 [FXGL Background Thread 3 ] DEBUG Engine               - fontSizeScaleUI: 1.0
01:15:06.854 [FXGL Background Thread 3 ] DEBUG Engine               - fontText: Courier-Prime.ttf
01:15:06.854 [FXGL Background Thread 3 ] DEBUG Engine               - fontUI: VarelaRound-Regular.ttf
01:15:06.854 [FXGL Background Thread 3 ] DEBUG Engine               - fullScreen: BooleanProperty [value: false]
01:15:06.854 [FXGL Background Thread 3 ] DEBUG Engine               - gameDifficulty: MEDIUM
01:15:06.854 [FXGL Background Thread 3 ] DEBUG Engine               - gameDifficultyProperty: ObjectProperty [value: MEDIUM]
01:15:06.854 [FXGL Background Thread 3 ] DEBUG Engine               - globalMusicVolume: 0.5
01:15:06.854 [FXGL Background Thread 3 ] DEBUG Engine               - globalMusicVolumeProperty: DoubleProperty [value: 0.5]
01:15:06.854 [FXGL Background Thread 3 ] DEBUG Engine               - globalSoundVolume: 0.5
01:15:06.854 [FXGL Background Thread 3 ] DEBUG Engine               - globalSoundVolumeProperty: DoubleProperty [value: 0.5]
01:15:06.854 [FXGL Background Thread 3 ] DEBUG Engine               - height: 600
01:15:06.854 [FXGL Background Thread 3 ] DEBUG Engine               - is3D: false
01:15:06.854 [FXGL Background Thread 3 ] DEBUG Engine               - isAndroid: false
01:15:06.854 [FXGL Background Thread 3 ] DEBUG Engine               - isBrowser: false
01:15:06.854 [FXGL Background Thread 3 ] DEBUG Engine               - isClickFeedbackEnabled: false
01:15:06.854 [FXGL Background Thread 3 ] DEBUG Engine               - isCloseConfirmation: false
01:15:06.854 [FXGL Background Thread 3 ] DEBUG Engine               - isDesktop: true
01:15:06.854 [FXGL Background Thread 3 ] DEBUG Engine               - isDeveloperMenuEnabled: false
01:15:06.854 [FXGL Background Thread 3 ] DEBUG Engine               - isEmbedded: false
01:15:06.854 [FXGL Background Thread 3 ] DEBUG Engine               - isEntityPreloadEnabled: true
01:15:06.855 [FXGL Background Thread 3 ] DEBUG Engine               - isExperimentalTiledLargeMap: false
01:15:06.855 [FXGL Background Thread 3 ] DEBUG Engine               - isFileSystemWriteAllowed: true
01:15:06.855 [FXGL Background Thread 3 ] DEBUG Engine               - isFullScreenAllowed: false
01:15:06.855 [FXGL Background Thread 3 ] DEBUG Engine               - isFullScreenFromStart: false
01:15:06.855 [FXGL Background Thread 3 ] DEBUG Engine               - isGameMenuEnabled: true
01:15:06.855 [FXGL Background Thread 3 ] DEBUG Engine               - isIOS: false
01:15:06.855 [FXGL Background Thread 3 ] DEBUG Engine               - isIntroEnabled: false
01:15:06.855 [FXGL Background Thread 3 ] DEBUG Engine               - isLinux: false
01:15:06.855 [FXGL Background Thread 3 ] DEBUG Engine               - isMac: false
01:15:06.855 [FXGL Background Thread 3 ] DEBUG Engine               - isMainMenuEnabled: false
01:15:06.855 [FXGL Background Thread 3 ] DEBUG Engine               - isManualResizeEnabled: false
01:15:06.855 [FXGL Background Thread 3 ] DEBUG Engine               - isMobile: false
01:15:06.855 [FXGL Background Thread 3 ] DEBUG Engine               - isNative: false
01:15:06.855 [FXGL Background Thread 3 ] DEBUG Engine               - isPauseMusicWhenMinimized: true
01:15:06.855 [FXGL Background Thread 3 ] DEBUG Engine               - isPreserveResizeRatio: false
01:15:06.855 [FXGL Background Thread 3 ] DEBUG Engine               - isProfilingEnabled: false
01:15:06.855 [FXGL Background Thread 3 ] DEBUG Engine               - isScaleAffectedOnResize: true
01:15:06.855 [FXGL Background Thread 3 ] DEBUG Engine               - isSingleStep: false
01:15:06.855 [FXGL Background Thread 3 ] DEBUG Engine               - isUserProfileEnabled: false
01:15:06.855 [FXGL Background Thread 3 ] DEBUG Engine               - isWindows: true
01:15:06.855 [FXGL Background Thread 3 ] DEBUG Engine               - language: ObjectProperty [value: ENGLISH]
01:15:06.855 [FXGL Background Thread 3 ] DEBUG Engine               - menuKey: ESCAPE
01:15:06.855 [FXGL Background Thread 3 ] DEBUG Engine               - mouseSensitivity: 0.2
01:15:06.855 [FXGL Background Thread 3 ] DEBUG Engine               - notificationViewClass: class com.almasb.fxgl.notification.view.XboxNotificationView
01:15:06.855 [FXGL Background Thread 3 ] DEBUG Engine               - pixelsPerMeter: 50.0
01:15:06.855 [FXGL Background Thread 3 ] DEBUG Engine               - platform: WINDOWS
01:15:06.855 [FXGL Background Thread 3 ] DEBUG Engine               - prefHeightProperty: ReadOnlyDoubleProperty [value: 600.0]
01:15:06.855 [FXGL Background Thread 3 ] DEBUG Engine               - prefWidthProperty: ReadOnlyDoubleProperty [value: 800.0]
01:15:06.855 [FXGL Background Thread 3 ] DEBUG Engine               - profileDir: profiles/
01:15:06.856 [FXGL Background Thread 3 ] DEBUG Engine               - profileName: StringProperty [value: DEFAULT]
01:15:06.856 [FXGL Background Thread 3 ] DEBUG Engine               - randomSeed: -1
01:15:06.856 [FXGL Background Thread 3 ] DEBUG Engine               - runtimeInfo: RuntimeInfo(platform=WINDOWS, version=17.3, build=30.03.2023 11.49)
01:15:06.856 [FXGL Background Thread 3 ] DEBUG Engine               - saveFileExt: sav
01:15:06.856 [FXGL Background Thread 3 ] DEBUG Engine               - scaledHeightProp$fxgl: DoubleProperty [bound, value: 600.0]
01:15:06.856 [FXGL Background Thread 3 ] DEBUG Engine               - scaledWidthProp$fxgl: DoubleProperty [bound, value: 800.0]
01:15:06.856 [FXGL Background Thread 3 ] DEBUG Engine               - sceneFactory: com.almasb.fxgl.app.scene.SceneFactory@20de9c1a
01:15:06.856 [FXGL Background Thread 3 ] DEBUG Engine               - secondsIn24h: 60
01:15:06.856 [FXGL Background Thread 3 ] DEBUG Engine               - soundMenuBack: menu/back.wav
01:15:06.856 [FXGL Background Thread 3 ] DEBUG Engine               - soundMenuPress: menu/press.wav
01:15:06.856 [FXGL Background Thread 3 ] DEBUG Engine               - soundMenuSelect: menu/select.wav
01:15:06.856 [FXGL Background Thread 3 ] DEBUG Engine               - soundNotification: core/notification.wav
01:15:06.856 [FXGL Background Thread 3 ] DEBUG Engine               - stageStyle: DECORATED
01:15:06.856 [FXGL Background Thread 3 ] DEBUG Engine               - supportedLanguages: [ENGLISH, FRENCH, GERMAN, HUNGARIAN, RUSSIAN]
01:15:06.856 [FXGL Background Thread 3 ] DEBUG Engine               - ticksPerSecond: -1
01:15:06.856 [FXGL Background Thread 3 ] DEBUG Engine               - title: Untitled
01:15:06.856 [FXGL Background Thread 3 ] DEBUG Engine               - urlGithub: https://github.com/AlmasB/FXGL
01:15:06.856 [FXGL Background Thread 3 ] DEBUG Engine               - urlLeaderboard: http://fxgl-top.herokuapp.com/
01:15:06.856 [FXGL Background Thread 3 ] DEBUG Engine               - urlPOM: https://raw.githubusercontent.com/AlmasB/FXGL/release/README.md
01:15:06.856 [FXGL Background Thread 3 ] DEBUG Engine               - userAppClass: class com.xen.rzlgame.rzl.HelloApplication
01:15:06.856 [FXGL Background Thread 3 ] DEBUG Engine               - version: 0.0
01:15:06.856 [FXGL Background Thread 3 ] DEBUG Engine               - versionCheckDays: 7
01:15:06.856 [FXGL Background Thread 3 ] DEBUG Engine               - width: 800
01:15:06.856 [FXGL Background Thread 3 ] DEBUG Engine               - Logging services
01:15:06.856 [FXGL Background Thread 3 ] DEBUG Engine               - class com.almasb.fxgl.app.services.FXGLAssetLoaderService
01:15:06.856 [FXGL Background Thread 3 ] DEBUG Engine               - class com.almasb.fxgl.app.FXGLApplication$GameApplicationService
01:15:06.856 [FXGL Background Thread 3 ] DEBUG Engine               - class com.almasb.fxgl.app.services.FXGLDialogService
01:15:06.856 [FXGL Background Thread 3 ] DEBUG Engine               - class com.almasb.fxgl.app.services.IOTaskExecutorService
01:15:06.856 [FXGL Background Thread 3 ] DEBUG Engine               - class com.almasb.fxgl.io.FileSystemService
01:15:06.856 [FXGL Background Thread 3 ] DEBUG Engine               - class com.almasb.fxgl.localization.LocalizationService
01:15:06.856 [FXGL Background Thread 3 ] DEBUG Engine               - class com.almasb.fxgl.app.services.SystemBundleService
01:15:06.856 [FXGL Background Thread 3 ] DEBUG Engine               - class com.almasb.fxgl.profile.SaveLoadService
01:15:06.856 [FXGL Background Thread 3 ] DEBUG Engine               - class com.almasb.fxgl.ui.FXGLUIFactoryServiceProvider
01:15:06.856 [FXGL Background Thread 3 ] DEBUG Engine               - class com.almasb.fxgl.ui.FXGLDialogFactoryServiceProvider
01:15:06.856 [FXGL Background Thread 3 ] DEBUG Engine               - class com.almasb.fxgl.audio.AudioPlayer
01:15:06.856 [FXGL Background Thread 3 ] DEBUG Engine               - class com.almasb.fxgl.notification.impl.NotificationServiceProvider
01:15:06.856 [FXGL Background Thread 3 ] DEBUG Engine               - class com.almasb.fxgl.achievement.AchievementService
01:15:06.856 [FXGL Background Thread 3 ] DEBUG Engine               - class com.almasb.fxgl.cutscene.CutsceneService
01:15:06.856 [FXGL Background Thread 3 ] DEBUG Engine               - class com.almasb.fxgl.minigames.MiniGameService
01:15:06.856 [FXGL Background Thread 3 ] DEBUG Engine               - class com.almasb.fxgl.net.NetService
01:15:06.856 [FXGL Background Thread 3 ] DEBUG Engine               - class com.almasb.fxgl.app.services.UpdaterService
01:15:06.856 [FXGL Background Thread 3 ] DEBUG Engine               - class com.almasb.fxgl.dev.DevService
01:15:16.315 [JavaFX Application Thread] DEBUG LoopRunner           - Stopping loop
01:15:16.316 [JavaFX Application Thread] FATAL FXGLApplication      - Uncaught Exception:
java.lang.IllegalArgumentException: Component PlayerComponent not found!
	at com.almasb.fxgl.entity@17.3/com.almasb.fxgl.entity.Entity.getComponent(Entity.java:366)
	at com.xen.rzlgame.rzl/com.xen.rzlgame.rzl.Handlers.InputHandler.updateVelocity(InputHandler.java:86)
	at com.xen.rzlgame.rzl/com.xen.rzlgame.rzl.Handlers.InputHandler$1.onAction(InputHandler.java:39)
	at com.almasb.fxgl.core@17.3/com.almasb.fxgl.input.UserAction.action$fxgl_core(UserAction.kt:38)
	at com.almasb.fxgl.core@17.3/com.almasb.fxgl.input.Input.update(Input.kt:288)
	at com.almasb.fxgl.scene@17.3/com.almasb.fxgl.scene.Scene.update(Scene.kt:103)
	at com.almasb.fxgl.all@17.3/com.almasb.fxgl.app.MainWindow$update$1.invoke(MainWindow.kt:115)
	at com.almasb.fxgl.all@17.3/com.almasb.fxgl.app.MainWindow$update$1.invoke(MainWindow.kt:115)
	at com.almasb.fxgl.core@17.3/com.almasb.fxgl.core.fsm.StateMachine.runOnActiveStates(StateMachine.kt:69)
	at com.almasb.fxgl.all@17.3/com.almasb.fxgl.app.MainWindow.update(MainWindow.kt:115)
	at com.almasb.fxgl.all@17.3/com.almasb.fxgl.app.FXGLApplication$GameApplicationService.onUpdate(FXGLApplication.kt:426)
	at com.almasb.fxgl.all@17.3/com.almasb.fxgl.app.Engine.loop(Engine.kt:134)
	at com.almasb.fxgl.all@17.3/com.almasb.fxgl.app.Engine.access$loop(Engine.kt:24)
	at com.almasb.fxgl.all@17.3/com.almasb.fxgl.app.Engine$loop$1.invoke(Engine.kt:28)
	at com.almasb.fxgl.all@17.3/com.almasb.fxgl.app.Engine$loop$1.invoke(Engine.kt:28)
	at com.almasb.fxgl.all@17.3/com.almasb.fxgl.app.LoopRunner.frame(LoopRunner.kt:103)
	at com.almasb.fxgl.all@17.3/com.almasb.fxgl.app.LoopRunner.access$frame(LoopRunner.kt:23)
	at com.almasb.fxgl.all@17.3/com.almasb.fxgl.app.LoopRunner$impl$2$1.onTick(LoopRunner.kt:57)
	at com.almasb.fxgl.all@17.3/com.almasb.fxgl.app.AnimationTimerLoop$timer$1.handle(LoopRunner.kt:137)
	at javafx.graphics@21/javafx.animation.AnimationTimer$AnimationTimerReceiver.lambda$handle$0(AnimationTimer.java:58)
	at java.base/java.security.AccessController.doPrivileged(AccessController.java:400)
	at javafx.graphics@21/javafx.animation.AnimationTimer$AnimationTimerReceiver.handle(AnimationTimer.java:57)
	at javafx.graphics@21/com.sun.scenario.animation.AbstractPrimaryTimer.timePulseImpl(AbstractPrimaryTimer.java:356)
	at javafx.graphics@21/com.sun.scenario.animation.AbstractPrimaryTimer$MainLoop.run(AbstractPrimaryTimer.java:266)
	at javafx.graphics@21/com.sun.javafx.tk.quantum.QuantumToolkit.pulse(QuantumToolkit.java:588)
	at javafx.graphics@21/com.sun.javafx.tk.quantum.QuantumToolkit.pulse(QuantumToolkit.java:572)
	at javafx.graphics@21/com.sun.javafx.tk.quantum.QuantumToolkit.pulseFromQueue(QuantumToolkit.java:565)
	at javafx.graphics@21/com.sun.javafx.tk.quantum.QuantumToolkit.lambda$runToolkit$11(QuantumToolkit.java:352)
	at javafx.graphics@21/com.sun.glass.ui.InvokeLaterDispatcher$Future.run(InvokeLaterDispatcher.java:95)
	at javafx.graphics@21/com.sun.glass.ui.win.WinApplication._runLoop(Native Method)
	at javafx.graphics@21/com.sun.glass.ui.win.WinApplication.lambda$runLoop$3(WinApplication.java:185)
	at java.base/java.lang.Thread.run(Thread.java:1583)

01:15:16.316 [JavaFX Application Thread] FATAL FXGLApplication      - Application will now exit
01:15:16.325 [JavaFX Application Thread] DEBUG PrimaryStageWindow   - Push state: ErrorSubScene
01:15:16.325 [JavaFX Application Thread] DEBUG Input                - Clearing active input actions
01:15:16.328 [JavaFX Application Thread] DEBUG GameApplicationServi - Removing overlay from GameScene and adding to ErrorSubScene
01:15:16.328 [JavaFX Application Thread] DEBUG PrimaryStageWindow   - GameScene -> ErrorSubScene
01:15:17.560 [JavaFX Application Thread] DEBUG FXGLApplication      - Exiting FXGL
01:15:17.560 [JavaFX Application Thread] DEBUG Async                - Shutting down background threads
01:15:17.560 [JavaFX Application Thread] DEBUG PrimaryStageWindow   - Closing main window
01:15:17.573 [JavaFX Application Thread] DEBUG Logger               - Closing Logger
