20:57:26.156 [main                     ] DEBUG Logger               - Configured Logger
20:57:26.189 [main                     ] DEBUG GameApplication      - Logging settings
Title: Untitled
Version: 0.0
Width: 800
Height: 600
Fullscreen: false
Intro: false
Profiling: false
Single step:false
App Mode: DEVELOPER
Menu Key: ESCAPE
Stage Style: DECORATED
Scene Factory: class com.almasb.fxgl.app.scene.SceneFactory

20:57:26.557 [JavaFX Application Thread] DEBUG FXGLApplication      - Initializing FXGL
20:57:26.559 [JavaFX Application Thread] INFO  Engine               - FXGL-17.3 (30.03.2023 11.49) on WINDOWS (J:21.0.3 FX:21)
20:57:26.560 [JavaFX Application Thread] DEBUG Engine               - JRE Vendor Name: Oracle Corporation
20:57:26.560 [JavaFX Application Thread] DEBUG Engine               - Running on OS: Windows 11 version 10.0
20:57:26.560 [JavaFX Application Thread] DEBUG Engine               - Architecture: amd64
20:57:26.560 [JavaFX Application Thread] INFO  Engine               - Source code and latest versions at: https://github.com/AlmasB/FXGL
20:57:26.560 [JavaFX Application Thread] INFO  Engine               -       Ask questions and discuss at: https://github.com/AlmasB/FXGL/discussions
20:57:26.560 [JavaFX Application Thread] INFO  Engine               -              Join the FXGL chat at: https://gitter.im/AlmasB/FXGL
20:57:26.639 [JavaFX Application Thread] DEBUG PrimaryStageWindow   - Creating a JavaFX scene
20:57:26.681 [JavaFX Application Thread] DEBUG PrimaryStageWindow   - Target settings size: 800.0 x 600.0
20:57:26.681 [JavaFX Application Thread] DEBUG PrimaryStageWindow   - Scaled scene size:    800.0 x 600.0
20:57:26.681 [JavaFX Application Thread] DEBUG PrimaryStageWindow   - Scaled ratio: (1.0, 1.0)
20:57:26.682 [JavaFX Application Thread] DEBUG PrimaryStageWindow   - Set initial scene to FXGLStartupScene
20:57:26.685 [JavaFX Application Thread] DEBUG PrimaryStageWindow   - Opening main window
20:57:26.749 [JavaFX Application Thread] DEBUG PrimaryStageWindow   - Window border size: (14.4000244140625, 37.5999755859375)
20:57:26.749 [JavaFX Application Thread] DEBUG PrimaryStageWindow   - Scaled size: 800.0 x 600.0
20:57:26.750 [JavaFX Application Thread] DEBUG PrimaryStageWindow   - Scaled ratio: (1.0, 1.0)
20:57:26.750 [JavaFX Application Thread] DEBUG PrimaryStageWindow   - Scene size: 800.0 x 600.0
20:57:26.750 [JavaFX Application Thread] DEBUG PrimaryStageWindow   - Stage size: 814.4000244140625 x 637.5999755859375
20:57:26.756 [FXGL Background Thread 1 ] DEBUG Engine               - Initializing environment variables
20:57:26.808 [FXGL Background Thread 1 ] DEBUG FXGLAssetLoaderServi - User app class for loading assets: class com.xen.rzlgame.rzl.HelloApplication
20:57:26.808 [FXGL Background Thread 1 ] DEBUG GameApplicationServi - Applying CSS: fxgl_dark.css
20:57:26.809 [FXGL Background Thread 1 ] DEBUG FXGLAssetLoaderServi - Loading from file system: jar:file:///C:/Users/acer/.m2/repository/com/github/almasb/fxgl/17.3/fxgl-17.3.jar!/fxglassets/ui/css/fxgl_dark.css
20:57:26.848 [FXGL Background Thread 1 ] DEBUG GameApplicationServi - Initializing application scenes
20:57:26.904 [FXGL Background Thread 1 ] DEBUG GameWorld            - Game world initialized
20:57:26.959 [FXGL Background Thread 1 ] DEBUG PhysicsWorld         - Physics world initialized: appHeight=600, physics.ppm=50.0
20:57:26.959 [FXGL Background Thread 1 ] DEBUG PhysicsWorld         - Using strategy: BRUTE_FORCE
20:57:26.963 [FXGL Background Thread 1 ] DEBUG GameScene            - Game scene initialized: 800x600
20:57:26.971 [FXGL Background Thread 1 ] DEBUG FXGL.DefaultMenu     - createMenuBodyGameMenu()
20:57:26.980 [FXGL Background Thread 1 ] DEBUG FXGL.DefaultMenu     - createOptionsMenu()
20:57:26.987 [FXGL Background Thread 1 ] DEBUG FXGLAssetLoaderServi - Loading from file system: jar:file:///C:/Users/acer/.m2/repository/com/github/almasb/fxgl/17.3/fxgl-17.3.jar!/fxglassets/textures/particles/smoke.png
20:57:27.076 [FXGL Background Thread 1 ] DEBUG FXGLAssetLoaderServi - Loading from file system: jar:file:///C:/Users/acer/.m2/repository/com/github/almasb/fxgl/17.3/fxgl-17.3.jar!/fxglassets/textures/particles/trace_horizontal.png
20:57:27.097 [FXGL Background Thread 1 ] DEBUG GameApplicationServi - Application scenes initialized
20:57:27.108 [FXGL Background Thread 1 ] DEBUG SystemBundleService  - Loading FXGL system data
20:57:27.112 [FXGL Background Thread 1 ] DEBUG FileSystemAccess     - Reading from: C:\Users\acer\IdeaProjects\RZL\system\fxgl.bundle
20:57:27.121 [FXGL Background Thread 1 ] DEBUG SystemBundleService  - Bundle FXGL: {}
20:57:27.122 [FXGL Background Thread 1 ] DEBUG UpdaterService       - Checking for updates
20:57:27.124 [FXGL Background Thread 4 ] DEBUG FXGLApplication      - Loading fonts
20:57:27.124 [FXGL Background Thread 1 ] DEBUG FXGLApplication      - Loading default localization
20:57:27.124 [FXGL Background Thread 4 ] DEBUG FXGLAssetLoaderServi - Loading from file system: jar:file:///C:/Users/acer/.m2/repository/com/github/almasb/fxgl/17.3/fxgl-17.3.jar!/fxglassets/ui/fonts/VarelaRound-Regular.ttf
20:57:27.125 [FXGL Background Thread 1 ] DEBUG FXGLAssetLoaderServi - Loading from file system: jar:file:///C:/Users/acer/.m2/repository/com/github/almasb/fxgl/17.3/fxgl-17.3.jar!/fxglassets/languages/english.lang
20:57:27.148 [FXGL Background Thread 1 ] INFO  FXGLApplication      - FXGL initialization took: 0.392 sec
20:57:27.150 [JavaFX Application Thread] DEBUG FXGLAssetLoaderServi - Loading from file system: jar:file:///C:/Users/acer/.m2/repository/com/github/almasb/fxgl/17.3/fxgl-17.3.jar!/fxglassets/textures/fxgl_icon.png
20:57:27.156 [FXGL Background Thread 4 ] DEBUG FXGLAssetLoaderServi - Loading from file system: jar:file:///C:/Users/acer/.m2/repository/com/github/almasb/fxgl/17.3/fxgl-17.3.jar!/fxglassets/ui/fonts/Abel-Regular.ttf
20:57:27.159 [FXGL Background Thread 4 ] DEBUG FXGLAssetLoaderServi - Loading from file system: jar:file:///C:/Users/acer/.m2/repository/com/github/almasb/fxgl/17.3/fxgl-17.3.jar!/fxglassets/ui/fonts/TerminalLandMono-Regular.otf
20:57:27.163 [FXGL Background Thread 4 ] DEBUG FXGLAssetLoaderServi - Loading from file system: jar:file:///C:/Users/acer/.m2/repository/com/github/almasb/fxgl/17.3/fxgl-17.3.jar!/fxglassets/ui/fonts/Courier-Prime.ttf
20:57:27.168 [JavaFX Application Thread] DEBUG FXGLAssetLoaderServi - Loading from file system: jar:file:///C:/Users/acer/.m2/repository/com/github/almasb/fxgl/17.3/fxgl-17.3.jar!/fxglassets/textures/fxgl_default_cursor.png
20:57:27.181 [JavaFX Application Thread] DEBUG Input                - Registered new binding: Screenshot - CTRL+8
20:57:27.182 [JavaFX Application Thread] DEBUG Input                - Registered new binding: System info dump - CTRL+9
20:57:27.183 [JavaFX Application Thread] DEBUG Input                - Registered new binding: Restart - CTRL+R
20:57:27.184 [JavaFX Application Thread] DEBUG Input                - Registered new binding: Toggle Debug Camera - CTRL+7
20:57:27.187 [JavaFX Application Thread] DEBUG LoopRunner           - Starting loop
20:57:27.187 [JavaFX Application Thread] DEBUG LoopRunner           - Initializing JavaFX AnimationTimerLoop
20:57:27.188 [JavaFX Application Thread] DEBUG GameApplicationServi - Starting new game
20:57:27.188 [JavaFX Application Thread] DEBUG Input                - Clearing active input actions
20:57:27.203 [JavaFX Application Thread] DEBUG GameApplicationServi - Removing overlay from FXGLStartupScene and adding to FXGLLoadingScene
20:57:27.204 [JavaFX Application Thread] DEBUG PrimaryStageWindow   - FXGLStartupScene -> FXGLLoadingScene
20:57:27.204 [JavaFX Application Thread] DEBUG GameApplicationServi - Clearing previous game
20:57:27.204 [JavaFX Application Thread] DEBUG GameScene            - Clearing game scene
20:57:27.204 [JavaFX Application Thread] DEBUG GameWorld            - Clearing game world
20:57:27.204 [JavaFX Application Thread] DEBUG PhysicsWorld         - Clearing physics world
20:57:27.207 [JavaFX Application Thread] DEBUG FXGLApplication      - Registering font factories with UI factory
20:57:27.207 [FXGL Background Thread 4 ] DEBUG FXGLApplication      - Initializing game
20:57:27.278 [FXGL Background Thread 4 ] WARN  GameWorld            - Entity is already attached to world
20:57:27.280 [FXGL Background Thread 4 ] WARN  GameWorld            - Entity is already attached to world
20:57:27.288 [FXGL Background Thread 4 ] WARN  GameWorld            - Entity is already attached to world
20:57:27.289 [FXGL Background Thread 4 ] WARN  GameWorld            - Entity is already attached to world
20:57:27.301 [FXGL Background Thread 4 ] DEBUG Input                - Registered new binding: Move D - D
20:57:27.301 [FXGL Background Thread 4 ] DEBUG Input                - Registered new binding: Move A - A
20:57:27.301 [FXGL Background Thread 4 ] DEBUG Input                - Registered new binding: Move S - S
20:57:27.301 [FXGL Background Thread 4 ] DEBUG Input                - Registered new binding: Move W - W
20:57:27.314 [FXGL Background Thread 4 ] DEBUG Input                - Registered new binding: Player Attack - LMB
20:57:27.315 [FXGL Background Thread 4 ] DEBUG Input                - Registered new binding: Player Parry - RMB
20:57:27.315 [FXGL Background Thread 4 ] DEBUG Input                - Registered new binding: Sprint - Space
20:57:27.320 [FXGL Background Thread 4 ] DEBUG Input                - Registered new binding: Interact - Z
20:57:27.320 [FXGL Background Thread 4 ] INFO  FXGLApplication      - Game initialization took: 0.114 sec
20:57:27.353 [JavaFX Application Thread] DEBUG Input                - Clearing active input actions
20:57:27.360 [JavaFX Application Thread] DEBUG GameApplicationServi - Removing overlay from FXGLLoadingScene and adding to GameScene
20:57:27.360 [JavaFX Application Thread] DEBUG PrimaryStageWindow   - FXGLLoadingScene -> GameScene
20:57:27.373 [JavaFX Application Thread] DEBUG LoopRunner           - Stopping loop
20:57:27.376 [JavaFX Application Thread] FATAL FXGLApplication      - Uncaught Exception:
java.lang.IllegalArgumentException: No EntityFactory has a method annotated @Spawns(bossAttackC)
	at com.almasb.fxgl.entity@17.3/com.almasb.fxgl.entity.GameWorld.create(GameWorld.kt:413)
	at com.almasb.fxgl.entity@17.3/com.almasb.fxgl.entity.GameWorld.spawn(GameWorld.kt:396)
	at com.almasb.fxgl.entity@17.3/com.almasb.fxgl.entity.GameWorld.spawn(GameWorld.kt:384)
	at com.almasb.fxgl.entity@17.3/com.almasb.fxgl.entity.GameWorld.spawn(GameWorld.kt:359)
	at com.almasb.fxgl.all@17.3/com.almasb.fxgl.dsl.FXGL$Companion.spawn(FXGL.kt:555)
	at com.almasb.fxgl.all@17.3/com.almasb.fxgl.dsl.FXGL.spawn(FXGL.kt)
	at com.xen.rzlgame.rzl/com.xen.rzlgame.rzl.Components.BossComponent.bossAttack(BossComponent.java:31)
	at com.xen.rzlgame.rzl/com.xen.rzlgame.rzl.Components.BossComponent.onUpdate(BossComponent.java:51)
	at com.almasb.fxgl.entity@17.3/com.almasb.fxgl.entity.Entity$ComponentMap.update(Entity.java:60)
	at com.almasb.fxgl.entity@17.3/com.almasb.fxgl.entity.Entity.update(Entity.java:248)
	at com.almasb.fxgl.entity@17.3/com.almasb.fxgl.entity.GameWorld.onUpdate(GameWorld.kt:177)
	at com.almasb.fxgl.all@17.3/com.almasb.fxgl.app.scene.GameScene.step(GameScene.kt:228)
	at com.almasb.fxgl.all@17.3/com.almasb.fxgl.app.scene.GameScene.onUpdate(GameScene.kt:224)
	at com.almasb.fxgl.scene@17.3/com.almasb.fxgl.scene.Scene.update(Scene.kt:105)
	at com.almasb.fxgl.all@17.3/com.almasb.fxgl.app.MainWindow$update$1.invoke(MainWindow.kt:115)
	at com.almasb.fxgl.all@17.3/com.almasb.fxgl.app.MainWindow$update$1.invoke(MainWindow.kt:115)
	at com.almasb.fxgl.core@17.3/com.almasb.fxgl.core.fsm.StateMachine.runOnActiveStates(StateMachine.kt:69)
	at com.almasb.fxgl.all@17.3/com.almasb.fxgl.app.MainWindow.update(MainWindow.kt:115)
	at com.almasb.fxgl.all@17.3/com.almasb.fxgl.app.FXGLApplication$GameApplicationService.onUpdate(FXGLApplication.kt:426)
	at com.almasb.fxgl.all@17.3/com.almasb.fxgl.app.Engine.loop(Engine.kt:134)
	at com.almasb.fxgl.all@17.3/com.almasb.fxgl.app.Engine.access$loop(Engine.kt:24)
	at com.almasb.fxgl.all@17.3/com.almasb.fxgl.app.Engine$loop$1.invoke(Engine.kt:28)
	at com.almasb.fxgl.all@17.3/com.almasb.fxgl.app.Engine$loop$1.invoke(Engine.kt:28)
	at com.almasb.fxgl.all@17.3/com.almasb.fxgl.app.LoopRunner.frame(LoopRunner.kt:103)
	at com.almasb.fxgl.all@17.3/com.almasb.fxgl.app.LoopRunner.access$frame(LoopRunner.kt:23)
	at com.almasb.fxgl.all@17.3/com.almasb.fxgl.app.LoopRunner$impl$2$1.onTick(LoopRunner.kt:57)
	at com.almasb.fxgl.all@17.3/com.almasb.fxgl.app.AnimationTimerLoop$timer$1.handle(LoopRunner.kt:137)
	at javafx.graphics@21/javafx.animation.AnimationTimer$AnimationTimerReceiver.lambda$handle$0(AnimationTimer.java:58)
	at java.base/java.security.AccessController.doPrivileged(AccessController.java:400)
	at javafx.graphics@21/javafx.animation.AnimationTimer$AnimationTimerReceiver.handle(AnimationTimer.java:57)
	at javafx.graphics@21/com.sun.scenario.animation.AbstractPrimaryTimer.timePulseImpl(AbstractPrimaryTimer.java:356)
	at javafx.graphics@21/com.sun.scenario.animation.AbstractPrimaryTimer$MainLoop.run(AbstractPrimaryTimer.java:266)
	at javafx.graphics@21/com.sun.javafx.tk.quantum.QuantumToolkit.pulse(QuantumToolkit.java:588)
	at javafx.graphics@21/com.sun.javafx.tk.quantum.QuantumToolkit.pulse(QuantumToolkit.java:572)
	at javafx.graphics@21/com.sun.javafx.tk.quantum.QuantumToolkit.pulseFromQueue(QuantumToolkit.java:565)
	at javafx.graphics@21/com.sun.javafx.tk.quantum.QuantumToolkit.lambda$runToolkit$11(QuantumToolkit.java:352)
	at javafx.graphics@21/com.sun.glass.ui.InvokeLaterDispatcher$Future.run(InvokeLaterDispatcher.java:95)
	at javafx.graphics@21/com.sun.glass.ui.win.WinApplication._runLoop(Native Method)
	at javafx.graphics@21/com.sun.glass.ui.win.WinApplication.lambda$runLoop$3(WinApplication.java:185)
	at java.base/java.lang.Thread.run(Thread.java:1583)

20:57:27.377 [JavaFX Application Thread] FATAL FXGLApplication      - Application will now exit
20:57:27.401 [JavaFX Application Thread] DEBUG PrimaryStageWindow   - Push state: ErrorSubScene
20:57:27.401 [JavaFX Application Thread] DEBUG Input                - Clearing active input actions
20:57:27.411 [JavaFX Application Thread] DEBUG GameApplicationServi - Removing overlay from GameScene and adding to ErrorSubScene
20:57:27.411 [JavaFX Application Thread] DEBUG PrimaryStageWindow   - GameScene -> ErrorSubScene
20:57:28.153 [FXGL Background Thread 2 ] INFO  UpdaterService       - Your current version:  17.3
20:57:28.153 [FXGL Background Thread 2 ] INFO  UpdaterService       - Latest stable version: 21.1
20:57:30.124 [FXGL Background Thread 3 ] DEBUG Engine               - Logging environment variables
20:57:30.124 [FXGL Background Thread 3 ] DEBUG Engine               - achievements: []
20:57:30.125 [FXGL Background Thread 3 ] DEBUG Engine               - actualHeight: 600.0
20:57:30.125 [FXGL Background Thread 3 ] DEBUG Engine               - actualHeightProperty: ReadOnlyDoubleProperty [value: 600.0]
20:57:30.125 [FXGL Background Thread 3 ] DEBUG Engine               - actualWidth: 800.0
20:57:30.125 [FXGL Background Thread 3 ] DEBUG Engine               - actualWidthProperty: ReadOnlyDoubleProperty [value: 800.0]
20:57:30.125 [FXGL Background Thread 3 ] DEBUG Engine               - appIcon: fxgl_icon.png
20:57:30.125 [FXGL Background Thread 3 ] DEBUG Engine               - applicationMode: DEVELOPER
20:57:30.125 [FXGL Background Thread 3 ] DEBUG Engine               - cSSList: [fxgl_dark.css]
20:57:30.125 [FXGL Background Thread 3 ] DEBUG Engine               - collisionDetectionStrategy: BRUTE_FORCE
20:57:30.125 [FXGL Background Thread 3 ] DEBUG Engine               - configClass: Optional.empty
20:57:30.125 [FXGL Background Thread 3 ] DEBUG Engine               - credits: []
20:57:30.125 [FXGL Background Thread 3 ] DEBUG Engine               - defaultCursor: CursorInfo(imageName=fxgl_default_cursor.png, hotspotX=7.0, hotspotY=6.0)
20:57:30.127 [FXGL Background Thread 3 ] DEBUG Engine               - devBBoxColorProperty: ObjectProperty [value: 0xff0000ff]
20:57:30.127 [FXGL Background Thread 3 ] DEBUG Engine               - devEnableDebugCameraProperty: BooleanProperty [value: false]
20:57:30.127 [FXGL Background Thread 3 ] DEBUG Engine               - devSensorColorProperty: ObjectProperty [value: 0xffff00ff]
20:57:30.127 [FXGL Background Thread 3 ] DEBUG Engine               - devShowBBoxProperty: BooleanProperty [value: false]
20:57:30.127 [FXGL Background Thread 3 ] DEBUG Engine               - devShowPositionProperty: BooleanProperty [value: false]
20:57:30.127 [FXGL Background Thread 3 ] DEBUG Engine               - enabledMenuItems: []
20:57:30.127 [FXGL Background Thread 3 ] DEBUG Engine               - engineServices: [class com.almasb.fxgl.app.services.FXGLAssetLoaderService, class com.almasb.fxgl.app.FXGLApplication$GameApplicationService, class com.almasb.fxgl.app.services.FXGLDialogService, class com.almasb.fxgl.app.services.IOTaskExecutorService, class com.almasb.fxgl.io.FileSystemService, class com.almasb.fxgl.localization.LocalizationService, class com.almasb.fxgl.app.services.SystemBundleService, class com.almasb.fxgl.profile.SaveLoadService, class com.almasb.fxgl.ui.FXGLUIFactoryServiceProvider, class com.almasb.fxgl.ui.FXGLDialogFactoryServiceProvider, class com.almasb.fxgl.audio.AudioPlayer, class com.almasb.fxgl.notification.impl.NotificationServiceProvider, class com.almasb.fxgl.achievement.AchievementService, class com.almasb.fxgl.cutscene.CutsceneService, class com.almasb.fxgl.minigames.MiniGameService, class com.almasb.fxgl.net.NetService, class com.almasb.fxgl.app.services.UpdaterService, class com.almasb.fxgl.dev.DevService]
20:57:30.127 [FXGL Background Thread 3 ] DEBUG Engine               - fontGame: Abel-Regular.ttf
20:57:30.128 [FXGL Background Thread 3 ] DEBUG Engine               - fontMono: TerminalLandMono-Regular.otf
20:57:30.128 [FXGL Background Thread 3 ] DEBUG Engine               - fontSizeScaleUI: 1.0
20:57:30.128 [FXGL Background Thread 3 ] DEBUG Engine               - fontText: Courier-Prime.ttf
20:57:30.128 [FXGL Background Thread 3 ] DEBUG Engine               - fontUI: VarelaRound-Regular.ttf
20:57:30.128 [FXGL Background Thread 3 ] DEBUG Engine               - fullScreen: BooleanProperty [value: false]
20:57:30.128 [FXGL Background Thread 3 ] DEBUG Engine               - gameDifficulty: MEDIUM
20:57:30.128 [FXGL Background Thread 3 ] DEBUG Engine               - gameDifficultyProperty: ObjectProperty [value: MEDIUM]
20:57:30.128 [FXGL Background Thread 3 ] DEBUG Engine               - globalMusicVolume: 0.5
20:57:30.128 [FXGL Background Thread 3 ] DEBUG Engine               - globalMusicVolumeProperty: DoubleProperty [value: 0.5]
20:57:30.128 [FXGL Background Thread 3 ] DEBUG Engine               - globalSoundVolume: 0.5
20:57:30.128 [FXGL Background Thread 3 ] DEBUG Engine               - globalSoundVolumeProperty: DoubleProperty [value: 0.5]
20:57:30.128 [FXGL Background Thread 3 ] DEBUG Engine               - height: 600
20:57:30.128 [FXGL Background Thread 3 ] DEBUG Engine               - is3D: false
20:57:30.128 [FXGL Background Thread 3 ] DEBUG Engine               - isAndroid: false
20:57:30.128 [FXGL Background Thread 3 ] DEBUG Engine               - isBrowser: false
20:57:30.129 [FXGL Background Thread 3 ] DEBUG Engine               - isClickFeedbackEnabled: false
20:57:30.129 [FXGL Background Thread 3 ] DEBUG Engine               - isCloseConfirmation: false
20:57:30.129 [FXGL Background Thread 3 ] DEBUG Engine               - isDesktop: true
20:57:30.129 [FXGL Background Thread 3 ] DEBUG Engine               - isDeveloperMenuEnabled: false
20:57:30.129 [FXGL Background Thread 3 ] DEBUG Engine               - isEmbedded: false
20:57:30.129 [FXGL Background Thread 3 ] DEBUG Engine               - isEntityPreloadEnabled: true
20:57:30.129 [FXGL Background Thread 3 ] DEBUG Engine               - isExperimentalTiledLargeMap: false
20:57:30.129 [FXGL Background Thread 3 ] DEBUG Engine               - isFileSystemWriteAllowed: true
20:57:30.129 [FXGL Background Thread 3 ] DEBUG Engine               - isFullScreenAllowed: false
20:57:30.130 [FXGL Background Thread 3 ] DEBUG Engine               - isFullScreenFromStart: false
20:57:30.130 [FXGL Background Thread 3 ] DEBUG Engine               - isGameMenuEnabled: true
20:57:30.130 [FXGL Background Thread 3 ] DEBUG Engine               - isIOS: false
20:57:30.130 [FXGL Background Thread 3 ] DEBUG Engine               - isIntroEnabled: false
20:57:30.130 [FXGL Background Thread 3 ] DEBUG Engine               - isLinux: false
20:57:30.130 [FXGL Background Thread 3 ] DEBUG Engine               - isMac: false
20:57:30.130 [FXGL Background Thread 3 ] DEBUG Engine               - isMainMenuEnabled: false
20:57:30.130 [FXGL Background Thread 3 ] DEBUG Engine               - isManualResizeEnabled: false
20:57:30.130 [FXGL Background Thread 3 ] DEBUG Engine               - isMobile: false
20:57:30.130 [FXGL Background Thread 3 ] DEBUG Engine               - isNative: false
20:57:30.130 [FXGL Background Thread 3 ] DEBUG Engine               - isPauseMusicWhenMinimized: true
20:57:30.130 [FXGL Background Thread 3 ] DEBUG Engine               - isPreserveResizeRatio: false
20:57:30.130 [FXGL Background Thread 3 ] DEBUG Engine               - isProfilingEnabled: false
20:57:30.130 [FXGL Background Thread 3 ] DEBUG Engine               - isScaleAffectedOnResize: true
20:57:30.130 [FXGL Background Thread 3 ] DEBUG Engine               - isSingleStep: false
20:57:30.130 [FXGL Background Thread 3 ] DEBUG Engine               - isUserProfileEnabled: false
20:57:30.130 [FXGL Background Thread 3 ] DEBUG Engine               - isWindows: true
20:57:30.130 [FXGL Background Thread 3 ] DEBUG Engine               - language: ObjectProperty [value: ENGLISH]
20:57:30.130 [FXGL Background Thread 3 ] DEBUG Engine               - menuKey: ESCAPE
20:57:30.130 [FXGL Background Thread 3 ] DEBUG Engine               - mouseSensitivity: 0.2
20:57:30.130 [FXGL Background Thread 3 ] DEBUG Engine               - notificationViewClass: class com.almasb.fxgl.notification.view.XboxNotificationView
20:57:30.130 [FXGL Background Thread 3 ] DEBUG Engine               - pixelsPerMeter: 50.0
20:57:30.130 [FXGL Background Thread 3 ] DEBUG Engine               - platform: WINDOWS
20:57:30.131 [FXGL Background Thread 3 ] DEBUG Engine               - prefHeightProperty: ReadOnlyDoubleProperty [value: 600.0]
20:57:30.131 [FXGL Background Thread 3 ] DEBUG Engine               - prefWidthProperty: ReadOnlyDoubleProperty [value: 800.0]
20:57:30.131 [FXGL Background Thread 3 ] DEBUG Engine               - profileDir: profiles/
20:57:30.131 [FXGL Background Thread 3 ] DEBUG Engine               - profileName: StringProperty [value: DEFAULT]
20:57:30.131 [FXGL Background Thread 3 ] DEBUG Engine               - randomSeed: -1
20:57:30.131 [FXGL Background Thread 3 ] DEBUG Engine               - runtimeInfo: RuntimeInfo(platform=WINDOWS, version=17.3, build=30.03.2023 11.49)
20:57:30.131 [FXGL Background Thread 3 ] DEBUG Engine               - saveFileExt: sav
20:57:30.131 [FXGL Background Thread 3 ] DEBUG Engine               - scaledHeightProp$fxgl: DoubleProperty [bound, value: 600.0]
20:57:30.131 [FXGL Background Thread 3 ] DEBUG Engine               - scaledWidthProp$fxgl: DoubleProperty [bound, value: 800.0]
20:57:30.131 [FXGL Background Thread 3 ] DEBUG Engine               - sceneFactory: com.almasb.fxgl.app.scene.SceneFactory@57268bdb
20:57:30.131 [FXGL Background Thread 3 ] DEBUG Engine               - secondsIn24h: 60
20:57:30.131 [FXGL Background Thread 3 ] DEBUG Engine               - soundMenuBack: menu/back.wav
20:57:30.131 [FXGL Background Thread 3 ] DEBUG Engine               - soundMenuPress: menu/press.wav
20:57:30.131 [FXGL Background Thread 3 ] DEBUG Engine               - soundMenuSelect: menu/select.wav
20:57:30.131 [FXGL Background Thread 3 ] DEBUG Engine               - soundNotification: core/notification.wav
20:57:30.131 [FXGL Background Thread 3 ] DEBUG Engine               - stageStyle: DECORATED
20:57:30.131 [FXGL Background Thread 3 ] DEBUG Engine               - supportedLanguages: [ENGLISH, FRENCH, GERMAN, HUNGARIAN, RUSSIAN]
20:57:30.131 [FXGL Background Thread 3 ] DEBUG Engine               - ticksPerSecond: -1
20:57:30.131 [FXGL Background Thread 3 ] DEBUG Engine               - title: Untitled
20:57:30.131 [FXGL Background Thread 3 ] DEBUG Engine               - urlGithub: https://github.com/AlmasB/FXGL
20:57:30.131 [FXGL Background Thread 3 ] DEBUG Engine               - urlLeaderboard: http://fxgl-top.herokuapp.com/
20:57:30.131 [FXGL Background Thread 3 ] DEBUG Engine               - urlPOM: https://raw.githubusercontent.com/AlmasB/FXGL/release/README.md
20:57:30.131 [FXGL Background Thread 3 ] DEBUG Engine               - userAppClass: class com.xen.rzlgame.rzl.HelloApplication
20:57:30.131 [FXGL Background Thread 3 ] DEBUG Engine               - version: 0.0
20:57:30.131 [FXGL Background Thread 3 ] DEBUG Engine               - versionCheckDays: 7
20:57:30.131 [FXGL Background Thread 3 ] DEBUG Engine               - width: 800
20:57:30.131 [FXGL Background Thread 3 ] DEBUG Engine               - Logging services
20:57:30.131 [FXGL Background Thread 3 ] DEBUG Engine               - class com.almasb.fxgl.app.services.FXGLAssetLoaderService
20:57:30.132 [FXGL Background Thread 3 ] DEBUG Engine               - class com.almasb.fxgl.app.FXGLApplication$GameApplicationService
20:57:30.132 [FXGL Background Thread 3 ] DEBUG Engine               - class com.almasb.fxgl.app.services.FXGLDialogService
20:57:30.132 [FXGL Background Thread 3 ] DEBUG Engine               - class com.almasb.fxgl.app.services.IOTaskExecutorService
20:57:30.132 [FXGL Background Thread 3 ] DEBUG Engine               - class com.almasb.fxgl.io.FileSystemService
20:57:30.132 [FXGL Background Thread 3 ] DEBUG Engine               - class com.almasb.fxgl.localization.LocalizationService
20:57:30.132 [FXGL Background Thread 3 ] DEBUG Engine               - class com.almasb.fxgl.app.services.SystemBundleService
20:57:30.132 [FXGL Background Thread 3 ] DEBUG Engine               - class com.almasb.fxgl.profile.SaveLoadService
20:57:30.132 [FXGL Background Thread 3 ] DEBUG Engine               - class com.almasb.fxgl.ui.FXGLUIFactoryServiceProvider
20:57:30.132 [FXGL Background Thread 3 ] DEBUG Engine               - class com.almasb.fxgl.ui.FXGLDialogFactoryServiceProvider
20:57:30.132 [FXGL Background Thread 3 ] DEBUG Engine               - class com.almasb.fxgl.audio.AudioPlayer
20:57:30.132 [FXGL Background Thread 3 ] DEBUG Engine               - class com.almasb.fxgl.notification.impl.NotificationServiceProvider
20:57:30.132 [FXGL Background Thread 3 ] DEBUG Engine               - class com.almasb.fxgl.achievement.AchievementService
20:57:30.132 [FXGL Background Thread 3 ] DEBUG Engine               - class com.almasb.fxgl.cutscene.CutsceneService
20:57:30.132 [FXGL Background Thread 3 ] DEBUG Engine               - class com.almasb.fxgl.minigames.MiniGameService
20:57:30.132 [FXGL Background Thread 3 ] DEBUG Engine               - class com.almasb.fxgl.net.NetService
20:57:30.132 [FXGL Background Thread 3 ] DEBUG Engine               - class com.almasb.fxgl.app.services.UpdaterService
20:57:30.132 [FXGL Background Thread 3 ] DEBUG Engine               - class com.almasb.fxgl.dev.DevService
20:57:35.187 [JavaFX Application Thread] DEBUG FXGLApplication      - Exiting FXGL
20:57:35.187 [JavaFX Application Thread] DEBUG Async                - Shutting down background threads
20:57:35.189 [JavaFX Application Thread] DEBUG PrimaryStageWindow   - Closing main window
20:57:35.203 [JavaFX Application Thread] DEBUG Logger               - Closing Logger
