22:49:14.195 [main                     ] DEBUG Logger               - Configured Logger
22:49:14.224 [main                     ] DEBUG GameApplication      - Logging settings
Title: Untitled
Version: 0.0
Width: 800
Height: 600
Fullscreen: false
Intro: false
Profiling: false
Single step:false
App Mode: DEVELOPER
Menu Key: ESCAPE
Stage Style: DECORATED
Scene Factory: class com.almasb.fxgl.app.scene.SceneFactory

22:49:14.538 [JavaFX Application Thread] DEBUG FXGLApplication      - Initializing FXGL
22:49:14.541 [JavaFX Application Thread] INFO  Engine               - FXGL-17.3 (30.03.2023 11.49) on WINDOWS (J:21.0.3 FX:21)
22:49:14.541 [JavaFX Application Thread] DEBUG Engine               - JRE Vendor Name: Oracle Corporation
22:49:14.541 [JavaFX Application Thread] DEBUG Engine               - Running on OS: Windows 11 version 10.0
22:49:14.542 [JavaFX Application Thread] DEBUG Engine               - Architecture: amd64
22:49:14.542 [JavaFX Application Thread] INFO  Engine               - Source code and latest versions at: https://github.com/AlmasB/FXGL
22:49:14.542 [JavaFX Application Thread] INFO  Engine               -       Ask questions and discuss at: https://github.com/AlmasB/FXGL/discussions
22:49:14.542 [JavaFX Application Thread] INFO  Engine               -              Join the FXGL chat at: https://gitter.im/AlmasB/FXGL
22:49:14.601 [JavaFX Application Thread] DEBUG PrimaryStageWindow   - Creating a JavaFX scene
22:49:14.635 [JavaFX Application Thread] DEBUG PrimaryStageWindow   - Target settings size: 800.0 x 600.0
22:49:14.635 [JavaFX Application Thread] DEBUG PrimaryStageWindow   - Scaled scene size:    800.0 x 600.0
22:49:14.635 [JavaFX Application Thread] DEBUG PrimaryStageWindow   - Scaled ratio: (1.0, 1.0)
22:49:14.637 [JavaFX Application Thread] DEBUG PrimaryStageWindow   - Set initial scene to FXGLStartupScene
22:49:14.640 [JavaFX Application Thread] DEBUG PrimaryStageWindow   - Opening main window
22:49:14.706 [JavaFX Application Thread] DEBUG PrimaryStageWindow   - Window border size: (14.4000244140625, 37.5999755859375)
22:49:14.706 [JavaFX Application Thread] DEBUG PrimaryStageWindow   - Scaled size: 800.0 x 600.0
22:49:14.707 [JavaFX Application Thread] DEBUG PrimaryStageWindow   - Scaled ratio: (1.0, 1.0)
22:49:14.707 [JavaFX Application Thread] DEBUG PrimaryStageWindow   - Scene size: 800.0 x 600.0
22:49:14.707 [JavaFX Application Thread] DEBUG PrimaryStageWindow   - Stage size: 814.4000244140625 x 637.5999755859375
22:49:14.713 [FXGL Background Thread 1 ] DEBUG Engine               - Initializing environment variables
22:49:14.761 [FXGL Background Thread 1 ] DEBUG FXGLAssetLoaderServi - User app class for loading assets: class com.xen.rzlgame.rzl.HelloApplication
22:49:14.761 [FXGL Background Thread 1 ] DEBUG GameApplicationServi - Applying CSS: fxgl_dark.css
22:49:14.762 [FXGL Background Thread 1 ] DEBUG FXGLAssetLoaderServi - Loading from file system: jar:file:///C:/Users/acer/.m2/repository/com/github/almasb/fxgl/17.3/fxgl-17.3.jar!/fxglassets/ui/css/fxgl_dark.css
22:49:14.804 [FXGL Background Thread 1 ] DEBUG GameApplicationServi - Initializing application scenes
22:49:14.859 [FXGL Background Thread 1 ] DEBUG GameWorld            - Game world initialized
22:49:14.918 [FXGL Background Thread 1 ] DEBUG PhysicsWorld         - Physics world initialized: appHeight=600, physics.ppm=50.0
22:49:14.918 [FXGL Background Thread 1 ] DEBUG PhysicsWorld         - Using strategy: BRUTE_FORCE
22:49:14.923 [FXGL Background Thread 1 ] DEBUG GameScene            - Game scene initialized: 800x600
22:49:14.930 [FXGL Background Thread 1 ] DEBUG FXGL.DefaultMenu     - createMenuBodyGameMenu()
22:49:14.939 [FXGL Background Thread 1 ] DEBUG FXGL.DefaultMenu     - createOptionsMenu()
22:49:14.947 [FXGL Background Thread 1 ] DEBUG FXGLAssetLoaderServi - Loading from file system: jar:file:///C:/Users/acer/.m2/repository/com/github/almasb/fxgl/17.3/fxgl-17.3.jar!/fxglassets/textures/particles/smoke.png
22:49:15.037 [FXGL Background Thread 1 ] DEBUG FXGLAssetLoaderServi - Loading from file system: jar:file:///C:/Users/acer/.m2/repository/com/github/almasb/fxgl/17.3/fxgl-17.3.jar!/fxglassets/textures/particles/trace_horizontal.png
22:49:15.057 [FXGL Background Thread 1 ] DEBUG GameApplicationServi - Application scenes initialized
22:49:15.067 [FXGL Background Thread 1 ] DEBUG SystemBundleService  - Loading FXGL system data
22:49:15.071 [FXGL Background Thread 1 ] DEBUG FileSystemAccess     - Reading from: C:\Users\acer\IdeaProjects\RZL\system\fxgl.bundle
22:49:15.078 [FXGL Background Thread 1 ] DEBUG SystemBundleService  - Bundle FXGL: {}
22:49:15.078 [FXGL Background Thread 1 ] DEBUG UpdaterService       - Checking for updates
22:49:15.081 [FXGL Background Thread 4 ] DEBUG FXGLApplication      - Loading fonts
22:49:15.081 [FXGL Background Thread 4 ] DEBUG FXGLAssetLoaderServi - Loading from file system: jar:file:///C:/Users/acer/.m2/repository/com/github/almasb/fxgl/17.3/fxgl-17.3.jar!/fxglassets/ui/fonts/VarelaRound-Regular.ttf
22:49:15.081 [FXGL Background Thread 1 ] DEBUG FXGLApplication      - Loading default localization
22:49:15.082 [FXGL Background Thread 1 ] DEBUG FXGLAssetLoaderServi - Loading from file system: jar:file:///C:/Users/acer/.m2/repository/com/github/almasb/fxgl/17.3/fxgl-17.3.jar!/fxglassets/languages/english.lang
22:49:15.117 [FXGL Background Thread 4 ] DEBUG FXGLAssetLoaderServi - Loading from file system: jar:file:///C:/Users/acer/.m2/repository/com/github/almasb/fxgl/17.3/fxgl-17.3.jar!/fxglassets/ui/fonts/Abel-Regular.ttf
22:49:15.120 [FXGL Background Thread 4 ] DEBUG FXGLAssetLoaderServi - Loading from file system: jar:file:///C:/Users/acer/.m2/repository/com/github/almasb/fxgl/17.3/fxgl-17.3.jar!/fxglassets/ui/fonts/TerminalLandMono-Regular.otf
22:49:15.123 [FXGL Background Thread 1 ] INFO  FXGLApplication      - FXGL initialization took: 0.410 sec
22:49:15.123 [FXGL Background Thread 4 ] DEBUG FXGLAssetLoaderServi - Loading from file system: jar:file:///C:/Users/acer/.m2/repository/com/github/almasb/fxgl/17.3/fxgl-17.3.jar!/fxglassets/ui/fonts/Courier-Prime.ttf
22:49:15.126 [JavaFX Application Thread] DEBUG FXGLAssetLoaderServi - Loading from file system: jar:file:///C:/Users/acer/.m2/repository/com/github/almasb/fxgl/17.3/fxgl-17.3.jar!/fxglassets/textures/fxgl_icon.png
22:49:15.141 [JavaFX Application Thread] DEBUG FXGLAssetLoaderServi - Loading from file system: jar:file:///C:/Users/acer/.m2/repository/com/github/almasb/fxgl/17.3/fxgl-17.3.jar!/fxglassets/textures/fxgl_default_cursor.png
22:49:15.152 [JavaFX Application Thread] DEBUG Input                - Registered new binding: Screenshot - CTRL+8
22:49:15.152 [JavaFX Application Thread] DEBUG Input                - Registered new binding: System info dump - CTRL+9
22:49:15.153 [JavaFX Application Thread] DEBUG Input                - Registered new binding: Restart - CTRL+R
22:49:15.155 [JavaFX Application Thread] DEBUG Input                - Registered new binding: Toggle Debug Camera - CTRL+7
22:49:15.156 [JavaFX Application Thread] DEBUG LoopRunner           - Starting loop
22:49:15.156 [JavaFX Application Thread] DEBUG LoopRunner           - Initializing JavaFX AnimationTimerLoop
22:49:15.157 [JavaFX Application Thread] DEBUG GameApplicationServi - Starting new game
22:49:15.157 [JavaFX Application Thread] DEBUG Input                - Clearing active input actions
22:49:15.170 [JavaFX Application Thread] DEBUG GameApplicationServi - Removing overlay from FXGLStartupScene and adding to FXGLLoadingScene
22:49:15.170 [JavaFX Application Thread] DEBUG PrimaryStageWindow   - FXGLStartupScene -> FXGLLoadingScene
22:49:15.171 [JavaFX Application Thread] DEBUG GameApplicationServi - Clearing previous game
22:49:15.171 [JavaFX Application Thread] DEBUG GameScene            - Clearing game scene
22:49:15.171 [JavaFX Application Thread] DEBUG GameWorld            - Clearing game world
22:49:15.171 [JavaFX Application Thread] DEBUG PhysicsWorld         - Clearing physics world
22:49:15.173 [JavaFX Application Thread] DEBUG FXGLApplication      - Registering font factories with UI factory
22:49:15.173 [FXGL Background Thread 4 ] DEBUG FXGLApplication      - Initializing game
22:49:15.256 [FXGL Background Thread 4 ] WARN  GameWorld            - Entity is already attached to world
22:49:15.260 [FXGL Background Thread 4 ] WARN  GameWorld            - Entity is already attached to world
22:49:15.261 [FXGL Background Thread 4 ] WARN  GameWorld            - Entity is already attached to world
22:49:15.262 [FXGL Background Thread 4 ] WARN  GameWorld            - Entity is already attached to world
22:49:15.310 [JavaFX Application Thread] DEBUG LoopRunner           - Stopping loop
22:49:15.314 [JavaFX Application Thread] FATAL FXGLApplication      - Uncaught Exception:
java.lang.RuntimeException: Initialization failed
	at com.almasb.fxgl.all@17.3/com.almasb.fxgl.app.FXGLApplication$InitAppTask.failed(FXGLApplication.kt:343)
	at javafx.graphics@21/javafx.concurrent.Task.setState(Task.java:710)
	at javafx.graphics@21/javafx.concurrent.Task$TaskCallable.lambda$call$2(Task.java:1429)
	at javafx.graphics@21/com.sun.javafx.application.PlatformImpl.lambda$runLater$10(PlatformImpl.java:456)
	at java.base/java.security.AccessController.doPrivileged(AccessController.java:400)
	at javafx.graphics@21/com.sun.javafx.application.PlatformImpl.lambda$runLater$11(PlatformImpl.java:455)
	at javafx.graphics@21/com.sun.glass.ui.InvokeLaterDispatcher$Future.run(InvokeLaterDispatcher.java:95)
	at javafx.graphics@21/com.sun.glass.ui.win.WinApplication._runLoop(Native Method)
	at javafx.graphics@21/com.sun.glass.ui.win.WinApplication.lambda$runLoop$3(WinApplication.java:185)
	at java.base/java.lang.Thread.run(Thread.java:1583)
Caused by: java.lang.NullPointerException: Cannot invoke "com.almasb.fxgl.entity.Entity.getType()" because "this.player" is null
	at com.xen.rzlgame.rzl/com.xen.rzlgame.rzl.Handlers.Collisions.PlayerNPCCollisionHandler.initPhysics(PlayerNPCCollisionHandler.java:16)
	at com.xen.rzlgame.rzl/com.xen.rzlgame.rzl.HelloApplication.initGame(HelloApplication.java:45)
	at com.almasb.fxgl.all@17.3/com.almasb.fxgl.app.FXGLApplication$InitAppTask.initGame(FXGLApplication.kt:339)
	at com.almasb.fxgl.all@17.3/com.almasb.fxgl.app.FXGLApplication$InitAppTask.call(FXGLApplication.kt:319)
	at com.almasb.fxgl.all@17.3/com.almasb.fxgl.app.FXGLApplication$InitAppTask.call(FXGLApplication.kt:311)
	at javafx.graphics@21/javafx.concurrent.Task$TaskCallable.call(Task.java:1399)
	at java.base/java.util.concurrent.FutureTask.run(FutureTask.java:317)
	at java.base/java.util.concurrent.Executors$RunnableAdapter.call(Executors.java:572)
	at java.base/java.util.concurrent.FutureTask.run(FutureTask.java:317)
	at java.base/java.util.concurrent.ThreadPoolExecutor.runWorker(ThreadPoolExecutor.java:1144)
	at java.base/java.util.concurrent.ThreadPoolExecutor$Worker.run(ThreadPoolExecutor.java:642)
	... 1 more

22:49:15.314 [JavaFX Application Thread] FATAL FXGLApplication      - Application will now exit
22:49:15.348 [JavaFX Application Thread] DEBUG PrimaryStageWindow   - Push state: ErrorSubScene
22:49:15.349 [JavaFX Application Thread] DEBUG Input                - Clearing active input actions
22:49:15.358 [JavaFX Application Thread] DEBUG GameApplicationServi - Removing overlay from FXGLLoadingScene and adding to ErrorSubScene
22:49:15.358 [JavaFX Application Thread] DEBUG PrimaryStageWindow   - FXGLLoadingScene -> ErrorSubScene
22:49:16.057 [FXGL Background Thread 2 ] INFO  UpdaterService       - Your current version:  17.3
22:49:16.058 [FXGL Background Thread 2 ] INFO  UpdaterService       - Latest stable version: 21.1
22:49:17.382 [JavaFX Application Thread] DEBUG FXGLApplication      - Exiting FXGL
22:49:17.382 [JavaFX Application Thread] DEBUG Async                - Shutting down background threads
22:49:17.382 [JavaFX Application Thread] DEBUG PrimaryStageWindow   - Closing main window
22:49:17.395 [JavaFX Application Thread] DEBUG Logger               - Closing Logger
