17:21:47.497 [main                     ] DEBUG Logger               - Configured Logger
17:21:47.525 [main                     ] DEBUG GameApplication      - Logging settings
Title: Untitled
Version: 0.0
Width: 800
Height: 600
Fullscreen: false
Intro: false
Profiling: false
Single step:false
App Mode: DEVELOPER
Menu Key: ESCAPE
Stage Style: DECORATED
Scene Factory: class com.almasb.fxgl.app.scene.SceneFactory

17:21:47.797 [JavaFX Application Thread] DEBUG FXGLApplication      - Initializing FXGL
17:21:47.801 [JavaFX Application Thread] INFO  Engine               - FXGL-21.1 (27.03.2024 07.52) on WINDOWS (J:21.0.3 FX:21)
17:21:47.801 [JavaFX Application Thread] DEBUG Engine               - JRE Vendor Name: Oracle Corporation
17:21:47.801 [JavaFX Application Thread] DEBUG Engine               - Running on OS: Windows 11 version 10.0
17:21:47.801 [JavaFX Application Thread] DEBUG Engine               - Architecture: amd64
17:21:47.801 [JavaFX Application Thread] INFO  Engine               - Source code and latest versions at: https://github.com/AlmasB/FXGL
17:21:47.801 [JavaFX Application Thread] INFO  Engine               -       Ask questions and discuss at: https://github.com/AlmasB/FXGL/discussions
17:21:47.801 [JavaFX Application Thread] INFO  Engine               -              Join the FXGL chat at: https://gitter.im/AlmasB/FXGL
17:21:47.859 [JavaFX Application Thread] DEBUG PrimaryStageWindow   - Creating a JavaFX scene
17:21:47.890 [JavaFX Application Thread] DEBUG PrimaryStageWindow   - Target settings size: 800.0 x 600.0
17:21:47.891 [JavaFX Application Thread] DEBUG PrimaryStageWindow   - Scaled scene size:    800.0 x 600.0
17:21:47.891 [JavaFX Application Thread] DEBUG PrimaryStageWindow   - Scaled ratio: (1.0, 1.0)
17:21:47.891 [JavaFX Application Thread] DEBUG PrimaryStageWindow   - Set initial scene to FXGLStartupScene
17:21:47.894 [JavaFX Application Thread] DEBUG PrimaryStageWindow   - Opening main window
17:21:47.957 [JavaFX Application Thread] DEBUG PrimaryStageWindow   - Window border size: (14.4000244140625, 37.5999755859375)
17:21:47.957 [JavaFX Application Thread] DEBUG PrimaryStageWindow   - Scaled size: 800.0 x 600.0
17:21:47.957 [JavaFX Application Thread] DEBUG PrimaryStageWindow   - Scaled ratio: (1.0, 1.0)
17:21:47.957 [JavaFX Application Thread] DEBUG PrimaryStageWindow   - Scene size: 800.0 x 600.0
17:21:47.958 [JavaFX Application Thread] DEBUG PrimaryStageWindow   - Stage size: 814.4000244140625 x 637.5999755859375
17:21:47.963 [FXGL Background Thread 1 ] DEBUG Engine               - Initializing environment variables
17:21:48.011 [FXGL Background Thread 1 ] DEBUG FXGLAssetLoaderServi - User app class for loading assets: class com.xen.rzlgame.rzl.HelloApplication
17:21:48.011 [FXGL Background Thread 1 ] DEBUG GameApplicationServi - Applying CSS: fxgl_dark.css
17:21:48.012 [FXGL Background Thread 1 ] DEBUG FXGLAssetLoaderServi - Loading from file system: jar:file:///C:/Users/acer/.m2/repository/com/github/almasb/fxgl/21.1/fxgl-21.1.jar!/fxglassets/ui/css/fxgl_dark.css
17:21:48.055 [FXGL Background Thread 1 ] DEBUG GameApplicationServi - Initializing application scenes
17:21:48.109 [FXGL Background Thread 1 ] DEBUG GameWorld            - Game world initialized
17:21:48.161 [FXGL Background Thread 1 ] DEBUG PhysicsWorld         - Physics world initialized: appHeight=600, physics.ppm=50.0
17:21:48.161 [FXGL Background Thread 1 ] DEBUG PhysicsWorld         - Using strategy: BRUTE_FORCE
17:21:48.166 [FXGL Background Thread 1 ] DEBUG GameScene            - Game scene initialized: 800x600
17:21:48.174 [FXGL Background Thread 1 ] DEBUG FXGL.DefaultMenu     - createMenuBodyGameMenu()
17:21:48.182 [FXGL Background Thread 1 ] DEBUG FXGL.DefaultMenu     - createOptionsMenu()
17:21:48.189 [FXGL Background Thread 1 ] DEBUG FXGLAssetLoaderServi - Loading from file system: jar:file:///C:/Users/acer/.m2/repository/com/github/almasb/fxgl/21.1/fxgl-21.1.jar!/fxglassets/textures/particles/smoke.png
17:21:48.277 [FXGL Background Thread 1 ] DEBUG FXGLAssetLoaderServi - Loading from file system: jar:file:///C:/Users/acer/.m2/repository/com/github/almasb/fxgl/21.1/fxgl-21.1.jar!/fxglassets/textures/particles/trace_horizontal.png
17:21:48.297 [FXGL Background Thread 1 ] DEBUG GameApplicationServi - Application scenes initialized
17:21:48.310 [FXGL Background Thread 1 ] DEBUG SystemBundleService  - Loading FXGL system data
17:21:48.314 [FXGL Background Thread 1 ] DEBUG FileSystemAccess     - Reading from: C:\Users\acer\IdeaProjects\RZL\system\fxgl.bundle
17:21:48.321 [FXGL Background Thread 1 ] DEBUG SystemBundleService  - Bundle FXGL: {}
17:21:48.321 [FXGL Background Thread 1 ] DEBUG UpdaterService       - Checking for updates
17:21:48.325 [FXGL Background Thread 4 ] DEBUG FXGLApplication      - Loading fonts
17:21:48.325 [FXGL Background Thread 4 ] DEBUG FXGLAssetLoaderServi - Loading from file system: jar:file:///C:/Users/acer/.m2/repository/com/github/almasb/fxgl/21.1/fxgl-21.1.jar!/fxglassets/ui/fonts/VarelaRound-Regular.ttf
17:21:48.327 [FXGL Background Thread 1 ] DEBUG FXGLApplication      - Loading default localization
17:21:48.328 [FXGL Background Thread 1 ] DEBUG FXGLAssetLoaderServi - Loading from file system: jar:file:///C:/Users/acer/.m2/repository/com/github/almasb/fxgl/21.1/fxgl-21.1.jar!/fxglassets/languages/english.lang
17:21:48.370 [FXGL Background Thread 4 ] DEBUG FXGLAssetLoaderServi - Loading from file system: jar:file:///C:/Users/acer/.m2/repository/com/github/almasb/fxgl/21.1/fxgl-21.1.jar!/fxglassets/ui/fonts/Abel-Regular.ttf
17:21:48.374 [FXGL Background Thread 4 ] DEBUG FXGLAssetLoaderServi - Loading from file system: jar:file:///C:/Users/acer/.m2/repository/com/github/almasb/fxgl/21.1/fxgl-21.1.jar!/fxglassets/ui/fonts/TerminalLandMono-Regular.otf
17:21:48.376 [FXGL Background Thread 4 ] DEBUG FXGLAssetLoaderServi - Loading from file system: jar:file:///C:/Users/acer/.m2/repository/com/github/almasb/fxgl/21.1/fxgl-21.1.jar!/fxglassets/ui/fonts/Courier-Prime.ttf
17:21:48.384 [JavaFX Application Thread] DEBUG FXGLApplication      - Registering font factories with UI factory
17:21:48.384 [FXGL Background Thread 1 ] INFO  FXGLApplication      - FXGL initialization took: 0.421 sec
17:21:48.387 [JavaFX Application Thread] DEBUG FXGLAssetLoaderServi - Loading from file system: jar:file:///C:/Users/acer/.m2/repository/com/github/almasb/fxgl/21.1/fxgl-21.1.jar!/fxglassets/textures/fxgl_icon.png
17:21:48.405 [JavaFX Application Thread] DEBUG FXGLAssetLoaderServi - Loading from file system: jar:file:///C:/Users/acer/.m2/repository/com/github/almasb/fxgl/21.1/fxgl-21.1.jar!/fxglassets/textures/fxgl_default_cursor.png
17:21:48.424 [JavaFX Application Thread] DEBUG Input                - Registered new binding: Screenshot - CTRL+8
17:21:48.425 [JavaFX Application Thread] DEBUG Input                - Registered new binding: System info dump - CTRL+9
17:21:48.426 [JavaFX Application Thread] DEBUG Input                - Registered new binding: Restart - CTRL+R
17:21:48.427 [JavaFX Application Thread] DEBUG Input                - Registered new binding: Toggle Debug Camera - CTRL+7
17:21:48.431 [JavaFX Application Thread] DEBUG LoopRunner           - Starting loop
17:21:48.432 [JavaFX Application Thread] DEBUG LoopRunner           - Initializing JavaFX AnimationTimerLoop
17:21:48.434 [JavaFX Application Thread] DEBUG GameApplicationServi - Starting new game
17:21:48.434 [JavaFX Application Thread] DEBUG Input                - Clearing active input actions
17:21:48.446 [JavaFX Application Thread] DEBUG GameApplicationServi - Removing overlay from FXGLStartupScene and adding to FXGLLoadingScene
17:21:48.446 [JavaFX Application Thread] DEBUG PrimaryStageWindow   - FXGLStartupScene -> FXGLLoadingScene
17:21:48.446 [JavaFX Application Thread] DEBUG GameApplicationServi - Clearing previous game
17:21:48.446 [JavaFX Application Thread] DEBUG GameScene            - Clearing game scene
17:21:48.446 [JavaFX Application Thread] DEBUG GameWorld            - Clearing game world
17:21:48.446 [JavaFX Application Thread] DEBUG PhysicsWorld         - Clearing physics world
17:21:48.449 [FXGL Background Thread 1 ] DEBUG FXGLApplication      - Initializing game
17:21:48.540 [FXGL Background Thread 1 ] WARN  GameWorld            - Entity is already attached to world
17:21:48.542 [FXGL Background Thread 1 ] WARN  GameWorld            - Entity is already attached to world
17:21:48.544 [FXGL Background Thread 1 ] WARN  GameWorld            - Entity is already attached to world
17:21:48.544 [FXGL Background Thread 1 ] WARN  Entity               - Entity already has component: com.almasb.fxgl.entity.components.CollidableComponent
17:21:48.544 [FXGL Background Thread 1 ] WARN  GameWorld            - Entity is already attached to world
17:21:48.556 [FXGL Background Thread 1 ] DEBUG Input                - Registered new binding: Move D - D
17:21:48.556 [FXGL Background Thread 1 ] DEBUG Input                - Registered new binding: Move A - A
17:21:48.560 [FXGL Background Thread 1 ] DEBUG Input                - Registered new binding: Player Attack - LMB
17:21:48.560 [FXGL Background Thread 1 ] DEBUG Input                - Registered new binding: Player Parry - RMB
17:21:48.561 [FXGL Background Thread 1 ] DEBUG Input                - Registered new binding: Jump - Space
17:21:48.564 [FXGL Background Thread 1 ] DEBUG Input                - Registered new binding: Interact - Z
17:21:48.564 [FXGL Background Thread 1 ] INFO  FXGLApplication      - Game initialization took: 0.115 sec
17:21:48.598 [JavaFX Application Thread] DEBUG Input                - Clearing active input actions
17:21:48.604 [JavaFX Application Thread] DEBUG GameApplicationServi - Removing overlay from FXGLLoadingScene and adding to GameScene
17:21:48.604 [JavaFX Application Thread] DEBUG PrimaryStageWindow   - FXGLLoadingScene -> GameScene
17:21:49.620 [JavaFX Application Thread] DEBUG FXGLAssetLoaderServi - Loading from file system: file:/C:/Users/acer/IdeaProjects/RZL/target/classes/assets/text/maria.txt
17:21:49.626 [JavaFX Application Thread] DEBUG Input                - Registered new binding: Next RPG Line - Enter
17:21:49.626 [JavaFX Application Thread] DEBUG PrimaryStageWindow   - Push state: CutsceneScene
17:21:49.627 [JavaFX Application Thread] DEBUG Input                - Clearing active input actions
17:21:49.628 [JavaFX Application Thread] DEBUG GameApplicationServi - Removing overlay from GameScene and adding to CutsceneScene
17:21:49.629 [JavaFX Application Thread] DEBUG PrimaryStageWindow   - GameScene -> CutsceneScene
17:21:51.323 [FXGL Background Thread 3 ] DEBUG Engine               - Logging environment variables
17:21:51.323 [FXGL Background Thread 3 ] DEBUG Engine               - achievements: []
17:21:51.323 [FXGL Background Thread 3 ] DEBUG Engine               - actualHeight: 600.0
17:21:51.324 [FXGL Background Thread 3 ] DEBUG Engine               - actualHeightProperty: ReadOnlyDoubleProperty [value: 600.0]
17:21:51.324 [FXGL Background Thread 3 ] DEBUG Engine               - actualWidth: 800.0
17:21:51.324 [FXGL Background Thread 3 ] DEBUG Engine               - actualWidthProperty: ReadOnlyDoubleProperty [value: 800.0]
17:21:51.324 [FXGL Background Thread 3 ] DEBUG Engine               - appIcon: fxgl_icon.png
17:21:51.324 [FXGL Background Thread 3 ] DEBUG Engine               - applicationMode: DEVELOPER
17:21:51.324 [FXGL Background Thread 3 ] DEBUG Engine               - cSSList: [fxgl_dark.css]
17:21:51.324 [FXGL Background Thread 3 ] DEBUG Engine               - collisionDetectionStrategy: BRUTE_FORCE
17:21:51.324 [FXGL Background Thread 3 ] DEBUG Engine               - configClass: Optional.empty
17:21:51.324 [FXGL Background Thread 3 ] DEBUG Engine               - credits: []
17:21:51.324 [FXGL Background Thread 3 ] DEBUG Engine               - defaultCursor: CursorInfo(imageName=fxgl_default_cursor.png, hotspotX=7.0, hotspotY=6.0)
17:21:51.324 [FXGL Background Thread 3 ] DEBUG Engine               - devBBoxColorProperty: ObjectProperty [value: 0xff0000ff]
17:21:51.324 [FXGL Background Thread 3 ] DEBUG Engine               - devEnableDebugCameraProperty: BooleanProperty [value: false]
17:21:51.324 [FXGL Background Thread 3 ] DEBUG Engine               - devSensorColorProperty: ObjectProperty [value: 0xffff00ff]
17:21:51.324 [FXGL Background Thread 3 ] DEBUG Engine               - devShowBBoxProperty: BooleanProperty [value: false]
17:21:51.324 [FXGL Background Thread 3 ] DEBUG Engine               - devShowPositionProperty: BooleanProperty [value: false]
17:21:51.324 [FXGL Background Thread 3 ] DEBUG Engine               - enabledMenuItems: []
17:21:51.324 [FXGL Background Thread 3 ] DEBUG Engine               - engineServices: [class com.almasb.fxgl.app.services.FXGLAssetLoaderService, class com.almasb.fxgl.app.FXGLApplication$GameApplicationService, class com.almasb.fxgl.app.services.FXGLDialogService, class com.almasb.fxgl.app.services.IOTaskExecutorService, class com.almasb.fxgl.io.FileSystemService, class com.almasb.fxgl.localization.LocalizationService, class com.almasb.fxgl.app.services.SystemBundleService, class com.almasb.fxgl.profile.SaveLoadService, class com.almasb.fxgl.ui.FXGLUIFactoryServiceProvider, class com.almasb.fxgl.ui.FXGLDialogFactoryServiceProvider, class com.almasb.fxgl.audio.AudioPlayer, class com.almasb.fxgl.notification.impl.NotificationServiceProvider, class com.almasb.fxgl.achievement.AchievementService, class com.almasb.fxgl.cutscene.CutsceneService, class com.almasb.fxgl.minigames.MiniGameService, class com.almasb.fxgl.net.NetService, class com.almasb.fxgl.app.services.UpdaterService, class com.almasb.fxgl.dev.DevService]
17:21:51.324 [FXGL Background Thread 3 ] DEBUG Engine               - fontGame: Abel-Regular.ttf
17:21:51.324 [FXGL Background Thread 3 ] DEBUG Engine               - fontMono: TerminalLandMono-Regular.otf
17:21:51.325 [FXGL Background Thread 3 ] DEBUG Engine               - fontSizeScaleUI: 1.0
17:21:51.325 [FXGL Background Thread 3 ] DEBUG Engine               - fontText: Courier-Prime.ttf
17:21:51.325 [FXGL Background Thread 3 ] DEBUG Engine               - fontUI: VarelaRound-Regular.ttf
17:21:51.325 [FXGL Background Thread 3 ] DEBUG Engine               - fullScreen: BooleanProperty [value: false]
17:21:51.325 [FXGL Background Thread 3 ] DEBUG Engine               - gameDifficulty: MEDIUM
17:21:51.325 [FXGL Background Thread 3 ] DEBUG Engine               - gameDifficultyProperty: ObjectProperty [value: MEDIUM]
17:21:51.325 [FXGL Background Thread 3 ] DEBUG Engine               - globalMusicVolume: 0.5
17:21:51.325 [FXGL Background Thread 3 ] DEBUG Engine               - globalMusicVolumeProperty: DoubleProperty [value: 0.5]
17:21:51.325 [FXGL Background Thread 3 ] DEBUG Engine               - globalSoundVolume: 0.5
17:21:51.325 [FXGL Background Thread 3 ] DEBUG Engine               - globalSoundVolumeProperty: DoubleProperty [value: 0.5]
17:21:51.325 [FXGL Background Thread 3 ] DEBUG Engine               - height: 600
17:21:51.325 [FXGL Background Thread 3 ] DEBUG Engine               - is3D: false
17:21:51.325 [FXGL Background Thread 3 ] DEBUG Engine               - isAndroid: false
17:21:51.325 [FXGL Background Thread 3 ] DEBUG Engine               - isBrowser: false
17:21:51.325 [FXGL Background Thread 3 ] DEBUG Engine               - isClickFeedbackEnabled: false
17:21:51.325 [FXGL Background Thread 3 ] DEBUG Engine               - isCloseConfirmation: false
17:21:51.325 [FXGL Background Thread 3 ] DEBUG Engine               - isDesktop: true
17:21:51.325 [FXGL Background Thread 3 ] DEBUG Engine               - isDeveloperMenuEnabled: false
17:21:51.325 [FXGL Background Thread 3 ] DEBUG Engine               - isEmbedded: false
17:21:51.325 [FXGL Background Thread 3 ] DEBUG Engine               - isEntityPreloadEnabled: true
17:21:51.325 [FXGL Background Thread 3 ] DEBUG Engine               - isExperimentalTiledLargeMap: false
17:21:51.325 [FXGL Background Thread 3 ] DEBUG Engine               - isFileSystemWriteAllowed: true
17:21:51.325 [FXGL Background Thread 3 ] DEBUG Engine               - isFullScreenAllowed: false
17:21:51.325 [FXGL Background Thread 3 ] DEBUG Engine               - isFullScreenFromStart: false
17:21:51.325 [FXGL Background Thread 3 ] DEBUG Engine               - isGameMenuEnabled: true
17:21:51.325 [FXGL Background Thread 3 ] DEBUG Engine               - isIOS: false
17:21:51.325 [FXGL Background Thread 3 ] DEBUG Engine               - isIntroEnabled: false
17:21:51.325 [FXGL Background Thread 3 ] DEBUG Engine               - isLinux: false
17:21:51.325 [FXGL Background Thread 3 ] DEBUG Engine               - isMac: false
17:21:51.325 [FXGL Background Thread 3 ] DEBUG Engine               - isMainMenuEnabled: false
17:21:51.325 [FXGL Background Thread 3 ] DEBUG Engine               - isManualResizeEnabled: false
17:21:51.325 [FXGL Background Thread 3 ] DEBUG Engine               - isMobile: false
17:21:51.325 [FXGL Background Thread 3 ] DEBUG Engine               - isNative: false
17:21:51.325 [FXGL Background Thread 3 ] DEBUG Engine               - isPauseMusicWhenMinimized: true
17:21:51.325 [FXGL Background Thread 3 ] DEBUG Engine               - isPreserveResizeRatio: false
17:21:51.325 [FXGL Background Thread 3 ] DEBUG Engine               - isProfilingEnabled: false
17:21:51.325 [FXGL Background Thread 3 ] DEBUG Engine               - isScaleAffectedOnResize: true
17:21:51.325 [FXGL Background Thread 3 ] DEBUG Engine               - isSingleStep: false
17:21:51.326 [FXGL Background Thread 3 ] DEBUG Engine               - isUserProfileEnabled: false
17:21:51.326 [FXGL Background Thread 3 ] DEBUG Engine               - isWindows: true
17:21:51.326 [FXGL Background Thread 3 ] DEBUG Engine               - language: ObjectProperty [value: ENGLISH]
17:21:51.326 [FXGL Background Thread 3 ] DEBUG Engine               - menuKey: ESCAPE
17:21:51.326 [FXGL Background Thread 3 ] DEBUG Engine               - mouseSensitivity: 0.2
17:21:51.326 [FXGL Background Thread 3 ] DEBUG Engine               - notificationViewClass: class com.almasb.fxgl.notification.view.XboxNotificationView
17:21:51.326 [FXGL Background Thread 3 ] DEBUG Engine               - pixelsPerMeter: 50.0
17:21:51.326 [FXGL Background Thread 3 ] DEBUG Engine               - platform: WINDOWS
17:21:51.326 [FXGL Background Thread 3 ] DEBUG Engine               - prefHeightProperty: ReadOnlyDoubleProperty [value: 600.0]
17:21:51.326 [FXGL Background Thread 3 ] DEBUG Engine               - prefWidthProperty: ReadOnlyDoubleProperty [value: 800.0]
17:21:51.326 [FXGL Background Thread 3 ] DEBUG Engine               - profileDir: profiles/
17:21:51.326 [FXGL Background Thread 3 ] DEBUG Engine               - profileName: StringProperty [value: DEFAULT]
17:21:51.326 [FXGL Background Thread 3 ] DEBUG Engine               - randomSeed: -1
17:21:51.326 [FXGL Background Thread 3 ] DEBUG Engine               - runtimeInfo: RuntimeInfo(platform=WINDOWS, version=21.1, build=27.03.2024 07.52)
17:21:51.326 [FXGL Background Thread 3 ] DEBUG Engine               - saveFileExt: sav
17:21:51.326 [FXGL Background Thread 3 ] DEBUG Engine               - scaledHeightProp$fxgl: DoubleProperty [bound, value: 600.0]
17:21:51.326 [FXGL Background Thread 3 ] DEBUG Engine               - scaledWidthProp$fxgl: DoubleProperty [bound, value: 800.0]
17:21:51.326 [FXGL Background Thread 3 ] DEBUG Engine               - sceneFactory: com.almasb.fxgl.app.scene.SceneFactory@49501b12
17:21:51.326 [FXGL Background Thread 3 ] DEBUG Engine               - secondsIn24h: 60
17:21:51.326 [FXGL Background Thread 3 ] DEBUG Engine               - soundMenuBack: menu/back.wav
17:21:51.326 [FXGL Background Thread 3 ] DEBUG Engine               - soundMenuPress: menu/press.wav
17:21:51.326 [FXGL Background Thread 3 ] DEBUG Engine               - soundMenuSelect: menu/select.wav
17:21:51.326 [FXGL Background Thread 3 ] DEBUG Engine               - soundNotification: core/notification.wav
17:21:51.326 [FXGL Background Thread 3 ] DEBUG Engine               - stageStyle: DECORATED
17:21:51.326 [FXGL Background Thread 3 ] DEBUG Engine               - supportedLanguages: [ENGLISH, FRENCH, GERMAN, HUNGARIAN, RUSSIAN]
17:21:51.326 [FXGL Background Thread 3 ] DEBUG Engine               - ticksPerSecond: -1
17:21:51.326 [FXGL Background Thread 3 ] DEBUG Engine               - title: Untitled
17:21:51.326 [FXGL Background Thread 3 ] DEBUG Engine               - urlGithub: https://github.com/AlmasB/FXGL
17:21:51.326 [FXGL Background Thread 3 ] DEBUG Engine               - urlLeaderboard: http://fxgl-top.herokuapp.com/
17:21:51.326 [FXGL Background Thread 3 ] DEBUG Engine               - urlPOM: https://raw.githubusercontent.com/AlmasB/FXGL/release/README.md
17:21:51.326 [FXGL Background Thread 3 ] DEBUG Engine               - userAppClass: class com.xen.rzlgame.rzl.HelloApplication
17:21:51.326 [FXGL Background Thread 3 ] DEBUG Engine               - version: 0.0
17:21:51.326 [FXGL Background Thread 3 ] DEBUG Engine               - versionCheckDays: 7
17:21:51.326 [FXGL Background Thread 3 ] DEBUG Engine               - width: 800
17:21:51.326 [FXGL Background Thread 3 ] DEBUG Engine               - Logging services
17:21:51.326 [FXGL Background Thread 3 ] DEBUG Engine               - class com.almasb.fxgl.app.services.FXGLAssetLoaderService
17:21:51.326 [FXGL Background Thread 3 ] DEBUG Engine               - class com.almasb.fxgl.app.FXGLApplication$GameApplicationService
17:21:51.326 [FXGL Background Thread 3 ] DEBUG Engine               - class com.almasb.fxgl.app.services.FXGLDialogService
17:21:51.326 [FXGL Background Thread 3 ] DEBUG Engine               - class com.almasb.fxgl.app.services.IOTaskExecutorService
17:21:51.326 [FXGL Background Thread 3 ] DEBUG Engine               - class com.almasb.fxgl.io.FileSystemService
17:21:51.326 [FXGL Background Thread 3 ] DEBUG Engine               - class com.almasb.fxgl.localization.LocalizationService
17:21:51.326 [FXGL Background Thread 3 ] DEBUG Engine               - class com.almasb.fxgl.app.services.SystemBundleService
17:21:51.326 [FXGL Background Thread 3 ] DEBUG Engine               - class com.almasb.fxgl.profile.SaveLoadService
17:21:51.327 [FXGL Background Thread 3 ] DEBUG Engine               - class com.almasb.fxgl.ui.FXGLUIFactoryServiceProvider
17:21:51.327 [FXGL Background Thread 3 ] DEBUG Engine               - class com.almasb.fxgl.ui.FXGLDialogFactoryServiceProvider
17:21:51.327 [FXGL Background Thread 3 ] DEBUG Engine               - class com.almasb.fxgl.audio.AudioPlayer
17:21:51.327 [FXGL Background Thread 3 ] DEBUG Engine               - class com.almasb.fxgl.notification.impl.NotificationServiceProvider
17:21:51.327 [FXGL Background Thread 3 ] DEBUG Engine               - class com.almasb.fxgl.achievement.AchievementService
17:21:51.327 [FXGL Background Thread 3 ] DEBUG Engine               - class com.almasb.fxgl.cutscene.CutsceneService
17:21:51.327 [FXGL Background Thread 3 ] DEBUG Engine               - class com.almasb.fxgl.minigames.MiniGameService
17:21:51.327 [FXGL Background Thread 3 ] DEBUG Engine               - class com.almasb.fxgl.net.NetService
17:21:51.327 [FXGL Background Thread 3 ] DEBUG Engine               - class com.almasb.fxgl.app.services.UpdaterService
17:21:51.327 [FXGL Background Thread 3 ] DEBUG Engine               - class com.almasb.fxgl.dev.DevService
17:21:51.615 [JavaFX Application Thread] DEBUG PrimaryStageWindow   - Pop state: CutsceneScene
17:21:51.615 [JavaFX Application Thread] DEBUG Input                - Clearing active input actions
17:21:51.616 [JavaFX Application Thread] DEBUG GameApplicationServi - Removing overlay from CutsceneScene and adding to GameScene
17:21:51.616 [JavaFX Application Thread] DEBUG PrimaryStageWindow   - GameScene <- CutsceneScene
17:21:52.057 [JavaFX Application Thread] WARN  FXGLAssetLoaderServi - Asset "/assets/text/elias.txt" was not found!
17:21:52.058 [JavaFX Application Thread] WARN  FXGLAssetLoaderServi - Failed to load TEXT
17:21:52.058 [JavaFX Application Thread] DEBUG PrimaryStageWindow   - Push state: CutsceneScene
17:21:52.058 [JavaFX Application Thread] DEBUG Input                - Clearing active input actions
17:21:52.059 [JavaFX Application Thread] DEBUG GameApplicationServi - Removing overlay from GameScene and adding to CutsceneScene
17:21:52.059 [JavaFX Application Thread] DEBUG PrimaryStageWindow   - GameScene -> CutsceneScene
17:21:52.367 [JavaFX Application Thread] DEBUG PrimaryStageWindow   - Pop state: CutsceneScene
17:21:52.367 [JavaFX Application Thread] DEBUG Input                - Clearing active input actions
17:21:52.368 [JavaFX Application Thread] DEBUG GameApplicationServi - Removing overlay from CutsceneScene and adding to GameScene
17:21:52.368 [JavaFX Application Thread] DEBUG PrimaryStageWindow   - GameScene <- CutsceneScene
17:21:52.918 [JavaFX Application Thread] WARN  GameWorld            - Entity is already attached to world
17:22:03.683 [JavaFX Application Thread] DEBUG FXGLApplication      - Exiting FXGL
17:22:03.683 [JavaFX Application Thread] DEBUG LoopRunner           - Stopping loop
17:22:03.683 [JavaFX Application Thread] DEBUG SystemBundleService  - Saving FXGL system data
17:22:03.685 [JavaFX Application Thread] DEBUG FileSystemAccess     - Writing to: C:\Users\acer\IdeaProjects\RZL\system\fxgl.bundle
17:22:03.689 [JavaFX Application Thread] DEBUG Async                - Shutting down background threads
17:22:03.689 [JavaFX Application Thread] DEBUG PrimaryStageWindow   - Closing main window
17:22:03.702 [JavaFX Application Thread] DEBUG Logger               - Closing Logger
