00:10:53.120 [main                     ] DEBUG Logger               - Configured Logger
00:10:53.152 [main                     ] DEBUG GameApplication      - Logging settings
Title: Untitled
Version: 0.0
Width: 800
Height: 600
Fullscreen: false
Intro: false
Profiling: false
Single step:false
App Mode: DEVELOPER
Menu Key: ESCAPE
Stage Style: DECORATED
Scene Factory: class com.almasb.fxgl.app.scene.SceneFactory

00:10:53.419 [JavaFX Application Thread] DEBUG FXGLApplication      - Initializing FXGL
00:10:53.422 [JavaFX Application Thread] INFO  Engine               - FXGL-17.3 (30.03.2023 11.49) on WINDOWS (J:21.0.3 FX:21)
00:10:53.422 [JavaFX Application Thread] DEBUG Engine               - JRE Vendor Name: Oracle Corporation
00:10:53.422 [JavaFX Application Thread] DEBUG Engine               - Running on OS: Windows 11 version 10.0
00:10:53.422 [JavaFX Application Thread] DEBUG Engine               - Architecture: amd64
00:10:53.423 [JavaFX Application Thread] INFO  Engine               - Source code and latest versions at: https://github.com/AlmasB/FXGL
00:10:53.423 [JavaFX Application Thread] INFO  Engine               -       Ask questions and discuss at: https://github.com/AlmasB/FXGL/discussions
00:10:53.423 [JavaFX Application Thread] INFO  Engine               -              Join the FXGL chat at: https://gitter.im/AlmasB/FXGL
00:10:53.478 [JavaFX Application Thread] DEBUG PrimaryStageWindow   - Creating a JavaFX scene
00:10:53.513 [JavaFX Application Thread] DEBUG PrimaryStageWindow   - Target settings size: 800.0 x 600.0
00:10:53.513 [JavaFX Application Thread] DEBUG PrimaryStageWindow   - Scaled scene size:    800.0 x 600.0
00:10:53.513 [JavaFX Application Thread] DEBUG PrimaryStageWindow   - Scaled ratio: (1.0, 1.0)
00:10:53.514 [JavaFX Application Thread] DEBUG PrimaryStageWindow   - Set initial scene to FXGLStartupScene
00:10:53.515 [JavaFX Application Thread] DEBUG PrimaryStageWindow   - Opening main window
00:10:53.579 [JavaFX Application Thread] DEBUG PrimaryStageWindow   - Window border size: (14.4000244140625, 37.5999755859375)
00:10:53.579 [JavaFX Application Thread] DEBUG PrimaryStageWindow   - Scaled size: 800.0 x 600.0
00:10:53.580 [JavaFX Application Thread] DEBUG PrimaryStageWindow   - Scaled ratio: (1.0, 1.0)
00:10:53.580 [JavaFX Application Thread] DEBUG PrimaryStageWindow   - Scene size: 800.0 x 600.0
00:10:53.580 [JavaFX Application Thread] DEBUG PrimaryStageWindow   - Stage size: 814.4000244140625 x 637.5999755859375
00:10:53.585 [FXGL Background Thread 1 ] DEBUG Engine               - Initializing environment variables
00:10:53.631 [FXGL Background Thread 1 ] DEBUG FXGLAssetLoaderServi - User app class for loading assets: class com.xen.rzlgame.rzl.HelloApplication
00:10:53.632 [FXGL Background Thread 1 ] DEBUG GameApplicationServi - Applying CSS: fxgl_dark.css
00:10:53.632 [FXGL Background Thread 1 ] DEBUG FXGLAssetLoaderServi - Loading from file system: jar:file:///C:/Users/acer/.m2/repository/com/github/almasb/fxgl/17.3/fxgl-17.3.jar!/fxglassets/ui/css/fxgl_dark.css
00:10:53.671 [FXGL Background Thread 1 ] DEBUG GameApplicationServi - Initializing application scenes
00:10:53.722 [FXGL Background Thread 1 ] DEBUG GameWorld            - Game world initialized
00:10:53.777 [FXGL Background Thread 1 ] DEBUG PhysicsWorld         - Physics world initialized: appHeight=600, physics.ppm=50.0
00:10:53.777 [FXGL Background Thread 1 ] DEBUG PhysicsWorld         - Using strategy: BRUTE_FORCE
00:10:53.780 [FXGL Background Thread 1 ] DEBUG GameScene            - Game scene initialized: 800x600
00:10:53.788 [FXGL Background Thread 1 ] DEBUG FXGL.DefaultMenu     - createMenuBodyGameMenu()
00:10:53.795 [FXGL Background Thread 1 ] DEBUG FXGL.DefaultMenu     - createOptionsMenu()
00:10:53.801 [FXGL Background Thread 1 ] DEBUG FXGLAssetLoaderServi - Loading from file system: jar:file:///C:/Users/acer/.m2/repository/com/github/almasb/fxgl/17.3/fxgl-17.3.jar!/fxglassets/textures/particles/smoke.png
00:10:53.898 [FXGL Background Thread 1 ] DEBUG FXGLAssetLoaderServi - Loading from file system: jar:file:///C:/Users/acer/.m2/repository/com/github/almasb/fxgl/17.3/fxgl-17.3.jar!/fxglassets/textures/particles/trace_horizontal.png
00:10:53.922 [FXGL Background Thread 1 ] DEBUG GameApplicationServi - Application scenes initialized
00:10:53.932 [FXGL Background Thread 1 ] DEBUG SystemBundleService  - Loading FXGL system data
00:10:53.936 [FXGL Background Thread 1 ] DEBUG FileSystemAccess     - Reading from: C:\Users\acer\IdeaProjects\RZL\system\fxgl.bundle
00:10:53.942 [FXGL Background Thread 1 ] DEBUG SystemBundleService  - Bundle FXGL: {}
00:10:53.942 [FXGL Background Thread 1 ] DEBUG UpdaterService       - Checking for updates
00:10:53.944 [FXGL Background Thread 4 ] DEBUG FXGLApplication      - Loading fonts
00:10:53.945 [FXGL Background Thread 4 ] DEBUG FXGLAssetLoaderServi - Loading from file system: jar:file:///C:/Users/acer/.m2/repository/com/github/almasb/fxgl/17.3/fxgl-17.3.jar!/fxglassets/ui/fonts/VarelaRound-Regular.ttf
00:10:53.945 [FXGL Background Thread 1 ] DEBUG FXGLApplication      - Loading default localization
00:10:53.945 [FXGL Background Thread 1 ] DEBUG FXGLAssetLoaderServi - Loading from file system: jar:file:///C:/Users/acer/.m2/repository/com/github/almasb/fxgl/17.3/fxgl-17.3.jar!/fxglassets/languages/english.lang
00:10:53.977 [FXGL Background Thread 4 ] DEBUG FXGLAssetLoaderServi - Loading from file system: jar:file:///C:/Users/acer/.m2/repository/com/github/almasb/fxgl/17.3/fxgl-17.3.jar!/fxglassets/ui/fonts/Abel-Regular.ttf
00:10:53.979 [FXGL Background Thread 4 ] DEBUG FXGLAssetLoaderServi - Loading from file system: jar:file:///C:/Users/acer/.m2/repository/com/github/almasb/fxgl/17.3/fxgl-17.3.jar!/fxglassets/ui/fonts/TerminalLandMono-Regular.otf
00:10:53.982 [FXGL Background Thread 4 ] DEBUG FXGLAssetLoaderServi - Loading from file system: jar:file:///C:/Users/acer/.m2/repository/com/github/almasb/fxgl/17.3/fxgl-17.3.jar!/fxglassets/ui/fonts/Courier-Prime.ttf
00:10:53.993 [FXGL Background Thread 1 ] INFO  FXGLApplication      - FXGL initialization took: 0.409 sec
00:10:53.993 [JavaFX Application Thread] DEBUG FXGLAssetLoaderServi - Loading from file system: jar:file:///C:/Users/acer/.m2/repository/com/github/almasb/fxgl/17.3/fxgl-17.3.jar!/fxglassets/textures/fxgl_icon.png
00:10:54.011 [JavaFX Application Thread] DEBUG FXGLAssetLoaderServi - Loading from file system: jar:file:///C:/Users/acer/.m2/repository/com/github/almasb/fxgl/17.3/fxgl-17.3.jar!/fxglassets/textures/fxgl_default_cursor.png
00:10:54.026 [JavaFX Application Thread] DEBUG Input                - Registered new binding: Screenshot - CTRL+8
00:10:54.026 [JavaFX Application Thread] DEBUG Input                - Registered new binding: System info dump - CTRL+9
00:10:54.027 [JavaFX Application Thread] DEBUG Input                - Registered new binding: Restart - CTRL+R
00:10:54.029 [JavaFX Application Thread] DEBUG Input                - Registered new binding: Toggle Debug Camera - CTRL+7
00:10:54.032 [JavaFX Application Thread] DEBUG LoopRunner           - Starting loop
00:10:54.032 [JavaFX Application Thread] DEBUG LoopRunner           - Initializing JavaFX AnimationTimerLoop
00:10:54.034 [JavaFX Application Thread] DEBUG GameApplicationServi - Starting new game
00:10:54.035 [JavaFX Application Thread] DEBUG Input                - Clearing active input actions
00:10:54.046 [JavaFX Application Thread] DEBUG GameApplicationServi - Removing overlay from FXGLStartupScene and adding to FXGLLoadingScene
00:10:54.046 [JavaFX Application Thread] DEBUG PrimaryStageWindow   - FXGLStartupScene -> FXGLLoadingScene
00:10:54.046 [JavaFX Application Thread] DEBUG GameApplicationServi - Clearing previous game
00:10:54.046 [JavaFX Application Thread] DEBUG GameScene            - Clearing game scene
00:10:54.046 [JavaFX Application Thread] DEBUG GameWorld            - Clearing game world
00:10:54.046 [JavaFX Application Thread] DEBUG PhysicsWorld         - Clearing physics world
00:10:54.049 [FXGL Background Thread 4 ] DEBUG FXGLApplication      - Initializing game
00:10:54.049 [JavaFX Application Thread] DEBUG FXGLApplication      - Registering font factories with UI factory
00:10:54.138 [FXGL Background Thread 4 ] WARN  GameWorld            - Entity is already attached to world
00:10:54.140 [FXGL Background Thread 4 ] WARN  GameWorld            - Entity is already attached to world
00:10:54.147 [FXGL Background Thread 4 ] WARN  GameWorld            - Entity is already attached to world
00:10:54.148 [FXGL Background Thread 4 ] WARN  GameWorld            - Entity is already attached to world
00:10:54.153 [FXGL Background Thread 4 ] DEBUG Input                - Registered new binding: Move DOWN - Down
00:10:54.154 [FXGL Background Thread 4 ] DEBUG Input                - Registered new binding: Move RIGHT - Right
00:10:54.154 [FXGL Background Thread 4 ] DEBUG Input                - Registered new binding: Move LEFT - Left
00:10:54.154 [FXGL Background Thread 4 ] DEBUG Input                - Registered new binding: Move UP - Up
00:10:54.154 [FXGL Background Thread 4 ] DEBUG Input                - Registered new binding: Player Attack - X
00:10:54.156 [FXGL Background Thread 4 ] DEBUG Input                - Registered new binding: Interact - Z
00:10:54.156 [FXGL Background Thread 4 ] INFO  FXGLApplication      - Game initialization took: 0.108 sec
00:10:54.192 [JavaFX Application Thread] DEBUG Input                - Clearing active input actions
00:10:54.196 [JavaFX Application Thread] DEBUG GameApplicationServi - Removing overlay from FXGLLoadingScene and adding to GameScene
00:10:54.196 [JavaFX Application Thread] DEBUG PrimaryStageWindow   - FXGLLoadingScene -> GameScene
00:10:54.421 [FXGL Background Thread 2 ] INFO  UpdaterService       - Your current version:  17.3
00:10:54.421 [FXGL Background Thread 2 ] INFO  UpdaterService       - Latest stable version: 21.1
00:10:56.943 [FXGL Background Thread 3 ] DEBUG Engine               - Logging environment variables
00:10:56.943 [FXGL Background Thread 3 ] DEBUG Engine               - achievements: []
00:10:56.943 [FXGL Background Thread 3 ] DEBUG Engine               - actualHeight: 600.0
00:10:56.943 [FXGL Background Thread 3 ] DEBUG Engine               - actualHeightProperty: ReadOnlyDoubleProperty [value: 600.0]
00:10:56.943 [FXGL Background Thread 3 ] DEBUG Engine               - actualWidth: 800.0
00:10:56.943 [FXGL Background Thread 3 ] DEBUG Engine               - actualWidthProperty: ReadOnlyDoubleProperty [value: 800.0]
00:10:56.943 [FXGL Background Thread 3 ] DEBUG Engine               - appIcon: fxgl_icon.png
00:10:56.943 [FXGL Background Thread 3 ] DEBUG Engine               - applicationMode: DEVELOPER
00:10:56.943 [FXGL Background Thread 3 ] DEBUG Engine               - cSSList: [fxgl_dark.css]
00:10:56.943 [FXGL Background Thread 3 ] DEBUG Engine               - collisionDetectionStrategy: BRUTE_FORCE
00:10:56.943 [FXGL Background Thread 3 ] DEBUG Engine               - configClass: Optional.empty
00:10:56.943 [FXGL Background Thread 3 ] DEBUG Engine               - credits: []
00:10:56.943 [FXGL Background Thread 3 ] DEBUG Engine               - defaultCursor: CursorInfo(imageName=fxgl_default_cursor.png, hotspotX=7.0, hotspotY=6.0)
00:10:56.945 [FXGL Background Thread 3 ] DEBUG Engine               - devBBoxColorProperty: ObjectProperty [value: 0xff0000ff]
00:10:56.945 [FXGL Background Thread 3 ] DEBUG Engine               - devEnableDebugCameraProperty: BooleanProperty [value: false]
00:10:56.945 [FXGL Background Thread 3 ] DEBUG Engine               - devSensorColorProperty: ObjectProperty [value: 0xffff00ff]
00:10:56.945 [FXGL Background Thread 3 ] DEBUG Engine               - devShowBBoxProperty: BooleanProperty [value: false]
00:10:56.945 [FXGL Background Thread 3 ] DEBUG Engine               - devShowPositionProperty: BooleanProperty [value: false]
00:10:56.945 [FXGL Background Thread 3 ] DEBUG Engine               - enabledMenuItems: []
00:10:56.945 [FXGL Background Thread 3 ] DEBUG Engine               - engineServices: [class com.almasb.fxgl.app.services.FXGLAssetLoaderService, class com.almasb.fxgl.app.FXGLApplication$GameApplicationService, class com.almasb.fxgl.app.services.FXGLDialogService, class com.almasb.fxgl.app.services.IOTaskExecutorService, class com.almasb.fxgl.io.FileSystemService, class com.almasb.fxgl.localization.LocalizationService, class com.almasb.fxgl.app.services.SystemBundleService, class com.almasb.fxgl.profile.SaveLoadService, class com.almasb.fxgl.ui.FXGLUIFactoryServiceProvider, class com.almasb.fxgl.ui.FXGLDialogFactoryServiceProvider, class com.almasb.fxgl.audio.AudioPlayer, class com.almasb.fxgl.notification.impl.NotificationServiceProvider, class com.almasb.fxgl.achievement.AchievementService, class com.almasb.fxgl.cutscene.CutsceneService, class com.almasb.fxgl.minigames.MiniGameService, class com.almasb.fxgl.net.NetService, class com.almasb.fxgl.app.services.UpdaterService, class com.almasb.fxgl.dev.DevService]
00:10:56.945 [FXGL Background Thread 3 ] DEBUG Engine               - fontGame: Abel-Regular.ttf
00:10:56.945 [FXGL Background Thread 3 ] DEBUG Engine               - fontMono: TerminalLandMono-Regular.otf
00:10:56.945 [FXGL Background Thread 3 ] DEBUG Engine               - fontSizeScaleUI: 1.0
00:10:56.945 [FXGL Background Thread 3 ] DEBUG Engine               - fontText: Courier-Prime.ttf
00:10:56.945 [FXGL Background Thread 3 ] DEBUG Engine               - fontUI: VarelaRound-Regular.ttf
00:10:56.945 [FXGL Background Thread 3 ] DEBUG Engine               - fullScreen: BooleanProperty [value: false]
00:10:56.945 [FXGL Background Thread 3 ] DEBUG Engine               - gameDifficulty: MEDIUM
00:10:56.946 [FXGL Background Thread 3 ] DEBUG Engine               - gameDifficultyProperty: ObjectProperty [value: MEDIUM]
00:10:56.946 [FXGL Background Thread 3 ] DEBUG Engine               - globalMusicVolume: 0.5
00:10:56.946 [FXGL Background Thread 3 ] DEBUG Engine               - globalMusicVolumeProperty: DoubleProperty [value: 0.5]
00:10:56.946 [FXGL Background Thread 3 ] DEBUG Engine               - globalSoundVolume: 0.5
00:10:56.946 [FXGL Background Thread 3 ] DEBUG Engine               - globalSoundVolumeProperty: DoubleProperty [value: 0.5]
00:10:56.946 [FXGL Background Thread 3 ] DEBUG Engine               - height: 600
00:10:56.946 [FXGL Background Thread 3 ] DEBUG Engine               - is3D: false
00:10:56.946 [FXGL Background Thread 3 ] DEBUG Engine               - isAndroid: false
00:10:56.946 [FXGL Background Thread 3 ] DEBUG Engine               - isBrowser: false
00:10:56.946 [FXGL Background Thread 3 ] DEBUG Engine               - isClickFeedbackEnabled: false
00:10:56.946 [FXGL Background Thread 3 ] DEBUG Engine               - isCloseConfirmation: false
00:10:56.946 [FXGL Background Thread 3 ] DEBUG Engine               - isDesktop: true
00:10:56.946 [FXGL Background Thread 3 ] DEBUG Engine               - isDeveloperMenuEnabled: false
00:10:56.946 [FXGL Background Thread 3 ] DEBUG Engine               - isEmbedded: false
00:10:56.946 [FXGL Background Thread 3 ] DEBUG Engine               - isEntityPreloadEnabled: true
00:10:56.946 [FXGL Background Thread 3 ] DEBUG Engine               - isExperimentalTiledLargeMap: false
00:10:56.946 [FXGL Background Thread 3 ] DEBUG Engine               - isFileSystemWriteAllowed: true
00:10:56.946 [FXGL Background Thread 3 ] DEBUG Engine               - isFullScreenAllowed: false
00:10:56.946 [FXGL Background Thread 3 ] DEBUG Engine               - isFullScreenFromStart: false
00:10:56.946 [FXGL Background Thread 3 ] DEBUG Engine               - isGameMenuEnabled: true
00:10:56.947 [FXGL Background Thread 3 ] DEBUG Engine               - isIOS: false
00:10:56.947 [FXGL Background Thread 3 ] DEBUG Engine               - isIntroEnabled: false
00:10:56.947 [FXGL Background Thread 3 ] DEBUG Engine               - isLinux: false
00:10:56.947 [FXGL Background Thread 3 ] DEBUG Engine               - isMac: false
00:10:56.947 [FXGL Background Thread 3 ] DEBUG Engine               - isMainMenuEnabled: false
00:10:56.947 [FXGL Background Thread 3 ] DEBUG Engine               - isManualResizeEnabled: false
00:10:56.947 [FXGL Background Thread 3 ] DEBUG Engine               - isMobile: false
00:10:56.947 [FXGL Background Thread 3 ] DEBUG Engine               - isNative: false
00:10:56.947 [FXGL Background Thread 3 ] DEBUG Engine               - isPauseMusicWhenMinimized: true
00:10:56.947 [FXGL Background Thread 3 ] DEBUG Engine               - isPreserveResizeRatio: false
00:10:56.947 [FXGL Background Thread 3 ] DEBUG Engine               - isProfilingEnabled: false
00:10:56.947 [FXGL Background Thread 3 ] DEBUG Engine               - isScaleAffectedOnResize: true
00:10:56.947 [FXGL Background Thread 3 ] DEBUG Engine               - isSingleStep: false
00:10:56.947 [FXGL Background Thread 3 ] DEBUG Engine               - isUserProfileEnabled: false
00:10:56.947 [FXGL Background Thread 3 ] DEBUG Engine               - isWindows: true
00:10:56.947 [FXGL Background Thread 3 ] DEBUG Engine               - language: ObjectProperty [value: ENGLISH]
00:10:56.948 [FXGL Background Thread 3 ] DEBUG Engine               - menuKey: ESCAPE
00:10:56.948 [FXGL Background Thread 3 ] DEBUG Engine               - mouseSensitivity: 0.2
00:10:56.948 [FXGL Background Thread 3 ] DEBUG Engine               - notificationViewClass: class com.almasb.fxgl.notification.view.XboxNotificationView
00:10:56.948 [FXGL Background Thread 3 ] DEBUG Engine               - pixelsPerMeter: 50.0
00:10:56.948 [FXGL Background Thread 3 ] DEBUG Engine               - platform: WINDOWS
00:10:56.948 [FXGL Background Thread 3 ] DEBUG Engine               - prefHeightProperty: ReadOnlyDoubleProperty [value: 600.0]
00:10:56.948 [FXGL Background Thread 3 ] DEBUG Engine               - prefWidthProperty: ReadOnlyDoubleProperty [value: 800.0]
00:10:56.948 [FXGL Background Thread 3 ] DEBUG Engine               - profileDir: profiles/
00:10:56.948 [FXGL Background Thread 3 ] DEBUG Engine               - profileName: StringProperty [value: DEFAULT]
00:10:56.948 [FXGL Background Thread 3 ] DEBUG Engine               - randomSeed: -1
00:10:56.948 [FXGL Background Thread 3 ] DEBUG Engine               - runtimeInfo: RuntimeInfo(platform=WINDOWS, version=17.3, build=30.03.2023 11.49)
00:10:56.948 [FXGL Background Thread 3 ] DEBUG Engine               - saveFileExt: sav
00:10:56.948 [FXGL Background Thread 3 ] DEBUG Engine               - scaledHeightProp$fxgl: DoubleProperty [bound, value: 600.0]
00:10:56.948 [FXGL Background Thread 3 ] DEBUG Engine               - scaledWidthProp$fxgl: DoubleProperty [bound, value: 800.0]
00:10:56.948 [FXGL Background Thread 3 ] DEBUG Engine               - sceneFactory: com.almasb.fxgl.app.scene.SceneFactory@4207c531
00:10:56.948 [FXGL Background Thread 3 ] DEBUG Engine               - secondsIn24h: 60
00:10:56.948 [FXGL Background Thread 3 ] DEBUG Engine               - soundMenuBack: menu/back.wav
00:10:56.948 [FXGL Background Thread 3 ] DEBUG Engine               - soundMenuPress: menu/press.wav
00:10:56.949 [FXGL Background Thread 3 ] DEBUG Engine               - soundMenuSelect: menu/select.wav
00:10:56.949 [FXGL Background Thread 3 ] DEBUG Engine               - soundNotification: core/notification.wav
00:10:56.949 [FXGL Background Thread 3 ] DEBUG Engine               - stageStyle: DECORATED
00:10:56.949 [FXGL Background Thread 3 ] DEBUG Engine               - supportedLanguages: [ENGLISH, FRENCH, GERMAN, HUNGARIAN, RUSSIAN]
00:10:56.949 [FXGL Background Thread 3 ] DEBUG Engine               - ticksPerSecond: -1
00:10:56.949 [FXGL Background Thread 3 ] DEBUG Engine               - title: Untitled
00:10:56.949 [FXGL Background Thread 3 ] DEBUG Engine               - urlGithub: https://github.com/AlmasB/FXGL
00:10:56.949 [FXGL Background Thread 3 ] DEBUG Engine               - urlLeaderboard: http://fxgl-top.herokuapp.com/
00:10:56.949 [FXGL Background Thread 3 ] DEBUG Engine               - urlPOM: https://raw.githubusercontent.com/AlmasB/FXGL/release/README.md
00:10:56.949 [FXGL Background Thread 3 ] DEBUG Engine               - userAppClass: class com.xen.rzlgame.rzl.HelloApplication
00:10:56.949 [FXGL Background Thread 3 ] DEBUG Engine               - version: 0.0
00:10:56.949 [FXGL Background Thread 3 ] DEBUG Engine               - versionCheckDays: 7
00:10:56.949 [FXGL Background Thread 3 ] DEBUG Engine               - width: 800
00:10:56.949 [FXGL Background Thread 3 ] DEBUG Engine               - Logging services
00:10:56.949 [FXGL Background Thread 3 ] DEBUG Engine               - class com.almasb.fxgl.app.services.FXGLAssetLoaderService
00:10:56.949 [FXGL Background Thread 3 ] DEBUG Engine               - class com.almasb.fxgl.app.FXGLApplication$GameApplicationService
00:10:56.949 [FXGL Background Thread 3 ] DEBUG Engine               - class com.almasb.fxgl.app.services.FXGLDialogService
00:10:56.949 [FXGL Background Thread 3 ] DEBUG Engine               - class com.almasb.fxgl.app.services.IOTaskExecutorService
00:10:56.949 [FXGL Background Thread 3 ] DEBUG Engine               - class com.almasb.fxgl.io.FileSystemService
00:10:56.949 [FXGL Background Thread 3 ] DEBUG Engine               - class com.almasb.fxgl.localization.LocalizationService
00:10:56.949 [FXGL Background Thread 3 ] DEBUG Engine               - class com.almasb.fxgl.app.services.SystemBundleService
00:10:56.949 [FXGL Background Thread 3 ] DEBUG Engine               - class com.almasb.fxgl.profile.SaveLoadService
00:10:56.949 [FXGL Background Thread 3 ] DEBUG Engine               - class com.almasb.fxgl.ui.FXGLUIFactoryServiceProvider
00:10:56.949 [FXGL Background Thread 3 ] DEBUG Engine               - class com.almasb.fxgl.ui.FXGLDialogFactoryServiceProvider
00:10:56.949 [FXGL Background Thread 3 ] DEBUG Engine               - class com.almasb.fxgl.audio.AudioPlayer
00:10:56.949 [FXGL Background Thread 3 ] DEBUG Engine               - class com.almasb.fxgl.notification.impl.NotificationServiceProvider
00:10:56.949 [FXGL Background Thread 3 ] DEBUG Engine               - class com.almasb.fxgl.achievement.AchievementService
00:10:56.949 [FXGL Background Thread 3 ] DEBUG Engine               - class com.almasb.fxgl.cutscene.CutsceneService
00:10:56.949 [FXGL Background Thread 3 ] DEBUG Engine               - class com.almasb.fxgl.minigames.MiniGameService
00:10:56.949 [FXGL Background Thread 3 ] DEBUG Engine               - class com.almasb.fxgl.net.NetService
00:10:56.949 [FXGL Background Thread 3 ] DEBUG Engine               - class com.almasb.fxgl.app.services.UpdaterService
00:10:56.949 [FXGL Background Thread 3 ] DEBUG Engine               - class com.almasb.fxgl.dev.DevService
00:11:01.502 [JavaFX Application Thread] DEBUG FXGLApplication      - Exiting FXGL
00:11:01.502 [JavaFX Application Thread] DEBUG LoopRunner           - Stopping loop
00:11:01.502 [JavaFX Application Thread] DEBUG SystemBundleService  - Saving FXGL system data
00:11:01.505 [JavaFX Application Thread] DEBUG FileSystemAccess     - Writing to: C:\Users\acer\IdeaProjects\RZL\system\fxgl.bundle
00:11:01.507 [JavaFX Application Thread] DEBUG Async                - Shutting down background threads
00:11:01.507 [JavaFX Application Thread] DEBUG PrimaryStageWindow   - Closing main window
00:11:01.521 [JavaFX Application Thread] DEBUG Logger               - Closing Logger
