17:04:29.107 [main                     ] DEBUG Logger               - Configured Logger
17:04:29.138 [main                     ] DEBUG GameApplication      - Logging settings
Title: Untitled
Version: 0.0
Width: 800
Height: 600
Fullscreen: false
Intro: false
Profiling: false
Single step:false
App Mode: DEVELOPER
Menu Key: ESCAPE
Stage Style: DECORATED
Scene Factory: class com.almasb.fxgl.app.scene.SceneFactory

17:04:29.416 [JavaFX Application Thread] DEBUG FXGLApplication      - Initializing FXGL
17:04:29.420 [JavaFX Application Thread] INFO  Engine               - FXGL-21.1 (27.03.2024 07.52) on WINDOWS (J:21.0.3 FX:21)
17:04:29.420 [JavaFX Application Thread] DEBUG Engine               - JRE Vendor Name: Oracle Corporation
17:04:29.420 [JavaFX Application Thread] DEBUG Engine               - Running on OS: Windows 11 version 10.0
17:04:29.420 [JavaFX Application Thread] DEBUG Engine               - Architecture: amd64
17:04:29.420 [JavaFX Application Thread] INFO  Engine               - Source code and latest versions at: https://github.com/AlmasB/FXGL
17:04:29.421 [JavaFX Application Thread] INFO  Engine               -       Ask questions and discuss at: https://github.com/AlmasB/FXGL/discussions
17:04:29.421 [JavaFX Application Thread] INFO  Engine               -              Join the FXGL chat at: https://gitter.im/AlmasB/FXGL
17:04:29.479 [JavaFX Application Thread] DEBUG PrimaryStageWindow   - Creating a JavaFX scene
17:04:29.513 [JavaFX Application Thread] DEBUG PrimaryStageWindow   - Target settings size: 800.0 x 600.0
17:04:29.513 [JavaFX Application Thread] DEBUG PrimaryStageWindow   - Scaled scene size:    800.0 x 600.0
17:04:29.513 [JavaFX Application Thread] DEBUG PrimaryStageWindow   - Scaled ratio: (1.0, 1.0)
17:04:29.514 [JavaFX Application Thread] DEBUG PrimaryStageWindow   - Set initial scene to FXGLStartupScene
17:04:29.516 [JavaFX Application Thread] DEBUG PrimaryStageWindow   - Opening main window
17:04:29.577 [JavaFX Application Thread] DEBUG PrimaryStageWindow   - Window border size: (14.4000244140625, 37.5999755859375)
17:04:29.578 [JavaFX Application Thread] DEBUG PrimaryStageWindow   - Scaled size: 800.0 x 600.0
17:04:29.578 [JavaFX Application Thread] DEBUG PrimaryStageWindow   - Scaled ratio: (1.0, 1.0)
17:04:29.578 [JavaFX Application Thread] DEBUG PrimaryStageWindow   - Scene size: 800.0 x 600.0
17:04:29.579 [JavaFX Application Thread] DEBUG PrimaryStageWindow   - Stage size: 814.4000244140625 x 637.5999755859375
17:04:29.585 [FXGL Background Thread 1 ] DEBUG Engine               - Initializing environment variables
17:04:29.635 [FXGL Background Thread 1 ] DEBUG FXGLAssetLoaderServi - User app class for loading assets: class com.xen.rzlgame.rzl.HelloApplication
17:04:29.635 [FXGL Background Thread 1 ] DEBUG GameApplicationServi - Applying CSS: fxgl_dark.css
17:04:29.636 [FXGL Background Thread 1 ] DEBUG FXGLAssetLoaderServi - Loading from file system: jar:file:///C:/Users/acer/.m2/repository/com/github/almasb/fxgl/21.1/fxgl-21.1.jar!/fxglassets/ui/css/fxgl_dark.css
17:04:29.679 [FXGL Background Thread 1 ] DEBUG GameApplicationServi - Initializing application scenes
17:04:29.743 [FXGL Background Thread 1 ] DEBUG GameWorld            - Game world initialized
17:04:29.788 [FXGL Background Thread 1 ] DEBUG PhysicsWorld         - Physics world initialized: appHeight=600, physics.ppm=50.0
17:04:29.788 [FXGL Background Thread 1 ] DEBUG PhysicsWorld         - Using strategy: BRUTE_FORCE
17:04:29.792 [FXGL Background Thread 1 ] DEBUG GameScene            - Game scene initialized: 800x600
17:04:29.799 [FXGL Background Thread 1 ] DEBUG FXGL.DefaultMenu     - createMenuBodyGameMenu()
17:04:29.807 [FXGL Background Thread 1 ] DEBUG FXGL.DefaultMenu     - createOptionsMenu()
17:04:29.814 [FXGL Background Thread 1 ] DEBUG FXGLAssetLoaderServi - Loading from file system: jar:file:///C:/Users/acer/.m2/repository/com/github/almasb/fxgl/21.1/fxgl-21.1.jar!/fxglassets/textures/particles/smoke.png
17:04:29.911 [FXGL Background Thread 1 ] DEBUG FXGLAssetLoaderServi - Loading from file system: jar:file:///C:/Users/acer/.m2/repository/com/github/almasb/fxgl/21.1/fxgl-21.1.jar!/fxglassets/textures/particles/trace_horizontal.png
17:04:29.932 [FXGL Background Thread 1 ] DEBUG GameApplicationServi - Application scenes initialized
17:04:29.944 [FXGL Background Thread 1 ] DEBUG SystemBundleService  - Loading FXGL system data
17:04:29.947 [FXGL Background Thread 1 ] DEBUG FileSystemAccess     - Reading from: C:\Users\acer\IdeaProjects\RZL\system\fxgl.bundle
17:04:29.954 [FXGL Background Thread 1 ] DEBUG SystemBundleService  - Bundle FXGL: {}
17:04:29.955 [FXGL Background Thread 1 ] DEBUG UpdaterService       - Checking for updates
17:04:29.958 [FXGL Background Thread 4 ] DEBUG FXGLApplication      - Loading fonts
17:04:29.959 [FXGL Background Thread 4 ] DEBUG FXGLAssetLoaderServi - Loading from file system: jar:file:///C:/Users/acer/.m2/repository/com/github/almasb/fxgl/21.1/fxgl-21.1.jar!/fxglassets/ui/fonts/VarelaRound-Regular.ttf
17:04:29.961 [FXGL Background Thread 1 ] DEBUG FXGLApplication      - Loading default localization
17:04:29.961 [FXGL Background Thread 1 ] DEBUG FXGLAssetLoaderServi - Loading from file system: jar:file:///C:/Users/acer/.m2/repository/com/github/almasb/fxgl/21.1/fxgl-21.1.jar!/fxglassets/languages/english.lang
17:04:30.005 [FXGL Background Thread 4 ] DEBUG FXGLAssetLoaderServi - Loading from file system: jar:file:///C:/Users/acer/.m2/repository/com/github/almasb/fxgl/21.1/fxgl-21.1.jar!/fxglassets/ui/fonts/Abel-Regular.ttf
17:04:30.008 [FXGL Background Thread 4 ] DEBUG FXGLAssetLoaderServi - Loading from file system: jar:file:///C:/Users/acer/.m2/repository/com/github/almasb/fxgl/21.1/fxgl-21.1.jar!/fxglassets/ui/fonts/TerminalLandMono-Regular.otf
17:04:30.012 [FXGL Background Thread 4 ] DEBUG FXGLAssetLoaderServi - Loading from file system: jar:file:///C:/Users/acer/.m2/repository/com/github/almasb/fxgl/21.1/fxgl-21.1.jar!/fxglassets/ui/fonts/Courier-Prime.ttf
17:04:30.019 [JavaFX Application Thread] DEBUG FXGLApplication      - Registering font factories with UI factory
17:04:30.021 [FXGL Background Thread 1 ] INFO  FXGLApplication      - FXGL initialization took: 0.437 sec
17:04:30.022 [JavaFX Application Thread] DEBUG FXGLAssetLoaderServi - Loading from file system: jar:file:///C:/Users/acer/.m2/repository/com/github/almasb/fxgl/21.1/fxgl-21.1.jar!/fxglassets/textures/fxgl_icon.png
17:04:30.040 [JavaFX Application Thread] DEBUG FXGLAssetLoaderServi - Loading from file system: jar:file:///C:/Users/acer/.m2/repository/com/github/almasb/fxgl/21.1/fxgl-21.1.jar!/fxglassets/textures/fxgl_default_cursor.png
17:04:30.058 [JavaFX Application Thread] DEBUG Input                - Registered new binding: Screenshot - CTRL+8
17:04:30.060 [JavaFX Application Thread] DEBUG Input                - Registered new binding: System info dump - CTRL+9
17:04:30.061 [JavaFX Application Thread] DEBUG Input                - Registered new binding: Restart - CTRL+R
17:04:30.062 [JavaFX Application Thread] DEBUG Input                - Registered new binding: Toggle Debug Camera - CTRL+7
17:04:30.067 [JavaFX Application Thread] DEBUG LoopRunner           - Starting loop
17:04:30.067 [JavaFX Application Thread] DEBUG LoopRunner           - Initializing JavaFX AnimationTimerLoop
17:04:30.070 [JavaFX Application Thread] DEBUG GameApplicationServi - Starting new game
17:04:30.070 [JavaFX Application Thread] DEBUG Input                - Clearing active input actions
17:04:30.082 [JavaFX Application Thread] DEBUG GameApplicationServi - Removing overlay from FXGLStartupScene and adding to FXGLLoadingScene
17:04:30.083 [JavaFX Application Thread] DEBUG PrimaryStageWindow   - FXGLStartupScene -> FXGLLoadingScene
17:04:30.083 [JavaFX Application Thread] DEBUG GameApplicationServi - Clearing previous game
17:04:30.083 [JavaFX Application Thread] DEBUG GameScene            - Clearing game scene
17:04:30.083 [JavaFX Application Thread] DEBUG GameWorld            - Clearing game world
17:04:30.083 [JavaFX Application Thread] DEBUG PhysicsWorld         - Clearing physics world
17:04:30.085 [FXGL Background Thread 1 ] DEBUG FXGLApplication      - Initializing game
17:04:30.174 [FXGL Background Thread 1 ] WARN  GameWorld            - Entity is already attached to world
17:04:30.177 [FXGL Background Thread 1 ] WARN  GameWorld            - Entity is already attached to world
17:04:30.178 [FXGL Background Thread 1 ] WARN  GameWorld            - Entity is already attached to world
17:04:30.178 [FXGL Background Thread 1 ] WARN  Entity               - Entity already has component: com.almasb.fxgl.entity.components.CollidableComponent
17:04:30.179 [FXGL Background Thread 1 ] WARN  GameWorld            - Entity is already attached to world
17:04:30.191 [FXGL Background Thread 1 ] DEBUG Input                - Registered new binding: Move D - D
17:04:30.191 [FXGL Background Thread 1 ] DEBUG Input                - Registered new binding: Move A - A
17:04:30.195 [FXGL Background Thread 1 ] DEBUG Input                - Registered new binding: Player Attack - LMB
17:04:30.196 [FXGL Background Thread 1 ] DEBUG Input                - Registered new binding: Player Parry - RMB
17:04:30.196 [FXGL Background Thread 1 ] DEBUG Input                - Registered new binding: Jump - Space
17:04:30.200 [FXGL Background Thread 1 ] DEBUG Input                - Registered new binding: Interact - Z
17:04:30.200 [FXGL Background Thread 1 ] INFO  FXGLApplication      - Game initialization took: 0.115 sec
17:04:30.245 [JavaFX Application Thread] DEBUG Input                - Clearing active input actions
17:04:30.251 [JavaFX Application Thread] DEBUG GameApplicationServi - Removing overlay from FXGLLoadingScene and adding to GameScene
17:04:30.251 [JavaFX Application Thread] DEBUG PrimaryStageWindow   - FXGLLoadingScene -> GameScene
17:04:30.535 [JavaFX Application Thread] DEBUG FXGLAssetLoaderServi - Loading from file system: file:/C:/Users/acer/IdeaProjects/RZL/target/classes/assets/text/maria.txt
17:04:30.541 [JavaFX Application Thread] DEBUG Input                - Registered new binding: Next RPG Line - Enter
17:04:30.541 [JavaFX Application Thread] DEBUG PrimaryStageWindow   - Push state: CutsceneScene
17:04:30.542 [JavaFX Application Thread] DEBUG Input                - Clearing active input actions
17:04:30.543 [JavaFX Application Thread] DEBUG GameApplicationServi - Removing overlay from GameScene and adding to CutsceneScene
17:04:30.544 [JavaFX Application Thread] DEBUG PrimaryStageWindow   - GameScene -> CutsceneScene
17:04:32.859 [JavaFX Application Thread] DEBUG PrimaryStageWindow   - Pop state: CutsceneScene
17:04:32.859 [JavaFX Application Thread] DEBUG Input                - Clearing active input actions
17:04:32.859 [JavaFX Application Thread] DEBUG GameApplicationServi - Removing overlay from CutsceneScene and adding to GameScene
17:04:32.859 [JavaFX Application Thread] DEBUG PrimaryStageWindow   - GameScene <- CutsceneScene
17:04:32.957 [FXGL Background Thread 3 ] DEBUG Engine               - Logging environment variables
17:04:32.957 [FXGL Background Thread 3 ] DEBUG Engine               - achievements: []
17:04:32.958 [FXGL Background Thread 3 ] DEBUG Engine               - actualHeight: 600.0
17:04:32.958 [FXGL Background Thread 3 ] DEBUG Engine               - actualHeightProperty: ReadOnlyDoubleProperty [value: 600.0]
17:04:32.958 [FXGL Background Thread 3 ] DEBUG Engine               - actualWidth: 800.0
17:04:32.959 [FXGL Background Thread 3 ] DEBUG Engine               - actualWidthProperty: ReadOnlyDoubleProperty [value: 800.0]
17:04:32.959 [FXGL Background Thread 3 ] DEBUG Engine               - appIcon: fxgl_icon.png
17:04:32.959 [FXGL Background Thread 3 ] DEBUG Engine               - applicationMode: DEVELOPER
17:04:32.959 [FXGL Background Thread 3 ] DEBUG Engine               - cSSList: [fxgl_dark.css]
17:04:32.959 [FXGL Background Thread 3 ] DEBUG Engine               - collisionDetectionStrategy: BRUTE_FORCE
17:04:32.959 [FXGL Background Thread 3 ] DEBUG Engine               - configClass: Optional.empty
17:04:32.959 [FXGL Background Thread 3 ] DEBUG Engine               - credits: []
17:04:32.960 [FXGL Background Thread 3 ] DEBUG Engine               - defaultCursor: CursorInfo(imageName=fxgl_default_cursor.png, hotspotX=7.0, hotspotY=6.0)
17:04:32.960 [FXGL Background Thread 3 ] DEBUG Engine               - devBBoxColorProperty: ObjectProperty [value: 0xff0000ff]
17:04:32.960 [FXGL Background Thread 3 ] DEBUG Engine               - devEnableDebugCameraProperty: BooleanProperty [value: false]
17:04:32.960 [FXGL Background Thread 3 ] DEBUG Engine               - devSensorColorProperty: ObjectProperty [value: 0xffff00ff]
17:04:32.960 [FXGL Background Thread 3 ] DEBUG Engine               - devShowBBoxProperty: BooleanProperty [value: false]
17:04:32.960 [FXGL Background Thread 3 ] DEBUG Engine               - devShowPositionProperty: BooleanProperty [value: false]
17:04:32.960 [FXGL Background Thread 3 ] DEBUG Engine               - enabledMenuItems: []
17:04:32.960 [FXGL Background Thread 3 ] DEBUG Engine               - engineServices: [class com.almasb.fxgl.app.services.FXGLAssetLoaderService, class com.almasb.fxgl.app.FXGLApplication$GameApplicationService, class com.almasb.fxgl.app.services.FXGLDialogService, class com.almasb.fxgl.app.services.IOTaskExecutorService, class com.almasb.fxgl.io.FileSystemService, class com.almasb.fxgl.localization.LocalizationService, class com.almasb.fxgl.app.services.SystemBundleService, class com.almasb.fxgl.profile.SaveLoadService, class com.almasb.fxgl.ui.FXGLUIFactoryServiceProvider, class com.almasb.fxgl.ui.FXGLDialogFactoryServiceProvider, class com.almasb.fxgl.audio.AudioPlayer, class com.almasb.fxgl.notification.impl.NotificationServiceProvider, class com.almasb.fxgl.achievement.AchievementService, class com.almasb.fxgl.cutscene.CutsceneService, class com.almasb.fxgl.minigames.MiniGameService, class com.almasb.fxgl.net.NetService, class com.almasb.fxgl.app.services.UpdaterService, class com.almasb.fxgl.dev.DevService]
17:04:32.961 [FXGL Background Thread 3 ] DEBUG Engine               - fontGame: Abel-Regular.ttf
17:04:32.961 [FXGL Background Thread 3 ] DEBUG Engine               - fontMono: TerminalLandMono-Regular.otf
17:04:32.961 [FXGL Background Thread 3 ] DEBUG Engine               - fontSizeScaleUI: 1.0
17:04:32.961 [FXGL Background Thread 3 ] DEBUG Engine               - fontText: Courier-Prime.ttf
17:04:32.961 [FXGL Background Thread 3 ] DEBUG Engine               - fontUI: VarelaRound-Regular.ttf
17:04:32.961 [FXGL Background Thread 3 ] DEBUG Engine               - fullScreen: BooleanProperty [value: false]
17:04:32.961 [FXGL Background Thread 3 ] DEBUG Engine               - gameDifficulty: MEDIUM
17:04:32.961 [FXGL Background Thread 3 ] DEBUG Engine               - gameDifficultyProperty: ObjectProperty [value: MEDIUM]
17:04:32.961 [FXGL Background Thread 3 ] DEBUG Engine               - globalMusicVolume: 0.5
17:04:32.961 [FXGL Background Thread 3 ] DEBUG Engine               - globalMusicVolumeProperty: DoubleProperty [value: 0.5]
17:04:32.961 [FXGL Background Thread 3 ] DEBUG Engine               - globalSoundVolume: 0.5
17:04:32.961 [FXGL Background Thread 3 ] DEBUG Engine               - globalSoundVolumeProperty: DoubleProperty [value: 0.5]
17:04:32.962 [FXGL Background Thread 3 ] DEBUG Engine               - height: 600
17:04:32.962 [FXGL Background Thread 3 ] DEBUG Engine               - is3D: false
17:04:32.962 [FXGL Background Thread 3 ] DEBUG Engine               - isAndroid: false
17:04:32.962 [FXGL Background Thread 3 ] DEBUG Engine               - isBrowser: false
17:04:32.962 [FXGL Background Thread 3 ] DEBUG Engine               - isClickFeedbackEnabled: false
17:04:32.962 [FXGL Background Thread 3 ] DEBUG Engine               - isCloseConfirmation: false
17:04:32.962 [FXGL Background Thread 3 ] DEBUG Engine               - isDesktop: true
17:04:32.962 [FXGL Background Thread 3 ] DEBUG Engine               - isDeveloperMenuEnabled: false
17:04:32.962 [FXGL Background Thread 3 ] DEBUG Engine               - isEmbedded: false
17:04:32.962 [FXGL Background Thread 3 ] DEBUG Engine               - isEntityPreloadEnabled: true
17:04:32.962 [FXGL Background Thread 3 ] DEBUG Engine               - isExperimentalTiledLargeMap: false
17:04:32.962 [FXGL Background Thread 3 ] DEBUG Engine               - isFileSystemWriteAllowed: true
17:04:32.962 [FXGL Background Thread 3 ] DEBUG Engine               - isFullScreenAllowed: false
17:04:32.962 [FXGL Background Thread 3 ] DEBUG Engine               - isFullScreenFromStart: false
17:04:32.963 [FXGL Background Thread 3 ] DEBUG Engine               - isGameMenuEnabled: true
17:04:32.963 [FXGL Background Thread 3 ] DEBUG Engine               - isIOS: false
17:04:32.963 [FXGL Background Thread 3 ] DEBUG Engine               - isIntroEnabled: false
17:04:32.963 [FXGL Background Thread 3 ] DEBUG Engine               - isLinux: false
17:04:32.963 [FXGL Background Thread 3 ] DEBUG Engine               - isMac: false
17:04:32.963 [FXGL Background Thread 3 ] DEBUG Engine               - isMainMenuEnabled: false
17:04:32.963 [FXGL Background Thread 3 ] DEBUG Engine               - isManualResizeEnabled: false
17:04:32.963 [FXGL Background Thread 3 ] DEBUG Engine               - isMobile: false
17:04:32.963 [FXGL Background Thread 3 ] DEBUG Engine               - isNative: false
17:04:32.963 [FXGL Background Thread 3 ] DEBUG Engine               - isPauseMusicWhenMinimized: true
17:04:32.963 [FXGL Background Thread 3 ] DEBUG Engine               - isPreserveResizeRatio: false
17:04:32.963 [FXGL Background Thread 3 ] DEBUG Engine               - isProfilingEnabled: false
17:04:32.963 [FXGL Background Thread 3 ] DEBUG Engine               - isScaleAffectedOnResize: true
17:04:32.963 [FXGL Background Thread 3 ] DEBUG Engine               - isSingleStep: false
17:04:32.963 [FXGL Background Thread 3 ] DEBUG Engine               - isUserProfileEnabled: false
17:04:32.963 [FXGL Background Thread 3 ] DEBUG Engine               - isWindows: true
17:04:32.963 [FXGL Background Thread 3 ] DEBUG Engine               - language: ObjectProperty [value: ENGLISH]
17:04:32.963 [FXGL Background Thread 3 ] DEBUG Engine               - menuKey: ESCAPE
17:04:32.963 [FXGL Background Thread 3 ] DEBUG Engine               - mouseSensitivity: 0.2
17:04:32.963 [FXGL Background Thread 3 ] DEBUG Engine               - notificationViewClass: class com.almasb.fxgl.notification.view.XboxNotificationView
17:04:32.963 [FXGL Background Thread 3 ] DEBUG Engine               - pixelsPerMeter: 50.0
17:04:32.963 [FXGL Background Thread 3 ] DEBUG Engine               - platform: WINDOWS
17:04:32.963 [FXGL Background Thread 3 ] DEBUG Engine               - prefHeightProperty: ReadOnlyDoubleProperty [value: 600.0]
17:04:32.963 [FXGL Background Thread 3 ] DEBUG Engine               - prefWidthProperty: ReadOnlyDoubleProperty [value: 800.0]
17:04:32.963 [FXGL Background Thread 3 ] DEBUG Engine               - profileDir: profiles/
17:04:32.963 [FXGL Background Thread 3 ] DEBUG Engine               - profileName: StringProperty [value: DEFAULT]
17:04:32.963 [FXGL Background Thread 3 ] DEBUG Engine               - randomSeed: -1
17:04:32.963 [FXGL Background Thread 3 ] DEBUG Engine               - runtimeInfo: RuntimeInfo(platform=WINDOWS, version=21.1, build=27.03.2024 07.52)
17:04:32.963 [FXGL Background Thread 3 ] DEBUG Engine               - saveFileExt: sav
17:04:32.963 [FXGL Background Thread 3 ] DEBUG Engine               - scaledHeightProp$fxgl: DoubleProperty [bound, value: 600.0]
17:04:32.963 [FXGL Background Thread 3 ] DEBUG Engine               - scaledWidthProp$fxgl: DoubleProperty [bound, value: 800.0]
17:04:32.963 [FXGL Background Thread 3 ] DEBUG Engine               - sceneFactory: com.almasb.fxgl.app.scene.SceneFactory@3f4cc051
17:04:32.963 [FXGL Background Thread 3 ] DEBUG Engine               - secondsIn24h: 60
17:04:32.964 [FXGL Background Thread 3 ] DEBUG Engine               - soundMenuBack: menu/back.wav
17:04:32.964 [FXGL Background Thread 3 ] DEBUG Engine               - soundMenuPress: menu/press.wav
17:04:32.964 [FXGL Background Thread 3 ] DEBUG Engine               - soundMenuSelect: menu/select.wav
17:04:32.964 [FXGL Background Thread 3 ] DEBUG Engine               - soundNotification: core/notification.wav
17:04:32.964 [FXGL Background Thread 3 ] DEBUG Engine               - stageStyle: DECORATED
17:04:32.964 [FXGL Background Thread 3 ] DEBUG Engine               - supportedLanguages: [ENGLISH, FRENCH, GERMAN, HUNGARIAN, RUSSIAN]
17:04:32.964 [FXGL Background Thread 3 ] DEBUG Engine               - ticksPerSecond: -1
17:04:32.964 [FXGL Background Thread 3 ] DEBUG Engine               - title: Untitled
17:04:32.964 [FXGL Background Thread 3 ] DEBUG Engine               - urlGithub: https://github.com/AlmasB/FXGL
17:04:32.964 [FXGL Background Thread 3 ] DEBUG Engine               - urlLeaderboard: http://fxgl-top.herokuapp.com/
17:04:32.964 [FXGL Background Thread 3 ] DEBUG Engine               - urlPOM: https://raw.githubusercontent.com/AlmasB/FXGL/release/README.md
17:04:32.964 [FXGL Background Thread 3 ] DEBUG Engine               - userAppClass: class com.xen.rzlgame.rzl.HelloApplication
17:04:32.964 [FXGL Background Thread 3 ] DEBUG Engine               - version: 0.0
17:04:32.964 [FXGL Background Thread 3 ] DEBUG Engine               - versionCheckDays: 7
17:04:32.964 [FXGL Background Thread 3 ] DEBUG Engine               - width: 800
17:04:32.964 [FXGL Background Thread 3 ] DEBUG Engine               - Logging services
17:04:32.964 [FXGL Background Thread 3 ] DEBUG Engine               - class com.almasb.fxgl.app.services.FXGLAssetLoaderService
17:04:32.964 [FXGL Background Thread 3 ] DEBUG Engine               - class com.almasb.fxgl.app.FXGLApplication$GameApplicationService
17:04:32.964 [FXGL Background Thread 3 ] DEBUG Engine               - class com.almasb.fxgl.app.services.FXGLDialogService
17:04:32.964 [FXGL Background Thread 3 ] DEBUG Engine               - class com.almasb.fxgl.app.services.IOTaskExecutorService
17:04:32.964 [FXGL Background Thread 3 ] DEBUG Engine               - class com.almasb.fxgl.io.FileSystemService
17:04:32.964 [FXGL Background Thread 3 ] DEBUG Engine               - class com.almasb.fxgl.localization.LocalizationService
17:04:32.964 [FXGL Background Thread 3 ] DEBUG Engine               - class com.almasb.fxgl.app.services.SystemBundleService
17:04:32.964 [FXGL Background Thread 3 ] DEBUG Engine               - class com.almasb.fxgl.profile.SaveLoadService
17:04:32.964 [FXGL Background Thread 3 ] DEBUG Engine               - class com.almasb.fxgl.ui.FXGLUIFactoryServiceProvider
17:04:32.964 [FXGL Background Thread 3 ] DEBUG Engine               - class com.almasb.fxgl.ui.FXGLDialogFactoryServiceProvider
17:04:32.964 [FXGL Background Thread 3 ] DEBUG Engine               - class com.almasb.fxgl.audio.AudioPlayer
17:04:32.964 [FXGL Background Thread 3 ] DEBUG Engine               - class com.almasb.fxgl.notification.impl.NotificationServiceProvider
17:04:32.964 [FXGL Background Thread 3 ] DEBUG Engine               - class com.almasb.fxgl.achievement.AchievementService
17:04:32.964 [FXGL Background Thread 3 ] DEBUG Engine               - class com.almasb.fxgl.cutscene.CutsceneService
17:04:32.964 [FXGL Background Thread 3 ] DEBUG Engine               - class com.almasb.fxgl.minigames.MiniGameService
17:04:32.964 [FXGL Background Thread 3 ] DEBUG Engine               - class com.almasb.fxgl.net.NetService
17:04:32.964 [FXGL Background Thread 3 ] DEBUG Engine               - class com.almasb.fxgl.app.services.UpdaterService
17:04:32.964 [FXGL Background Thread 3 ] DEBUG Engine               - class com.almasb.fxgl.dev.DevService
17:04:33.323 [JavaFX Application Thread] WARN  FXGLAssetLoaderServi - Asset "/assets/text/elias.txt" was not found!
17:04:33.324 [JavaFX Application Thread] WARN  FXGLAssetLoaderServi - Failed to load TEXT
17:04:33.324 [JavaFX Application Thread] DEBUG PrimaryStageWindow   - Push state: CutsceneScene
17:04:33.324 [JavaFX Application Thread] DEBUG Input                - Clearing active input actions
17:04:33.324 [JavaFX Application Thread] DEBUG GameApplicationServi - Removing overlay from GameScene and adding to CutsceneScene
17:04:33.324 [JavaFX Application Thread] DEBUG PrimaryStageWindow   - GameScene -> CutsceneScene
17:04:33.698 [JavaFX Application Thread] DEBUG PrimaryStageWindow   - Pop state: CutsceneScene
17:04:33.698 [JavaFX Application Thread] DEBUG Input                - Clearing active input actions
17:04:33.698 [JavaFX Application Thread] DEBUG GameApplicationServi - Removing overlay from CutsceneScene and adding to GameScene
17:04:33.698 [JavaFX Application Thread] DEBUG PrimaryStageWindow   - GameScene <- CutsceneScene
17:05:47.182 [JavaFX Application Thread] DEBUG FXGLApplication      - Exiting FXGL
17:05:47.182 [JavaFX Application Thread] DEBUG LoopRunner           - Stopping loop
17:05:47.182 [JavaFX Application Thread] DEBUG SystemBundleService  - Saving FXGL system data
17:05:47.184 [JavaFX Application Thread] DEBUG FileSystemAccess     - Writing to: C:\Users\acer\IdeaProjects\RZL\system\fxgl.bundle
17:05:47.186 [JavaFX Application Thread] DEBUG Async                - Shutting down background threads
17:05:47.186 [JavaFX Application Thread] DEBUG PrimaryStageWindow   - Closing main window
17:05:47.200 [JavaFX Application Thread] DEBUG Logger               - Closing Logger
