01:46:22.426 [main                     ] DEBUG Logger               - Configured Logger
01:46:22.453 [main                     ] DEBUG GameApplication      - Logging settings
Title: Untitled
Version: 0.0
Width: 800
Height: 600
Fullscreen: false
Intro: false
Profiling: false
Single step:false
App Mode: DEVELOPER
Menu Key: ESCAPE
Stage Style: DECORATED
Scene Factory: class com.almasb.fxgl.app.scene.SceneFactory

01:46:22.750 [JavaFX Application Thread] DEBUG FXGLApplication      - Initializing FXGL
01:46:22.753 [JavaFX Application Thread] INFO  Engine               - FXGL-17.3 (30.03.2023 11.49) on WINDOWS (J:21.0.3 FX:21)
01:46:22.753 [JavaFX Application Thread] DEBUG Engine               - JRE Vendor Name: Oracle Corporation
01:46:22.754 [JavaFX Application Thread] DEBUG Engine               - Running on OS: Windows 11 version 10.0
01:46:22.754 [JavaFX Application Thread] DEBUG Engine               - Architecture: amd64
01:46:22.754 [JavaFX Application Thread] INFO  Engine               - Source code and latest versions at: https://github.com/AlmasB/FXGL
01:46:22.754 [JavaFX Application Thread] INFO  Engine               -       Ask questions and discuss at: https://github.com/AlmasB/FXGL/discussions
01:46:22.754 [JavaFX Application Thread] INFO  Engine               -              Join the FXGL chat at: https://gitter.im/AlmasB/FXGL
01:46:22.815 [JavaFX Application Thread] DEBUG PrimaryStageWindow   - Creating a JavaFX scene
01:46:22.854 [JavaFX Application Thread] DEBUG PrimaryStageWindow   - Target settings size: 800.0 x 600.0
01:46:22.854 [JavaFX Application Thread] DEBUG PrimaryStageWindow   - Scaled scene size:    800.0 x 600.0
01:46:22.855 [JavaFX Application Thread] DEBUG PrimaryStageWindow   - Scaled ratio: (1.0, 1.0)
01:46:22.856 [JavaFX Application Thread] DEBUG PrimaryStageWindow   - Set initial scene to FXGLStartupScene
01:46:22.858 [JavaFX Application Thread] DEBUG PrimaryStageWindow   - Opening main window
01:46:22.921 [JavaFX Application Thread] DEBUG PrimaryStageWindow   - Window border size: (14.4000244140625, 37.5999755859375)
01:46:22.921 [JavaFX Application Thread] DEBUG PrimaryStageWindow   - Scaled size: 800.0 x 600.0
01:46:22.921 [JavaFX Application Thread] DEBUG PrimaryStageWindow   - Scaled ratio: (1.0, 1.0)
01:46:22.921 [JavaFX Application Thread] DEBUG PrimaryStageWindow   - Scene size: 800.0 x 600.0
01:46:22.922 [JavaFX Application Thread] DEBUG PrimaryStageWindow   - Stage size: 814.4000244140625 x 637.5999755859375
01:46:22.928 [FXGL Background Thread 1 ] DEBUG Engine               - Initializing environment variables
01:46:22.976 [FXGL Background Thread 1 ] DEBUG FXGLAssetLoaderServi - User app class for loading assets: class com.xen.rzlgame.rzl.HelloApplication
01:46:22.976 [FXGL Background Thread 1 ] DEBUG GameApplicationServi - Applying CSS: fxgl_dark.css
01:46:22.977 [FXGL Background Thread 1 ] DEBUG FXGLAssetLoaderServi - Loading from file system: jar:file:///C:/Users/acer/.m2/repository/com/github/almasb/fxgl/17.3/fxgl-17.3.jar!/fxglassets/ui/css/fxgl_dark.css
01:46:23.034 [FXGL Background Thread 1 ] DEBUG GameApplicationServi - Initializing application scenes
01:46:23.092 [FXGL Background Thread 1 ] DEBUG GameWorld            - Game world initialized
01:46:23.145 [FXGL Background Thread 1 ] DEBUG PhysicsWorld         - Physics world initialized: appHeight=600, physics.ppm=50.0
01:46:23.145 [FXGL Background Thread 1 ] DEBUG PhysicsWorld         - Using strategy: BRUTE_FORCE
01:46:23.149 [FXGL Background Thread 1 ] DEBUG GameScene            - Game scene initialized: 800x600
01:46:23.157 [FXGL Background Thread 1 ] DEBUG FXGL.DefaultMenu     - createMenuBodyGameMenu()
01:46:23.165 [FXGL Background Thread 1 ] DEBUG FXGL.DefaultMenu     - createOptionsMenu()
01:46:23.172 [FXGL Background Thread 1 ] DEBUG FXGLAssetLoaderServi - Loading from file system: jar:file:///C:/Users/acer/.m2/repository/com/github/almasb/fxgl/17.3/fxgl-17.3.jar!/fxglassets/textures/particles/smoke.png
01:46:23.266 [FXGL Background Thread 1 ] DEBUG FXGLAssetLoaderServi - Loading from file system: jar:file:///C:/Users/acer/.m2/repository/com/github/almasb/fxgl/17.3/fxgl-17.3.jar!/fxglassets/textures/particles/trace_horizontal.png
01:46:23.287 [FXGL Background Thread 1 ] DEBUG GameApplicationServi - Application scenes initialized
01:46:23.297 [FXGL Background Thread 1 ] DEBUG SystemBundleService  - Loading FXGL system data
01:46:23.301 [FXGL Background Thread 1 ] DEBUG FileSystemAccess     - Reading from: C:\Users\acer\IdeaProjects\RZL\system\fxgl.bundle
01:46:23.307 [FXGL Background Thread 1 ] DEBUG SystemBundleService  - Bundle FXGL: {}
01:46:23.307 [FXGL Background Thread 1 ] DEBUG UpdaterService       - Checking for updates
01:46:23.310 [FXGL Background Thread 4 ] DEBUG FXGLApplication      - Loading fonts
01:46:23.310 [FXGL Background Thread 4 ] DEBUG FXGLAssetLoaderServi - Loading from file system: jar:file:///C:/Users/acer/.m2/repository/com/github/almasb/fxgl/17.3/fxgl-17.3.jar!/fxglassets/ui/fonts/VarelaRound-Regular.ttf
01:46:23.310 [FXGL Background Thread 1 ] DEBUG FXGLApplication      - Loading default localization
01:46:23.311 [FXGL Background Thread 1 ] DEBUG FXGLAssetLoaderServi - Loading from file system: jar:file:///C:/Users/acer/.m2/repository/com/github/almasb/fxgl/17.3/fxgl-17.3.jar!/fxglassets/languages/english.lang
01:46:23.344 [FXGL Background Thread 4 ] DEBUG FXGLAssetLoaderServi - Loading from file system: jar:file:///C:/Users/acer/.m2/repository/com/github/almasb/fxgl/17.3/fxgl-17.3.jar!/fxglassets/ui/fonts/Abel-Regular.ttf
01:46:23.347 [FXGL Background Thread 4 ] DEBUG FXGLAssetLoaderServi - Loading from file system: jar:file:///C:/Users/acer/.m2/repository/com/github/almasb/fxgl/17.3/fxgl-17.3.jar!/fxglassets/ui/fonts/TerminalLandMono-Regular.otf
01:46:23.351 [FXGL Background Thread 4 ] DEBUG FXGLAssetLoaderServi - Loading from file system: jar:file:///C:/Users/acer/.m2/repository/com/github/almasb/fxgl/17.3/fxgl-17.3.jar!/fxglassets/ui/fonts/Courier-Prime.ttf
01:46:23.359 [JavaFX Application Thread] DEBUG FXGLApplication      - Registering font factories with UI factory
01:46:23.363 [FXGL Background Thread 1 ] INFO  FXGLApplication      - FXGL initialization took: 0.435 sec
01:46:23.364 [JavaFX Application Thread] DEBUG FXGLAssetLoaderServi - Loading from file system: jar:file:///C:/Users/acer/.m2/repository/com/github/almasb/fxgl/17.3/fxgl-17.3.jar!/fxglassets/textures/fxgl_icon.png
01:46:23.378 [JavaFX Application Thread] DEBUG FXGLAssetLoaderServi - Loading from file system: jar:file:///C:/Users/acer/.m2/repository/com/github/almasb/fxgl/17.3/fxgl-17.3.jar!/fxglassets/textures/fxgl_default_cursor.png
01:46:23.392 [JavaFX Application Thread] DEBUG Input                - Registered new binding: Screenshot - CTRL+8
01:46:23.393 [JavaFX Application Thread] DEBUG Input                - Registered new binding: System info dump - CTRL+9
01:46:23.394 [JavaFX Application Thread] DEBUG Input                - Registered new binding: Restart - CTRL+R
01:46:23.395 [JavaFX Application Thread] DEBUG Input                - Registered new binding: Toggle Debug Camera - CTRL+7
01:46:23.399 [JavaFX Application Thread] DEBUG LoopRunner           - Starting loop
01:46:23.399 [JavaFX Application Thread] DEBUG LoopRunner           - Initializing JavaFX AnimationTimerLoop
01:46:23.401 [JavaFX Application Thread] DEBUG GameApplicationServi - Starting new game
01:46:23.402 [JavaFX Application Thread] DEBUG Input                - Clearing active input actions
01:46:23.414 [JavaFX Application Thread] DEBUG GameApplicationServi - Removing overlay from FXGLStartupScene and adding to FXGLLoadingScene
01:46:23.414 [JavaFX Application Thread] DEBUG PrimaryStageWindow   - FXGLStartupScene -> FXGLLoadingScene
01:46:23.414 [JavaFX Application Thread] DEBUG GameApplicationServi - Clearing previous game
01:46:23.414 [JavaFX Application Thread] DEBUG GameScene            - Clearing game scene
01:46:23.414 [JavaFX Application Thread] DEBUG GameWorld            - Clearing game world
01:46:23.414 [JavaFX Application Thread] DEBUG PhysicsWorld         - Clearing physics world
01:46:23.416 [FXGL Background Thread 1 ] DEBUG FXGLApplication      - Initializing game
01:46:23.497 [FXGL Background Thread 1 ] WARN  GameWorld            - Entity is already attached to world
01:46:23.500 [FXGL Background Thread 1 ] WARN  GameWorld            - Entity is already attached to world
01:46:23.505 [FXGL Background Thread 1 ] WARN  GameWorld            - Entity is already attached to world
01:46:23.507 [FXGL Background Thread 1 ] WARN  GameWorld            - Entity is already attached to world
01:46:23.513 [FXGL Background Thread 1 ] DEBUG Input                - Registered new binding: Move LEFT - Left
01:46:23.513 [FXGL Background Thread 1 ] DEBUG Input                - Registered new binding: Move UP - Up
01:46:23.513 [FXGL Background Thread 1 ] DEBUG Input                - Registered new binding: Move RIGHT - Right
01:46:23.513 [FXGL Background Thread 1 ] DEBUG Input                - Registered new binding: Move DOWN - Down
01:46:23.515 [FXGL Background Thread 1 ] DEBUG Input                - Registered new binding: Player Attack - X
01:46:23.516 [FXGL Background Thread 1 ] DEBUG Input                - Registered new binding: Interact - Z
01:46:23.517 [FXGL Background Thread 1 ] INFO  FXGLApplication      - Game initialization took: 0.100 sec
01:46:23.547 [JavaFX Application Thread] DEBUG Input                - Clearing active input actions
01:46:23.552 [JavaFX Application Thread] DEBUG GameApplicationServi - Removing overlay from FXGLLoadingScene and adding to GameScene
01:46:23.552 [JavaFX Application Thread] DEBUG PrimaryStageWindow   - FXGLLoadingScene -> GameScene
01:46:23.777 [FXGL Background Thread 2 ] INFO  UpdaterService       - Your current version:  17.3
01:46:23.777 [FXGL Background Thread 2 ] INFO  UpdaterService       - Latest stable version: 21.1
01:46:26.310 [FXGL Background Thread 3 ] DEBUG Engine               - Logging environment variables
01:46:26.311 [FXGL Background Thread 3 ] DEBUG Engine               - achievements: []
01:46:26.311 [FXGL Background Thread 3 ] DEBUG Engine               - actualHeight: 600.0
01:46:26.311 [FXGL Background Thread 3 ] DEBUG Engine               - actualHeightProperty: ReadOnlyDoubleProperty [value: 600.0]
01:46:26.311 [FXGL Background Thread 3 ] DEBUG Engine               - actualWidth: 800.0
01:46:26.311 [FXGL Background Thread 3 ] DEBUG Engine               - actualWidthProperty: ReadOnlyDoubleProperty [value: 800.0]
01:46:26.311 [FXGL Background Thread 3 ] DEBUG Engine               - appIcon: fxgl_icon.png
01:46:26.311 [FXGL Background Thread 3 ] DEBUG Engine               - applicationMode: DEVELOPER
01:46:26.311 [FXGL Background Thread 3 ] DEBUG Engine               - cSSList: [fxgl_dark.css]
01:46:26.311 [FXGL Background Thread 3 ] DEBUG Engine               - collisionDetectionStrategy: BRUTE_FORCE
01:46:26.311 [FXGL Background Thread 3 ] DEBUG Engine               - configClass: Optional.empty
01:46:26.311 [FXGL Background Thread 3 ] DEBUG Engine               - credits: []
01:46:26.312 [FXGL Background Thread 3 ] DEBUG Engine               - defaultCursor: CursorInfo(imageName=fxgl_default_cursor.png, hotspotX=7.0, hotspotY=6.0)
01:46:26.312 [FXGL Background Thread 3 ] DEBUG Engine               - devBBoxColorProperty: ObjectProperty [value: 0xff0000ff]
01:46:26.312 [FXGL Background Thread 3 ] DEBUG Engine               - devEnableDebugCameraProperty: BooleanProperty [value: false]
01:46:26.312 [FXGL Background Thread 3 ] DEBUG Engine               - devSensorColorProperty: ObjectProperty [value: 0xffff00ff]
01:46:26.312 [FXGL Background Thread 3 ] DEBUG Engine               - devShowBBoxProperty: BooleanProperty [value: false]
01:46:26.312 [FXGL Background Thread 3 ] DEBUG Engine               - devShowPositionProperty: BooleanProperty [value: false]
01:46:26.312 [FXGL Background Thread 3 ] DEBUG Engine               - enabledMenuItems: []
01:46:26.312 [FXGL Background Thread 3 ] DEBUG Engine               - engineServices: [class com.almasb.fxgl.app.services.FXGLAssetLoaderService, class com.almasb.fxgl.app.FXGLApplication$GameApplicationService, class com.almasb.fxgl.app.services.FXGLDialogService, class com.almasb.fxgl.app.services.IOTaskExecutorService, class com.almasb.fxgl.io.FileSystemService, class com.almasb.fxgl.localization.LocalizationService, class com.almasb.fxgl.app.services.SystemBundleService, class com.almasb.fxgl.profile.SaveLoadService, class com.almasb.fxgl.ui.FXGLUIFactoryServiceProvider, class com.almasb.fxgl.ui.FXGLDialogFactoryServiceProvider, class com.almasb.fxgl.audio.AudioPlayer, class com.almasb.fxgl.notification.impl.NotificationServiceProvider, class com.almasb.fxgl.achievement.AchievementService, class com.almasb.fxgl.cutscene.CutsceneService, class com.almasb.fxgl.minigames.MiniGameService, class com.almasb.fxgl.net.NetService, class com.almasb.fxgl.app.services.UpdaterService, class com.almasb.fxgl.dev.DevService]
01:46:26.312 [FXGL Background Thread 3 ] DEBUG Engine               - fontGame: Abel-Regular.ttf
01:46:26.312 [FXGL Background Thread 3 ] DEBUG Engine               - fontMono: TerminalLandMono-Regular.otf
01:46:26.312 [FXGL Background Thread 3 ] DEBUG Engine               - fontSizeScaleUI: 1.0
01:46:26.312 [FXGL Background Thread 3 ] DEBUG Engine               - fontText: Courier-Prime.ttf
01:46:26.312 [FXGL Background Thread 3 ] DEBUG Engine               - fontUI: VarelaRound-Regular.ttf
01:46:26.312 [FXGL Background Thread 3 ] DEBUG Engine               - fullScreen: BooleanProperty [value: false]
01:46:26.313 [FXGL Background Thread 3 ] DEBUG Engine               - gameDifficulty: MEDIUM
01:46:26.313 [FXGL Background Thread 3 ] DEBUG Engine               - gameDifficultyProperty: ObjectProperty [value: MEDIUM]
01:46:26.313 [FXGL Background Thread 3 ] DEBUG Engine               - globalMusicVolume: 0.5
01:46:26.313 [FXGL Background Thread 3 ] DEBUG Engine               - globalMusicVolumeProperty: DoubleProperty [value: 0.5]
01:46:26.313 [FXGL Background Thread 3 ] DEBUG Engine               - globalSoundVolume: 0.5
01:46:26.313 [FXGL Background Thread 3 ] DEBUG Engine               - globalSoundVolumeProperty: DoubleProperty [value: 0.5]
01:46:26.313 [FXGL Background Thread 3 ] DEBUG Engine               - height: 600
01:46:26.313 [FXGL Background Thread 3 ] DEBUG Engine               - is3D: false
01:46:26.313 [FXGL Background Thread 3 ] DEBUG Engine               - isAndroid: false
01:46:26.313 [FXGL Background Thread 3 ] DEBUG Engine               - isBrowser: false
01:46:26.313 [FXGL Background Thread 3 ] DEBUG Engine               - isClickFeedbackEnabled: false
01:46:26.313 [FXGL Background Thread 3 ] DEBUG Engine               - isCloseConfirmation: false
01:46:26.313 [FXGL Background Thread 3 ] DEBUG Engine               - isDesktop: true
01:46:26.313 [FXGL Background Thread 3 ] DEBUG Engine               - isDeveloperMenuEnabled: false
01:46:26.313 [FXGL Background Thread 3 ] DEBUG Engine               - isEmbedded: false
01:46:26.314 [FXGL Background Thread 3 ] DEBUG Engine               - isEntityPreloadEnabled: true
01:46:26.314 [FXGL Background Thread 3 ] DEBUG Engine               - isExperimentalTiledLargeMap: false
01:46:26.314 [FXGL Background Thread 3 ] DEBUG Engine               - isFileSystemWriteAllowed: true
01:46:26.314 [FXGL Background Thread 3 ] DEBUG Engine               - isFullScreenAllowed: false
01:46:26.314 [FXGL Background Thread 3 ] DEBUG Engine               - isFullScreenFromStart: false
01:46:26.314 [FXGL Background Thread 3 ] DEBUG Engine               - isGameMenuEnabled: true
01:46:26.314 [FXGL Background Thread 3 ] DEBUG Engine               - isIOS: false
01:46:26.314 [FXGL Background Thread 3 ] DEBUG Engine               - isIntroEnabled: false
01:46:26.314 [FXGL Background Thread 3 ] DEBUG Engine               - isLinux: false
01:46:26.314 [FXGL Background Thread 3 ] DEBUG Engine               - isMac: false
01:46:26.314 [FXGL Background Thread 3 ] DEBUG Engine               - isMainMenuEnabled: false
01:46:26.314 [FXGL Background Thread 3 ] DEBUG Engine               - isManualResizeEnabled: false
01:46:26.314 [FXGL Background Thread 3 ] DEBUG Engine               - isMobile: false
01:46:26.315 [FXGL Background Thread 3 ] DEBUG Engine               - isNative: false
01:46:26.315 [FXGL Background Thread 3 ] DEBUG Engine               - isPauseMusicWhenMinimized: true
01:46:26.315 [FXGL Background Thread 3 ] DEBUG Engine               - isPreserveResizeRatio: false
01:46:26.315 [FXGL Background Thread 3 ] DEBUG Engine               - isProfilingEnabled: false
01:46:26.315 [FXGL Background Thread 3 ] DEBUG Engine               - isScaleAffectedOnResize: true
01:46:26.315 [FXGL Background Thread 3 ] DEBUG Engine               - isSingleStep: false
01:46:26.315 [FXGL Background Thread 3 ] DEBUG Engine               - isUserProfileEnabled: false
01:46:26.315 [FXGL Background Thread 3 ] DEBUG Engine               - isWindows: true
01:46:26.315 [FXGL Background Thread 3 ] DEBUG Engine               - language: ObjectProperty [value: ENGLISH]
01:46:26.315 [FXGL Background Thread 3 ] DEBUG Engine               - menuKey: ESCAPE
01:46:26.315 [FXGL Background Thread 3 ] DEBUG Engine               - mouseSensitivity: 0.2
01:46:26.315 [FXGL Background Thread 3 ] DEBUG Engine               - notificationViewClass: class com.almasb.fxgl.notification.view.XboxNotificationView
01:46:26.315 [FXGL Background Thread 3 ] DEBUG Engine               - pixelsPerMeter: 50.0
01:46:26.315 [FXGL Background Thread 3 ] DEBUG Engine               - platform: WINDOWS
01:46:26.315 [FXGL Background Thread 3 ] DEBUG Engine               - prefHeightProperty: ReadOnlyDoubleProperty [value: 600.0]
01:46:26.315 [FXGL Background Thread 3 ] DEBUG Engine               - prefWidthProperty: ReadOnlyDoubleProperty [value: 800.0]
01:46:26.315 [FXGL Background Thread 3 ] DEBUG Engine               - profileDir: profiles/
01:46:26.315 [FXGL Background Thread 3 ] DEBUG Engine               - profileName: StringProperty [value: DEFAULT]
01:46:26.315 [FXGL Background Thread 3 ] DEBUG Engine               - randomSeed: -1
01:46:26.315 [FXGL Background Thread 3 ] DEBUG Engine               - runtimeInfo: RuntimeInfo(platform=WINDOWS, version=17.3, build=30.03.2023 11.49)
01:46:26.315 [FXGL Background Thread 3 ] DEBUG Engine               - saveFileExt: sav
01:46:26.315 [FXGL Background Thread 3 ] DEBUG Engine               - scaledHeightProp$fxgl: DoubleProperty [bound, value: 600.0]
01:46:26.315 [FXGL Background Thread 3 ] DEBUG Engine               - scaledWidthProp$fxgl: DoubleProperty [bound, value: 800.0]
01:46:26.315 [FXGL Background Thread 3 ] DEBUG Engine               - sceneFactory: com.almasb.fxgl.app.scene.SceneFactory@2c95de26
01:46:26.315 [FXGL Background Thread 3 ] DEBUG Engine               - secondsIn24h: 60
01:46:26.315 [FXGL Background Thread 3 ] DEBUG Engine               - soundMenuBack: menu/back.wav
01:46:26.315 [FXGL Background Thread 3 ] DEBUG Engine               - soundMenuPress: menu/press.wav
01:46:26.315 [FXGL Background Thread 3 ] DEBUG Engine               - soundMenuSelect: menu/select.wav
01:46:26.315 [FXGL Background Thread 3 ] DEBUG Engine               - soundNotification: core/notification.wav
01:46:26.315 [FXGL Background Thread 3 ] DEBUG Engine               - stageStyle: DECORATED
01:46:26.315 [FXGL Background Thread 3 ] DEBUG Engine               - supportedLanguages: [ENGLISH, FRENCH, GERMAN, HUNGARIAN, RUSSIAN]
01:46:26.315 [FXGL Background Thread 3 ] DEBUG Engine               - ticksPerSecond: -1
01:46:26.316 [FXGL Background Thread 3 ] DEBUG Engine               - title: Untitled
01:46:26.316 [FXGL Background Thread 3 ] DEBUG Engine               - urlGithub: https://github.com/AlmasB/FXGL
01:46:26.316 [FXGL Background Thread 3 ] DEBUG Engine               - urlLeaderboard: http://fxgl-top.herokuapp.com/
01:46:26.316 [FXGL Background Thread 3 ] DEBUG Engine               - urlPOM: https://raw.githubusercontent.com/AlmasB/FXGL/release/README.md
01:46:26.316 [FXGL Background Thread 3 ] DEBUG Engine               - userAppClass: class com.xen.rzlgame.rzl.HelloApplication
01:46:26.316 [FXGL Background Thread 3 ] DEBUG Engine               - version: 0.0
01:46:26.316 [FXGL Background Thread 3 ] DEBUG Engine               - versionCheckDays: 7
01:46:26.316 [FXGL Background Thread 3 ] DEBUG Engine               - width: 800
01:46:26.316 [FXGL Background Thread 3 ] DEBUG Engine               - Logging services
01:46:26.316 [FXGL Background Thread 3 ] DEBUG Engine               - class com.almasb.fxgl.app.services.FXGLAssetLoaderService
01:46:26.316 [FXGL Background Thread 3 ] DEBUG Engine               - class com.almasb.fxgl.app.FXGLApplication$GameApplicationService
01:46:26.316 [FXGL Background Thread 3 ] DEBUG Engine               - class com.almasb.fxgl.app.services.FXGLDialogService
01:46:26.316 [FXGL Background Thread 3 ] DEBUG Engine               - class com.almasb.fxgl.app.services.IOTaskExecutorService
01:46:26.316 [FXGL Background Thread 3 ] DEBUG Engine               - class com.almasb.fxgl.io.FileSystemService
01:46:26.316 [FXGL Background Thread 3 ] DEBUG Engine               - class com.almasb.fxgl.localization.LocalizationService
01:46:26.316 [FXGL Background Thread 3 ] DEBUG Engine               - class com.almasb.fxgl.app.services.SystemBundleService
01:46:26.316 [FXGL Background Thread 3 ] DEBUG Engine               - class com.almasb.fxgl.profile.SaveLoadService
01:46:26.316 [FXGL Background Thread 3 ] DEBUG Engine               - class com.almasb.fxgl.ui.FXGLUIFactoryServiceProvider
01:46:26.316 [FXGL Background Thread 3 ] DEBUG Engine               - class com.almasb.fxgl.ui.FXGLDialogFactoryServiceProvider
01:46:26.316 [FXGL Background Thread 3 ] DEBUG Engine               - class com.almasb.fxgl.audio.AudioPlayer
01:46:26.316 [FXGL Background Thread 3 ] DEBUG Engine               - class com.almasb.fxgl.notification.impl.NotificationServiceProvider
01:46:26.316 [FXGL Background Thread 3 ] DEBUG Engine               - class com.almasb.fxgl.achievement.AchievementService
01:46:26.316 [FXGL Background Thread 3 ] DEBUG Engine               - class com.almasb.fxgl.cutscene.CutsceneService
01:46:26.316 [FXGL Background Thread 3 ] DEBUG Engine               - class com.almasb.fxgl.minigames.MiniGameService
01:46:26.316 [FXGL Background Thread 3 ] DEBUG Engine               - class com.almasb.fxgl.net.NetService
01:46:26.316 [FXGL Background Thread 3 ] DEBUG Engine               - class com.almasb.fxgl.app.services.UpdaterService
01:46:26.316 [FXGL Background Thread 3 ] DEBUG Engine               - class com.almasb.fxgl.dev.DevService
01:46:37.164 [JavaFX Application Thread] DEBUG FXGLApplication      - Exiting FXGL
01:46:37.164 [JavaFX Application Thread] DEBUG LoopRunner           - Stopping loop
01:46:37.165 [JavaFX Application Thread] DEBUG SystemBundleService  - Saving FXGL system data
01:46:37.166 [JavaFX Application Thread] DEBUG FileSystemAccess     - Writing to: C:\Users\acer\IdeaProjects\RZL\system\fxgl.bundle
01:46:37.167 [JavaFX Application Thread] DEBUG Async                - Shutting down background threads
01:46:37.168 [JavaFX Application Thread] DEBUG PrimaryStageWindow   - Closing main window
01:46:37.184 [JavaFX Application Thread] DEBUG Logger               - Closing Logger
