18:32:56.559 [main                     ] DEBUG Logger               - Configured Logger
18:32:56.590 [main                     ] DEBUG GameApplication      - Logging settings
Title: Untitled
Version: 0.0
Width: 800
Height: 600
Fullscreen: false
Intro: false
Profiling: false
Single step:false
App Mode: DEVELOPER
Menu Key: ESCAPE
Stage Style: DECORATED
Scene Factory: class com.almasb.fxgl.app.scene.SceneFactory

18:32:56.872 [JavaFX Application Thread] DEBUG FXGLApplication      - Initializing FXGL
18:32:56.875 [JavaFX Application Thread] INFO  Engine               - FXGL-21.1 (27.03.2024 07.52) on WINDOWS (J:21.0.3 FX:21)
18:32:56.876 [JavaFX Application Thread] DEBUG Engine               - JRE Vendor Name: Oracle Corporation
18:32:56.876 [JavaFX Application Thread] DEBUG Engine               - Running on OS: Windows 11 version 10.0
18:32:56.876 [JavaFX Application Thread] DEBUG Engine               - Architecture: amd64
18:32:56.876 [JavaFX Application Thread] INFO  Engine               - Source code and latest versions at: https://github.com/AlmasB/FXGL
18:32:56.876 [JavaFX Application Thread] INFO  Engine               -       Ask questions and discuss at: https://github.com/AlmasB/FXGL/discussions
18:32:56.876 [JavaFX Application Thread] INFO  Engine               -              Join the FXGL chat at: https://gitter.im/AlmasB/FXGL
18:32:56.934 [JavaFX Application Thread] DEBUG PrimaryStageWindow   - Creating a JavaFX scene
18:32:56.967 [JavaFX Application Thread] DEBUG PrimaryStageWindow   - Target settings size: 800.0 x 600.0
18:32:56.967 [JavaFX Application Thread] DEBUG PrimaryStageWindow   - Scaled scene size:    800.0 x 600.0
18:32:56.967 [JavaFX Application Thread] DEBUG PrimaryStageWindow   - Scaled ratio: (1.0, 1.0)
18:32:56.968 [JavaFX Application Thread] DEBUG PrimaryStageWindow   - Set initial scene to FXGLStartupScene
18:32:56.971 [JavaFX Application Thread] DEBUG PrimaryStageWindow   - Opening main window
18:32:57.038 [JavaFX Application Thread] DEBUG PrimaryStageWindow   - Window border size: (14.4000244140625, 37.5999755859375)
18:32:57.038 [JavaFX Application Thread] DEBUG PrimaryStageWindow   - Scaled size: 800.0 x 600.0
18:32:57.039 [JavaFX Application Thread] DEBUG PrimaryStageWindow   - Scaled ratio: (1.0, 1.0)
18:32:57.039 [JavaFX Application Thread] DEBUG PrimaryStageWindow   - Scene size: 800.0 x 600.0
18:32:57.039 [JavaFX Application Thread] DEBUG PrimaryStageWindow   - Stage size: 814.4000244140625 x 637.5999755859375
18:32:57.044 [FXGL Background Thread 1 ] DEBUG Engine               - Initializing environment variables
18:32:57.088 [FXGL Background Thread 1 ] DEBUG FXGLAssetLoaderServi - User app class for loading assets: class com.xen.rzlgame.rzl.HelloApplication
18:32:57.088 [FXGL Background Thread 1 ] DEBUG GameApplicationServi - Applying CSS: fxgl_dark.css
18:32:57.089 [FXGL Background Thread 1 ] DEBUG FXGLAssetLoaderServi - Loading from file system: jar:file:///C:/Users/acer/.m2/repository/com/github/almasb/fxgl/21.1/fxgl-21.1.jar!/fxglassets/ui/css/fxgl_dark.css
18:32:57.132 [FXGL Background Thread 1 ] DEBUG GameApplicationServi - Initializing application scenes
18:32:57.187 [FXGL Background Thread 1 ] DEBUG GameWorld            - Game world initialized
18:32:57.244 [FXGL Background Thread 1 ] DEBUG PhysicsWorld         - Physics world initialized: appHeight=600, physics.ppm=50.0
18:32:57.244 [FXGL Background Thread 1 ] DEBUG PhysicsWorld         - Using strategy: BRUTE_FORCE
18:32:57.248 [FXGL Background Thread 1 ] DEBUG GameScene            - Game scene initialized: 800x600
18:32:57.255 [FXGL Background Thread 1 ] DEBUG FXGL.DefaultMenu     - createMenuBodyGameMenu()
18:32:57.263 [FXGL Background Thread 1 ] DEBUG FXGL.DefaultMenu     - createOptionsMenu()
18:32:57.271 [FXGL Background Thread 1 ] DEBUG FXGLAssetLoaderServi - Loading from file system: jar:file:///C:/Users/acer/.m2/repository/com/github/almasb/fxgl/21.1/fxgl-21.1.jar!/fxglassets/textures/particles/smoke.png
18:32:57.374 [FXGL Background Thread 1 ] DEBUG FXGLAssetLoaderServi - Loading from file system: jar:file:///C:/Users/acer/.m2/repository/com/github/almasb/fxgl/21.1/fxgl-21.1.jar!/fxglassets/textures/particles/trace_horizontal.png
18:32:57.399 [FXGL Background Thread 1 ] DEBUG GameApplicationServi - Application scenes initialized
18:32:57.409 [FXGL Background Thread 1 ] DEBUG SystemBundleService  - Loading FXGL system data
18:32:57.412 [FXGL Background Thread 1 ] DEBUG FileSystemAccess     - Reading from: C:\Users\acer\IdeaProjects\RZL\system\fxgl.bundle
18:32:57.419 [FXGL Background Thread 1 ] DEBUG SystemBundleService  - Bundle FXGL: {}
18:32:57.419 [FXGL Background Thread 1 ] DEBUG UpdaterService       - Checking for updates
18:32:57.445 [FXGL Background Thread 4 ] DEBUG FXGLApplication      - Loading fonts
18:32:57.446 [FXGL Background Thread 4 ] DEBUG FXGLAssetLoaderServi - Loading from file system: jar:file:///C:/Users/acer/.m2/repository/com/github/almasb/fxgl/21.1/fxgl-21.1.jar!/fxglassets/ui/fonts/VarelaRound-Regular.ttf
18:32:57.446 [FXGL Background Thread 1 ] DEBUG FXGLApplication      - Loading default localization
18:32:57.447 [FXGL Background Thread 1 ] DEBUG FXGLAssetLoaderServi - Loading from file system: jar:file:///C:/Users/acer/.m2/repository/com/github/almasb/fxgl/21.1/fxgl-21.1.jar!/fxglassets/languages/english.lang
18:32:57.478 [FXGL Background Thread 4 ] DEBUG FXGLAssetLoaderServi - Loading from file system: jar:file:///C:/Users/acer/.m2/repository/com/github/almasb/fxgl/21.1/fxgl-21.1.jar!/fxglassets/ui/fonts/Abel-Regular.ttf
18:32:57.478 [FXGL Background Thread 1 ] INFO  FXGLApplication      - FXGL initialization took: 0.434 sec
18:32:57.480 [JavaFX Application Thread] DEBUG FXGLAssetLoaderServi - Loading from file system: jar:file:///C:/Users/acer/.m2/repository/com/github/almasb/fxgl/21.1/fxgl-21.1.jar!/fxglassets/textures/fxgl_icon.png
18:32:57.482 [FXGL Background Thread 4 ] DEBUG FXGLAssetLoaderServi - Loading from file system: jar:file:///C:/Users/acer/.m2/repository/com/github/almasb/fxgl/21.1/fxgl-21.1.jar!/fxglassets/ui/fonts/TerminalLandMono-Regular.otf
18:32:57.485 [FXGL Background Thread 4 ] DEBUG FXGLAssetLoaderServi - Loading from file system: jar:file:///C:/Users/acer/.m2/repository/com/github/almasb/fxgl/21.1/fxgl-21.1.jar!/fxglassets/ui/fonts/Courier-Prime.ttf
18:32:57.497 [JavaFX Application Thread] DEBUG FXGLAssetLoaderServi - Loading from file system: jar:file:///C:/Users/acer/.m2/repository/com/github/almasb/fxgl/21.1/fxgl-21.1.jar!/fxglassets/textures/fxgl_default_cursor.png
18:32:57.516 [JavaFX Application Thread] DEBUG Input                - Registered new binding: Screenshot - CTRL+8
18:32:57.517 [JavaFX Application Thread] DEBUG Input                - Registered new binding: Dev Options - 1
18:32:57.518 [JavaFX Application Thread] DEBUG Input                - Registered new binding: Dev Console - 2
18:32:57.518 [JavaFX Application Thread] DEBUG Input                - Registered new binding: System info dump - CTRL+9
18:32:57.519 [JavaFX Application Thread] DEBUG Input                - Registered new binding: Restart - CTRL+R
18:32:57.520 [JavaFX Application Thread] DEBUG Input                - Registered new binding: Toggle Debug Camera - CTRL+7
18:32:57.524 [JavaFX Application Thread] DEBUG LoopRunner           - Starting loop
18:32:57.553 [JavaFX Application Thread] DEBUG LoopRunner           - Initializing JavaFX AnimationTimerLoop
18:32:57.557 [JavaFX Application Thread] DEBUG GameApplicationServi - Starting new game
18:32:57.558 [JavaFX Application Thread] DEBUG Input                - Clearing active input actions
18:32:57.570 [JavaFX Application Thread] DEBUG GameApplicationServi - Removing overlay from FXGLStartupScene and adding to FXGLLoadingScene
18:32:57.574 [JavaFX Application Thread] DEBUG PrimaryStageWindow   - FXGLStartupScene -> FXGLLoadingScene
18:32:57.574 [JavaFX Application Thread] DEBUG GameApplicationServi - Clearing previous game
18:32:57.574 [JavaFX Application Thread] DEBUG GameScene            - Clearing game scene
18:32:57.574 [JavaFX Application Thread] DEBUG GameWorld            - Clearing game world
18:32:57.575 [JavaFX Application Thread] DEBUG PhysicsWorld         - Clearing physics world
18:32:57.577 [JavaFX Application Thread] DEBUG FXGLApplication      - Registering font factories with UI factory
18:32:57.577 [FXGL Background Thread 4 ] DEBUG FXGLApplication      - Initializing game
18:32:57.601 [FXGL Background Thread 4 ] DEBUG FXGLAssetLoaderServi - Loading from file system: file:/C:/Users/acer/IdeaProjects/RZL/target/classes/assets/music/bgm1.mp3
18:32:57.759 [FXGL Background Thread 4 ] DEBUG AudioPlayer          - Playing music com.almasb.fxgl.audio.Music@438703a0
18:32:57.874 [FXGL Background Thread 4 ] WARN  TMXLevelLoader       - TiledMap generated from 1.11.2. Supported version: 1.9.0. Some features may not be parsed fully.
18:32:57.906 [FXGL Background Thread 4 ] DEBUG TMXLevelLoader       - Parsed TiledMap: file:/C:/Users/acer/IdeaProjects/RZL/target/classes/assets/levels/main_level.tmx
18:32:57.910 [FXGL Background Thread 4 ] DEBUG TMXLevelLoader       - Creating tile layer entities
18:32:57.915 [FXGL Background Thread 4 ] DEBUG TilesetLoader        - Loading view for layer Tile Layer 2
18:32:57.916 [FXGL Background Thread 4 ] DEBUG TilesetLoader        - Created buffer with size 2400.0x640.0
18:32:57.926 [FXGL Background Thread 4 ] DEBUG TilesetLoader        - Loading view for layer Tile Layer 3
18:32:57.927 [FXGL Background Thread 4 ] DEBUG TilesetLoader        - Created buffer with size 2400.0x640.0
18:32:57.931 [FXGL Background Thread 4 ] DEBUG TilesetLoader        - Loading view for layer Tile Layer 4
18:32:57.932 [FXGL Background Thread 4 ] DEBUG TilesetLoader        - Created buffer with size 2400.0x640.0
18:32:57.935 [FXGL Background Thread 4 ] DEBUG TilesetLoader        - Loading view for layer Tile Layer 1
18:32:57.936 [FXGL Background Thread 4 ] DEBUG TilesetLoader        - Created buffer with size 2400.0x640.0
18:32:57.946 [FXGL Background Thread 4 ] DEBUG TMXLevelLoader       - Creating object layer entities
18:32:57.986 [FXGL Background Thread 4 ] WARN  Entity               - Entity already has component: com.almasb.fxgl.entity.components.CollidableComponent
18:32:58.005 [FXGL Background Thread 4 ] DEBUG GameWorld            - Clearing removable entities
18:32:58.006 [FXGL Background Thread 4 ] DEBUG GameWorld            - Setting level: com.almasb.fxgl.entity.level.Level@143010e3
18:32:58.013 [FXGL Background Thread 4 ] DEBUG FXGLAssetLoaderServi - Loading from file system: file:/C:/Users/acer/IdeaProjects/RZL/target/classes/assets/textures/playerWalk.png
18:32:58.020 [FXGL Background Thread 4 ] DEBUG FXGLAssetLoaderServi - Loading from file system: file:/C:/Users/acer/IdeaProjects/RZL/target/classes/assets/textures/playerJump.png
18:32:58.022 [FXGL Background Thread 4 ] DEBUG FXGLAssetLoaderServi - Loading from file system: file:/C:/Users/acer/IdeaProjects/RZL/target/classes/assets/textures/playerAttack.png
18:32:58.041 [FXGL Background Thread 4 ] WARN  GameWorld            - Entity is already attached to world
18:32:58.046 [FXGL Background Thread 4 ] WARN  GameWorld            - Entity is already attached to world
18:32:58.048 [FXGL Background Thread 4 ] WARN  GameWorld            - Entity is already attached to world
18:32:58.048 [FXGL Background Thread 4 ] WARN  Entity               - Entity already has component: com.almasb.fxgl.entity.components.CollidableComponent
18:32:58.048 [FXGL Background Thread 4 ] WARN  GameWorld            - Entity is already attached to world
18:32:58.055 [FXGL Background Thread 4 ] DEBUG Input                - Registered new binding: Move A - A
18:32:58.055 [FXGL Background Thread 4 ] DEBUG Input                - Registered new binding: Move D - D
18:32:58.056 [FXGL Background Thread 4 ] DEBUG Input                - Registered new binding: Player Attack - LMB
18:32:58.056 [FXGL Background Thread 4 ] DEBUG Input                - Registered new binding: Player Parry - RMB
18:32:58.056 [FXGL Background Thread 4 ] DEBUG Input                - Registered new binding: Jump - Space
18:32:58.058 [FXGL Background Thread 4 ] DEBUG Input                - Registered new binding: Interact - Z
18:32:58.059 [FXGL Background Thread 4 ] INFO  FXGLApplication      - Game initialization took: 0.481 sec
18:32:59.041 [JavaFX Application Thread] DEBUG Input                - Clearing active input actions
18:32:59.050 [JavaFX Application Thread] DEBUG GameApplicationServi - Removing overlay from FXGLLoadingScene and adding to GameScene
18:32:59.054 [JavaFX Application Thread] DEBUG PrimaryStageWindow   - FXGLLoadingScene -> GameScene
18:32:59.056 [JavaFX Application Thread] DEBUG FXGLAssetLoaderServi - Loading from file system: file:/C:/Users/acer/IdeaProjects/RZL/target/classes/assets/textures/mariaIdle.png
18:32:59.059 [JavaFX Application Thread] DEBUG FXGLAssetLoaderServi - Loading from file system: file:/C:/Users/acer/IdeaProjects/RZL/target/classes/assets/textures/eliasIdle.png
18:32:59.728 [JavaFX Application Thread] DEBUG FXGLAssetLoaderServi - Loading from file system: file:/C:/Users/acer/IdeaProjects/RZL/target/classes/assets/text/maria.txt
18:32:59.733 [JavaFX Application Thread] DEBUG Input                - Registered new binding: Next RPG Line - Enter
18:32:59.734 [JavaFX Application Thread] DEBUG PrimaryStageWindow   - Push state: CutsceneScene
18:32:59.734 [JavaFX Application Thread] DEBUG Input                - Clearing active input actions
18:32:59.735 [JavaFX Application Thread] DEBUG GameApplicationServi - Removing overlay from GameScene and adding to CutsceneScene
18:32:59.739 [JavaFX Application Thread] DEBUG PrimaryStageWindow   - GameScene -> CutsceneScene
18:33:00.444 [FXGL Background Thread 3 ] DEBUG Engine               - Logging environment variables
18:33:00.444 [FXGL Background Thread 3 ] DEBUG Engine               - achievements: []
18:33:00.445 [FXGL Background Thread 3 ] DEBUG Engine               - actualHeight: 600.0
18:33:00.445 [FXGL Background Thread 3 ] DEBUG Engine               - actualHeightProperty: ReadOnlyDoubleProperty [value: 600.0]
18:33:00.445 [FXGL Background Thread 3 ] DEBUG Engine               - actualWidth: 800.0
18:33:00.445 [FXGL Background Thread 3 ] DEBUG Engine               - actualWidthProperty: ReadOnlyDoubleProperty [value: 800.0]
18:33:00.445 [FXGL Background Thread 3 ] DEBUG Engine               - appIcon: fxgl_icon.png
18:33:00.445 [FXGL Background Thread 3 ] DEBUG Engine               - applicationMode: DEVELOPER
18:33:00.445 [FXGL Background Thread 3 ] DEBUG Engine               - cSSList: [fxgl_dark.css]
18:33:00.445 [FXGL Background Thread 3 ] DEBUG Engine               - collisionDetectionStrategy: BRUTE_FORCE
18:33:00.445 [FXGL Background Thread 3 ] DEBUG Engine               - configClass: Optional.empty
18:33:00.445 [FXGL Background Thread 3 ] DEBUG Engine               - credits: []
18:33:00.446 [FXGL Background Thread 3 ] DEBUG Engine               - defaultCursor: CursorInfo(imageName=fxgl_default_cursor.png, hotspotX=7.0, hotspotY=6.0)
18:33:00.446 [FXGL Background Thread 3 ] DEBUG Engine               - devBBoxColorProperty: ObjectProperty [value: 0xff0000ff]
18:33:00.446 [FXGL Background Thread 3 ] DEBUG Engine               - devEnableDebugCameraProperty: BooleanProperty [value: false]
18:33:00.446 [FXGL Background Thread 3 ] DEBUG Engine               - devSensorColorProperty: ObjectProperty [value: 0xffff00ff]
18:33:00.447 [FXGL Background Thread 3 ] DEBUG Engine               - devShowBBoxProperty: BooleanProperty [value: false]
18:33:00.447 [FXGL Background Thread 3 ] DEBUG Engine               - devShowPositionProperty: BooleanProperty [value: false]
18:33:00.447 [FXGL Background Thread 3 ] DEBUG Engine               - enabledMenuItems: []
18:33:00.447 [FXGL Background Thread 3 ] DEBUG Engine               - engineServices: [class com.almasb.fxgl.app.services.FXGLAssetLoaderService, class com.almasb.fxgl.app.FXGLApplication$GameApplicationService, class com.almasb.fxgl.app.services.FXGLDialogService, class com.almasb.fxgl.app.services.IOTaskExecutorService, class com.almasb.fxgl.io.FileSystemService, class com.almasb.fxgl.localization.LocalizationService, class com.almasb.fxgl.app.services.SystemBundleService, class com.almasb.fxgl.profile.SaveLoadService, class com.almasb.fxgl.ui.FXGLUIFactoryServiceProvider, class com.almasb.fxgl.ui.FXGLDialogFactoryServiceProvider, class com.almasb.fxgl.audio.AudioPlayer, class com.almasb.fxgl.notification.impl.NotificationServiceProvider, class com.almasb.fxgl.achievement.AchievementService, class com.almasb.fxgl.cutscene.CutsceneService, class com.almasb.fxgl.minigames.MiniGameService, class com.almasb.fxgl.net.NetService, class com.almasb.fxgl.app.services.UpdaterService, class com.almasb.fxgl.dev.DevService]
18:33:00.447 [FXGL Background Thread 3 ] DEBUG Engine               - fontGame: Abel-Regular.ttf
18:33:00.453 [FXGL Background Thread 3 ] DEBUG Engine               - fontMono: TerminalLandMono-Regular.otf
18:33:00.453 [FXGL Background Thread 3 ] DEBUG Engine               - fontSizeScaleUI: 1.0
18:33:00.453 [FXGL Background Thread 3 ] DEBUG Engine               - fontText: Courier-Prime.ttf
18:33:00.453 [FXGL Background Thread 3 ] DEBUG Engine               - fontUI: VarelaRound-Regular.ttf
18:33:00.453 [FXGL Background Thread 3 ] DEBUG Engine               - fullScreen: BooleanProperty [value: false]
18:33:00.453 [FXGL Background Thread 3 ] DEBUG Engine               - gameDifficulty: MEDIUM
18:33:00.453 [FXGL Background Thread 3 ] DEBUG Engine               - gameDifficultyProperty: ObjectProperty [value: MEDIUM]
18:33:00.453 [FXGL Background Thread 3 ] DEBUG Engine               - globalMusicVolume: 0.5
18:33:00.454 [FXGL Background Thread 3 ] DEBUG Engine               - globalMusicVolumeProperty: DoubleProperty [value: 0.5]
18:33:00.454 [FXGL Background Thread 3 ] DEBUG Engine               - globalSoundVolume: 0.5
18:33:00.454 [FXGL Background Thread 3 ] DEBUG Engine               - globalSoundVolumeProperty: DoubleProperty [value: 0.5]
18:33:00.454 [FXGL Background Thread 3 ] DEBUG Engine               - height: 600
18:33:00.454 [FXGL Background Thread 3 ] DEBUG Engine               - is3D: false
18:33:00.454 [FXGL Background Thread 3 ] DEBUG Engine               - isAndroid: false
18:33:00.454 [FXGL Background Thread 3 ] DEBUG Engine               - isBrowser: false
18:33:00.454 [FXGL Background Thread 3 ] DEBUG Engine               - isClickFeedbackEnabled: false
18:33:00.454 [FXGL Background Thread 3 ] DEBUG Engine               - isCloseConfirmation: false
18:33:00.454 [FXGL Background Thread 3 ] DEBUG Engine               - isDesktop: true
18:33:00.454 [FXGL Background Thread 3 ] DEBUG Engine               - isDeveloperMenuEnabled: true
18:33:00.454 [FXGL Background Thread 3 ] DEBUG Engine               - isEmbedded: false
18:33:00.454 [FXGL Background Thread 3 ] DEBUG Engine               - isEntityPreloadEnabled: true
18:33:00.454 [FXGL Background Thread 3 ] DEBUG Engine               - isExperimentalTiledLargeMap: false
18:33:00.454 [FXGL Background Thread 3 ] DEBUG Engine               - isFileSystemWriteAllowed: true
18:33:00.454 [FXGL Background Thread 3 ] DEBUG Engine               - isFullScreenAllowed: false
18:33:00.454 [FXGL Background Thread 3 ] DEBUG Engine               - isFullScreenFromStart: false
18:33:00.454 [FXGL Background Thread 3 ] DEBUG Engine               - isGameMenuEnabled: true
18:33:00.454 [FXGL Background Thread 3 ] DEBUG Engine               - isIOS: false
18:33:00.454 [FXGL Background Thread 3 ] DEBUG Engine               - isIntroEnabled: false
18:33:00.454 [FXGL Background Thread 3 ] DEBUG Engine               - isLinux: false
18:33:00.454 [FXGL Background Thread 3 ] DEBUG Engine               - isMac: false
18:33:00.454 [FXGL Background Thread 3 ] DEBUG Engine               - isMainMenuEnabled: false
18:33:00.454 [FXGL Background Thread 3 ] DEBUG Engine               - isManualResizeEnabled: false
18:33:00.454 [FXGL Background Thread 3 ] DEBUG Engine               - isMobile: false
18:33:00.454 [FXGL Background Thread 3 ] DEBUG Engine               - isNative: false
18:33:00.454 [FXGL Background Thread 3 ] DEBUG Engine               - isPauseMusicWhenMinimized: true
18:33:00.454 [FXGL Background Thread 3 ] DEBUG Engine               - isPreserveResizeRatio: false
18:33:00.454 [FXGL Background Thread 3 ] DEBUG Engine               - isProfilingEnabled: false
18:33:00.454 [FXGL Background Thread 3 ] DEBUG Engine               - isScaleAffectedOnResize: true
18:33:00.454 [FXGL Background Thread 3 ] DEBUG Engine               - isSingleStep: false
18:33:00.454 [FXGL Background Thread 3 ] DEBUG Engine               - isUserProfileEnabled: false
18:33:00.454 [FXGL Background Thread 3 ] DEBUG Engine               - isWindows: true
18:33:00.454 [FXGL Background Thread 3 ] DEBUG Engine               - language: ObjectProperty [value: ENGLISH]
18:33:00.454 [FXGL Background Thread 3 ] DEBUG Engine               - menuKey: ESCAPE
18:33:00.454 [FXGL Background Thread 3 ] DEBUG Engine               - mouseSensitivity: 0.2
18:33:00.455 [FXGL Background Thread 3 ] DEBUG Engine               - notificationViewClass: class com.almasb.fxgl.notification.view.XboxNotificationView
18:33:00.455 [FXGL Background Thread 3 ] DEBUG Engine               - pixelsPerMeter: 50.0
18:33:00.455 [FXGL Background Thread 3 ] DEBUG Engine               - platform: WINDOWS
18:33:00.455 [FXGL Background Thread 3 ] DEBUG Engine               - prefHeightProperty: ReadOnlyDoubleProperty [value: 600.0]
18:33:00.455 [FXGL Background Thread 3 ] DEBUG Engine               - prefWidthProperty: ReadOnlyDoubleProperty [value: 800.0]
18:33:00.455 [FXGL Background Thread 3 ] DEBUG Engine               - profileDir: profiles/
18:33:00.455 [FXGL Background Thread 3 ] DEBUG Engine               - profileName: StringProperty [value: DEFAULT]
18:33:00.455 [FXGL Background Thread 3 ] DEBUG Engine               - randomSeed: -1
18:33:00.455 [FXGL Background Thread 3 ] DEBUG Engine               - runtimeInfo: RuntimeInfo(platform=WINDOWS, version=21.1, build=27.03.2024 07.52)
18:33:00.455 [FXGL Background Thread 3 ] DEBUG Engine               - saveFileExt: sav
18:33:00.455 [FXGL Background Thread 3 ] DEBUG Engine               - scaledHeightProp$fxgl: DoubleProperty [bound, value: 600.0]
18:33:00.455 [FXGL Background Thread 3 ] DEBUG Engine               - scaledWidthProp$fxgl: DoubleProperty [bound, value: 800.0]
18:33:00.455 [FXGL Background Thread 3 ] DEBUG Engine               - sceneFactory: com.almasb.fxgl.app.scene.SceneFactory@636327bf
18:33:00.455 [FXGL Background Thread 3 ] DEBUG Engine               - secondsIn24h: 60
18:33:00.455 [FXGL Background Thread 3 ] DEBUG Engine               - soundMenuBack: menu/back.wav
18:33:00.456 [FXGL Background Thread 3 ] DEBUG Engine               - soundMenuPress: menu/press.wav
18:33:00.456 [FXGL Background Thread 3 ] DEBUG Engine               - soundMenuSelect: menu/select.wav
18:33:00.456 [FXGL Background Thread 3 ] DEBUG Engine               - soundNotification: core/notification.wav
18:33:00.456 [FXGL Background Thread 3 ] DEBUG Engine               - stageStyle: DECORATED
18:33:00.456 [FXGL Background Thread 3 ] DEBUG Engine               - supportedLanguages: [ENGLISH, FRENCH, GERMAN, HUNGARIAN, RUSSIAN]
18:33:00.456 [FXGL Background Thread 3 ] DEBUG Engine               - ticksPerSecond: -1
18:33:00.456 [FXGL Background Thread 3 ] DEBUG Engine               - title: Untitled
18:33:00.456 [FXGL Background Thread 3 ] DEBUG Engine               - urlGithub: https://github.com/AlmasB/FXGL
18:33:00.456 [FXGL Background Thread 3 ] DEBUG Engine               - urlLeaderboard: http://fxgl-top.herokuapp.com/
18:33:00.456 [FXGL Background Thread 3 ] DEBUG Engine               - urlPOM: https://raw.githubusercontent.com/AlmasB/FXGL/release/README.md
18:33:00.456 [FXGL Background Thread 3 ] DEBUG Engine               - userAppClass: class com.xen.rzlgame.rzl.HelloApplication
18:33:00.456 [FXGL Background Thread 3 ] DEBUG Engine               - version: 0.0
18:33:00.456 [FXGL Background Thread 3 ] DEBUG Engine               - versionCheckDays: 7
18:33:00.457 [FXGL Background Thread 3 ] DEBUG Engine               - width: 800
18:33:00.457 [FXGL Background Thread 3 ] DEBUG Engine               - Logging services
18:33:00.457 [FXGL Background Thread 3 ] DEBUG Engine               - class com.almasb.fxgl.app.services.FXGLAssetLoaderService
18:33:00.457 [FXGL Background Thread 3 ] DEBUG Engine               - class com.almasb.fxgl.app.FXGLApplication$GameApplicationService
18:33:00.457 [FXGL Background Thread 3 ] DEBUG Engine               - class com.almasb.fxgl.app.services.FXGLDialogService
18:33:00.457 [FXGL Background Thread 3 ] DEBUG Engine               - class com.almasb.fxgl.app.services.IOTaskExecutorService
18:33:00.457 [FXGL Background Thread 3 ] DEBUG Engine               - class com.almasb.fxgl.io.FileSystemService
18:33:00.457 [FXGL Background Thread 3 ] DEBUG Engine               - class com.almasb.fxgl.localization.LocalizationService
18:33:00.457 [FXGL Background Thread 3 ] DEBUG Engine               - class com.almasb.fxgl.app.services.SystemBundleService
18:33:00.457 [FXGL Background Thread 3 ] DEBUG Engine               - class com.almasb.fxgl.profile.SaveLoadService
18:33:00.457 [FXGL Background Thread 3 ] DEBUG Engine               - class com.almasb.fxgl.ui.FXGLUIFactoryServiceProvider
18:33:00.457 [FXGL Background Thread 3 ] DEBUG Engine               - class com.almasb.fxgl.ui.FXGLDialogFactoryServiceProvider
18:33:00.457 [FXGL Background Thread 3 ] DEBUG Engine               - class com.almasb.fxgl.audio.AudioPlayer
18:33:00.457 [FXGL Background Thread 3 ] DEBUG Engine               - class com.almasb.fxgl.notification.impl.NotificationServiceProvider
18:33:00.457 [FXGL Background Thread 3 ] DEBUG Engine               - class com.almasb.fxgl.achievement.AchievementService
18:33:00.457 [FXGL Background Thread 3 ] DEBUG Engine               - class com.almasb.fxgl.cutscene.CutsceneService
18:33:00.457 [FXGL Background Thread 3 ] DEBUG Engine               - class com.almasb.fxgl.minigames.MiniGameService
18:33:00.459 [FXGL Background Thread 3 ] DEBUG Engine               - class com.almasb.fxgl.net.NetService
18:33:00.459 [FXGL Background Thread 3 ] DEBUG Engine               - class com.almasb.fxgl.app.services.UpdaterService
18:33:00.459 [FXGL Background Thread 3 ] DEBUG Engine               - class com.almasb.fxgl.dev.DevService
18:33:03.714 [JavaFX Application Thread] DEBUG PrimaryStageWindow   - Pop state: CutsceneScene
18:33:03.714 [JavaFX Application Thread] DEBUG Input                - Clearing active input actions
18:33:03.715 [JavaFX Application Thread] DEBUG GameApplicationServi - Removing overlay from CutsceneScene and adding to GameScene
18:33:03.716 [JavaFX Application Thread] DEBUG PrimaryStageWindow   - GameScene <- CutsceneScene
18:33:03.806 [JavaFX Application Thread] DEBUG PrimaryStageWindow   - Push state: CutsceneScene
18:33:03.806 [JavaFX Application Thread] DEBUG Input                - Clearing active input actions
18:33:03.806 [JavaFX Application Thread] DEBUG GameApplicationServi - Removing overlay from GameScene and adding to CutsceneScene
18:33:03.808 [JavaFX Application Thread] DEBUG PrimaryStageWindow   - GameScene -> CutsceneScene
18:33:07.873 [JavaFX Application Thread] DEBUG PrimaryStageWindow   - Pop state: CutsceneScene
18:33:07.873 [JavaFX Application Thread] DEBUG Input                - Clearing active input actions
18:33:07.875 [JavaFX Application Thread] DEBUG GameApplicationServi - Removing overlay from CutsceneScene and adding to GameScene
18:33:07.877 [JavaFX Application Thread] DEBUG PrimaryStageWindow   - GameScene <- CutsceneScene
18:33:11.668 [JavaFX Application Thread] DEBUG FXGLAssetLoaderServi - Loading from file system: file:/C:/Users/acer/IdeaProjects/RZL/target/classes/assets/textures/minionWalk.png
18:33:11.670 [JavaFX Application Thread] DEBUG FXGLAssetLoaderServi - Loading from file system: file:/C:/Users/acer/IdeaProjects/RZL/target/classes/assets/textures/minionAttack.png
18:33:13.464 [JavaFX Application Thread] DEBUG FXGLAssetLoaderServi - Loading from file system: file:/C:/Users/acer/IdeaProjects/RZL/target/classes/assets/sounds/sword.mp3
18:33:15.093 [JavaFX Application Thread] DEBUG FXGLAssetLoaderServi - Loading from file system: file:/C:/Users/acer/IdeaProjects/RZL/target/classes/assets/sounds/parry.mp3
18:33:21.209 [JavaFX Application Thread] DEBUG FXGLAssetLoaderServi - Loading from file system: file:/C:/Users/acer/IdeaProjects/RZL/target/classes/assets/sounds/jump.mp3
18:33:24.210 [JavaFX Application Thread] DEBUG FXGLAssetLoaderServi - Loading from file system: file:/C:/Users/acer/IdeaProjects/RZL/target/classes/assets/sounds/minion_death.mp3
18:33:24.338 [JavaFX Application Thread] DEBUG LoopRunner           - Stopping loop
18:33:24.339 [JavaFX Application Thread] FATAL FXGLApplication      - Uncaught Exception:
java.lang.IllegalArgumentException: Component MinionComponent not found!
	at com.almasb.fxgl.entity@21.1/com.almasb.fxgl.entity.Entity.getComponent(Entity.java:366)
	at com.xen.rzlgame.rzl/com.xen.rzlgame.rzl.Handlers.Collisions.PlayerEnemyCollisionHandler.lambda$onCollisionBegin$0(PlayerEnemyCollisionHandler.java:23)
	at com.almasb.fxgl.core@21.1/com.almasb.fxgl.time.TimerAction.update(TimerAction.kt:69)
	at com.almasb.fxgl.core@21.1/com.almasb.fxgl.time.Timer.update(Timer.kt:38)
	at com.almasb.fxgl.scene@21.1/com.almasb.fxgl.scene.Scene.update(Scene.kt:104)
	at com.almasb.fxgl.all@21.1/com.almasb.fxgl.app.MainWindow$update$1.invoke(MainWindow.kt:121)
	at com.almasb.fxgl.all@21.1/com.almasb.fxgl.app.MainWindow$update$1.invoke(MainWindow.kt:121)
	at com.almasb.fxgl.core@21.1/com.almasb.fxgl.core.fsm.StateMachine.runOnActiveStates(StateMachine.kt:69)
	at com.almasb.fxgl.all@21.1/com.almasb.fxgl.app.MainWindow.update(MainWindow.kt:121)
	at com.almasb.fxgl.all@21.1/com.almasb.fxgl.app.FXGLApplication$GameApplicationService.onUpdate(FXGLApplication.kt:445)
	at com.almasb.fxgl.all@21.1/com.almasb.fxgl.app.Engine.loop(Engine.kt:134)
	at com.almasb.fxgl.all@21.1/com.almasb.fxgl.app.Engine.access$loop(Engine.kt:24)
	at com.almasb.fxgl.all@21.1/com.almasb.fxgl.app.Engine$loop$1.invoke(Engine.kt:28)
	at com.almasb.fxgl.all@21.1/com.almasb.fxgl.app.Engine$loop$1.invoke(Engine.kt:28)
	at com.almasb.fxgl.all@21.1/com.almasb.fxgl.app.LoopRunner.frame(LoopRunner.kt:103)
	at com.almasb.fxgl.all@21.1/com.almasb.fxgl.app.LoopRunner.access$frame(LoopRunner.kt:23)
	at com.almasb.fxgl.all@21.1/com.almasb.fxgl.app.LoopRunner$impl$2$1.onTick(LoopRunner.kt:57)
	at com.almasb.fxgl.all@21.1/com.almasb.fxgl.app.AnimationTimerLoop$timer$1.handle(LoopRunner.kt:137)
	at javafx.graphics@21/javafx.animation.AnimationTimer$AnimationTimerReceiver.lambda$handle$0(AnimationTimer.java:58)
	at java.base/java.security.AccessController.doPrivileged(AccessController.java:400)
	at javafx.graphics@21/javafx.animation.AnimationTimer$AnimationTimerReceiver.handle(AnimationTimer.java:57)
	at javafx.graphics@21/com.sun.scenario.animation.AbstractPrimaryTimer.timePulseImpl(AbstractPrimaryTimer.java:356)
	at javafx.graphics@21/com.sun.scenario.animation.AbstractPrimaryTimer$MainLoop.run(AbstractPrimaryTimer.java:266)
	at javafx.graphics@21/com.sun.javafx.tk.quantum.QuantumToolkit.pulse(QuantumToolkit.java:588)
	at javafx.graphics@21/com.sun.javafx.tk.quantum.QuantumToolkit.pulse(QuantumToolkit.java:572)
	at javafx.graphics@21/com.sun.javafx.tk.quantum.QuantumToolkit.pulseFromQueue(QuantumToolkit.java:565)
	at javafx.graphics@21/com.sun.javafx.tk.quantum.QuantumToolkit.lambda$runToolkit$11(QuantumToolkit.java:352)
	at javafx.graphics@21/com.sun.glass.ui.InvokeLaterDispatcher$Future.run(InvokeLaterDispatcher.java:95)
	at javafx.graphics@21/com.sun.glass.ui.win.WinApplication._runLoop(Native Method)
	at javafx.graphics@21/com.sun.glass.ui.win.WinApplication.lambda$runLoop$3(WinApplication.java:185)
	at java.base/java.lang.Thread.run(Thread.java:1583)

18:33:24.341 [JavaFX Application Thread] FATAL FXGLApplication      - Application will now exit
18:33:24.345 [JavaFX Application Thread] DEBUG PrimaryStageWindow   - Push state: ErrorSubScene
18:33:24.345 [JavaFX Application Thread] DEBUG Input                - Clearing active input actions
18:33:24.345 [JavaFX Application Thread] DEBUG GameApplicationServi - Removing overlay from GameScene and adding to ErrorSubScene
18:33:24.346 [JavaFX Application Thread] DEBUG PrimaryStageWindow   - GameScene -> ErrorSubScene
18:33:26.413 [JavaFX Application Thread] DEBUG FXGLApplication      - Exiting FXGL
18:33:26.413 [JavaFX Application Thread] DEBUG Async                - Shutting down background threads
18:33:26.413 [JavaFX Application Thread] DEBUG PrimaryStageWindow   - Closing main window
18:33:26.426 [JavaFX Application Thread] DEBUG Logger               - Closing Logger
