17:41:39.748 [main                     ] DEBUG Logger               - Configured Logger
17:41:39.774 [main                     ] DEBUG GameApplication      - Logging settings
Title: Untitled
Version: 0.0
Width: 800
Height: 600
Fullscreen: false
Intro: false
Profiling: false
Single step:false
App Mode: DEVELOPER
Menu Key: ESCAPE
Stage Style: DECORATED
Scene Factory: class com.almasb.fxgl.app.scene.SceneFactory

17:41:40.048 [JavaFX Application Thread] DEBUG FXGLApplication      - Initializing FXGL
17:41:40.051 [JavaFX Application Thread] INFO  Engine               - FXGL-17.3 (30.03.2023 11.49) on WINDOWS (J:21.0.3 FX:21)
17:41:40.052 [JavaFX Application Thread] DEBUG Engine               - JRE Vendor Name: Oracle Corporation
17:41:40.052 [JavaFX Application Thread] DEBUG Engine               - Running on OS: Windows 11 version 10.0
17:41:40.052 [JavaFX Application Thread] DEBUG Engine               - Architecture: amd64
17:41:40.052 [JavaFX Application Thread] INFO  Engine               - Source code and latest versions at: https://github.com/AlmasB/FXGL
17:41:40.052 [JavaFX Application Thread] INFO  Engine               -       Ask questions and discuss at: https://github.com/AlmasB/FXGL/discussions
17:41:40.052 [JavaFX Application Thread] INFO  Engine               -              Join the FXGL chat at: https://gitter.im/AlmasB/FXGL
17:41:40.109 [JavaFX Application Thread] DEBUG PrimaryStageWindow   - Creating a JavaFX scene
17:41:40.141 [JavaFX Application Thread] DEBUG PrimaryStageWindow   - Target settings size: 800.0 x 600.0
17:41:40.141 [JavaFX Application Thread] DEBUG PrimaryStageWindow   - Scaled scene size:    800.0 x 600.0
17:41:40.141 [JavaFX Application Thread] DEBUG PrimaryStageWindow   - Scaled ratio: (1.0, 1.0)
17:41:40.142 [JavaFX Application Thread] DEBUG PrimaryStageWindow   - Set initial scene to FXGLStartupScene
17:41:40.145 [JavaFX Application Thread] DEBUG PrimaryStageWindow   - Opening main window
17:41:40.206 [JavaFX Application Thread] DEBUG PrimaryStageWindow   - Window border size: (14.4000244140625, 37.5999755859375)
17:41:40.207 [JavaFX Application Thread] DEBUG PrimaryStageWindow   - Scaled size: 800.0 x 600.0
17:41:40.207 [JavaFX Application Thread] DEBUG PrimaryStageWindow   - Scaled ratio: (1.0, 1.0)
17:41:40.207 [JavaFX Application Thread] DEBUG PrimaryStageWindow   - Scene size: 800.0 x 600.0
17:41:40.207 [JavaFX Application Thread] DEBUG PrimaryStageWindow   - Stage size: 814.4000244140625 x 637.5999755859375
17:41:40.212 [FXGL Background Thread 1 ] DEBUG Engine               - Initializing environment variables
17:41:40.263 [FXGL Background Thread 1 ] DEBUG FXGLAssetLoaderServi - User app class for loading assets: class com.xen.rzlgame.rzl.HelloApplication
17:41:40.263 [FXGL Background Thread 1 ] DEBUG GameApplicationServi - Applying CSS: fxgl_dark.css
17:41:40.264 [FXGL Background Thread 1 ] DEBUG FXGLAssetLoaderServi - Loading from file system: jar:file:///C:/Users/acer/.m2/repository/com/github/almasb/fxgl/17.3/fxgl-17.3.jar!/fxglassets/ui/css/fxgl_dark.css
17:41:40.308 [FXGL Background Thread 1 ] DEBUG GameApplicationServi - Initializing application scenes
17:41:40.369 [FXGL Background Thread 1 ] DEBUG GameWorld            - Game world initialized
17:41:40.430 [FXGL Background Thread 1 ] DEBUG PhysicsWorld         - Physics world initialized: appHeight=600, physics.ppm=50.0
17:41:40.430 [FXGL Background Thread 1 ] DEBUG PhysicsWorld         - Using strategy: BRUTE_FORCE
17:41:40.433 [FXGL Background Thread 1 ] DEBUG GameScene            - Game scene initialized: 800x600
17:41:40.441 [FXGL Background Thread 1 ] DEBUG FXGL.DefaultMenu     - createMenuBodyGameMenu()
17:41:40.449 [FXGL Background Thread 1 ] DEBUG FXGL.DefaultMenu     - createOptionsMenu()
17:41:40.456 [FXGL Background Thread 1 ] DEBUG FXGLAssetLoaderServi - Loading from file system: jar:file:///C:/Users/acer/.m2/repository/com/github/almasb/fxgl/17.3/fxgl-17.3.jar!/fxglassets/textures/particles/smoke.png
17:41:40.546 [FXGL Background Thread 1 ] DEBUG FXGLAssetLoaderServi - Loading from file system: jar:file:///C:/Users/acer/.m2/repository/com/github/almasb/fxgl/17.3/fxgl-17.3.jar!/fxglassets/textures/particles/trace_horizontal.png
17:41:40.574 [FXGL Background Thread 1 ] DEBUG GameApplicationServi - Application scenes initialized
17:41:40.583 [FXGL Background Thread 1 ] DEBUG SystemBundleService  - Loading FXGL system data
17:41:40.586 [FXGL Background Thread 1 ] DEBUG FileSystemAccess     - Reading from: C:\Users\acer\IdeaProjects\RZL\system\fxgl.bundle
17:41:40.592 [FXGL Background Thread 1 ] DEBUG SystemBundleService  - Bundle FXGL: {}
17:41:40.592 [FXGL Background Thread 1 ] DEBUG UpdaterService       - Checking for updates
17:41:40.594 [FXGL Background Thread 4 ] DEBUG FXGLApplication      - Loading fonts
17:41:40.595 [FXGL Background Thread 4 ] DEBUG FXGLAssetLoaderServi - Loading from file system: jar:file:///C:/Users/acer/.m2/repository/com/github/almasb/fxgl/17.3/fxgl-17.3.jar!/fxglassets/ui/fonts/VarelaRound-Regular.ttf
17:41:40.595 [FXGL Background Thread 1 ] DEBUG FXGLApplication      - Loading default localization
17:41:40.595 [FXGL Background Thread 1 ] DEBUG FXGLAssetLoaderServi - Loading from file system: jar:file:///C:/Users/acer/.m2/repository/com/github/almasb/fxgl/17.3/fxgl-17.3.jar!/fxglassets/languages/english.lang
17:41:40.630 [FXGL Background Thread 4 ] DEBUG FXGLAssetLoaderServi - Loading from file system: jar:file:///C:/Users/acer/.m2/repository/com/github/almasb/fxgl/17.3/fxgl-17.3.jar!/fxglassets/ui/fonts/Abel-Regular.ttf
17:41:40.633 [FXGL Background Thread 4 ] DEBUG FXGLAssetLoaderServi - Loading from file system: jar:file:///C:/Users/acer/.m2/repository/com/github/almasb/fxgl/17.3/fxgl-17.3.jar!/fxglassets/ui/fonts/TerminalLandMono-Regular.otf
17:41:40.636 [FXGL Background Thread 4 ] DEBUG FXGLAssetLoaderServi - Loading from file system: jar:file:///C:/Users/acer/.m2/repository/com/github/almasb/fxgl/17.3/fxgl-17.3.jar!/fxglassets/ui/fonts/Courier-Prime.ttf
17:41:40.642 [JavaFX Application Thread] DEBUG FXGLApplication      - Registering font factories with UI factory
17:41:40.646 [FXGL Background Thread 1 ] INFO  FXGLApplication      - FXGL initialization took: 0.434 sec
17:41:40.647 [JavaFX Application Thread] DEBUG FXGLAssetLoaderServi - Loading from file system: jar:file:///C:/Users/acer/.m2/repository/com/github/almasb/fxgl/17.3/fxgl-17.3.jar!/fxglassets/textures/fxgl_icon.png
17:41:40.668 [JavaFX Application Thread] DEBUG FXGLAssetLoaderServi - Loading from file system: jar:file:///C:/Users/acer/.m2/repository/com/github/almasb/fxgl/17.3/fxgl-17.3.jar!/fxglassets/textures/fxgl_default_cursor.png
17:41:40.686 [JavaFX Application Thread] DEBUG Input                - Registered new binding: Screenshot - CTRL+8
17:41:40.687 [JavaFX Application Thread] DEBUG Input                - Registered new binding: System info dump - CTRL+9
17:41:40.688 [JavaFX Application Thread] DEBUG Input                - Registered new binding: Restart - CTRL+R
17:41:40.689 [JavaFX Application Thread] DEBUG Input                - Registered new binding: Toggle Debug Camera - CTRL+7
17:41:40.692 [JavaFX Application Thread] DEBUG LoopRunner           - Starting loop
17:41:40.692 [JavaFX Application Thread] DEBUG LoopRunner           - Initializing JavaFX AnimationTimerLoop
17:41:40.694 [JavaFX Application Thread] DEBUG GameApplicationServi - Starting new game
17:41:40.695 [JavaFX Application Thread] DEBUG Input                - Clearing active input actions
17:41:40.709 [JavaFX Application Thread] DEBUG GameApplicationServi - Removing overlay from FXGLStartupScene and adding to FXGLLoadingScene
17:41:40.709 [JavaFX Application Thread] DEBUG PrimaryStageWindow   - FXGLStartupScene -> FXGLLoadingScene
17:41:40.709 [JavaFX Application Thread] DEBUG GameApplicationServi - Clearing previous game
17:41:40.709 [JavaFX Application Thread] DEBUG GameScene            - Clearing game scene
17:41:40.709 [JavaFX Application Thread] DEBUG GameWorld            - Clearing game world
17:41:40.709 [JavaFX Application Thread] DEBUG PhysicsWorld         - Clearing physics world
17:41:40.712 [FXGL Background Thread 1 ] DEBUG FXGLApplication      - Initializing game
17:41:40.785 [FXGL Background Thread 1 ] WARN  GameWorld            - Entity is already attached to world
17:41:40.786 [FXGL Background Thread 1 ] WARN  GameWorld            - Entity is already attached to world
17:41:40.790 [FXGL Background Thread 1 ] DEBUG Input                - Registered new binding: Move UP - Up
17:41:40.790 [FXGL Background Thread 1 ] DEBUG Input                - Registered new binding: Move DOWN - Down
17:41:40.790 [FXGL Background Thread 1 ] DEBUG Input                - Registered new binding: Move LEFT - Left
17:41:40.790 [FXGL Background Thread 1 ] DEBUG Input                - Registered new binding: Move RIGHT - Right
17:41:40.791 [FXGL Background Thread 1 ] DEBUG Input                - Registered new binding: MoveLoop - Undefined
17:41:40.795 [FXGL Background Thread 1 ] INFO  FXGLApplication      - Game initialization took: 0.084 sec
17:41:40.843 [JavaFX Application Thread] DEBUG Input                - Clearing active input actions
17:41:40.847 [JavaFX Application Thread] DEBUG GameApplicationServi - Removing overlay from FXGLLoadingScene and adding to GameScene
17:41:40.847 [JavaFX Application Thread] DEBUG PrimaryStageWindow   - FXGLLoadingScene -> GameScene
17:41:41.085 [FXGL Background Thread 2 ] INFO  UpdaterService       - Your current version:  17.3
17:41:41.085 [FXGL Background Thread 2 ] INFO  UpdaterService       - Latest stable version: 21.1
17:41:42.991 [JavaFX Application Thread] DEBUG FXGLApplication      - Exiting FXGL
17:41:42.991 [JavaFX Application Thread] DEBUG LoopRunner           - Stopping loop
17:41:42.991 [JavaFX Application Thread] DEBUG SystemBundleService  - Saving FXGL system data
17:41:42.994 [JavaFX Application Thread] DEBUG FileSystemAccess     - Writing to: C:\Users\acer\IdeaProjects\RZL\system\fxgl.bundle
17:41:42.996 [JavaFX Application Thread] DEBUG Async                - Shutting down background threads
17:41:42.996 [JavaFX Application Thread] DEBUG PrimaryStageWindow   - Closing main window
17:41:43.009 [JavaFX Application Thread] DEBUG Logger               - Closing Logger
