19:34:24.277 [main                     ] DEBUG Logger               - Configured Logger
19:34:24.309 [main                     ] DEBUG GameApplication      - Logging settings
Title: Untitled
Version: 0.0
Width: 800
Height: 600
Fullscreen: false
Intro: false
Profiling: false
Single step:false
App Mode: DEVELOPER
Menu Key: ESCAPE
Stage Style: DECORATED
Scene Factory: class com.almasb.fxgl.app.scene.SceneFactory

19:34:25.246 [JavaFX Application Thread] DEBUG FXGLApplication      - Initializing FXGL
19:34:25.249 [JavaFX Application Thread] INFO  Engine               - FXGL-17.3 (30.03.2023 11.49) on WINDOWS (J:21.0.3 FX:21)
19:34:25.249 [JavaFX Application Thread] DEBUG Engine               - JRE Vendor Name: Oracle Corporation
19:34:25.250 [JavaFX Application Thread] DEBUG Engine               - Running on OS: Windows 11 version 10.0
19:34:25.250 [JavaFX Application Thread] DEBUG Engine               - Architecture: amd64
19:34:25.250 [JavaFX Application Thread] INFO  Engine               - Source code and latest versions at: https://github.com/AlmasB/FXGL
19:34:25.250 [JavaFX Application Thread] INFO  Engine               -       Ask questions and discuss at: https://github.com/AlmasB/FXGL/discussions
19:34:25.250 [JavaFX Application Thread] INFO  Engine               -              Join the FXGL chat at: https://gitter.im/AlmasB/FXGL
19:34:25.338 [JavaFX Application Thread] DEBUG PrimaryStageWindow   - Creating a JavaFX scene
19:34:25.398 [JavaFX Application Thread] DEBUG PrimaryStageWindow   - Target settings size: 800.0 x 600.0
19:34:25.398 [JavaFX Application Thread] DEBUG PrimaryStageWindow   - Scaled scene size:    800.0 x 600.0
19:34:25.398 [JavaFX Application Thread] DEBUG PrimaryStageWindow   - Scaled ratio: (1.0, 1.0)
19:34:25.399 [JavaFX Application Thread] DEBUG PrimaryStageWindow   - Set initial scene to FXGLStartupScene
19:34:25.401 [JavaFX Application Thread] DEBUG PrimaryStageWindow   - Opening main window
19:34:25.490 [JavaFX Application Thread] DEBUG PrimaryStageWindow   - Window border size: (14.4000244140625, 37.5999755859375)
19:34:25.490 [JavaFX Application Thread] DEBUG PrimaryStageWindow   - Scaled size: 800.0 x 600.0
19:34:25.490 [JavaFX Application Thread] DEBUG PrimaryStageWindow   - Scaled ratio: (1.0, 1.0)
19:34:25.491 [JavaFX Application Thread] DEBUG PrimaryStageWindow   - Scene size: 800.0 x 600.0
19:34:25.491 [JavaFX Application Thread] DEBUG PrimaryStageWindow   - Stage size: 814.4000244140625 x 637.5999755859375
19:34:25.499 [FXGL Background Thread 1 ] DEBUG Engine               - Initializing environment variables
19:34:25.547 [FXGL Background Thread 1 ] DEBUG FXGLAssetLoaderServi - User app class for loading assets: class com.xen.rzlgame.rzl.HelloApplication
19:34:25.547 [FXGL Background Thread 1 ] DEBUG GameApplicationServi - Applying CSS: fxgl_dark.css
19:34:25.548 [FXGL Background Thread 1 ] DEBUG FXGLAssetLoaderServi - Loading from file system: jar:file:///C:/Users/acer/.m2/repository/com/github/almasb/fxgl/17.3/fxgl-17.3.jar!/fxglassets/ui/css/fxgl_dark.css
19:34:25.584 [FXGL Background Thread 1 ] DEBUG GameApplicationServi - Initializing application scenes
19:34:25.636 [FXGL Background Thread 1 ] DEBUG GameWorld            - Game world initialized
19:34:25.699 [FXGL Background Thread 1 ] DEBUG PhysicsWorld         - Physics world initialized: appHeight=600, physics.ppm=50.0
19:34:25.700 [FXGL Background Thread 1 ] DEBUG PhysicsWorld         - Using strategy: BRUTE_FORCE
19:34:25.703 [FXGL Background Thread 1 ] DEBUG GameScene            - Game scene initialized: 800x600
19:34:25.710 [FXGL Background Thread 1 ] DEBUG FXGL.DefaultMenu     - createMenuBodyGameMenu()
19:34:25.726 [FXGL Background Thread 1 ] DEBUG FXGL.DefaultMenu     - createOptionsMenu()
19:34:25.734 [FXGL Background Thread 1 ] DEBUG FXGLAssetLoaderServi - Loading from file system: jar:file:///C:/Users/acer/.m2/repository/com/github/almasb/fxgl/17.3/fxgl-17.3.jar!/fxglassets/textures/particles/smoke.png
19:34:25.834 [FXGL Background Thread 1 ] DEBUG FXGLAssetLoaderServi - Loading from file system: jar:file:///C:/Users/acer/.m2/repository/com/github/almasb/fxgl/17.3/fxgl-17.3.jar!/fxglassets/textures/particles/trace_horizontal.png
19:34:25.856 [FXGL Background Thread 1 ] DEBUG GameApplicationServi - Application scenes initialized
19:34:25.866 [FXGL Background Thread 1 ] DEBUG SystemBundleService  - Loading FXGL system data
19:34:25.870 [FXGL Background Thread 1 ] DEBUG FileSystemAccess     - Reading from: C:\Users\acer\IdeaProjects\RZL\system\fxgl.bundle
19:34:25.876 [FXGL Background Thread 1 ] DEBUG SystemBundleService  - Bundle FXGL: {}
19:34:25.876 [FXGL Background Thread 1 ] DEBUG UpdaterService       - Checking for updates
19:34:25.879 [FXGL Background Thread 4 ] DEBUG FXGLApplication      - Loading fonts
19:34:25.879 [FXGL Background Thread 1 ] DEBUG FXGLApplication      - Loading default localization
19:34:25.879 [FXGL Background Thread 4 ] DEBUG FXGLAssetLoaderServi - Loading from file system: jar:file:///C:/Users/acer/.m2/repository/com/github/almasb/fxgl/17.3/fxgl-17.3.jar!/fxglassets/ui/fonts/VarelaRound-Regular.ttf
19:34:25.879 [FXGL Background Thread 1 ] DEBUG FXGLAssetLoaderServi - Loading from file system: jar:file:///C:/Users/acer/.m2/repository/com/github/almasb/fxgl/17.3/fxgl-17.3.jar!/fxglassets/languages/english.lang
19:34:25.890 [FXGL Background Thread 1 ] INFO  FXGLApplication      - FXGL initialization took: 0.392 sec
19:34:25.890 [JavaFX Application Thread] DEBUG FXGLAssetLoaderServi - Loading from file system: jar:file:///C:/Users/acer/.m2/repository/com/github/almasb/fxgl/17.3/fxgl-17.3.jar!/fxglassets/textures/fxgl_icon.png
19:34:25.911 [JavaFX Application Thread] DEBUG FXGLAssetLoaderServi - Loading from file system: jar:file:///C:/Users/acer/.m2/repository/com/github/almasb/fxgl/17.3/fxgl-17.3.jar!/fxglassets/textures/fxgl_default_cursor.png
19:34:25.934 [FXGL Background Thread 4 ] DEBUG FXGLAssetLoaderServi - Loading from file system: jar:file:///C:/Users/acer/.m2/repository/com/github/almasb/fxgl/17.3/fxgl-17.3.jar!/fxglassets/ui/fonts/Abel-Regular.ttf
19:34:25.948 [JavaFX Application Thread] DEBUG Input                - Registered new binding: Screenshot - CTRL+8
19:34:25.949 [JavaFX Application Thread] DEBUG Input                - Registered new binding: System info dump - CTRL+9
19:34:25.949 [JavaFX Application Thread] DEBUG Input                - Registered new binding: Restart - CTRL+R
19:34:25.950 [JavaFX Application Thread] DEBUG Input                - Registered new binding: Toggle Debug Camera - CTRL+7
19:34:25.950 [FXGL Background Thread 4 ] DEBUG FXGLAssetLoaderServi - Loading from file system: jar:file:///C:/Users/acer/.m2/repository/com/github/almasb/fxgl/17.3/fxgl-17.3.jar!/fxglassets/ui/fonts/TerminalLandMono-Regular.otf
19:34:25.953 [FXGL Background Thread 4 ] DEBUG FXGLAssetLoaderServi - Loading from file system: jar:file:///C:/Users/acer/.m2/repository/com/github/almasb/fxgl/17.3/fxgl-17.3.jar!/fxglassets/ui/fonts/Courier-Prime.ttf
19:34:25.955 [JavaFX Application Thread] DEBUG LoopRunner           - Starting loop
19:34:25.955 [JavaFX Application Thread] DEBUG LoopRunner           - Initializing JavaFX AnimationTimerLoop
19:34:25.961 [JavaFX Application Thread] DEBUG GameApplicationServi - Starting new game
19:34:25.961 [JavaFX Application Thread] DEBUG Input                - Clearing active input actions
19:34:25.975 [JavaFX Application Thread] DEBUG GameApplicationServi - Removing overlay from FXGLStartupScene and adding to FXGLLoadingScene
19:34:25.975 [JavaFX Application Thread] DEBUG PrimaryStageWindow   - FXGLStartupScene -> FXGLLoadingScene
19:34:25.975 [JavaFX Application Thread] DEBUG GameApplicationServi - Clearing previous game
19:34:25.975 [JavaFX Application Thread] DEBUG GameScene            - Clearing game scene
19:34:25.975 [JavaFX Application Thread] DEBUG GameWorld            - Clearing game world
19:34:25.975 [JavaFX Application Thread] DEBUG PhysicsWorld         - Clearing physics world
19:34:25.977 [JavaFX Application Thread] DEBUG FXGLApplication      - Registering font factories with UI factory
19:34:25.977 [FXGL Background Thread 4 ] DEBUG FXGLApplication      - Initializing game
19:34:26.034 [FXGL Background Thread 4 ] WARN  GameWorld            - Entity is already attached to world
19:34:26.037 [FXGL Background Thread 4 ] WARN  GameWorld            - Entity is already attached to world
19:34:26.043 [FXGL Background Thread 4 ] WARN  GameWorld            - Entity is already attached to world
19:34:26.044 [FXGL Background Thread 4 ] WARN  GameWorld            - Entity is already attached to world
19:34:26.052 [FXGL Background Thread 4 ] DEBUG Input                - Registered new binding: Move S - S
19:34:26.052 [FXGL Background Thread 4 ] DEBUG Input                - Registered new binding: Move D - D
19:34:26.052 [FXGL Background Thread 4 ] DEBUG Input                - Registered new binding: Move A - A
19:34:26.052 [FXGL Background Thread 4 ] DEBUG Input                - Registered new binding: Move W - W
19:34:26.055 [FXGL Background Thread 4 ] DEBUG Input                - Registered new binding: Player Attack - LMB
19:34:26.055 [FXGL Background Thread 4 ] DEBUG Input                - Registered new binding: Player Guard and Parry - RMB
19:34:26.058 [JavaFX Application Thread] DEBUG LoopRunner           - Stopping loop
19:34:26.062 [JavaFX Application Thread] FATAL FXGLApplication      - Uncaught Exception:
java.lang.RuntimeException: Initialization failed
	at com.almasb.fxgl.all@17.3/com.almasb.fxgl.app.FXGLApplication$InitAppTask.failed(FXGLApplication.kt:343)
	at javafx.graphics@21/javafx.concurrent.Task.setState(Task.java:710)
	at javafx.graphics@21/javafx.concurrent.Task$TaskCallable.lambda$call$2(Task.java:1429)
	at javafx.graphics@21/com.sun.javafx.application.PlatformImpl.lambda$runLater$10(PlatformImpl.java:456)
	at java.base/java.security.AccessController.doPrivileged(AccessController.java:400)
	at javafx.graphics@21/com.sun.javafx.application.PlatformImpl.lambda$runLater$11(PlatformImpl.java:455)
	at javafx.graphics@21/com.sun.glass.ui.InvokeLaterDispatcher$Future.run(InvokeLaterDispatcher.java:95)
	at javafx.graphics@21/com.sun.glass.ui.win.WinApplication._runLoop(Native Method)
	at javafx.graphics@21/com.sun.glass.ui.win.WinApplication.lambda$runLoop$3(WinApplication.java:185)
	at java.base/java.lang.Thread.run(Thread.java:1583)
Caused by: java.lang.IllegalArgumentException: Cannot bind to illegal key: SHIFT
	at com.almasb.fxgl.core@17.3/com.almasb.fxgl.input.Input.addAction(Input.kt:505)
	at com.almasb.fxgl.core@17.3/com.almasb.fxgl.input.Input.addAction$default(Input.kt:504)
	at com.almasb.fxgl.core@17.3/com.almasb.fxgl.input.Input.addAction(Input.kt)
	at com.xen.rzlgame.rzl/com.xen.rzlgame.rzl.Handlers.InputHandler.initInput(InputHandler.java:66)
	at com.xen.rzlgame.rzl/com.xen.rzlgame.rzl.HelloApplication.initGame(HelloApplication.java:49)
	at com.almasb.fxgl.all@17.3/com.almasb.fxgl.app.FXGLApplication$InitAppTask.initGame(FXGLApplication.kt:339)
	at com.almasb.fxgl.all@17.3/com.almasb.fxgl.app.FXGLApplication$InitAppTask.call(FXGLApplication.kt:319)
	at com.almasb.fxgl.all@17.3/com.almasb.fxgl.app.FXGLApplication$InitAppTask.call(FXGLApplication.kt:311)
	at javafx.graphics@21/javafx.concurrent.Task$TaskCallable.call(Task.java:1399)
	at java.base/java.util.concurrent.FutureTask.run(FutureTask.java:317)
	at java.base/java.util.concurrent.Executors$RunnableAdapter.call(Executors.java:572)
	at java.base/java.util.concurrent.FutureTask.run(FutureTask.java:317)
	at java.base/java.util.concurrent.ThreadPoolExecutor.runWorker(ThreadPoolExecutor.java:1144)
	at java.base/java.util.concurrent.ThreadPoolExecutor$Worker.run(ThreadPoolExecutor.java:642)
	... 1 more

19:34:26.062 [JavaFX Application Thread] FATAL FXGLApplication      - Application will now exit
19:34:26.100 [JavaFX Application Thread] DEBUG PrimaryStageWindow   - Push state: ErrorSubScene
19:34:26.100 [JavaFX Application Thread] DEBUG Input                - Clearing active input actions
19:34:26.108 [JavaFX Application Thread] DEBUG GameApplicationServi - Removing overlay from FXGLLoadingScene and adding to ErrorSubScene
19:34:26.108 [JavaFX Application Thread] DEBUG PrimaryStageWindow   - FXGLLoadingScene -> ErrorSubScene
19:34:26.911 [FXGL Background Thread 2 ] INFO  UpdaterService       - Your current version:  17.3
19:34:26.911 [FXGL Background Thread 2 ] INFO  UpdaterService       - Latest stable version: 21.1
19:34:27.598 [JavaFX Application Thread] DEBUG FXGLApplication      - Exiting FXGL
19:34:27.598 [JavaFX Application Thread] DEBUG Async                - Shutting down background threads
19:34:27.599 [JavaFX Application Thread] DEBUG PrimaryStageWindow   - Closing main window
19:34:27.614 [JavaFX Application Thread] DEBUG Logger               - Closing Logger
