17:50:31.110 [main                     ] DEBUG Logger               - Configured Logger
17:50:31.140 [main                     ] DEBUG GameApplication      - Logging settings
Title: Untitled
Version: 0.0
Width: 800
Height: 600
Fullscreen: false
Intro: false
Profiling: false
Single step:false
App Mode: DEVELOPER
Menu Key: ESCAPE
Stage Style: DECORATED
Scene Factory: class com.almasb.fxgl.app.scene.SceneFactory

17:50:31.413 [JavaFX Application Thread] DEBUG FXGLApplication      - Initializing FXGL
17:50:31.416 [JavaFX Application Thread] INFO  Engine               - FXGL-17.3 (30.03.2023 11.49) on WINDOWS (J:21.0.3 FX:21)
17:50:31.416 [JavaFX Application Thread] DEBUG Engine               - JRE Vendor Name: Oracle Corporation
17:50:31.417 [JavaFX Application Thread] DEBUG Engine               - Running on OS: Windows 11 version 10.0
17:50:31.417 [JavaFX Application Thread] DEBUG Engine               - Architecture: amd64
17:50:31.417 [JavaFX Application Thread] INFO  Engine               - Source code and latest versions at: https://github.com/AlmasB/FXGL
17:50:31.417 [JavaFX Application Thread] INFO  Engine               -       Ask questions and discuss at: https://github.com/AlmasB/FXGL/discussions
17:50:31.417 [JavaFX Application Thread] INFO  Engine               -              Join the FXGL chat at: https://gitter.im/AlmasB/FXGL
17:50:31.474 [JavaFX Application Thread] DEBUG PrimaryStageWindow   - Creating a JavaFX scene
17:50:31.506 [JavaFX Application Thread] DEBUG PrimaryStageWindow   - Target settings size: 800.0 x 600.0
17:50:31.507 [JavaFX Application Thread] DEBUG PrimaryStageWindow   - Scaled scene size:    800.0 x 600.0
17:50:31.507 [JavaFX Application Thread] DEBUG PrimaryStageWindow   - Scaled ratio: (1.0, 1.0)
17:50:31.507 [JavaFX Application Thread] DEBUG PrimaryStageWindow   - Set initial scene to FXGLStartupScene
17:50:31.510 [JavaFX Application Thread] DEBUG PrimaryStageWindow   - Opening main window
17:50:31.573 [JavaFX Application Thread] DEBUG PrimaryStageWindow   - Window border size: (14.4000244140625, 37.5999755859375)
17:50:31.573 [JavaFX Application Thread] DEBUG PrimaryStageWindow   - Scaled size: 800.0 x 600.0
17:50:31.573 [JavaFX Application Thread] DEBUG PrimaryStageWindow   - Scaled ratio: (1.0, 1.0)
17:50:31.573 [JavaFX Application Thread] DEBUG PrimaryStageWindow   - Scene size: 800.0 x 600.0
17:50:31.573 [JavaFX Application Thread] DEBUG PrimaryStageWindow   - Stage size: 814.4000244140625 x 637.5999755859375
17:50:31.578 [FXGL Background Thread 1 ] DEBUG Engine               - Initializing environment variables
17:50:31.619 [FXGL Background Thread 1 ] DEBUG FXGLAssetLoaderServi - User app class for loading assets: class com.xen.rzlgame.rzl.HelloApplication
17:50:31.619 [FXGL Background Thread 1 ] DEBUG GameApplicationServi - Applying CSS: fxgl_dark.css
17:50:31.620 [FXGL Background Thread 1 ] DEBUG FXGLAssetLoaderServi - Loading from file system: jar:file:///C:/Users/acer/.m2/repository/com/github/almasb/fxgl/17.3/fxgl-17.3.jar!/fxglassets/ui/css/fxgl_dark.css
17:50:31.668 [FXGL Background Thread 1 ] DEBUG GameApplicationServi - Initializing application scenes
17:50:31.716 [FXGL Background Thread 1 ] DEBUG GameWorld            - Game world initialized
17:50:31.772 [FXGL Background Thread 1 ] DEBUG PhysicsWorld         - Physics world initialized: appHeight=600, physics.ppm=50.0
17:50:31.772 [FXGL Background Thread 1 ] DEBUG PhysicsWorld         - Using strategy: BRUTE_FORCE
17:50:31.776 [FXGL Background Thread 1 ] DEBUG GameScene            - Game scene initialized: 800x600
17:50:31.782 [FXGL Background Thread 1 ] DEBUG FXGL.DefaultMenu     - createMenuBodyGameMenu()
17:50:31.790 [FXGL Background Thread 1 ] DEBUG FXGL.DefaultMenu     - createOptionsMenu()
17:50:31.796 [FXGL Background Thread 1 ] DEBUG FXGLAssetLoaderServi - Loading from file system: jar:file:///C:/Users/acer/.m2/repository/com/github/almasb/fxgl/17.3/fxgl-17.3.jar!/fxglassets/textures/particles/smoke.png
17:50:31.880 [FXGL Background Thread 1 ] DEBUG FXGLAssetLoaderServi - Loading from file system: jar:file:///C:/Users/acer/.m2/repository/com/github/almasb/fxgl/17.3/fxgl-17.3.jar!/fxglassets/textures/particles/trace_horizontal.png
17:50:31.899 [FXGL Background Thread 1 ] DEBUG GameApplicationServi - Application scenes initialized
17:50:31.910 [FXGL Background Thread 1 ] DEBUG SystemBundleService  - Loading FXGL system data
17:50:31.913 [FXGL Background Thread 1 ] DEBUG FileSystemAccess     - Reading from: C:\Users\acer\IdeaProjects\RZL\system\fxgl.bundle
17:50:31.920 [FXGL Background Thread 1 ] DEBUG SystemBundleService  - Bundle FXGL: {}
17:50:31.920 [FXGL Background Thread 1 ] DEBUG UpdaterService       - Checking for updates
17:50:31.922 [FXGL Background Thread 4 ] DEBUG FXGLApplication      - Loading fonts
17:50:31.923 [FXGL Background Thread 4 ] DEBUG FXGLAssetLoaderServi - Loading from file system: jar:file:///C:/Users/acer/.m2/repository/com/github/almasb/fxgl/17.3/fxgl-17.3.jar!/fxglassets/ui/fonts/VarelaRound-Regular.ttf
17:50:31.923 [FXGL Background Thread 1 ] DEBUG FXGLApplication      - Loading default localization
17:50:31.924 [FXGL Background Thread 1 ] DEBUG FXGLAssetLoaderServi - Loading from file system: jar:file:///C:/Users/acer/.m2/repository/com/github/almasb/fxgl/17.3/fxgl-17.3.jar!/fxglassets/languages/english.lang
17:50:31.953 [FXGL Background Thread 4 ] DEBUG FXGLAssetLoaderServi - Loading from file system: jar:file:///C:/Users/acer/.m2/repository/com/github/almasb/fxgl/17.3/fxgl-17.3.jar!/fxglassets/ui/fonts/Abel-Regular.ttf
17:50:31.956 [FXGL Background Thread 4 ] DEBUG FXGLAssetLoaderServi - Loading from file system: jar:file:///C:/Users/acer/.m2/repository/com/github/almasb/fxgl/17.3/fxgl-17.3.jar!/fxglassets/ui/fonts/TerminalLandMono-Regular.otf
17:50:31.959 [FXGL Background Thread 4 ] DEBUG FXGLAssetLoaderServi - Loading from file system: jar:file:///C:/Users/acer/.m2/repository/com/github/almasb/fxgl/17.3/fxgl-17.3.jar!/fxglassets/ui/fonts/Courier-Prime.ttf
17:50:31.965 [JavaFX Application Thread] DEBUG FXGLApplication      - Registering font factories with UI factory
17:50:31.969 [FXGL Background Thread 1 ] INFO  FXGLApplication      - FXGL initialization took: 0.392 sec
17:50:31.970 [JavaFX Application Thread] DEBUG FXGLAssetLoaderServi - Loading from file system: jar:file:///C:/Users/acer/.m2/repository/com/github/almasb/fxgl/17.3/fxgl-17.3.jar!/fxglassets/textures/fxgl_icon.png
17:50:31.987 [JavaFX Application Thread] DEBUG FXGLAssetLoaderServi - Loading from file system: jar:file:///C:/Users/acer/.m2/repository/com/github/almasb/fxgl/17.3/fxgl-17.3.jar!/fxglassets/textures/fxgl_default_cursor.png
17:50:31.997 [JavaFX Application Thread] DEBUG Input                - Registered new binding: Screenshot - CTRL+8
17:50:31.998 [JavaFX Application Thread] DEBUG Input                - Registered new binding: System info dump - CTRL+9
17:50:31.999 [JavaFX Application Thread] DEBUG Input                - Registered new binding: Restart - CTRL+R
17:50:32.000 [JavaFX Application Thread] DEBUG Input                - Registered new binding: Toggle Debug Camera - CTRL+7
17:50:32.004 [JavaFX Application Thread] DEBUG LoopRunner           - Starting loop
17:50:32.004 [JavaFX Application Thread] DEBUG LoopRunner           - Initializing JavaFX AnimationTimerLoop
17:50:32.008 [JavaFX Application Thread] DEBUG GameApplicationServi - Starting new game
17:50:32.008 [JavaFX Application Thread] DEBUG Input                - Clearing active input actions
17:50:32.021 [JavaFX Application Thread] DEBUG GameApplicationServi - Removing overlay from FXGLStartupScene and adding to FXGLLoadingScene
17:50:32.022 [JavaFX Application Thread] DEBUG PrimaryStageWindow   - FXGLStartupScene -> FXGLLoadingScene
17:50:32.022 [JavaFX Application Thread] DEBUG GameApplicationServi - Clearing previous game
17:50:32.022 [JavaFX Application Thread] DEBUG GameScene            - Clearing game scene
17:50:32.022 [JavaFX Application Thread] DEBUG GameWorld            - Clearing game world
17:50:32.022 [JavaFX Application Thread] DEBUG PhysicsWorld         - Clearing physics world
17:50:32.024 [FXGL Background Thread 1 ] DEBUG FXGLApplication      - Initializing game
17:50:32.105 [FXGL Background Thread 1 ] WARN  GameWorld            - Entity is already attached to world
17:50:32.106 [FXGL Background Thread 1 ] WARN  Entity               - Entity already has component: com.almasb.fxgl.entity.components.CollidableComponent
17:50:32.107 [FXGL Background Thread 1 ] WARN  GameWorld            - Entity is already attached to world
17:50:32.114 [FXGL Background Thread 1 ] DEBUG Input                - Registered new binding: Move A - A
17:50:32.114 [FXGL Background Thread 1 ] DEBUG Input                - Registered new binding: Move D - D
17:50:32.118 [FXGL Background Thread 1 ] DEBUG Input                - Registered new binding: Player Attack - LMB
17:50:32.118 [FXGL Background Thread 1 ] DEBUG Input                - Registered new binding: Player Parry - RMB
17:50:32.119 [FXGL Background Thread 1 ] DEBUG Input                - Registered new binding: Jump - Space
17:50:32.121 [FXGL Background Thread 1 ] DEBUG Input                - Registered new binding: Interact - Z
17:50:32.121 [FXGL Background Thread 1 ] INFO  FXGLApplication      - Game initialization took: 0.097 sec
17:50:32.156 [JavaFX Application Thread] DEBUG Input                - Clearing active input actions
17:50:32.161 [JavaFX Application Thread] DEBUG GameApplicationServi - Removing overlay from FXGLLoadingScene and adding to GameScene
17:50:32.161 [JavaFX Application Thread] DEBUG PrimaryStageWindow   - FXGLLoadingScene -> GameScene
17:50:32.392 [FXGL Background Thread 2 ] INFO  UpdaterService       - Your current version:  17.3
17:50:32.392 [FXGL Background Thread 2 ] INFO  UpdaterService       - Latest stable version: 21.1
17:50:34.923 [FXGL Background Thread 3 ] DEBUG Engine               - Logging environment variables
17:50:34.923 [FXGL Background Thread 3 ] DEBUG Engine               - achievements: []
17:50:34.923 [FXGL Background Thread 3 ] DEBUG Engine               - actualHeight: 600.0
17:50:34.923 [FXGL Background Thread 3 ] DEBUG Engine               - actualHeightProperty: ReadOnlyDoubleProperty [value: 600.0]
17:50:34.923 [FXGL Background Thread 3 ] DEBUG Engine               - actualWidth: 800.0
17:50:34.924 [FXGL Background Thread 3 ] DEBUG Engine               - actualWidthProperty: ReadOnlyDoubleProperty [value: 800.0]
17:50:34.924 [FXGL Background Thread 3 ] DEBUG Engine               - appIcon: fxgl_icon.png
17:50:34.924 [FXGL Background Thread 3 ] DEBUG Engine               - applicationMode: DEVELOPER
17:50:34.924 [FXGL Background Thread 3 ] DEBUG Engine               - cSSList: [fxgl_dark.css]
17:50:34.924 [FXGL Background Thread 3 ] DEBUG Engine               - collisionDetectionStrategy: BRUTE_FORCE
17:50:34.924 [FXGL Background Thread 3 ] DEBUG Engine               - configClass: Optional.empty
17:50:34.924 [FXGL Background Thread 3 ] DEBUG Engine               - credits: []
17:50:34.924 [FXGL Background Thread 3 ] DEBUG Engine               - defaultCursor: CursorInfo(imageName=fxgl_default_cursor.png, hotspotX=7.0, hotspotY=6.0)
17:50:34.925 [FXGL Background Thread 3 ] DEBUG Engine               - devBBoxColorProperty: ObjectProperty [value: 0xff0000ff]
17:50:34.925 [FXGL Background Thread 3 ] DEBUG Engine               - devEnableDebugCameraProperty: BooleanProperty [value: false]
17:50:34.925 [FXGL Background Thread 3 ] DEBUG Engine               - devSensorColorProperty: ObjectProperty [value: 0xffff00ff]
17:50:34.925 [FXGL Background Thread 3 ] DEBUG Engine               - devShowBBoxProperty: BooleanProperty [value: false]
17:50:34.925 [FXGL Background Thread 3 ] DEBUG Engine               - devShowPositionProperty: BooleanProperty [value: false]
17:50:34.925 [FXGL Background Thread 3 ] DEBUG Engine               - enabledMenuItems: []
17:50:34.925 [FXGL Background Thread 3 ] DEBUG Engine               - engineServices: [class com.almasb.fxgl.app.services.FXGLAssetLoaderService, class com.almasb.fxgl.app.FXGLApplication$GameApplicationService, class com.almasb.fxgl.app.services.FXGLDialogService, class com.almasb.fxgl.app.services.IOTaskExecutorService, class com.almasb.fxgl.io.FileSystemService, class com.almasb.fxgl.localization.LocalizationService, class com.almasb.fxgl.app.services.SystemBundleService, class com.almasb.fxgl.profile.SaveLoadService, class com.almasb.fxgl.ui.FXGLUIFactoryServiceProvider, class com.almasb.fxgl.ui.FXGLDialogFactoryServiceProvider, class com.almasb.fxgl.audio.AudioPlayer, class com.almasb.fxgl.notification.impl.NotificationServiceProvider, class com.almasb.fxgl.achievement.AchievementService, class com.almasb.fxgl.cutscene.CutsceneService, class com.almasb.fxgl.minigames.MiniGameService, class com.almasb.fxgl.net.NetService, class com.almasb.fxgl.app.services.UpdaterService, class com.almasb.fxgl.dev.DevService]
17:50:34.925 [FXGL Background Thread 3 ] DEBUG Engine               - fontGame: Abel-Regular.ttf
17:50:34.925 [FXGL Background Thread 3 ] DEBUG Engine               - fontMono: TerminalLandMono-Regular.otf
17:50:34.925 [FXGL Background Thread 3 ] DEBUG Engine               - fontSizeScaleUI: 1.0
17:50:34.925 [FXGL Background Thread 3 ] DEBUG Engine               - fontText: Courier-Prime.ttf
17:50:34.925 [FXGL Background Thread 3 ] DEBUG Engine               - fontUI: VarelaRound-Regular.ttf
17:50:34.925 [FXGL Background Thread 3 ] DEBUG Engine               - fullScreen: BooleanProperty [value: false]
17:50:34.925 [FXGL Background Thread 3 ] DEBUG Engine               - gameDifficulty: MEDIUM
17:50:34.925 [FXGL Background Thread 3 ] DEBUG Engine               - gameDifficultyProperty: ObjectProperty [value: MEDIUM]
17:50:34.925 [FXGL Background Thread 3 ] DEBUG Engine               - globalMusicVolume: 0.5
17:50:34.925 [FXGL Background Thread 3 ] DEBUG Engine               - globalMusicVolumeProperty: DoubleProperty [value: 0.5]
17:50:34.925 [FXGL Background Thread 3 ] DEBUG Engine               - globalSoundVolume: 0.5
17:50:34.925 [FXGL Background Thread 3 ] DEBUG Engine               - globalSoundVolumeProperty: DoubleProperty [value: 0.5]
17:50:34.926 [FXGL Background Thread 3 ] DEBUG Engine               - height: 600
17:50:34.926 [FXGL Background Thread 3 ] DEBUG Engine               - is3D: false
17:50:34.926 [FXGL Background Thread 3 ] DEBUG Engine               - isAndroid: false
17:50:34.926 [FXGL Background Thread 3 ] DEBUG Engine               - isBrowser: false
17:50:34.926 [FXGL Background Thread 3 ] DEBUG Engine               - isClickFeedbackEnabled: false
17:50:34.926 [FXGL Background Thread 3 ] DEBUG Engine               - isCloseConfirmation: false
17:50:34.926 [FXGL Background Thread 3 ] DEBUG Engine               - isDesktop: true
17:50:34.926 [FXGL Background Thread 3 ] DEBUG Engine               - isDeveloperMenuEnabled: false
17:50:34.926 [FXGL Background Thread 3 ] DEBUG Engine               - isEmbedded: false
17:50:34.926 [FXGL Background Thread 3 ] DEBUG Engine               - isEntityPreloadEnabled: true
17:50:34.926 [FXGL Background Thread 3 ] DEBUG Engine               - isExperimentalTiledLargeMap: false
17:50:34.926 [FXGL Background Thread 3 ] DEBUG Engine               - isFileSystemWriteAllowed: true
17:50:34.926 [FXGL Background Thread 3 ] DEBUG Engine               - isFullScreenAllowed: false
17:50:34.926 [FXGL Background Thread 3 ] DEBUG Engine               - isFullScreenFromStart: false
17:50:34.926 [FXGL Background Thread 3 ] DEBUG Engine               - isGameMenuEnabled: true
17:50:34.926 [FXGL Background Thread 3 ] DEBUG Engine               - isIOS: false
17:50:34.926 [FXGL Background Thread 3 ] DEBUG Engine               - isIntroEnabled: false
17:50:34.926 [FXGL Background Thread 3 ] DEBUG Engine               - isLinux: false
17:50:34.926 [FXGL Background Thread 3 ] DEBUG Engine               - isMac: false
17:50:34.926 [FXGL Background Thread 3 ] DEBUG Engine               - isMainMenuEnabled: false
17:50:34.926 [FXGL Background Thread 3 ] DEBUG Engine               - isManualResizeEnabled: false
17:50:34.926 [FXGL Background Thread 3 ] DEBUG Engine               - isMobile: false
17:50:34.926 [FXGL Background Thread 3 ] DEBUG Engine               - isNative: false
17:50:34.926 [FXGL Background Thread 3 ] DEBUG Engine               - isPauseMusicWhenMinimized: true
17:50:34.926 [FXGL Background Thread 3 ] DEBUG Engine               - isPreserveResizeRatio: false
17:50:34.926 [FXGL Background Thread 3 ] DEBUG Engine               - isProfilingEnabled: false
17:50:34.926 [FXGL Background Thread 3 ] DEBUG Engine               - isScaleAffectedOnResize: true
17:50:34.926 [FXGL Background Thread 3 ] DEBUG Engine               - isSingleStep: false
17:50:34.926 [FXGL Background Thread 3 ] DEBUG Engine               - isUserProfileEnabled: false
17:50:34.926 [FXGL Background Thread 3 ] DEBUG Engine               - isWindows: true
17:50:34.926 [FXGL Background Thread 3 ] DEBUG Engine               - language: ObjectProperty [value: ENGLISH]
17:50:34.926 [FXGL Background Thread 3 ] DEBUG Engine               - menuKey: ESCAPE
17:50:34.926 [FXGL Background Thread 3 ] DEBUG Engine               - mouseSensitivity: 0.2
17:50:34.926 [FXGL Background Thread 3 ] DEBUG Engine               - notificationViewClass: class com.almasb.fxgl.notification.view.XboxNotificationView
17:50:34.926 [FXGL Background Thread 3 ] DEBUG Engine               - pixelsPerMeter: 50.0
17:50:34.926 [FXGL Background Thread 3 ] DEBUG Engine               - platform: WINDOWS
17:50:34.926 [FXGL Background Thread 3 ] DEBUG Engine               - prefHeightProperty: ReadOnlyDoubleProperty [value: 600.0]
17:50:34.926 [FXGL Background Thread 3 ] DEBUG Engine               - prefWidthProperty: ReadOnlyDoubleProperty [value: 800.0]
17:50:34.927 [FXGL Background Thread 3 ] DEBUG Engine               - profileDir: profiles/
17:50:34.927 [FXGL Background Thread 3 ] DEBUG Engine               - profileName: StringProperty [value: DEFAULT]
17:50:34.927 [FXGL Background Thread 3 ] DEBUG Engine               - randomSeed: -1
17:50:34.927 [FXGL Background Thread 3 ] DEBUG Engine               - runtimeInfo: RuntimeInfo(platform=WINDOWS, version=17.3, build=30.03.2023 11.49)
17:50:34.927 [FXGL Background Thread 3 ] DEBUG Engine               - saveFileExt: sav
17:50:34.927 [FXGL Background Thread 3 ] DEBUG Engine               - scaledHeightProp$fxgl: DoubleProperty [bound, value: 600.0]
17:50:34.927 [FXGL Background Thread 3 ] DEBUG Engine               - scaledWidthProp$fxgl: DoubleProperty [bound, value: 800.0]
17:50:34.927 [FXGL Background Thread 3 ] DEBUG Engine               - sceneFactory: com.almasb.fxgl.app.scene.SceneFactory@41460ad6
17:50:34.927 [FXGL Background Thread 3 ] DEBUG Engine               - secondsIn24h: 60
17:50:34.927 [FXGL Background Thread 3 ] DEBUG Engine               - soundMenuBack: menu/back.wav
17:50:34.927 [FXGL Background Thread 3 ] DEBUG Engine               - soundMenuPress: menu/press.wav
17:50:34.927 [FXGL Background Thread 3 ] DEBUG Engine               - soundMenuSelect: menu/select.wav
17:50:34.927 [FXGL Background Thread 3 ] DEBUG Engine               - soundNotification: core/notification.wav
17:50:34.927 [FXGL Background Thread 3 ] DEBUG Engine               - stageStyle: DECORATED
17:50:34.927 [FXGL Background Thread 3 ] DEBUG Engine               - supportedLanguages: [ENGLISH, FRENCH, GERMAN, HUNGARIAN, RUSSIAN]
17:50:34.927 [FXGL Background Thread 3 ] DEBUG Engine               - ticksPerSecond: -1
17:50:34.927 [FXGL Background Thread 3 ] DEBUG Engine               - title: Untitled
17:50:34.927 [FXGL Background Thread 3 ] DEBUG Engine               - urlGithub: https://github.com/AlmasB/FXGL
17:50:34.927 [FXGL Background Thread 3 ] DEBUG Engine               - urlLeaderboard: http://fxgl-top.herokuapp.com/
17:50:34.927 [FXGL Background Thread 3 ] DEBUG Engine               - urlPOM: https://raw.githubusercontent.com/AlmasB/FXGL/release/README.md
17:50:34.927 [FXGL Background Thread 3 ] DEBUG Engine               - userAppClass: class com.xen.rzlgame.rzl.HelloApplication
17:50:34.927 [FXGL Background Thread 3 ] DEBUG Engine               - version: 0.0
17:50:34.927 [FXGL Background Thread 3 ] DEBUG Engine               - versionCheckDays: 7
17:50:34.928 [FXGL Background Thread 3 ] DEBUG Engine               - width: 800
17:50:34.928 [FXGL Background Thread 3 ] DEBUG Engine               - Logging services
17:50:34.928 [FXGL Background Thread 3 ] DEBUG Engine               - class com.almasb.fxgl.app.services.FXGLAssetLoaderService
17:50:34.928 [FXGL Background Thread 3 ] DEBUG Engine               - class com.almasb.fxgl.app.FXGLApplication$GameApplicationService
17:50:34.928 [FXGL Background Thread 3 ] DEBUG Engine               - class com.almasb.fxgl.app.services.FXGLDialogService
17:50:34.928 [FXGL Background Thread 3 ] DEBUG Engine               - class com.almasb.fxgl.app.services.IOTaskExecutorService
17:50:34.928 [FXGL Background Thread 3 ] DEBUG Engine               - class com.almasb.fxgl.io.FileSystemService
17:50:34.928 [FXGL Background Thread 3 ] DEBUG Engine               - class com.almasb.fxgl.localization.LocalizationService
17:50:34.928 [FXGL Background Thread 3 ] DEBUG Engine               - class com.almasb.fxgl.app.services.SystemBundleService
17:50:34.928 [FXGL Background Thread 3 ] DEBUG Engine               - class com.almasb.fxgl.profile.SaveLoadService
17:50:34.928 [FXGL Background Thread 3 ] DEBUG Engine               - class com.almasb.fxgl.ui.FXGLUIFactoryServiceProvider
17:50:34.928 [FXGL Background Thread 3 ] DEBUG Engine               - class com.almasb.fxgl.ui.FXGLDialogFactoryServiceProvider
17:50:34.928 [FXGL Background Thread 3 ] DEBUG Engine               - class com.almasb.fxgl.audio.AudioPlayer
17:50:34.928 [FXGL Background Thread 3 ] DEBUG Engine               - class com.almasb.fxgl.notification.impl.NotificationServiceProvider
17:50:34.928 [FXGL Background Thread 3 ] DEBUG Engine               - class com.almasb.fxgl.achievement.AchievementService
17:50:34.928 [FXGL Background Thread 3 ] DEBUG Engine               - class com.almasb.fxgl.cutscene.CutsceneService
17:50:34.928 [FXGL Background Thread 3 ] DEBUG Engine               - class com.almasb.fxgl.minigames.MiniGameService
17:50:34.928 [FXGL Background Thread 3 ] DEBUG Engine               - class com.almasb.fxgl.net.NetService
17:50:34.928 [FXGL Background Thread 3 ] DEBUG Engine               - class com.almasb.fxgl.app.services.UpdaterService
17:50:34.928 [FXGL Background Thread 3 ] DEBUG Engine               - class com.almasb.fxgl.dev.DevService
17:50:45.681 [JavaFX Application Thread] DEBUG FXGLApplication      - Exiting FXGL
17:50:45.681 [JavaFX Application Thread] DEBUG LoopRunner           - Stopping loop
17:50:45.681 [JavaFX Application Thread] DEBUG SystemBundleService  - Saving FXGL system data
17:50:45.684 [JavaFX Application Thread] DEBUG FileSystemAccess     - Writing to: C:\Users\acer\IdeaProjects\RZL\system\fxgl.bundle
17:50:45.685 [JavaFX Application Thread] DEBUG Async                - Shutting down background threads
17:50:45.686 [JavaFX Application Thread] DEBUG PrimaryStageWindow   - Closing main window
17:50:45.698 [JavaFX Application Thread] DEBUG Logger               - Closing Logger
