22:02:21.161 [main                     ] DEBUG Logger               - Configured Logger
22:02:21.195 [main                     ] DEBUG GameApplication      - Logging settings
Title: Untitled
Version: 0.0
Width: 800
Height: 600
Fullscreen: false
Intro: false
Profiling: false
Single step:false
App Mode: DEVELOPER
Menu Key: ESCAPE
Stage Style: DECORATED
Scene Factory: class com.almasb.fxgl.app.scene.SceneFactory

22:02:21.476 [JavaFX Application Thread] DEBUG FXGLApplication      - Initializing FXGL
22:02:21.479 [JavaFX Application Thread] INFO  Engine               - FXGL-17.3 (30.03.2023 11.49) on WINDOWS (J:21.0.3 FX:21)
22:02:21.480 [JavaFX Application Thread] DEBUG Engine               - JRE Vendor Name: Oracle Corporation
22:02:21.480 [JavaFX Application Thread] DEBUG Engine               - Running on OS: Windows 11 version 10.0
22:02:21.480 [JavaFX Application Thread] DEBUG Engine               - Architecture: amd64
22:02:21.480 [JavaFX Application Thread] INFO  Engine               - Source code and latest versions at: https://github.com/AlmasB/FXGL
22:02:21.480 [JavaFX Application Thread] INFO  Engine               -       Ask questions and discuss at: https://github.com/AlmasB/FXGL/discussions
22:02:21.480 [JavaFX Application Thread] INFO  Engine               -              Join the FXGL chat at: https://gitter.im/AlmasB/FXGL
22:02:21.542 [JavaFX Application Thread] DEBUG PrimaryStageWindow   - Creating a JavaFX scene
22:02:21.578 [JavaFX Application Thread] DEBUG PrimaryStageWindow   - Target settings size: 800.0 x 600.0
22:02:21.578 [JavaFX Application Thread] DEBUG PrimaryStageWindow   - Scaled scene size:    800.0 x 600.0
22:02:21.578 [JavaFX Application Thread] DEBUG PrimaryStageWindow   - Scaled ratio: (1.0, 1.0)
22:02:21.579 [JavaFX Application Thread] DEBUG PrimaryStageWindow   - Set initial scene to FXGLStartupScene
22:02:21.583 [JavaFX Application Thread] DEBUG PrimaryStageWindow   - Opening main window
22:02:21.644 [JavaFX Application Thread] DEBUG PrimaryStageWindow   - Window border size: (14.4000244140625, 37.5999755859375)
22:02:21.644 [JavaFX Application Thread] DEBUG PrimaryStageWindow   - Scaled size: 800.0 x 600.0
22:02:21.644 [JavaFX Application Thread] DEBUG PrimaryStageWindow   - Scaled ratio: (1.0, 1.0)
22:02:21.644 [JavaFX Application Thread] DEBUG PrimaryStageWindow   - Scene size: 800.0 x 600.0
22:02:21.644 [JavaFX Application Thread] DEBUG PrimaryStageWindow   - Stage size: 814.4000244140625 x 637.5999755859375
22:02:21.650 [FXGL Background Thread 1 ] DEBUG Engine               - Initializing environment variables
22:02:21.697 [FXGL Background Thread 1 ] DEBUG FXGLAssetLoaderServi - User app class for loading assets: class com.xen.rzlgame.rzl.HelloApplication
22:02:21.697 [FXGL Background Thread 1 ] DEBUG GameApplicationServi - Applying CSS: fxgl_dark.css
22:02:21.698 [FXGL Background Thread 1 ] DEBUG FXGLAssetLoaderServi - Loading from file system: jar:file:///C:/Users/acer/.m2/repository/com/github/almasb/fxgl/17.3/fxgl-17.3.jar!/fxglassets/ui/css/fxgl_dark.css
22:02:21.742 [FXGL Background Thread 1 ] DEBUG GameApplicationServi - Initializing application scenes
22:02:21.799 [FXGL Background Thread 1 ] DEBUG GameWorld            - Game world initialized
22:02:21.852 [FXGL Background Thread 1 ] DEBUG PhysicsWorld         - Physics world initialized: appHeight=600, physics.ppm=50.0
22:02:21.852 [FXGL Background Thread 1 ] DEBUG PhysicsWorld         - Using strategy: BRUTE_FORCE
22:02:21.855 [FXGL Background Thread 1 ] DEBUG GameScene            - Game scene initialized: 800x600
22:02:21.863 [FXGL Background Thread 1 ] DEBUG FXGL.DefaultMenu     - createMenuBodyGameMenu()
22:02:21.871 [FXGL Background Thread 1 ] DEBUG FXGL.DefaultMenu     - createOptionsMenu()
22:02:21.877 [FXGL Background Thread 1 ] DEBUG FXGLAssetLoaderServi - Loading from file system: jar:file:///C:/Users/acer/.m2/repository/com/github/almasb/fxgl/17.3/fxgl-17.3.jar!/fxglassets/textures/particles/smoke.png
22:02:21.966 [FXGL Background Thread 1 ] DEBUG FXGLAssetLoaderServi - Loading from file system: jar:file:///C:/Users/acer/.m2/repository/com/github/almasb/fxgl/17.3/fxgl-17.3.jar!/fxglassets/textures/particles/trace_horizontal.png
22:02:21.988 [FXGL Background Thread 1 ] DEBUG GameApplicationServi - Application scenes initialized
22:02:21.998 [FXGL Background Thread 1 ] DEBUG SystemBundleService  - Loading FXGL system data
22:02:22.001 [FXGL Background Thread 1 ] DEBUG FileSystemAccess     - Reading from: C:\Users\acer\IdeaProjects\RZL\system\fxgl.bundle
22:02:22.008 [FXGL Background Thread 1 ] DEBUG SystemBundleService  - Bundle FXGL: {}
22:02:22.008 [FXGL Background Thread 1 ] DEBUG UpdaterService       - Checking for updates
22:02:22.010 [FXGL Background Thread 4 ] DEBUG FXGLApplication      - Loading fonts
22:02:22.011 [FXGL Background Thread 4 ] DEBUG FXGLAssetLoaderServi - Loading from file system: jar:file:///C:/Users/acer/.m2/repository/com/github/almasb/fxgl/17.3/fxgl-17.3.jar!/fxglassets/ui/fonts/VarelaRound-Regular.ttf
22:02:22.011 [FXGL Background Thread 1 ] DEBUG FXGLApplication      - Loading default localization
22:02:22.011 [FXGL Background Thread 1 ] DEBUG FXGLAssetLoaderServi - Loading from file system: jar:file:///C:/Users/acer/.m2/repository/com/github/almasb/fxgl/17.3/fxgl-17.3.jar!/fxglassets/languages/english.lang
22:02:22.039 [FXGL Background Thread 4 ] DEBUG FXGLAssetLoaderServi - Loading from file system: jar:file:///C:/Users/acer/.m2/repository/com/github/almasb/fxgl/17.3/fxgl-17.3.jar!/fxglassets/ui/fonts/Abel-Regular.ttf
22:02:22.042 [FXGL Background Thread 4 ] DEBUG FXGLAssetLoaderServi - Loading from file system: jar:file:///C:/Users/acer/.m2/repository/com/github/almasb/fxgl/17.3/fxgl-17.3.jar!/fxglassets/ui/fonts/TerminalLandMono-Regular.otf
22:02:22.044 [FXGL Background Thread 4 ] DEBUG FXGLAssetLoaderServi - Loading from file system: jar:file:///C:/Users/acer/.m2/repository/com/github/almasb/fxgl/17.3/fxgl-17.3.jar!/fxglassets/ui/fonts/Courier-Prime.ttf
22:02:22.048 [FXGL Background Thread 1 ] INFO  FXGLApplication      - FXGL initialization took: 0.397 sec
22:02:22.049 [JavaFX Application Thread] DEBUG FXGLAssetLoaderServi - Loading from file system: jar:file:///C:/Users/acer/.m2/repository/com/github/almasb/fxgl/17.3/fxgl-17.3.jar!/fxglassets/textures/fxgl_icon.png
22:02:22.066 [JavaFX Application Thread] DEBUG FXGLAssetLoaderServi - Loading from file system: jar:file:///C:/Users/acer/.m2/repository/com/github/almasb/fxgl/17.3/fxgl-17.3.jar!/fxglassets/textures/fxgl_default_cursor.png
22:02:22.078 [JavaFX Application Thread] DEBUG Input                - Registered new binding: Screenshot - CTRL+8
22:02:22.078 [JavaFX Application Thread] DEBUG Input                - Registered new binding: System info dump - CTRL+9
22:02:22.079 [JavaFX Application Thread] DEBUG Input                - Registered new binding: Restart - CTRL+R
22:02:22.080 [JavaFX Application Thread] DEBUG Input                - Registered new binding: Toggle Debug Camera - CTRL+7
22:02:22.082 [JavaFX Application Thread] DEBUG LoopRunner           - Starting loop
22:02:22.082 [JavaFX Application Thread] DEBUG LoopRunner           - Initializing JavaFX AnimationTimerLoop
22:02:22.085 [JavaFX Application Thread] DEBUG GameApplicationServi - Starting new game
22:02:22.085 [JavaFX Application Thread] DEBUG Input                - Clearing active input actions
22:02:22.099 [JavaFX Application Thread] DEBUG GameApplicationServi - Removing overlay from FXGLStartupScene and adding to FXGLLoadingScene
22:02:22.099 [JavaFX Application Thread] DEBUG PrimaryStageWindow   - FXGLStartupScene -> FXGLLoadingScene
22:02:22.099 [JavaFX Application Thread] DEBUG GameApplicationServi - Clearing previous game
22:02:22.099 [JavaFX Application Thread] DEBUG GameScene            - Clearing game scene
22:02:22.099 [JavaFX Application Thread] DEBUG GameWorld            - Clearing game world
22:02:22.099 [JavaFX Application Thread] DEBUG PhysicsWorld         - Clearing physics world
22:02:22.102 [JavaFX Application Thread] DEBUG FXGLApplication      - Registering font factories with UI factory
22:02:22.102 [FXGL Background Thread 4 ] DEBUG FXGLApplication      - Initializing game
22:02:22.182 [FXGL Background Thread 4 ] WARN  GameWorld            - Entity is already attached to world
22:02:22.196 [FXGL Background Thread 4 ] WARN  GameWorld            - Entity is already attached to world
22:02:22.236 [JavaFX Application Thread] DEBUG LoopRunner           - Stopping loop
22:02:22.240 [JavaFX Application Thread] FATAL FXGLApplication      - Uncaught Exception:
java.lang.RuntimeException: Initialization failed
	at com.almasb.fxgl.all@17.3/com.almasb.fxgl.app.FXGLApplication$InitAppTask.failed(FXGLApplication.kt:343)
	at javafx.graphics@21/javafx.concurrent.Task.setState(Task.java:710)
	at javafx.graphics@21/javafx.concurrent.Task$TaskCallable.lambda$call$2(Task.java:1429)
	at javafx.graphics@21/com.sun.javafx.application.PlatformImpl.lambda$runLater$10(PlatformImpl.java:456)
	at java.base/java.security.AccessController.doPrivileged(AccessController.java:400)
	at javafx.graphics@21/com.sun.javafx.application.PlatformImpl.lambda$runLater$11(PlatformImpl.java:455)
	at javafx.graphics@21/com.sun.glass.ui.InvokeLaterDispatcher$Future.run(InvokeLaterDispatcher.java:95)
	at javafx.graphics@21/com.sun.glass.ui.win.WinApplication._runLoop(Native Method)
	at javafx.graphics@21/com.sun.glass.ui.win.WinApplication.lambda$runLoop$3(WinApplication.java:185)
	at java.base/java.lang.Thread.run(Thread.java:1583)
Caused by: java.lang.IllegalStateException: Required component: [CellMoveComponent] for: AStarMoveComponent is missing
	at com.almasb.fxgl.entity@17.3/com.almasb.fxgl.entity.Entity.checkRequirementsMet(Entity.java:543)
	at com.almasb.fxgl.entity@17.3/com.almasb.fxgl.entity.Entity.addComponent(Entity.java:392)
	at com.almasb.fxgl.all@17.3/com.almasb.fxgl.dsl.EntityBuilder.with(EntityBuilder.kt:202)
	at com.xen.rzlgame.rzl/com.xen.rzlgame.rzl.Factories.HostilesFactory.newBoss(HostilesFactory.java:34)
	at java.base/jdk.internal.reflect.DirectMethodHandleAccessor.invoke(DirectMethodHandleAccessor.java:103)
	at java.base/java.lang.reflect.Method.invoke(Method.java:580)
	at com.almasb.fxgl.core@17.3/com.almasb.fxgl.core.reflect.ReflectionUtils.call(ReflectionUtils.java:104)
	at com.almasb.fxgl.core@17.3/com.almasb.fxgl.core.reflect.ReflectionUtils.lambda$mapToFunction$3(ReflectionUtils.java:111)
	at com.almasb.fxgl.entity@17.3/com.almasb.fxgl.entity.GameWorld$create$2.invoke(GameWorld.kt:430)
	at com.almasb.fxgl.entity@17.3/com.almasb.fxgl.entity.GameWorld$create$2.invoke(GameWorld.kt:430)
	at com.almasb.fxgl.core@17.3/com.almasb.fxgl.core.util.DSLKt.tryCatchRoot(DSL.kt:34)
	at com.almasb.fxgl.entity@17.3/com.almasb.fxgl.entity.GameWorld.create(GameWorld.kt:430)
	at com.almasb.fxgl.entity@17.3/com.almasb.fxgl.entity.GameWorld.spawn(GameWorld.kt:396)
	at com.almasb.fxgl.entity@17.3/com.almasb.fxgl.entity.GameWorld.spawn(GameWorld.kt:384)
	at com.almasb.fxgl.entity@17.3/com.almasb.fxgl.entity.GameWorld.spawn(GameWorld.kt:359)
	at com.almasb.fxgl.all@17.3/com.almasb.fxgl.dsl.FXGL$Companion.spawn(FXGL.kt:555)
	at com.almasb.fxgl.all@17.3/com.almasb.fxgl.dsl.FXGL.spawn(FXGL.kt)
	at com.xen.rzlgame.rzl/com.xen.rzlgame.rzl.Managers.SpawningManager.spawnAll(SpawningManager.java:23)
	at com.xen.rzlgame.rzl/com.xen.rzlgame.rzl.HelloApplication.initGame(HelloApplication.java:43)
	at com.almasb.fxgl.all@17.3/com.almasb.fxgl.app.FXGLApplication$InitAppTask.initGame(FXGLApplication.kt:339)
	at com.almasb.fxgl.all@17.3/com.almasb.fxgl.app.FXGLApplication$InitAppTask.call(FXGLApplication.kt:319)
	at com.almasb.fxgl.all@17.3/com.almasb.fxgl.app.FXGLApplication$InitAppTask.call(FXGLApplication.kt:311)
	at javafx.graphics@21/javafx.concurrent.Task$TaskCallable.call(Task.java:1399)
	at java.base/java.util.concurrent.FutureTask.run(FutureTask.java:317)
	at java.base/java.util.concurrent.Executors$RunnableAdapter.call(Executors.java:572)
	at java.base/java.util.concurrent.FutureTask.run(FutureTask.java:317)
	at java.base/java.util.concurrent.ThreadPoolExecutor.runWorker(ThreadPoolExecutor.java:1144)
	at java.base/java.util.concurrent.ThreadPoolExecutor$Worker.run(ThreadPoolExecutor.java:642)
	... 1 more

22:02:22.240 [JavaFX Application Thread] FATAL FXGLApplication      - Application will now exit
22:02:22.256 [JavaFX Application Thread] DEBUG PrimaryStageWindow   - Push state: ErrorSubScene
22:02:22.256 [JavaFX Application Thread] DEBUG Input                - Clearing active input actions
22:02:22.266 [JavaFX Application Thread] DEBUG GameApplicationServi - Removing overlay from FXGLLoadingScene and adding to ErrorSubScene
22:02:22.267 [JavaFX Application Thread] DEBUG PrimaryStageWindow   - FXGLLoadingScene -> ErrorSubScene
22:02:22.890 [FXGL Background Thread 2 ] INFO  UpdaterService       - Your current version:  17.3
22:02:22.890 [FXGL Background Thread 2 ] INFO  UpdaterService       - Latest stable version: 21.1
22:02:25.010 [FXGL Background Thread 3 ] DEBUG Engine               - Logging environment variables
22:02:25.010 [FXGL Background Thread 3 ] DEBUG Engine               - achievements: []
22:02:25.010 [FXGL Background Thread 3 ] DEBUG Engine               - actualHeight: 600.0
22:02:25.010 [FXGL Background Thread 3 ] DEBUG Engine               - actualHeightProperty: ReadOnlyDoubleProperty [value: 600.0]
22:02:25.010 [FXGL Background Thread 3 ] DEBUG Engine               - actualWidth: 800.0
22:02:25.010 [FXGL Background Thread 3 ] DEBUG Engine               - actualWidthProperty: ReadOnlyDoubleProperty [value: 800.0]
22:02:25.011 [FXGL Background Thread 3 ] DEBUG Engine               - appIcon: fxgl_icon.png
22:02:25.011 [FXGL Background Thread 3 ] DEBUG Engine               - applicationMode: DEVELOPER
22:02:25.011 [FXGL Background Thread 3 ] DEBUG Engine               - cSSList: [fxgl_dark.css]
22:02:25.011 [FXGL Background Thread 3 ] DEBUG Engine               - collisionDetectionStrategy: BRUTE_FORCE
22:02:25.011 [FXGL Background Thread 3 ] DEBUG Engine               - configClass: Optional.empty
22:02:25.011 [FXGL Background Thread 3 ] DEBUG Engine               - credits: []
22:02:25.011 [FXGL Background Thread 3 ] DEBUG Engine               - defaultCursor: CursorInfo(imageName=fxgl_default_cursor.png, hotspotX=7.0, hotspotY=6.0)
22:02:25.011 [FXGL Background Thread 3 ] DEBUG Engine               - devBBoxColorProperty: ObjectProperty [value: 0xff0000ff]
22:02:25.011 [FXGL Background Thread 3 ] DEBUG Engine               - devEnableDebugCameraProperty: BooleanProperty [value: false]
22:02:25.011 [FXGL Background Thread 3 ] DEBUG Engine               - devSensorColorProperty: ObjectProperty [value: 0xffff00ff]
22:02:25.011 [FXGL Background Thread 3 ] DEBUG Engine               - devShowBBoxProperty: BooleanProperty [value: false]
22:02:25.011 [FXGL Background Thread 3 ] DEBUG Engine               - devShowPositionProperty: BooleanProperty [value: false]
22:02:25.011 [FXGL Background Thread 3 ] DEBUG Engine               - enabledMenuItems: []
22:02:25.011 [FXGL Background Thread 3 ] DEBUG Engine               - engineServices: [class com.almasb.fxgl.app.services.FXGLAssetLoaderService, class com.almasb.fxgl.app.FXGLApplication$GameApplicationService, class com.almasb.fxgl.app.services.FXGLDialogService, class com.almasb.fxgl.app.services.IOTaskExecutorService, class com.almasb.fxgl.io.FileSystemService, class com.almasb.fxgl.localization.LocalizationService, class com.almasb.fxgl.app.services.SystemBundleService, class com.almasb.fxgl.profile.SaveLoadService, class com.almasb.fxgl.ui.FXGLUIFactoryServiceProvider, class com.almasb.fxgl.ui.FXGLDialogFactoryServiceProvider, class com.almasb.fxgl.audio.AudioPlayer, class com.almasb.fxgl.notification.impl.NotificationServiceProvider, class com.almasb.fxgl.achievement.AchievementService, class com.almasb.fxgl.cutscene.CutsceneService, class com.almasb.fxgl.minigames.MiniGameService, class com.almasb.fxgl.net.NetService, class com.almasb.fxgl.app.services.UpdaterService, class com.almasb.fxgl.dev.DevService]
22:02:25.011 [FXGL Background Thread 3 ] DEBUG Engine               - fontGame: Abel-Regular.ttf
22:02:25.011 [FXGL Background Thread 3 ] DEBUG Engine               - fontMono: TerminalLandMono-Regular.otf
22:02:25.011 [FXGL Background Thread 3 ] DEBUG Engine               - fontSizeScaleUI: 1.0
22:02:25.011 [FXGL Background Thread 3 ] DEBUG Engine               - fontText: Courier-Prime.ttf
22:02:25.011 [FXGL Background Thread 3 ] DEBUG Engine               - fontUI: VarelaRound-Regular.ttf
22:02:25.011 [FXGL Background Thread 3 ] DEBUG Engine               - fullScreen: BooleanProperty [value: false]
22:02:25.011 [FXGL Background Thread 3 ] DEBUG Engine               - gameDifficulty: MEDIUM
22:02:25.011 [FXGL Background Thread 3 ] DEBUG Engine               - gameDifficultyProperty: ObjectProperty [value: MEDIUM]
22:02:25.011 [FXGL Background Thread 3 ] DEBUG Engine               - globalMusicVolume: 0.5
22:02:25.011 [FXGL Background Thread 3 ] DEBUG Engine               - globalMusicVolumeProperty: DoubleProperty [value: 0.5]
22:02:25.011 [FXGL Background Thread 3 ] DEBUG Engine               - globalSoundVolume: 0.5
22:02:25.011 [FXGL Background Thread 3 ] DEBUG Engine               - globalSoundVolumeProperty: DoubleProperty [value: 0.5]
22:02:25.011 [FXGL Background Thread 3 ] DEBUG Engine               - height: 600
22:02:25.011 [FXGL Background Thread 3 ] DEBUG Engine               - is3D: false
22:02:25.011 [FXGL Background Thread 3 ] DEBUG Engine               - isAndroid: false
22:02:25.011 [FXGL Background Thread 3 ] DEBUG Engine               - isBrowser: false
22:02:25.011 [FXGL Background Thread 3 ] DEBUG Engine               - isClickFeedbackEnabled: false
22:02:25.011 [FXGL Background Thread 3 ] DEBUG Engine               - isCloseConfirmation: false
22:02:25.011 [FXGL Background Thread 3 ] DEBUG Engine               - isDesktop: true
22:02:25.011 [FXGL Background Thread 3 ] DEBUG Engine               - isDeveloperMenuEnabled: false
22:02:25.011 [FXGL Background Thread 3 ] DEBUG Engine               - isEmbedded: false
22:02:25.012 [FXGL Background Thread 3 ] DEBUG Engine               - isEntityPreloadEnabled: true
22:02:25.012 [FXGL Background Thread 3 ] DEBUG Engine               - isExperimentalTiledLargeMap: false
22:02:25.012 [FXGL Background Thread 3 ] DEBUG Engine               - isFileSystemWriteAllowed: true
22:02:25.012 [FXGL Background Thread 3 ] DEBUG Engine               - isFullScreenAllowed: false
22:02:25.012 [FXGL Background Thread 3 ] DEBUG Engine               - isFullScreenFromStart: false
22:02:25.012 [FXGL Background Thread 3 ] DEBUG Engine               - isGameMenuEnabled: true
22:02:25.012 [FXGL Background Thread 3 ] DEBUG Engine               - isIOS: false
22:02:25.012 [FXGL Background Thread 3 ] DEBUG Engine               - isIntroEnabled: false
22:02:25.012 [FXGL Background Thread 3 ] DEBUG Engine               - isLinux: false
22:02:25.012 [FXGL Background Thread 3 ] DEBUG Engine               - isMac: false
22:02:25.012 [FXGL Background Thread 3 ] DEBUG Engine               - isMainMenuEnabled: false
22:02:25.012 [FXGL Background Thread 3 ] DEBUG Engine               - isManualResizeEnabled: false
22:02:25.012 [FXGL Background Thread 3 ] DEBUG Engine               - isMobile: false
22:02:25.012 [FXGL Background Thread 3 ] DEBUG Engine               - isNative: false
22:02:25.012 [FXGL Background Thread 3 ] DEBUG Engine               - isPauseMusicWhenMinimized: true
22:02:25.012 [FXGL Background Thread 3 ] DEBUG Engine               - isPreserveResizeRatio: false
22:02:25.012 [FXGL Background Thread 3 ] DEBUG Engine               - isProfilingEnabled: false
22:02:25.012 [FXGL Background Thread 3 ] DEBUG Engine               - isScaleAffectedOnResize: true
22:02:25.012 [FXGL Background Thread 3 ] DEBUG Engine               - isSingleStep: false
22:02:25.012 [FXGL Background Thread 3 ] DEBUG Engine               - isUserProfileEnabled: false
22:02:25.012 [FXGL Background Thread 3 ] DEBUG Engine               - isWindows: true
22:02:25.012 [FXGL Background Thread 3 ] DEBUG Engine               - language: ObjectProperty [value: ENGLISH]
22:02:25.012 [FXGL Background Thread 3 ] DEBUG Engine               - menuKey: ESCAPE
22:02:25.012 [FXGL Background Thread 3 ] DEBUG Engine               - mouseSensitivity: 0.2
22:02:25.012 [FXGL Background Thread 3 ] DEBUG Engine               - notificationViewClass: class com.almasb.fxgl.notification.view.XboxNotificationView
22:02:25.012 [FXGL Background Thread 3 ] DEBUG Engine               - pixelsPerMeter: 50.0
22:02:25.012 [FXGL Background Thread 3 ] DEBUG Engine               - platform: WINDOWS
22:02:25.012 [FXGL Background Thread 3 ] DEBUG Engine               - prefHeightProperty: ReadOnlyDoubleProperty [value: 600.0]
22:02:25.012 [FXGL Background Thread 3 ] DEBUG Engine               - prefWidthProperty: ReadOnlyDoubleProperty [value: 800.0]
22:02:25.012 [FXGL Background Thread 3 ] DEBUG Engine               - profileDir: profiles/
22:02:25.012 [FXGL Background Thread 3 ] DEBUG Engine               - profileName: StringProperty [value: DEFAULT]
22:02:25.012 [FXGL Background Thread 3 ] DEBUG Engine               - randomSeed: -1
22:02:25.012 [FXGL Background Thread 3 ] DEBUG Engine               - runtimeInfo: RuntimeInfo(platform=WINDOWS, version=17.3, build=30.03.2023 11.49)
22:02:25.013 [FXGL Background Thread 3 ] DEBUG Engine               - saveFileExt: sav
22:02:25.013 [FXGL Background Thread 3 ] DEBUG Engine               - scaledHeightProp$fxgl: DoubleProperty [bound, value: 600.0]
22:02:25.013 [FXGL Background Thread 3 ] DEBUG Engine               - scaledWidthProp$fxgl: DoubleProperty [bound, value: 800.0]
22:02:25.013 [FXGL Background Thread 3 ] DEBUG Engine               - sceneFactory: com.almasb.fxgl.app.scene.SceneFactory@27ec03e5
22:02:25.013 [FXGL Background Thread 3 ] DEBUG Engine               - secondsIn24h: 60
22:02:25.013 [FXGL Background Thread 3 ] DEBUG Engine               - soundMenuBack: menu/back.wav
22:02:25.013 [FXGL Background Thread 3 ] DEBUG Engine               - soundMenuPress: menu/press.wav
22:02:25.013 [FXGL Background Thread 3 ] DEBUG Engine               - soundMenuSelect: menu/select.wav
22:02:25.013 [FXGL Background Thread 3 ] DEBUG Engine               - soundNotification: core/notification.wav
22:02:25.013 [FXGL Background Thread 3 ] DEBUG Engine               - stageStyle: DECORATED
22:02:25.013 [FXGL Background Thread 3 ] DEBUG Engine               - supportedLanguages: [ENGLISH, FRENCH, GERMAN, HUNGARIAN, RUSSIAN]
22:02:25.013 [FXGL Background Thread 3 ] DEBUG Engine               - ticksPerSecond: -1
22:02:25.013 [FXGL Background Thread 3 ] DEBUG Engine               - title: Untitled
22:02:25.013 [FXGL Background Thread 3 ] DEBUG Engine               - urlGithub: https://github.com/AlmasB/FXGL
22:02:25.013 [FXGL Background Thread 3 ] DEBUG Engine               - urlLeaderboard: http://fxgl-top.herokuapp.com/
22:02:25.013 [FXGL Background Thread 3 ] DEBUG Engine               - urlPOM: https://raw.githubusercontent.com/AlmasB/FXGL/release/README.md
22:02:25.013 [FXGL Background Thread 3 ] DEBUG Engine               - userAppClass: class com.xen.rzlgame.rzl.HelloApplication
22:02:25.013 [FXGL Background Thread 3 ] DEBUG Engine               - version: 0.0
22:02:25.013 [FXGL Background Thread 3 ] DEBUG Engine               - versionCheckDays: 7
22:02:25.013 [FXGL Background Thread 3 ] DEBUG Engine               - width: 800
22:02:25.013 [FXGL Background Thread 3 ] DEBUG Engine               - Logging services
22:02:25.013 [FXGL Background Thread 3 ] DEBUG Engine               - class com.almasb.fxgl.app.services.FXGLAssetLoaderService
22:02:25.013 [FXGL Background Thread 3 ] DEBUG Engine               - class com.almasb.fxgl.app.FXGLApplication$GameApplicationService
22:02:25.013 [FXGL Background Thread 3 ] DEBUG Engine               - class com.almasb.fxgl.app.services.FXGLDialogService
22:02:25.013 [FXGL Background Thread 3 ] DEBUG Engine               - class com.almasb.fxgl.app.services.IOTaskExecutorService
22:02:25.013 [FXGL Background Thread 3 ] DEBUG Engine               - class com.almasb.fxgl.io.FileSystemService
22:02:25.013 [FXGL Background Thread 3 ] DEBUG Engine               - class com.almasb.fxgl.localization.LocalizationService
22:02:25.013 [FXGL Background Thread 3 ] DEBUG Engine               - class com.almasb.fxgl.app.services.SystemBundleService
22:02:25.013 [FXGL Background Thread 3 ] DEBUG Engine               - class com.almasb.fxgl.profile.SaveLoadService
22:02:25.013 [FXGL Background Thread 3 ] DEBUG Engine               - class com.almasb.fxgl.ui.FXGLUIFactoryServiceProvider
22:02:25.013 [FXGL Background Thread 3 ] DEBUG Engine               - class com.almasb.fxgl.ui.FXGLDialogFactoryServiceProvider
22:02:25.014 [FXGL Background Thread 3 ] DEBUG Engine               - class com.almasb.fxgl.audio.AudioPlayer
22:02:25.014 [FXGL Background Thread 3 ] DEBUG Engine               - class com.almasb.fxgl.notification.impl.NotificationServiceProvider
22:02:25.014 [FXGL Background Thread 3 ] DEBUG Engine               - class com.almasb.fxgl.achievement.AchievementService
22:02:25.014 [FXGL Background Thread 3 ] DEBUG Engine               - class com.almasb.fxgl.cutscene.CutsceneService
22:02:25.014 [FXGL Background Thread 3 ] DEBUG Engine               - class com.almasb.fxgl.minigames.MiniGameService
22:02:25.014 [FXGL Background Thread 3 ] DEBUG Engine               - class com.almasb.fxgl.net.NetService
22:02:25.014 [FXGL Background Thread 3 ] DEBUG Engine               - class com.almasb.fxgl.app.services.UpdaterService
22:02:25.014 [FXGL Background Thread 3 ] DEBUG Engine               - class com.almasb.fxgl.dev.DevService
22:02:26.058 [JavaFX Application Thread] DEBUG FXGLApplication      - Exiting FXGL
22:02:26.058 [JavaFX Application Thread] DEBUG Async                - Shutting down background threads
22:02:26.058 [JavaFX Application Thread] DEBUG PrimaryStageWindow   - Closing main window
22:02:26.072 [JavaFX Application Thread] DEBUG Logger               - Closing Logger
